ARM GAS  C:\DOCUME~1\ADMINI~1\LOCALS~1\Temp\ccDlLvhf.s 			page 1


   1              		.syntax unified
   2              		.cpu cortex-m3
   3              		.fpu softvfp
   4              		.eabi_attribute 20, 1
   5              		.eabi_attribute 21, 1
   6              		.eabi_attribute 23, 3
   7              		.eabi_attribute 24, 1
   8              		.eabi_attribute 25, 1
   9              		.eabi_attribute 26, 1
  10              		.eabi_attribute 30, 2
  11              		.eabi_attribute 34, 1
  12              		.eabi_attribute 18, 4
  13              		.thumb
  14              		.file	"chcore_v7m.c"
  15              		.text
  16              	.Ltext0:
  17              		.cfi_sections	.debug_frame
  18              		.section	.text._port_switch_from_isr,"ax",%progbits
  19              		.align	2
  20              		.global	_port_switch_from_isr
  21              		.thumb
  22              		.thumb_func
  23              		.type	_port_switch_from_isr, %function
  24              	_port_switch_from_isr:
  25              	.LFB11:
  26              		.file 1 "../../os/ports/GCC/ARMCMx/chcore_v7m.c"
  27              		.loc 1 207 0
  28              		.cfi_startproc
  29              		@ Naked Function: prologue and epilogue provided by programmer.
  30              		@ args = 0, pretend = 0, frame = 0
  31              		@ frame_needed = 0, uses_anonymous_args = 0
  32              		.loc 1 210 0
  33 0000 FFF7FEFF 		bl	chSchDoReschedule
  34              	.LVL0:
  35              		.loc 1 212 0
  36              	@ 212 "../../os/ports/GCC/ARMCMx/chcore_v7m.c" 1
  37              		_port_exit_from_isr:
  38              	@ 0 "" 2
  39              		.loc 1 214 0
  40              	@ 214 "../../os/ports/GCC/ARMCMx/chcore_v7m.c" 1
  41 0004 00DF     		svc     #0
  42              	@ 0 "" 2
  43              		.loc 1 221 0
  44              		.thumb
  45              		.cfi_endproc
  46              	.LFE11:
  47              		.size	_port_switch_from_isr, .-_port_switch_from_isr
  48 0006 00BF     		.section	.text.SVCallVector,"ax",%progbits
  49              		.align	2
  50              		.global	SVCallVector
  51              		.thumb
  52              		.thumb_func
  53              		.type	SVCallVector, %function
  54              	SVCallVector:
  55              	.LFB8:
  56              		.loc 1 65 0
  57              		.cfi_startproc
ARM GAS  C:\DOCUME~1\ADMINI~1\LOCALS~1\Temp\ccDlLvhf.s 			page 2


  58              		@ args = 0, pretend = 0, frame = 0
  59              		@ frame_needed = 0, uses_anonymous_args = 0
  60              		@ link register save eliminated.
  61              		.loc 1 69 0
  62              	@ 69 "../../os/ports/GCC/ARMCMx/chcore_v7m.c" 1
  63 0000 EFF30983 		mrs     r3, PSP
  64              	@ 0 "" 2
  65              	.LVL1:
  66              		.loc 1 73 0
  67              		.thumb
  68 0004 2033     		adds	r3, r3, #32
  69              	.LVL2:
  70              		.loc 1 80 0
  71              	@ 80 "../../os/ports/GCC/ARMCMx/chcore_v7m.c" 1
  72 0006 83F30988 		msr     PSP, r3
  73              	@ 0 "" 2
  74              		.thumb
  75              	.LBB2:
  76              		.loc 1 81 0
  77 000a 0023     		movs	r3, #0
  78              	.LVL3:
  79              	@ 81 "../../os/ports/GCC/ARMCMx/chcore_v7m.c" 1
  80 000c 83F31188 		msr     BASEPRI, r3
  81              	@ 0 "" 2
  82              	.LVL4:
  83              		.thumb
  84 0010 7047     		bx	lr
  85              	.LBE2:
  86              		.cfi_endproc
  87              	.LFE8:
  88              		.size	SVCallVector, .-SVCallVector
  89 0012 00BF     		.section	.text._port_init,"ax",%progbits
  90              		.align	2
  91              		.global	_port_init
  92              		.thumb
  93              		.thumb_func
  94              		.type	_port_init, %function
  95              	_port_init:
  96              	.LFB9:
  97              		.loc 1 118 0
  98              		.cfi_startproc
  99              		@ args = 0, pretend = 0, frame = 0
 100              		@ frame_needed = 0, uses_anonymous_args = 0
 101 0000 08B5     		push	{r3, lr}
 102              	.LCFI0:
 103              		.cfi_def_cfa_offset 8
 104              		.cfi_offset 3, -8
 105              		.cfi_offset 14, -4
 106              		.loc 1 122 0
 107 0002 0022     		movs	r2, #0
 108              		.loc 1 121 0
 109 0004 4FF46D43 		mov	r3, #60672
 110 0008 CEF20003 		movt	r3, 57344
 111              		.loc 1 122 0
 112 000c C0F2FA52 		movt	r2, 1530
 113              		.loc 1 121 0
 114 0010 0021     		movs	r1, #0
ARM GAS  C:\DOCUME~1\ADMINI~1\LOCALS~1\Temp\ccDlLvhf.s 			page 3


 115 0012 9960     		str	r1, [r3, #8]
 116              		.loc 1 125 0
 117 0014 0720     		movs	r0, #7
 118 0016 1021     		movs	r1, #16
 119              		.loc 1 122 0
 120 0018 DA60     		str	r2, [r3, #12]
 121              		.loc 1 125 0
 122 001a FFF7FEFF 		bl	nvicSetSystemHandlerPriority
 123              	.LVL5:
 124              		.loc 1 127 0
 125 001e 0A20     		movs	r0, #10
 126 0020 4FF40071 		mov	r1, #512
 127 0024 FFF7FEFF 		bl	nvicSetSystemHandlerPriority
 128              	.LVL6:
 129              		.loc 1 129 0
 130 0028 0B20     		movs	r0, #11
 131 002a 8021     		movs	r1, #128
 132              		.loc 1 131 0
 133 002c BDE80840 		pop	{r3, lr}
 134              		.loc 1 129 0
 135 0030 FFF7FEBF 		b	nvicSetSystemHandlerPriority
 136              	.LVL7:
 137              		.cfi_endproc
 138              	.LFE9:
 139              		.size	_port_init, .-_port_init
 140              		.section	.text._port_irq_epilogue,"ax",%progbits
 141              		.align	2
 142              		.global	_port_irq_epilogue
 143              		.thumb
 144              		.thumb_func
 145              		.type	_port_irq_epilogue, %function
 146              	_port_irq_epilogue:
 147              	.LFB10:
 148              		.loc 1 148 0
 149              		.cfi_startproc
 150              		@ args = 0, pretend = 0, frame = 0
 151              		@ frame_needed = 0, uses_anonymous_args = 0
 152              		@ link register save eliminated.
 153              	.LBB3:
 154              		.loc 1 150 0
 155 0000 2023     		movs	r3, #32
 156              	.LVL8:
 157              	@ 150 "../../os/ports/GCC/ARMCMx/chcore_v7m.c" 1
 158 0002 83F31188 		msr     BASEPRI, r3
 159              	@ 0 "" 2
 160              	.LVL9:
 161              		.thumb
 162              	.LBE3:
 163              		.loc 1 151 0
 164 0006 4FF46D43 		mov	r3, #60672
 165              	.LVL10:
 166 000a CEF20003 		movt	r3, 57344
 167 000e 5B68     		ldr	r3, [r3, #4]
 168 0010 13F40063 		ands	r3, r3, #2048
 169 0014 19D0     		beq	.L5
 170              	.LBB4:
 171              		.loc 1 155 0
ARM GAS  C:\DOCUME~1\ADMINI~1\LOCALS~1\Temp\ccDlLvhf.s 			page 4


 172              	@ 155 "../../os/ports/GCC/ARMCMx/chcore_v7m.c" 1
 173 0016 EFF30983 		mrs     r3, PSP
 174              	@ 0 "" 2
 175              	.LVL11:
 176              		.loc 1 159 0
 177              		.thumb
 178 001a A3F12002 		sub	r2, r3, #32
 179              	.LVL12:
 180              		.loc 1 160 0
 181              	@ 160 "../../os/ports/GCC/ARMCMx/chcore_v7m.c" 1
 182 001e 82F30988 		msr     PSP, r2
 183              	@ 0 "" 2
 184              		.loc 1 165 0
 185              		.thumb
 186 0022 124A     		ldr	r2, .L12
 187              	.LVL13:
 188              		.loc 1 161 0
 189 0024 4FF08070 		mov	r0, #16777216
 190              		.loc 1 165 0
 191 0028 9169     		ldr	r1, [r2, #24]
 192              		.loc 1 161 0
 193 002a 43F8040C 		str	r0, [r3, #-4]
 194              		.loc 1 165 0
 195 002e 79B1     		cbz	r1, .L6
 196              		.loc 1 165 0 is_stmt 0 discriminator 1
 197 0030 1168     		ldr	r1, [r2, #0]
 198 0032 D269     		ldr	r2, [r2, #28]
 199 0034 8968     		ldr	r1, [r1, #8]
 200 0036 9268     		ldr	r2, [r2, #8]
 201 0038 9142     		cmp	r1, r2
 202 003a 94BF     		ite	ls
 203 003c 0022     		movls	r2, #0
 204 003e 0122     		movhi	r2, #1
 205 0040 82B1     		cbz	r2, .L8
 206              	.L11:
 207              		.loc 1 167 0 is_stmt 1
 208 0042 0B4A     		ldr	r2, .L12+4
 209 0044 43F8082C 		str	r2, [r3, #-8]
 210 0048 7047     		bx	lr
 211              	.LVL14:
 212              	.L5:
 213              	.LBE4:
 214              	.LBB5:
 215              		.loc 1 197 0
 216              	@ 197 "../../os/ports/GCC/ARMCMx/chcore_v7m.c" 1
 217 004a 83F31188 		msr     BASEPRI, r3
 218              	@ 0 "" 2
 219              	.LVL15:
 220              		.thumb
 221 004e 7047     		bx	lr
 222              	.LVL16:
 223              	.L6:
 224              	.LBE5:
 225              	.LBB6:
 226              		.loc 1 165 0 discriminator 2
 227 0050 1168     		ldr	r1, [r2, #0]
 228 0052 D269     		ldr	r2, [r2, #28]
ARM GAS  C:\DOCUME~1\ADMINI~1\LOCALS~1\Temp\ccDlLvhf.s 			page 5


 229 0054 8968     		ldr	r1, [r1, #8]
 230 0056 9268     		ldr	r2, [r2, #8]
 231 0058 9142     		cmp	r1, r2
 232 005a 34BF     		ite	cc
 233 005c 0022     		movcc	r2, #0
 234 005e 0122     		movcs	r2, #1
 235 0060 002A     		cmp	r2, #0
 236 0062 EED1     		bne	.L11
 237              	.L8:
 238              		.loc 1 176 0
 239 0064 034A     		ldr	r2, .L12+8
 240 0066 43F8082C 		str	r2, [r3, #-8]
 241 006a 7047     		bx	lr
 242              	.L13:
 243              		.align	2
 244              	.L12:
 245 006c 00000000 		.word	rlist
 246 0070 00000000 		.word	_port_switch_from_isr
 247 0074 04000000 		.word	_port_exit_from_isr
 248              	.LBE6:
 249              		.cfi_endproc
 250              	.LFE10:
 251              		.size	_port_irq_epilogue, .-_port_irq_epilogue
 252              		.section	.text.SysTickVector,"ax",%progbits
 253              		.align	2
 254              		.global	SysTickVector
 255              		.thumb
 256              		.thumb_func
 257              		.type	SysTickVector, %function
 258              	SysTickVector:
 259              	.LFB7:
 260              		.loc 1 47 0
 261              		.cfi_startproc
 262              		@ args = 0, pretend = 0, frame = 0
 263              		@ frame_needed = 0, uses_anonymous_args = 0
 264 0000 08B5     		push	{r3, lr}
 265              	.LCFI1:
 266              		.cfi_def_cfa_offset 8
 267              		.cfi_offset 3, -8
 268              		.cfi_offset 14, -4
 269              	.LBB7:
 270              		.loc 1 51 0
 271 0002 2023     		movs	r3, #32
 272              	.LVL17:
 273              	@ 51 "../../os/ports/GCC/ARMCMx/chcore_v7m.c" 1
 274 0004 83F31188 		msr     BASEPRI, r3
 275              	@ 0 "" 2
 276              	.LVL18:
 277              		.thumb
 278              	.LBE7:
 279              		.loc 1 52 0
 280 0008 FFF7FEFF 		bl	chSysTimerHandlerI
 281              	.LVL19:
 282              	.LBB8:
 283              		.loc 1 53 0
 284 000c 0023     		movs	r3, #0
 285              	.LVL20:
ARM GAS  C:\DOCUME~1\ADMINI~1\LOCALS~1\Temp\ccDlLvhf.s 			page 6


 286              	@ 53 "../../os/ports/GCC/ARMCMx/chcore_v7m.c" 1
 287 000e 83F31188 		msr     BASEPRI, r3
 288              	@ 0 "" 2
 289              	.LVL21:
 290              		.thumb
 291              	.LBE8:
 292              		.loc 1 56 0
 293 0012 BDE80840 		pop	{r3, lr}
 294              		.loc 1 55 0
 295 0016 FFF7FEBF 		b	_port_irq_epilogue
 296              	.LVL22:
 297              		.cfi_endproc
 298              	.LFE7:
 299              		.size	SysTickVector, .-SysTickVector
 300 001a 00BF     		.section	.text._port_switch,"ax",%progbits
 301              		.align	2
 302              		.global	_port_switch
 303              		.thumb
 304              		.thumb_func
 305              		.type	_port_switch, %function
 306              	_port_switch:
 307              	.LFB12:
 308              		.loc 1 236 0
 309              		.cfi_startproc
 310              		@ Naked Function: prologue and epilogue provided by programmer.
 311              		@ args = 0, pretend = 0, frame = 0
 312              		@ frame_needed = 0, uses_anonymous_args = 0
 313              	.LVL23:
 314              		.loc 1 238 0
 315              	@ 238 "../../os/ports/GCC/ARMCMx/chcore_v7m.c" 1
 316 0000 2DE9F04F 		push    {r4, r5, r6, r7, r8, r9, r10, r11, lr}
 317              	@ 0 "" 2
 318              		.loc 1 244 0
 319              	@ 244 "../../os/ports/GCC/ARMCMx/chcore_v7m.c" 1
 320 0004 C1F80CD0 		str     sp, [r1, #12]                          
 321 0008 D0F80CD0 		ldr     sp, [r0, #12]
 322              	@ 0 "" 2
 323              		.loc 1 250 0
 324              	@ 250 "../../os/ports/GCC/ARMCMx/chcore_v7m.c" 1
 325 000c BDE8F08F 		pop     {r4, r5, r6, r7, r8, r9, r10, r11, pc}
 326              	@ 0 "" 2
 327              		.loc 1 252 0
 328              		.thumb
 329              		.cfi_endproc
 330              	.LFE12:
 331              		.size	_port_switch, .-_port_switch
 332              		.section	.text._port_thread_start,"ax",%progbits
 333              		.align	2
 334              		.global	_port_thread_start
 335              		.thumb
 336              		.thumb_func
 337              		.type	_port_thread_start, %function
 338              	_port_thread_start:
 339              	.LFB13:
 340              		.loc 1 259 0
 341              		.cfi_startproc
 342              		@ args = 0, pretend = 0, frame = 0
ARM GAS  C:\DOCUME~1\ADMINI~1\LOCALS~1\Temp\ccDlLvhf.s 			page 7


 343              		@ frame_needed = 0, uses_anonymous_args = 0
 344              		@ link register save eliminated.
 345              	.LBB9:
 346              		.loc 1 261 0
 347 0000 0023     		movs	r3, #0
 348              	.LVL24:
 349              	@ 261 "../../os/ports/GCC/ARMCMx/chcore_v7m.c" 1
 350 0002 83F31188 		msr     BASEPRI, r3
 351              	@ 0 "" 2
 352              	.LVL25:
 353              		.thumb
 354              	.LBE9:
 355              		.loc 1 262 0
 356              	@ 262 "../../os/ports/GCC/ARMCMx/chcore_v7m.c" 1
 357 0006 2846     		mov     r0, r5                                 
 358 0008 A047     		blx     r4                                     
 359 000a FFF7FEFF 		bl      chThdExit
 360              	@ 0 "" 2
 361              		.thumb
 362 000e 7047     		bx	lr
 363              		.cfi_endproc
 364              	.LFE13:
 365              		.size	_port_thread_start, .-_port_thread_start
 366              		.text
 367              	.Letext0:
 368              		.file 2 "c:/program files/yagarto/lib/gcc/../../arm-none-eabi/sys-include/stdint.h"
 369              		.file 3 "../../os/ports/GCC/ARMCMx/chtypes.h"
 370              		.file 4 "../../os/kernel/include/chlists.h"
 371              		.file 5 "../../os/kernel/include/chthreads.h"
 372              		.file 6 "../../os/ports/GCC/ARMCMx/chcore_v7m.h"
 373              		.file 7 "../../os/ports/common/ARMCMx/nvic.h"
 374              		.file 8 "../../os/kernel/include/chschd.h"
 375              		.file 9 "../../os/kernel/include/chmtx.h"
 376              		.file 10 "../../os/kernel/include/chsys.h"
 377              		.section	.debug_info,"",%progbits
 378              	.Ldebug_info0:
 379 0000 92080000 		.4byte	0x892
 380 0004 0200     		.2byte	0x2
 381 0006 00000000 		.4byte	.Ldebug_abbrev0
 382 000a 04       		.byte	0x4
 383 000b 01       		.uleb128 0x1
 384 000c F3010000 		.4byte	.LASF92
 385 0010 01       		.byte	0x1
 386 0011 E2020000 		.4byte	.LASF93
 387 0015 35020000 		.4byte	.LASF94
 388 0019 18000000 		.4byte	.Ldebug_ranges0+0x18
 389 001d 00000000 		.4byte	0
 390 0021 00000000 		.4byte	0
 391 0025 00000000 		.4byte	.Ldebug_line0
 392 0029 02       		.uleb128 0x2
 393 002a 04       		.byte	0x4
 394 002b 05       		.byte	0x5
 395 002c 696E7400 		.ascii	"int\000"
 396 0030 03       		.uleb128 0x3
 397 0031 04       		.byte	0x4
 398 0032 07       		.byte	0x7
 399 0033 05010000 		.4byte	.LASF0
ARM GAS  C:\DOCUME~1\ADMINI~1\LOCALS~1\Temp\ccDlLvhf.s 			page 8


 400 0037 03       		.uleb128 0x3
 401 0038 01       		.byte	0x1
 402 0039 06       		.byte	0x6
 403 003a 71000000 		.4byte	.LASF1
 404 003e 04       		.uleb128 0x4
 405 003f 7F030000 		.4byte	.LASF5
 406 0043 02       		.byte	0x2
 407 0044 2A       		.byte	0x2a
 408 0045 49000000 		.4byte	0x49
 409 0049 03       		.uleb128 0x3
 410 004a 01       		.byte	0x1
 411 004b 08       		.byte	0x8
 412 004c 43030000 		.4byte	.LASF2
 413 0050 03       		.uleb128 0x3
 414 0051 02       		.byte	0x2
 415 0052 05       		.byte	0x5
 416 0053 71020000 		.4byte	.LASF3
 417 0057 03       		.uleb128 0x3
 418 0058 02       		.byte	0x2
 419 0059 07       		.byte	0x7
 420 005a 62010000 		.4byte	.LASF4
 421 005e 04       		.uleb128 0x4
 422 005f 2D020000 		.4byte	.LASF6
 423 0063 02       		.byte	0x2
 424 0064 4F       		.byte	0x4f
 425 0065 69000000 		.4byte	0x69
 426 0069 03       		.uleb128 0x3
 427 006a 04       		.byte	0x4
 428 006b 05       		.byte	0x5
 429 006c 8D000000 		.4byte	.LASF7
 430 0070 04       		.uleb128 0x4
 431 0071 B7020000 		.4byte	.LASF8
 432 0075 02       		.byte	0x2
 433 0076 50       		.byte	0x50
 434 0077 7B000000 		.4byte	0x7b
 435 007b 03       		.uleb128 0x3
 436 007c 04       		.byte	0x4
 437 007d 07       		.byte	0x7
 438 007e 2D010000 		.4byte	.LASF9
 439 0082 03       		.uleb128 0x3
 440 0083 08       		.byte	0x8
 441 0084 05       		.byte	0x5
 442 0085 63000000 		.4byte	.LASF10
 443 0089 03       		.uleb128 0x3
 444 008a 08       		.byte	0x8
 445 008b 07       		.byte	0x7
 446 008c 36000000 		.4byte	.LASF11
 447 0090 04       		.uleb128 0x4
 448 0091 A4010000 		.4byte	.LASF12
 449 0095 03       		.byte	0x3
 450 0096 2F       		.byte	0x2f
 451 0097 3E000000 		.4byte	0x3e
 452 009b 04       		.uleb128 0x4
 453 009c 96000000 		.4byte	.LASF13
 454 00a0 03       		.byte	0x3
 455 00a1 30       		.byte	0x30
 456 00a2 3E000000 		.4byte	0x3e
ARM GAS  C:\DOCUME~1\ADMINI~1\LOCALS~1\Temp\ccDlLvhf.s 			page 9


 457 00a6 04       		.uleb128 0x4
 458 00a7 11020000 		.4byte	.LASF14
 459 00ab 03       		.byte	0x3
 460 00ac 31       		.byte	0x31
 461 00ad 3E000000 		.4byte	0x3e
 462 00b1 04       		.uleb128 0x4
 463 00b2 25020000 		.4byte	.LASF15
 464 00b6 03       		.byte	0x3
 465 00b7 32       		.byte	0x32
 466 00b8 70000000 		.4byte	0x70
 467 00bc 04       		.uleb128 0x4
 468 00bd 7A010000 		.4byte	.LASF16
 469 00c1 03       		.byte	0x3
 470 00c2 33       		.byte	0x33
 471 00c3 5E000000 		.4byte	0x5e
 472 00c7 04       		.uleb128 0x4
 473 00c8 B8010000 		.4byte	.LASF17
 474 00cc 03       		.byte	0x3
 475 00cd 35       		.byte	0x35
 476 00ce 70000000 		.4byte	0x70
 477 00d2 04       		.uleb128 0x4
 478 00d3 10030000 		.4byte	.LASF18
 479 00d7 03       		.byte	0x3
 480 00d8 36       		.byte	0x36
 481 00d9 70000000 		.4byte	0x70
 482 00dd 04       		.uleb128 0x4
 483 00de FF000000 		.4byte	.LASF19
 484 00e2 03       		.byte	0x3
 485 00e3 37       		.byte	0x37
 486 00e4 5E000000 		.4byte	0x5e
 487 00e8 04       		.uleb128 0x4
 488 00e9 A5020000 		.4byte	.LASF20
 489 00ed 04       		.byte	0x4
 490 00ee 2A       		.byte	0x2a
 491 00ef F3000000 		.4byte	0xf3
 492 00f3 05       		.uleb128 0x5
 493 00f4 A5020000 		.4byte	.LASF20
 494 00f8 48       		.byte	0x48
 495 00f9 05       		.byte	0x5
 496 00fa 5E       		.byte	0x5e
 497 00fb 0A020000 		.4byte	0x20a
 498 00ff 06       		.uleb128 0x6
 499 0100 96020000 		.4byte	.LASF21
 500 0104 05       		.byte	0x5
 501 0105 5F       		.byte	0x5f
 502 0106 2F020000 		.4byte	0x22f
 503 010a 02       		.byte	0x2
 504 010b 23       		.byte	0x23
 505 010c 00       		.uleb128 0
 506 010d 06       		.uleb128 0x6
 507 010e 1E020000 		.4byte	.LASF22
 508 0112 05       		.byte	0x5
 509 0113 61       		.byte	0x61
 510 0114 2F020000 		.4byte	0x22f
 511 0118 02       		.byte	0x2
 512 0119 23       		.byte	0x23
 513 011a 04       		.uleb128 0x4
ARM GAS  C:\DOCUME~1\ADMINI~1\LOCALS~1\Temp\ccDlLvhf.s 			page 10


 514 011b 06       		.uleb128 0x6
 515 011c 5C000000 		.4byte	.LASF23
 516 0120 05       		.byte	0x5
 517 0121 63       		.byte	0x63
 518 0122 B1000000 		.4byte	0xb1
 519 0126 02       		.byte	0x2
 520 0127 23       		.byte	0x23
 521 0128 08       		.uleb128 0x8
 522 0129 06       		.uleb128 0x6
 523 012a B3030000 		.4byte	.LASF24
 524 012e 05       		.byte	0x5
 525 012f 64       		.byte	0x64
 526 0130 74030000 		.4byte	0x374
 527 0134 02       		.byte	0x2
 528 0135 23       		.byte	0x23
 529 0136 0C       		.uleb128 0xc
 530 0137 06       		.uleb128 0x6
 531 0138 B2000000 		.4byte	.LASF25
 532 013c 05       		.byte	0x5
 533 013d 66       		.byte	0x66
 534 013e 2F020000 		.4byte	0x22f
 535 0142 02       		.byte	0x2
 536 0143 23       		.byte	0x23
 537 0144 10       		.uleb128 0x10
 538 0145 06       		.uleb128 0x6
 539 0146 D8010000 		.4byte	.LASF26
 540 014a 05       		.byte	0x5
 541 014b 67       		.byte	0x67
 542 014c 2F020000 		.4byte	0x22f
 543 0150 02       		.byte	0x2
 544 0151 23       		.byte	0x23
 545 0152 14       		.uleb128 0x14
 546 0153 06       		.uleb128 0x6
 547 0154 99030000 		.4byte	.LASF27
 548 0158 05       		.byte	0x5
 549 0159 6E       		.byte	0x6e
 550 015a 3A060000 		.4byte	0x63a
 551 015e 02       		.byte	0x2
 552 015f 23       		.byte	0x23
 553 0160 18       		.uleb128 0x18
 554 0161 06       		.uleb128 0x6
 555 0162 7B020000 		.4byte	.LASF28
 556 0166 05       		.byte	0x5
 557 0167 79       		.byte	0x79
 558 0168 9B000000 		.4byte	0x9b
 559 016c 02       		.byte	0x2
 560 016d 23       		.byte	0x23
 561 016e 1C       		.uleb128 0x1c
 562 016f 06       		.uleb128 0x6
 563 0170 9D020000 		.4byte	.LASF29
 564 0174 05       		.byte	0x5
 565 0175 7D       		.byte	0x7d
 566 0176 90000000 		.4byte	0x90
 567 017a 02       		.byte	0x2
 568 017b 23       		.byte	0x23
 569 017c 1D       		.uleb128 0x1d
 570 017d 06       		.uleb128 0x6
ARM GAS  C:\DOCUME~1\ADMINI~1\LOCALS~1\Temp\ccDlLvhf.s 			page 11


 571 017e 63030000 		.4byte	.LASF30
 572 0182 05       		.byte	0x5
 573 0183 82       		.byte	0x82
 574 0184 A6000000 		.4byte	0xa6
 575 0188 02       		.byte	0x2
 576 0189 23       		.byte	0x23
 577 018a 1E       		.uleb128 0x1e
 578 018b 06       		.uleb128 0x6
 579 018c 3C030000 		.4byte	.LASF31
 580 0190 05       		.byte	0x5
 581 0191 89       		.byte	0x89
 582 0192 42050000 		.4byte	0x542
 583 0196 02       		.byte	0x2
 584 0197 23       		.byte	0x23
 585 0198 20       		.uleb128 0x20
 586 0199 07       		.uleb128 0x7
 587 019a 705F7500 		.ascii	"p_u\000"
 588 019e 05       		.byte	0x5
 589 019f AE       		.byte	0xae
 590 01a0 05060000 		.4byte	0x605
 591 01a4 02       		.byte	0x2
 592 01a5 23       		.byte	0x23
 593 01a6 24       		.uleb128 0x24
 594 01a7 06       		.uleb128 0x6
 595 01a8 B9030000 		.4byte	.LASF32
 596 01ac 05       		.byte	0x5
 597 01ad B3       		.byte	0xb3
 598 01ae 57020000 		.4byte	0x257
 599 01b2 02       		.byte	0x2
 600 01b3 23       		.byte	0x23
 601 01b4 28       		.uleb128 0x28
 602 01b5 06       		.uleb128 0x6
 603 01b6 58030000 		.4byte	.LASF33
 604 01ba 05       		.byte	0x5
 605 01bb B9       		.byte	0xb9
 606 01bc 35020000 		.4byte	0x235
 607 01c0 02       		.byte	0x2
 608 01c1 23       		.byte	0x23
 609 01c2 2C       		.uleb128 0x2c
 610 01c3 06       		.uleb128 0x6
 611 01c4 00000000 		.4byte	.LASF34
 612 01c8 05       		.byte	0x5
 613 01c9 BD       		.byte	0xbd
 614 01ca BC000000 		.4byte	0xbc
 615 01ce 02       		.byte	0x2
 616 01cf 23       		.byte	0x23
 617 01d0 34       		.uleb128 0x34
 618 01d1 06       		.uleb128 0x6
 619 01d2 AC020000 		.4byte	.LASF35
 620 01d6 05       		.byte	0x5
 621 01d7 C3       		.byte	0xc3
 622 01d8 C7000000 		.4byte	0xc7
 623 01dc 02       		.byte	0x2
 624 01dd 23       		.byte	0x23
 625 01de 38       		.uleb128 0x38
 626 01df 06       		.uleb128 0x6
 627 01e0 67020000 		.4byte	.LASF36
ARM GAS  C:\DOCUME~1\ADMINI~1\LOCALS~1\Temp\ccDlLvhf.s 			page 12


 628 01e4 05       		.byte	0x5
 629 01e5 CA       		.byte	0xca
 630 01e6 4C060000 		.4byte	0x64c
 631 01ea 02       		.byte	0x2
 632 01eb 23       		.byte	0x23
 633 01ec 3C       		.uleb128 0x3c
 634 01ed 06       		.uleb128 0x6
 635 01ee 1A030000 		.4byte	.LASF37
 636 01f2 05       		.byte	0x5
 637 01f3 CE       		.byte	0xce
 638 01f4 B1000000 		.4byte	0xb1
 639 01f8 02       		.byte	0x2
 640 01f9 23       		.byte	0x23
 641 01fa 40       		.uleb128 0x40
 642 01fb 06       		.uleb128 0x6
 643 01fc 7D000000 		.4byte	.LASF38
 644 0200 05       		.byte	0x5
 645 0201 D4       		.byte	0xd4
 646 0202 6D020000 		.4byte	0x26d
 647 0206 02       		.byte	0x2
 648 0207 23       		.byte	0x23
 649 0208 44       		.uleb128 0x44
 650 0209 00       		.byte	0
 651 020a 08       		.uleb128 0x8
 652 020b 08       		.byte	0x8
 653 020c 04       		.byte	0x4
 654 020d 61       		.byte	0x61
 655 020e 2F020000 		.4byte	0x22f
 656 0212 06       		.uleb128 0x6
 657 0213 96020000 		.4byte	.LASF21
 658 0217 04       		.byte	0x4
 659 0218 62       		.byte	0x62
 660 0219 2F020000 		.4byte	0x22f
 661 021d 02       		.byte	0x2
 662 021e 23       		.byte	0x23
 663 021f 00       		.uleb128 0
 664 0220 06       		.uleb128 0x6
 665 0221 1E020000 		.4byte	.LASF22
 666 0225 04       		.byte	0x4
 667 0226 64       		.byte	0x64
 668 0227 2F020000 		.4byte	0x22f
 669 022b 02       		.byte	0x2
 670 022c 23       		.byte	0x23
 671 022d 04       		.uleb128 0x4
 672 022e 00       		.byte	0
 673 022f 09       		.uleb128 0x9
 674 0230 04       		.byte	0x4
 675 0231 E8000000 		.4byte	0xe8
 676 0235 04       		.uleb128 0x4
 677 0236 E6010000 		.4byte	.LASF39
 678 023a 04       		.byte	0x4
 679 023b 66       		.byte	0x66
 680 023c 0A020000 		.4byte	0x20a
 681 0240 08       		.uleb128 0x8
 682 0241 04       		.byte	0x4
 683 0242 04       		.byte	0x4
 684 0243 6B       		.byte	0x6b
ARM GAS  C:\DOCUME~1\ADMINI~1\LOCALS~1\Temp\ccDlLvhf.s 			page 13


 685 0244 57020000 		.4byte	0x257
 686 0248 06       		.uleb128 0x6
 687 0249 96020000 		.4byte	.LASF21
 688 024d 04       		.byte	0x4
 689 024e 6D       		.byte	0x6d
 690 024f 2F020000 		.4byte	0x22f
 691 0253 02       		.byte	0x2
 692 0254 23       		.byte	0x23
 693 0255 00       		.uleb128 0
 694 0256 00       		.byte	0
 695 0257 04       		.uleb128 0x4
 696 0258 AC010000 		.4byte	.LASF40
 697 025c 04       		.byte	0x4
 698 025d 70       		.byte	0x70
 699 025e 40020000 		.4byte	0x240
 700 0262 04       		.uleb128 0x4
 701 0263 E4000000 		.4byte	.LASF41
 702 0267 06       		.byte	0x6
 703 0268 D7       		.byte	0xd7
 704 0269 6D020000 		.4byte	0x26d
 705 026d 0A       		.uleb128 0xa
 706 026e 04       		.byte	0x4
 707 026f 05       		.uleb128 0x5
 708 0270 19010000 		.4byte	.LASF42
 709 0274 20       		.byte	0x20
 710 0275 06       		.byte	0x6
 711 0276 DF       		.byte	0xdf
 712 0277 E7020000 		.4byte	0x2e7
 713 027b 07       		.uleb128 0x7
 714 027c 723000   		.ascii	"r0\000"
 715 027f 06       		.byte	0x6
 716 0280 E0       		.byte	0xe0
 717 0281 62020000 		.4byte	0x262
 718 0285 02       		.byte	0x2
 719 0286 23       		.byte	0x23
 720 0287 00       		.uleb128 0
 721 0288 07       		.uleb128 0x7
 722 0289 723100   		.ascii	"r1\000"
 723 028c 06       		.byte	0x6
 724 028d E1       		.byte	0xe1
 725 028e 62020000 		.4byte	0x262
 726 0292 02       		.byte	0x2
 727 0293 23       		.byte	0x23
 728 0294 04       		.uleb128 0x4
 729 0295 07       		.uleb128 0x7
 730 0296 723200   		.ascii	"r2\000"
 731 0299 06       		.byte	0x6
 732 029a E2       		.byte	0xe2
 733 029b 62020000 		.4byte	0x262
 734 029f 02       		.byte	0x2
 735 02a0 23       		.byte	0x23
 736 02a1 08       		.uleb128 0x8
 737 02a2 07       		.uleb128 0x7
 738 02a3 723300   		.ascii	"r3\000"
 739 02a6 06       		.byte	0x6
 740 02a7 E3       		.byte	0xe3
 741 02a8 62020000 		.4byte	0x262
ARM GAS  C:\DOCUME~1\ADMINI~1\LOCALS~1\Temp\ccDlLvhf.s 			page 14


 742 02ac 02       		.byte	0x2
 743 02ad 23       		.byte	0x23
 744 02ae 0C       		.uleb128 0xc
 745 02af 07       		.uleb128 0x7
 746 02b0 72313200 		.ascii	"r12\000"
 747 02b4 06       		.byte	0x6
 748 02b5 E4       		.byte	0xe4
 749 02b6 62020000 		.4byte	0x262
 750 02ba 02       		.byte	0x2
 751 02bb 23       		.byte	0x23
 752 02bc 10       		.uleb128 0x10
 753 02bd 06       		.uleb128 0x6
 754 02be 12010000 		.4byte	.LASF43
 755 02c2 06       		.byte	0x6
 756 02c3 E5       		.byte	0xe5
 757 02c4 62020000 		.4byte	0x262
 758 02c8 02       		.byte	0x2
 759 02c9 23       		.byte	0x23
 760 02ca 14       		.uleb128 0x14
 761 02cb 07       		.uleb128 0x7
 762 02cc 706300   		.ascii	"pc\000"
 763 02cf 06       		.byte	0x6
 764 02d0 E6       		.byte	0xe6
 765 02d1 62020000 		.4byte	0x262
 766 02d5 02       		.byte	0x2
 767 02d6 23       		.byte	0x23
 768 02d7 18       		.uleb128 0x18
 769 02d8 06       		.uleb128 0x6
 770 02d9 83020000 		.4byte	.LASF44
 771 02dd 06       		.byte	0x6
 772 02de E7       		.byte	0xe7
 773 02df 62020000 		.4byte	0x262
 774 02e3 02       		.byte	0x2
 775 02e4 23       		.byte	0x23
 776 02e5 1C       		.uleb128 0x1c
 777 02e6 00       		.byte	0
 778 02e7 05       		.uleb128 0x5
 779 02e8 51030000 		.4byte	.LASF45
 780 02ec 24       		.byte	0x24
 781 02ed 06       		.byte	0x6
 782 02ee FE       		.byte	0xfe
 783 02ef 74030000 		.4byte	0x374
 784 02f3 0B       		.uleb128 0xb
 785 02f4 723400   		.ascii	"r4\000"
 786 02f7 06       		.byte	0x6
 787 02f8 1101     		.2byte	0x111
 788 02fa 62020000 		.4byte	0x262
 789 02fe 02       		.byte	0x2
 790 02ff 23       		.byte	0x23
 791 0300 00       		.uleb128 0
 792 0301 0B       		.uleb128 0xb
 793 0302 723500   		.ascii	"r5\000"
 794 0305 06       		.byte	0x6
 795 0306 1201     		.2byte	0x112
 796 0308 62020000 		.4byte	0x262
 797 030c 02       		.byte	0x2
 798 030d 23       		.byte	0x23
ARM GAS  C:\DOCUME~1\ADMINI~1\LOCALS~1\Temp\ccDlLvhf.s 			page 15


 799 030e 04       		.uleb128 0x4
 800 030f 0B       		.uleb128 0xb
 801 0310 723600   		.ascii	"r6\000"
 802 0313 06       		.byte	0x6
 803 0314 1301     		.2byte	0x113
 804 0316 62020000 		.4byte	0x262
 805 031a 02       		.byte	0x2
 806 031b 23       		.byte	0x23
 807 031c 08       		.uleb128 0x8
 808 031d 0B       		.uleb128 0xb
 809 031e 723700   		.ascii	"r7\000"
 810 0321 06       		.byte	0x6
 811 0322 1401     		.2byte	0x114
 812 0324 62020000 		.4byte	0x262
 813 0328 02       		.byte	0x2
 814 0329 23       		.byte	0x23
 815 032a 0C       		.uleb128 0xc
 816 032b 0B       		.uleb128 0xb
 817 032c 723800   		.ascii	"r8\000"
 818 032f 06       		.byte	0x6
 819 0330 1501     		.2byte	0x115
 820 0332 62020000 		.4byte	0x262
 821 0336 02       		.byte	0x2
 822 0337 23       		.byte	0x23
 823 0338 10       		.uleb128 0x10
 824 0339 0B       		.uleb128 0xb
 825 033a 723900   		.ascii	"r9\000"
 826 033d 06       		.byte	0x6
 827 033e 1601     		.2byte	0x116
 828 0340 62020000 		.4byte	0x262
 829 0344 02       		.byte	0x2
 830 0345 23       		.byte	0x23
 831 0346 14       		.uleb128 0x14
 832 0347 0B       		.uleb128 0xb
 833 0348 72313000 		.ascii	"r10\000"
 834 034c 06       		.byte	0x6
 835 034d 1701     		.2byte	0x117
 836 034f 62020000 		.4byte	0x262
 837 0353 02       		.byte	0x2
 838 0354 23       		.byte	0x23
 839 0355 18       		.uleb128 0x18
 840 0356 0B       		.uleb128 0xb
 841 0357 72313100 		.ascii	"r11\000"
 842 035b 06       		.byte	0x6
 843 035c 1801     		.2byte	0x118
 844 035e 62020000 		.4byte	0x262
 845 0362 02       		.byte	0x2
 846 0363 23       		.byte	0x23
 847 0364 1C       		.uleb128 0x1c
 848 0365 0B       		.uleb128 0xb
 849 0366 6C7200   		.ascii	"lr\000"
 850 0369 06       		.byte	0x6
 851 036a 1901     		.2byte	0x119
 852 036c 62020000 		.4byte	0x262
 853 0370 02       		.byte	0x2
 854 0371 23       		.byte	0x23
 855 0372 20       		.uleb128 0x20
ARM GAS  C:\DOCUME~1\ADMINI~1\LOCALS~1\Temp\ccDlLvhf.s 			page 16


 856 0373 00       		.byte	0
 857 0374 0C       		.uleb128 0xc
 858 0375 5A010000 		.4byte	.LASF46
 859 0379 04       		.byte	0x4
 860 037a 06       		.byte	0x6
 861 037b 2301     		.2byte	0x123
 862 037d 91030000 		.4byte	0x391
 863 0381 0B       		.uleb128 0xb
 864 0382 72313300 		.ascii	"r13\000"
 865 0386 06       		.byte	0x6
 866 0387 2401     		.2byte	0x124
 867 0389 91030000 		.4byte	0x391
 868 038d 02       		.byte	0x2
 869 038e 23       		.byte	0x23
 870 038f 00       		.uleb128 0
 871 0390 00       		.byte	0
 872 0391 09       		.uleb128 0x9
 873 0392 04       		.byte	0x4
 874 0393 E7020000 		.4byte	0x2e7
 875 0397 04       		.uleb128 0x4
 876 0398 DA020000 		.4byte	.LASF47
 877 039c 07       		.byte	0x7
 878 039d 3A       		.byte	0x3a
 879 039e A2030000 		.4byte	0x3a2
 880 03a2 0D       		.uleb128 0xd
 881 03a3 70000000 		.4byte	0x70
 882 03a7 03       		.uleb128 0x3
 883 03a8 04       		.byte	0x4
 884 03a9 07       		.byte	0x7
 885 03aa CA010000 		.4byte	.LASF48
 886 03ae 08       		.uleb128 0x8
 887 03af 8C       		.byte	0x8c
 888 03b0 07       		.byte	0x7
 889 03b1 89       		.byte	0x89
 890 03b2 DE040000 		.4byte	0x4de
 891 03b6 06       		.uleb128 0x6
 892 03b7 56000000 		.4byte	.LASF49
 893 03bb 07       		.byte	0x7
 894 03bc 8A       		.byte	0x8a
 895 03bd 97030000 		.4byte	0x397
 896 03c1 02       		.byte	0x2
 897 03c2 23       		.byte	0x23
 898 03c3 00       		.uleb128 0
 899 03c4 06       		.uleb128 0x6
 900 03c5 75010000 		.4byte	.LASF50
 901 03c9 07       		.byte	0x7
 902 03ca 8B       		.byte	0x8b
 903 03cb 97030000 		.4byte	0x397
 904 03cf 02       		.byte	0x2
 905 03d0 23       		.byte	0x23
 906 03d1 04       		.uleb128 0x4
 907 03d2 06       		.uleb128 0x6
 908 03d3 3F010000 		.4byte	.LASF51
 909 03d7 07       		.byte	0x7
 910 03d8 8C       		.byte	0x8c
 911 03d9 97030000 		.4byte	0x397
 912 03dd 02       		.byte	0x2
ARM GAS  C:\DOCUME~1\ADMINI~1\LOCALS~1\Temp\ccDlLvhf.s 			page 17


 913 03de 23       		.byte	0x23
 914 03df 08       		.uleb128 0x8
 915 03e0 06       		.uleb128 0x6
 916 03e1 80010000 		.4byte	.LASF52
 917 03e5 07       		.byte	0x7
 918 03e6 8D       		.byte	0x8d
 919 03e7 97030000 		.4byte	0x397
 920 03eb 02       		.byte	0x2
 921 03ec 23       		.byte	0x23
 922 03ed 0C       		.uleb128 0xc
 923 03ee 07       		.uleb128 0x7
 924 03ef 53435200 		.ascii	"SCR\000"
 925 03f3 07       		.byte	0x7
 926 03f4 8E       		.byte	0x8e
 927 03f5 97030000 		.4byte	0x397
 928 03f9 02       		.byte	0x2
 929 03fa 23       		.byte	0x23
 930 03fb 10       		.uleb128 0x10
 931 03fc 07       		.uleb128 0x7
 932 03fd 43435200 		.ascii	"CCR\000"
 933 0401 07       		.byte	0x7
 934 0402 8F       		.byte	0x8f
 935 0403 97030000 		.4byte	0x397
 936 0407 02       		.byte	0x2
 937 0408 23       		.byte	0x23
 938 0409 14       		.uleb128 0x14
 939 040a 06       		.uleb128 0x6
 940 040b 5C020000 		.4byte	.LASF53
 941 040f 07       		.byte	0x7
 942 0410 90       		.byte	0x90
 943 0411 EE040000 		.4byte	0x4ee
 944 0415 02       		.byte	0x2
 945 0416 23       		.byte	0x23
 946 0417 18       		.uleb128 0x18
 947 0418 06       		.uleb128 0x6
 948 0419 61020000 		.4byte	.LASF54
 949 041d 07       		.byte	0x7
 950 041e 91       		.byte	0x91
 951 041f 97030000 		.4byte	0x397
 952 0423 02       		.byte	0x2
 953 0424 23       		.byte	0x23
 954 0425 24       		.uleb128 0x24
 955 0426 06       		.uleb128 0x6
 956 0427 D3010000 		.4byte	.LASF55
 957 042b 07       		.byte	0x7
 958 042c 92       		.byte	0x92
 959 042d 97030000 		.4byte	0x397
 960 0431 02       		.byte	0x2
 961 0432 23       		.byte	0x23
 962 0433 28       		.uleb128 0x28
 963 0434 06       		.uleb128 0x6
 964 0435 A6030000 		.4byte	.LASF56
 965 0439 07       		.byte	0x7
 966 043a 93       		.byte	0x93
 967 043b 97030000 		.4byte	0x397
 968 043f 02       		.byte	0x2
 969 0440 23       		.byte	0x23
ARM GAS  C:\DOCUME~1\ADMINI~1\LOCALS~1\Temp\ccDlLvhf.s 			page 18


 970 0441 2C       		.uleb128 0x2c
 971 0442 06       		.uleb128 0x6
 972 0443 86010000 		.4byte	.LASF57
 973 0447 07       		.byte	0x7
 974 0448 94       		.byte	0x94
 975 0449 97030000 		.4byte	0x397
 976 044d 02       		.byte	0x2
 977 044e 23       		.byte	0x23
 978 044f 30       		.uleb128 0x30
 979 0450 06       		.uleb128 0x6
 980 0451 8B010000 		.4byte	.LASF58
 981 0455 07       		.byte	0x7
 982 0456 95       		.byte	0x95
 983 0457 97030000 		.4byte	0x397
 984 045b 02       		.byte	0x2
 985 045c 23       		.byte	0x23
 986 045d 34       		.uleb128 0x34
 987 045e 06       		.uleb128 0x6
 988 045f BA000000 		.4byte	.LASF59
 989 0463 07       		.byte	0x7
 990 0464 96       		.byte	0x96
 991 0465 97030000 		.4byte	0x397
 992 0469 02       		.byte	0x2
 993 046a 23       		.byte	0x23
 994 046b 38       		.uleb128 0x38
 995 046c 06       		.uleb128 0x6
 996 046d C8020000 		.4byte	.LASF60
 997 0471 07       		.byte	0x7
 998 0472 97       		.byte	0x97
 999 0473 97030000 		.4byte	0x397
 1000 0477 02       		.byte	0x2
 1001 0478 23       		.byte	0x23
 1002 0479 3C       		.uleb128 0x3c
 1003 047a 07       		.uleb128 0x7
 1004 047b 50465200 		.ascii	"PFR\000"
 1005 047f 07       		.byte	0x7
 1006 0480 98       		.byte	0x98
 1007 0481 03050000 		.4byte	0x503
 1008 0485 02       		.byte	0x2
 1009 0486 23       		.byte	0x23
 1010 0487 40       		.uleb128 0x40
 1011 0488 07       		.uleb128 0x7
 1012 0489 44465200 		.ascii	"DFR\000"
 1013 048d 07       		.byte	0x7
 1014 048e 99       		.byte	0x99
 1015 048f 97030000 		.4byte	0x397
 1016 0493 02       		.byte	0x2
 1017 0494 23       		.byte	0x23
 1018 0495 48       		.uleb128 0x48
 1019 0496 07       		.uleb128 0x7
 1020 0497 41445200 		.ascii	"ADR\000"
 1021 049b 07       		.byte	0x7
 1022 049c 9A       		.byte	0x9a
 1023 049d 97030000 		.4byte	0x397
 1024 04a1 02       		.byte	0x2
 1025 04a2 23       		.byte	0x23
 1026 04a3 4C       		.uleb128 0x4c
ARM GAS  C:\DOCUME~1\ADMINI~1\LOCALS~1\Temp\ccDlLvhf.s 			page 19


 1027 04a4 06       		.uleb128 0x6
 1028 04a5 74030000 		.4byte	.LASF61
 1029 04a9 07       		.byte	0x7
 1030 04aa 9B       		.byte	0x9b
 1031 04ab 18050000 		.4byte	0x518
 1032 04af 02       		.byte	0x2
 1033 04b0 23       		.byte	0x23
 1034 04b1 50       		.uleb128 0x50
 1035 04b2 07       		.uleb128 0x7
 1036 04b3 53415200 		.ascii	"SAR\000"
 1037 04b7 07       		.byte	0x7
 1038 04b8 9C       		.byte	0x9c
 1039 04b9 2D050000 		.4byte	0x52d
 1040 04bd 02       		.byte	0x2
 1041 04be 23       		.byte	0x23
 1042 04bf 60       		.uleb128 0x60
 1043 04c0 06       		.uleb128 0x6
 1044 04c1 CD020000 		.4byte	.LASF62
 1045 04c5 07       		.byte	0x7
 1046 04c6 9D       		.byte	0x9d
 1047 04c7 32050000 		.4byte	0x532
 1048 04cb 02       		.byte	0x2
 1049 04cc 23       		.byte	0x23
 1050 04cd 74       		.uleb128 0x74
 1051 04ce 06       		.uleb128 0x6
 1052 04cf A0030000 		.4byte	.LASF63
 1053 04d3 07       		.byte	0x7
 1054 04d4 9E       		.byte	0x9e
 1055 04d5 97030000 		.4byte	0x397
 1056 04d9 03       		.byte	0x3
 1057 04da 23       		.byte	0x23
 1058 04db 8801     		.uleb128 0x88
 1059 04dd 00       		.byte	0
 1060 04de 0E       		.uleb128 0xe
 1061 04df 97030000 		.4byte	0x397
 1062 04e3 EE040000 		.4byte	0x4ee
 1063 04e7 0F       		.uleb128 0xf
 1064 04e8 A7030000 		.4byte	0x3a7
 1065 04ec 02       		.byte	0x2
 1066 04ed 00       		.byte	0
 1067 04ee 0D       		.uleb128 0xd
 1068 04ef DE040000 		.4byte	0x4de
 1069 04f3 0E       		.uleb128 0xe
 1070 04f4 97030000 		.4byte	0x397
 1071 04f8 03050000 		.4byte	0x503
 1072 04fc 0F       		.uleb128 0xf
 1073 04fd A7030000 		.4byte	0x3a7
 1074 0501 01       		.byte	0x1
 1075 0502 00       		.byte	0
 1076 0503 0D       		.uleb128 0xd
 1077 0504 F3040000 		.4byte	0x4f3
 1078 0508 0E       		.uleb128 0xe
 1079 0509 97030000 		.4byte	0x397
 1080 050d 18050000 		.4byte	0x518
 1081 0511 0F       		.uleb128 0xf
 1082 0512 A7030000 		.4byte	0x3a7
 1083 0516 03       		.byte	0x3
ARM GAS  C:\DOCUME~1\ADMINI~1\LOCALS~1\Temp\ccDlLvhf.s 			page 20


 1084 0517 00       		.byte	0
 1085 0518 0D       		.uleb128 0xd
 1086 0519 08050000 		.4byte	0x508
 1087 051d 0E       		.uleb128 0xe
 1088 051e 97030000 		.4byte	0x397
 1089 0522 2D050000 		.4byte	0x52d
 1090 0526 0F       		.uleb128 0xf
 1091 0527 A7030000 		.4byte	0x3a7
 1092 052b 04       		.byte	0x4
 1093 052c 00       		.byte	0
 1094 052d 0D       		.uleb128 0xd
 1095 052e 1D050000 		.4byte	0x51d
 1096 0532 0D       		.uleb128 0xd
 1097 0533 1D050000 		.4byte	0x51d
 1098 0537 04       		.uleb128 0x4
 1099 0538 0D000000 		.4byte	.LASF64
 1100 053c 07       		.byte	0x7
 1101 053d 9F       		.byte	0x9f
 1102 053e AE030000 		.4byte	0x3ae
 1103 0542 0D       		.uleb128 0xd
 1104 0543 D2000000 		.4byte	0xd2
 1105 0547 08       		.uleb128 0x8
 1106 0548 20       		.byte	0x20
 1107 0549 08       		.byte	0x8
 1108 054a 5E       		.byte	0x5e
 1109 054b B2050000 		.4byte	0x5b2
 1110 054f 06       		.uleb128 0x6
 1111 0550 C0020000 		.4byte	.LASF65
 1112 0554 08       		.byte	0x8
 1113 0555 5F       		.byte	0x5f
 1114 0556 35020000 		.4byte	0x235
 1115 055a 02       		.byte	0x2
 1116 055b 23       		.byte	0x23
 1117 055c 00       		.uleb128 0
 1118 055d 06       		.uleb128 0x6
 1119 055e 88020000 		.4byte	.LASF66
 1120 0562 08       		.byte	0x8
 1121 0563 60       		.byte	0x60
 1122 0564 B1000000 		.4byte	0xb1
 1123 0568 02       		.byte	0x2
 1124 0569 23       		.byte	0x23
 1125 056a 08       		.uleb128 0x8
 1126 056b 06       		.uleb128 0x6
 1127 056c E0010000 		.4byte	.LASF67
 1128 0570 08       		.byte	0x8
 1129 0571 62       		.byte	0x62
 1130 0572 74030000 		.4byte	0x374
 1131 0576 02       		.byte	0x2
 1132 0577 23       		.byte	0x23
 1133 0578 0C       		.uleb128 0xc
 1134 0579 06       		.uleb128 0x6
 1135 057a BF000000 		.4byte	.LASF68
 1136 057e 08       		.byte	0x8
 1137 057f 65       		.byte	0x65
 1138 0580 2F020000 		.4byte	0x22f
 1139 0584 02       		.byte	0x2
 1140 0585 23       		.byte	0x23
ARM GAS  C:\DOCUME~1\ADMINI~1\LOCALS~1\Temp\ccDlLvhf.s 			page 21


 1141 0586 10       		.uleb128 0x10
 1142 0587 06       		.uleb128 0x6
 1143 0588 09020000 		.4byte	.LASF69
 1144 058c 08       		.byte	0x8
 1145 058d 66       		.byte	0x66
 1146 058e 2F020000 		.4byte	0x22f
 1147 0592 02       		.byte	0x2
 1148 0593 23       		.byte	0x23
 1149 0594 14       		.uleb128 0x14
 1150 0595 06       		.uleb128 0x6
 1151 0596 32030000 		.4byte	.LASF70
 1152 059a 08       		.byte	0x8
 1153 059b 6A       		.byte	0x6a
 1154 059c DD000000 		.4byte	0xdd
 1155 05a0 02       		.byte	0x2
 1156 05a1 23       		.byte	0x23
 1157 05a2 18       		.uleb128 0x18
 1158 05a3 06       		.uleb128 0x6
 1159 05a4 FF010000 		.4byte	.LASF71
 1160 05a8 08       		.byte	0x8
 1161 05a9 6C       		.byte	0x6c
 1162 05aa 2F020000 		.4byte	0x22f
 1163 05ae 02       		.byte	0x2
 1164 05af 23       		.byte	0x23
 1165 05b0 1C       		.uleb128 0x1c
 1166 05b1 00       		.byte	0
 1167 05b2 04       		.uleb128 0x4
 1168 05b3 6A030000 		.4byte	.LASF72
 1169 05b7 08       		.byte	0x8
 1170 05b8 6E       		.byte	0x6e
 1171 05b9 47050000 		.4byte	0x547
 1172 05bd 05       		.uleb128 0x5
 1173 05be C4010000 		.4byte	.LASF73
 1174 05c2 10       		.byte	0x10
 1175 05c3 09       		.byte	0x9
 1176 05c4 2C       		.byte	0x2c
 1177 05c5 F4050000 		.4byte	0x5f4
 1178 05c9 06       		.uleb128 0x6
 1179 05ca 85000000 		.4byte	.LASF74
 1180 05ce 09       		.byte	0x9
 1181 05cf 2D       		.byte	0x2d
 1182 05d0 35020000 		.4byte	0x235
 1183 05d4 02       		.byte	0x2
 1184 05d5 23       		.byte	0x23
 1185 05d6 00       		.uleb128 0
 1186 05d7 06       		.uleb128 0x6
 1187 05d8 AB030000 		.4byte	.LASF75
 1188 05dc 09       		.byte	0x9
 1189 05dd 2F       		.byte	0x2f
 1190 05de 2F020000 		.4byte	0x22f
 1191 05e2 02       		.byte	0x2
 1192 05e3 23       		.byte	0x23
 1193 05e4 08       		.uleb128 0x8
 1194 05e5 06       		.uleb128 0x6
 1195 05e6 09030000 		.4byte	.LASF76
 1196 05ea 09       		.byte	0x9
 1197 05eb 31       		.byte	0x31
ARM GAS  C:\DOCUME~1\ADMINI~1\LOCALS~1\Temp\ccDlLvhf.s 			page 22


 1198 05ec F4050000 		.4byte	0x5f4
 1199 05f0 02       		.byte	0x2
 1200 05f1 23       		.byte	0x23
 1201 05f2 0C       		.uleb128 0xc
 1202 05f3 00       		.byte	0
 1203 05f4 09       		.uleb128 0x9
 1204 05f5 04       		.byte	0x4
 1205 05f6 BD050000 		.4byte	0x5bd
 1206 05fa 04       		.uleb128 0x4
 1207 05fb C4010000 		.4byte	.LASF73
 1208 05ff 09       		.byte	0x9
 1209 0600 33       		.byte	0x33
 1210 0601 BD050000 		.4byte	0x5bd
 1211 0605 10       		.uleb128 0x10
 1212 0606 04       		.byte	0x4
 1213 0607 05       		.byte	0x5
 1214 0608 90       		.byte	0x90
 1215 0609 3A060000 		.4byte	0x63a
 1216 060d 11       		.uleb128 0x11
 1217 060e 06000000 		.4byte	.LASF77
 1218 0612 05       		.byte	0x5
 1219 0613 97       		.byte	0x97
 1220 0614 BC000000 		.4byte	0xbc
 1221 0618 11       		.uleb128 0x11
 1222 0619 4D000000 		.4byte	.LASF78
 1223 061d 05       		.byte	0x5
 1224 061e 9E       		.byte	0x9e
 1225 061f BC000000 		.4byte	0xbc
 1226 0623 11       		.uleb128 0x11
 1227 0624 92030000 		.4byte	.LASF79
 1228 0628 05       		.byte	0x5
 1229 0629 A5       		.byte	0xa5
 1230 062a 6D020000 		.4byte	0x26d
 1231 062e 11       		.uleb128 0x11
 1232 062f 8F020000 		.4byte	.LASF80
 1233 0633 05       		.byte	0x5
 1234 0634 AC       		.byte	0xac
 1235 0635 C7000000 		.4byte	0xc7
 1236 0639 00       		.byte	0
 1237 063a 09       		.uleb128 0x9
 1238 063b 04       		.byte	0x4
 1239 063c 40060000 		.4byte	0x640
 1240 0640 12       		.uleb128 0x12
 1241 0641 45060000 		.4byte	0x645
 1242 0645 03       		.uleb128 0x3
 1243 0646 01       		.byte	0x1
 1244 0647 08       		.byte	0x8
 1245 0648 D5020000 		.4byte	.LASF81
 1246 064c 09       		.uleb128 0x9
 1247 064d 04       		.byte	0x4
 1248 064e FA050000 		.4byte	0x5fa
 1249 0652 13       		.uleb128 0x13
 1250 0653 01       		.byte	0x1
 1251 0654 44010000 		.4byte	.LASF82
 1252 0658 01       		.byte	0x1
 1253 0659 CF       		.byte	0xcf
 1254 065a 01       		.byte	0x1
ARM GAS  C:\DOCUME~1\ADMINI~1\LOCALS~1\Temp\ccDlLvhf.s 			page 23


 1255 065b 00000000 		.4byte	.LFB11
 1256 065f 06000000 		.4byte	.LFE11
 1257 0663 02       		.byte	0x2
 1258 0664 7D       		.byte	0x7d
 1259 0665 00       		.sleb128 0
 1260 0666 01       		.byte	0x1
 1261 0667 75060000 		.4byte	0x675
 1262 066b 14       		.uleb128 0x14
 1263 066c 04000000 		.4byte	.LVL0
 1264 0670 67080000 		.4byte	0x867
 1265 0674 00       		.byte	0
 1266 0675 13       		.uleb128 0x13
 1267 0676 01       		.byte	0x1
 1268 0677 25030000 		.4byte	.LASF83
 1269 067b 01       		.byte	0x1
 1270 067c 41       		.byte	0x41
 1271 067d 01       		.byte	0x1
 1272 067e 00000000 		.4byte	.LFB8
 1273 0682 12000000 		.4byte	.LFE8
 1274 0686 02       		.byte	0x2
 1275 0687 7D       		.byte	0x7d
 1276 0688 00       		.sleb128 0
 1277 0689 01       		.byte	0x1
 1278 068a B7060000 		.4byte	0x6b7
 1279 068e 15       		.uleb128 0x15
 1280 068f 19020000 		.4byte	.LASF84
 1281 0693 01       		.byte	0x1
 1282 0694 42       		.byte	0x42
 1283 0695 B7060000 		.4byte	0x6b7
 1284 0699 00000000 		.4byte	.LLST0
 1285 069d 16       		.uleb128 0x16
 1286 069e 0A000000 		.4byte	.LBB2
 1287 06a2 12000000 		.4byte	.LBE2
 1288 06a6 17       		.uleb128 0x17
 1289 06a7 746D7000 		.ascii	"tmp\000"
 1290 06ab 01       		.byte	0x1
 1291 06ac 51       		.byte	0x51
 1292 06ad 70000000 		.4byte	0x70
 1293 06b1 20000000 		.4byte	.LLST1
 1294 06b5 00       		.byte	0
 1295 06b6 00       		.byte	0
 1296 06b7 09       		.uleb128 0x9
 1297 06b8 04       		.byte	0x4
 1298 06b9 6F020000 		.4byte	0x26f
 1299 06bd 18       		.uleb128 0x18
 1300 06be 01       		.byte	0x1
 1301 06bf 87030000 		.4byte	.LASF85
 1302 06c3 01       		.byte	0x1
 1303 06c4 76       		.byte	0x76
 1304 06c5 01       		.byte	0x1
 1305 06c6 00000000 		.4byte	.LFB9
 1306 06ca 34000000 		.4byte	.LFE9
 1307 06ce 33000000 		.4byte	.LLST2
 1308 06d2 01       		.byte	0x1
 1309 06d3 20070000 		.4byte	0x720
 1310 06d7 19       		.uleb128 0x19
 1311 06d8 1E000000 		.4byte	.LVL5
ARM GAS  C:\DOCUME~1\ADMINI~1\LOCALS~1\Temp\ccDlLvhf.s 			page 24


 1312 06dc 71080000 		.4byte	0x871
 1313 06e0 EF060000 		.4byte	0x6ef
 1314 06e4 1A       		.uleb128 0x1a
 1315 06e5 01       		.byte	0x1
 1316 06e6 51       		.byte	0x51
 1317 06e7 01       		.byte	0x1
 1318 06e8 40       		.byte	0x40
 1319 06e9 1A       		.uleb128 0x1a
 1320 06ea 01       		.byte	0x1
 1321 06eb 50       		.byte	0x50
 1322 06ec 01       		.byte	0x1
 1323 06ed 37       		.byte	0x37
 1324 06ee 00       		.byte	0
 1325 06ef 19       		.uleb128 0x19
 1326 06f0 28000000 		.4byte	.LVL6
 1327 06f4 71080000 		.4byte	0x871
 1328 06f8 09070000 		.4byte	0x709
 1329 06fc 1A       		.uleb128 0x1a
 1330 06fd 01       		.byte	0x1
 1331 06fe 51       		.byte	0x51
 1332 06ff 03       		.byte	0x3
 1333 0700 0A       		.byte	0xa
 1334 0701 0002     		.2byte	0x200
 1335 0703 1A       		.uleb128 0x1a
 1336 0704 01       		.byte	0x1
 1337 0705 50       		.byte	0x50
 1338 0706 01       		.byte	0x1
 1339 0707 3A       		.byte	0x3a
 1340 0708 00       		.byte	0
 1341 0709 1B       		.uleb128 0x1b
 1342 070a 34000000 		.4byte	.LVL7
 1343 070e 01       		.byte	0x1
 1344 070f 71080000 		.4byte	0x871
 1345 0713 1A       		.uleb128 0x1a
 1346 0714 01       		.byte	0x1
 1347 0715 51       		.byte	0x51
 1348 0716 02       		.byte	0x2
 1349 0717 08       		.byte	0x8
 1350 0718 80       		.byte	0x80
 1351 0719 1A       		.uleb128 0x1a
 1352 071a 01       		.byte	0x1
 1353 071b 50       		.byte	0x50
 1354 071c 01       		.byte	0x1
 1355 071d 3B       		.byte	0x3b
 1356 071e 00       		.byte	0
 1357 071f 00       		.byte	0
 1358 0720 13       		.uleb128 0x13
 1359 0721 01       		.byte	0x1
 1360 0722 91010000 		.4byte	.LASF86
 1361 0726 01       		.byte	0x1
 1362 0727 94       		.byte	0x94
 1363 0728 01       		.byte	0x1
 1364 0729 00000000 		.4byte	.LFB10
 1365 072d 78000000 		.4byte	.LFE10
 1366 0731 02       		.byte	0x2
 1367 0732 7D       		.byte	0x7d
 1368 0733 00       		.sleb128 0
ARM GAS  C:\DOCUME~1\ADMINI~1\LOCALS~1\Temp\ccDlLvhf.s 			page 25


 1369 0734 01       		.byte	0x1
 1370 0735 89070000 		.4byte	0x789
 1371 0739 1C       		.uleb128 0x1c
 1372 073a 00000000 		.4byte	.LBB3
 1373 073e 06000000 		.4byte	.LBE3
 1374 0742 56070000 		.4byte	0x756
 1375 0746 17       		.uleb128 0x17
 1376 0747 746D7000 		.ascii	"tmp\000"
 1377 074b 01       		.byte	0x1
 1378 074c 96       		.byte	0x96
 1379 074d 70000000 		.4byte	0x70
 1380 0751 53000000 		.4byte	.LLST3
 1381 0755 00       		.byte	0
 1382 0756 1D       		.uleb128 0x1d
 1383 0757 00000000 		.4byte	.Ldebug_ranges0+0
 1384 075b 6F070000 		.4byte	0x76f
 1385 075f 15       		.uleb128 0x15
 1386 0760 19020000 		.4byte	.LASF84
 1387 0764 01       		.byte	0x1
 1388 0765 98       		.byte	0x98
 1389 0766 B7060000 		.4byte	0x6b7
 1390 076a 66000000 		.4byte	.LLST4
 1391 076e 00       		.byte	0
 1392 076f 16       		.uleb128 0x16
 1393 0770 4A000000 		.4byte	.LBB5
 1394 0774 50000000 		.4byte	.LBE5
 1395 0778 17       		.uleb128 0x17
 1396 0779 746D7000 		.ascii	"tmp\000"
 1397 077d 01       		.byte	0x1
 1398 077e C5       		.byte	0xc5
 1399 077f 70000000 		.4byte	0x70
 1400 0783 A0000000 		.4byte	.LLST5
 1401 0787 00       		.byte	0
 1402 0788 00       		.byte	0
 1403 0789 18       		.uleb128 0x18
 1404 078a 01       		.byte	0x1
 1405 078b 28000000 		.4byte	.LASF87
 1406 078f 01       		.byte	0x1
 1407 0790 2F       		.byte	0x2f
 1408 0791 01       		.byte	0x1
 1409 0792 00000000 		.4byte	.LFB7
 1410 0796 1A000000 		.4byte	.LFE7
 1411 079a B3000000 		.4byte	.LLST6
 1412 079e 01       		.byte	0x1
 1413 079f F1070000 		.4byte	0x7f1
 1414 07a3 1C       		.uleb128 0x1c
 1415 07a4 02000000 		.4byte	.LBB7
 1416 07a8 08000000 		.4byte	.LBE7
 1417 07ac C0070000 		.4byte	0x7c0
 1418 07b0 17       		.uleb128 0x17
 1419 07b1 746D7000 		.ascii	"tmp\000"
 1420 07b5 01       		.byte	0x1
 1421 07b6 33       		.byte	0x33
 1422 07b7 70000000 		.4byte	0x70
 1423 07bb D3000000 		.4byte	.LLST7
 1424 07bf 00       		.byte	0
 1425 07c0 1C       		.uleb128 0x1c
ARM GAS  C:\DOCUME~1\ADMINI~1\LOCALS~1\Temp\ccDlLvhf.s 			page 26


 1426 07c1 0C000000 		.4byte	.LBB8
 1427 07c5 12000000 		.4byte	.LBE8
 1428 07c9 DD070000 		.4byte	0x7dd
 1429 07cd 17       		.uleb128 0x17
 1430 07ce 746D7000 		.ascii	"tmp\000"
 1431 07d2 01       		.byte	0x1
 1432 07d3 35       		.byte	0x35
 1433 07d4 70000000 		.4byte	0x70
 1434 07d8 E6000000 		.4byte	.LLST8
 1435 07dc 00       		.byte	0
 1436 07dd 14       		.uleb128 0x14
 1437 07de 0C000000 		.4byte	.LVL19
 1438 07e2 8B080000 		.4byte	0x88b
 1439 07e6 1E       		.uleb128 0x1e
 1440 07e7 1A000000 		.4byte	.LVL22
 1441 07eb 01       		.byte	0x1
 1442 07ec 20070000 		.4byte	0x720
 1443 07f0 00       		.byte	0
 1444 07f1 13       		.uleb128 0x13
 1445 07f2 01       		.byte	0x1
 1446 07f3 20010000 		.4byte	.LASF88
 1447 07f7 01       		.byte	0x1
 1448 07f8 EC       		.byte	0xec
 1449 07f9 01       		.byte	0x1
 1450 07fa 00000000 		.4byte	.LFB12
 1451 07fe 10000000 		.4byte	.LFE12
 1452 0802 02       		.byte	0x2
 1453 0803 7D       		.byte	0x7d
 1454 0804 00       		.sleb128 0
 1455 0805 01       		.byte	0x1
 1456 0806 25080000 		.4byte	0x825
 1457 080a 1F       		.uleb128 0x1f
 1458 080b 6E747000 		.ascii	"ntp\000"
 1459 080f 01       		.byte	0x1
 1460 0810 EC       		.byte	0xec
 1461 0811 2F020000 		.4byte	0x22f
 1462 0815 01       		.byte	0x1
 1463 0816 50       		.byte	0x50
 1464 0817 1F       		.uleb128 0x1f
 1465 0818 6F747000 		.ascii	"otp\000"
 1466 081c 01       		.byte	0x1
 1467 081d EC       		.byte	0xec
 1468 081e 2F020000 		.4byte	0x22f
 1469 0822 01       		.byte	0x1
 1470 0823 51       		.byte	0x51
 1471 0824 00       		.byte	0
 1472 0825 20       		.uleb128 0x20
 1473 0826 01       		.byte	0x1
 1474 0827 9F000000 		.4byte	.LASF89
 1475 082b 01       		.byte	0x1
 1476 082c 0301     		.2byte	0x103
 1477 082e 01       		.byte	0x1
 1478 082f 00000000 		.4byte	.LFB13
 1479 0833 10000000 		.4byte	.LFE13
 1480 0837 02       		.byte	0x2
 1481 0838 7D       		.byte	0x7d
 1482 0839 00       		.sleb128 0
ARM GAS  C:\DOCUME~1\ADMINI~1\LOCALS~1\Temp\ccDlLvhf.s 			page 27


 1483 083a 01       		.byte	0x1
 1484 083b 5A080000 		.4byte	0x85a
 1485 083f 16       		.uleb128 0x16
 1486 0840 00000000 		.4byte	.LBB9
 1487 0844 06000000 		.4byte	.LBE9
 1488 0848 21       		.uleb128 0x21
 1489 0849 746D7000 		.ascii	"tmp\000"
 1490 084d 01       		.byte	0x1
 1491 084e 0501     		.2byte	0x105
 1492 0850 70000000 		.4byte	0x70
 1493 0854 F9000000 		.4byte	.LLST9
 1494 0858 00       		.byte	0
 1495 0859 00       		.byte	0
 1496 085a 22       		.uleb128 0x22
 1497 085b 79030000 		.4byte	.LASF95
 1498 085f 08       		.byte	0x8
 1499 0860 72       		.byte	0x72
 1500 0861 B2050000 		.4byte	0x5b2
 1501 0865 01       		.byte	0x1
 1502 0866 01       		.byte	0x1
 1503 0867 23       		.uleb128 0x23
 1504 0868 01       		.byte	0x1
 1505 0869 ED000000 		.4byte	.LASF90
 1506 086d 08       		.byte	0x8
 1507 086e A5       		.byte	0xa5
 1508 086f 01       		.byte	0x1
 1509 0870 01       		.byte	0x1
 1510 0871 24       		.uleb128 0x24
 1511 0872 01       		.byte	0x1
 1512 0873 C7000000 		.4byte	.LASF96
 1513 0877 07       		.byte	0x7
 1514 0878 2501     		.2byte	0x125
 1515 087a 01       		.byte	0x1
 1516 087b 01       		.byte	0x1
 1517 087c 8B080000 		.4byte	0x88b
 1518 0880 25       		.uleb128 0x25
 1519 0881 70000000 		.4byte	0x70
 1520 0885 25       		.uleb128 0x25
 1521 0886 70000000 		.4byte	0x70
 1522 088a 00       		.byte	0
 1523 088b 23       		.uleb128 0x23
 1524 088c 01       		.byte	0x1
 1525 088d 15000000 		.4byte	.LASF91
 1526 0891 0A       		.byte	0xa
 1527 0892 F7       		.byte	0xf7
 1528 0893 01       		.byte	0x1
 1529 0894 01       		.byte	0x1
 1530 0895 00       		.byte	0
 1531              		.section	.debug_abbrev,"",%progbits
 1532              	.Ldebug_abbrev0:
 1533 0000 01       		.uleb128 0x1
 1534 0001 11       		.uleb128 0x11
 1535 0002 01       		.byte	0x1
 1536 0003 25       		.uleb128 0x25
 1537 0004 0E       		.uleb128 0xe
 1538 0005 13       		.uleb128 0x13
 1539 0006 0B       		.uleb128 0xb
ARM GAS  C:\DOCUME~1\ADMINI~1\LOCALS~1\Temp\ccDlLvhf.s 			page 28


 1540 0007 03       		.uleb128 0x3
 1541 0008 0E       		.uleb128 0xe
 1542 0009 1B       		.uleb128 0x1b
 1543 000a 0E       		.uleb128 0xe
 1544 000b 55       		.uleb128 0x55
 1545 000c 06       		.uleb128 0x6
 1546 000d 11       		.uleb128 0x11
 1547 000e 01       		.uleb128 0x1
 1548 000f 52       		.uleb128 0x52
 1549 0010 01       		.uleb128 0x1
 1550 0011 10       		.uleb128 0x10
 1551 0012 06       		.uleb128 0x6
 1552 0013 00       		.byte	0
 1553 0014 00       		.byte	0
 1554 0015 02       		.uleb128 0x2
 1555 0016 24       		.uleb128 0x24
 1556 0017 00       		.byte	0
 1557 0018 0B       		.uleb128 0xb
 1558 0019 0B       		.uleb128 0xb
 1559 001a 3E       		.uleb128 0x3e
 1560 001b 0B       		.uleb128 0xb
 1561 001c 03       		.uleb128 0x3
 1562 001d 08       		.uleb128 0x8
 1563 001e 00       		.byte	0
 1564 001f 00       		.byte	0
 1565 0020 03       		.uleb128 0x3
 1566 0021 24       		.uleb128 0x24
 1567 0022 00       		.byte	0
 1568 0023 0B       		.uleb128 0xb
 1569 0024 0B       		.uleb128 0xb
 1570 0025 3E       		.uleb128 0x3e
 1571 0026 0B       		.uleb128 0xb
 1572 0027 03       		.uleb128 0x3
 1573 0028 0E       		.uleb128 0xe
 1574 0029 00       		.byte	0
 1575 002a 00       		.byte	0
 1576 002b 04       		.uleb128 0x4
 1577 002c 16       		.uleb128 0x16
 1578 002d 00       		.byte	0
 1579 002e 03       		.uleb128 0x3
 1580 002f 0E       		.uleb128 0xe
 1581 0030 3A       		.uleb128 0x3a
 1582 0031 0B       		.uleb128 0xb
 1583 0032 3B       		.uleb128 0x3b
 1584 0033 0B       		.uleb128 0xb
 1585 0034 49       		.uleb128 0x49
 1586 0035 13       		.uleb128 0x13
 1587 0036 00       		.byte	0
 1588 0037 00       		.byte	0
 1589 0038 05       		.uleb128 0x5
 1590 0039 13       		.uleb128 0x13
 1591 003a 01       		.byte	0x1
 1592 003b 03       		.uleb128 0x3
 1593 003c 0E       		.uleb128 0xe
 1594 003d 0B       		.uleb128 0xb
 1595 003e 0B       		.uleb128 0xb
 1596 003f 3A       		.uleb128 0x3a
ARM GAS  C:\DOCUME~1\ADMINI~1\LOCALS~1\Temp\ccDlLvhf.s 			page 29


 1597 0040 0B       		.uleb128 0xb
 1598 0041 3B       		.uleb128 0x3b
 1599 0042 0B       		.uleb128 0xb
 1600 0043 01       		.uleb128 0x1
 1601 0044 13       		.uleb128 0x13
 1602 0045 00       		.byte	0
 1603 0046 00       		.byte	0
 1604 0047 06       		.uleb128 0x6
 1605 0048 0D       		.uleb128 0xd
 1606 0049 00       		.byte	0
 1607 004a 03       		.uleb128 0x3
 1608 004b 0E       		.uleb128 0xe
 1609 004c 3A       		.uleb128 0x3a
 1610 004d 0B       		.uleb128 0xb
 1611 004e 3B       		.uleb128 0x3b
 1612 004f 0B       		.uleb128 0xb
 1613 0050 49       		.uleb128 0x49
 1614 0051 13       		.uleb128 0x13
 1615 0052 38       		.uleb128 0x38
 1616 0053 0A       		.uleb128 0xa
 1617 0054 00       		.byte	0
 1618 0055 00       		.byte	0
 1619 0056 07       		.uleb128 0x7
 1620 0057 0D       		.uleb128 0xd
 1621 0058 00       		.byte	0
 1622 0059 03       		.uleb128 0x3
 1623 005a 08       		.uleb128 0x8
 1624 005b 3A       		.uleb128 0x3a
 1625 005c 0B       		.uleb128 0xb
 1626 005d 3B       		.uleb128 0x3b
 1627 005e 0B       		.uleb128 0xb
 1628 005f 49       		.uleb128 0x49
 1629 0060 13       		.uleb128 0x13
 1630 0061 38       		.uleb128 0x38
 1631 0062 0A       		.uleb128 0xa
 1632 0063 00       		.byte	0
 1633 0064 00       		.byte	0
 1634 0065 08       		.uleb128 0x8
 1635 0066 13       		.uleb128 0x13
 1636 0067 01       		.byte	0x1
 1637 0068 0B       		.uleb128 0xb
 1638 0069 0B       		.uleb128 0xb
 1639 006a 3A       		.uleb128 0x3a
 1640 006b 0B       		.uleb128 0xb
 1641 006c 3B       		.uleb128 0x3b
 1642 006d 0B       		.uleb128 0xb
 1643 006e 01       		.uleb128 0x1
 1644 006f 13       		.uleb128 0x13
 1645 0070 00       		.byte	0
 1646 0071 00       		.byte	0
 1647 0072 09       		.uleb128 0x9
 1648 0073 0F       		.uleb128 0xf
 1649 0074 00       		.byte	0
 1650 0075 0B       		.uleb128 0xb
 1651 0076 0B       		.uleb128 0xb
 1652 0077 49       		.uleb128 0x49
 1653 0078 13       		.uleb128 0x13
ARM GAS  C:\DOCUME~1\ADMINI~1\LOCALS~1\Temp\ccDlLvhf.s 			page 30


 1654 0079 00       		.byte	0
 1655 007a 00       		.byte	0
 1656 007b 0A       		.uleb128 0xa
 1657 007c 0F       		.uleb128 0xf
 1658 007d 00       		.byte	0
 1659 007e 0B       		.uleb128 0xb
 1660 007f 0B       		.uleb128 0xb
 1661 0080 00       		.byte	0
 1662 0081 00       		.byte	0
 1663 0082 0B       		.uleb128 0xb
 1664 0083 0D       		.uleb128 0xd
 1665 0084 00       		.byte	0
 1666 0085 03       		.uleb128 0x3
 1667 0086 08       		.uleb128 0x8
 1668 0087 3A       		.uleb128 0x3a
 1669 0088 0B       		.uleb128 0xb
 1670 0089 3B       		.uleb128 0x3b
 1671 008a 05       		.uleb128 0x5
 1672 008b 49       		.uleb128 0x49
 1673 008c 13       		.uleb128 0x13
 1674 008d 38       		.uleb128 0x38
 1675 008e 0A       		.uleb128 0xa
 1676 008f 00       		.byte	0
 1677 0090 00       		.byte	0
 1678 0091 0C       		.uleb128 0xc
 1679 0092 13       		.uleb128 0x13
 1680 0093 01       		.byte	0x1
 1681 0094 03       		.uleb128 0x3
 1682 0095 0E       		.uleb128 0xe
 1683 0096 0B       		.uleb128 0xb
 1684 0097 0B       		.uleb128 0xb
 1685 0098 3A       		.uleb128 0x3a
 1686 0099 0B       		.uleb128 0xb
 1687 009a 3B       		.uleb128 0x3b
 1688 009b 05       		.uleb128 0x5
 1689 009c 01       		.uleb128 0x1
 1690 009d 13       		.uleb128 0x13
 1691 009e 00       		.byte	0
 1692 009f 00       		.byte	0
 1693 00a0 0D       		.uleb128 0xd
 1694 00a1 35       		.uleb128 0x35
 1695 00a2 00       		.byte	0
 1696 00a3 49       		.uleb128 0x49
 1697 00a4 13       		.uleb128 0x13
 1698 00a5 00       		.byte	0
 1699 00a6 00       		.byte	0
 1700 00a7 0E       		.uleb128 0xe
 1701 00a8 01       		.uleb128 0x1
 1702 00a9 01       		.byte	0x1
 1703 00aa 49       		.uleb128 0x49
 1704 00ab 13       		.uleb128 0x13
 1705 00ac 01       		.uleb128 0x1
 1706 00ad 13       		.uleb128 0x13
 1707 00ae 00       		.byte	0
 1708 00af 00       		.byte	0
 1709 00b0 0F       		.uleb128 0xf
 1710 00b1 21       		.uleb128 0x21
ARM GAS  C:\DOCUME~1\ADMINI~1\LOCALS~1\Temp\ccDlLvhf.s 			page 31


 1711 00b2 00       		.byte	0
 1712 00b3 49       		.uleb128 0x49
 1713 00b4 13       		.uleb128 0x13
 1714 00b5 2F       		.uleb128 0x2f
 1715 00b6 0B       		.uleb128 0xb
 1716 00b7 00       		.byte	0
 1717 00b8 00       		.byte	0
 1718 00b9 10       		.uleb128 0x10
 1719 00ba 17       		.uleb128 0x17
 1720 00bb 01       		.byte	0x1
 1721 00bc 0B       		.uleb128 0xb
 1722 00bd 0B       		.uleb128 0xb
 1723 00be 3A       		.uleb128 0x3a
 1724 00bf 0B       		.uleb128 0xb
 1725 00c0 3B       		.uleb128 0x3b
 1726 00c1 0B       		.uleb128 0xb
 1727 00c2 01       		.uleb128 0x1
 1728 00c3 13       		.uleb128 0x13
 1729 00c4 00       		.byte	0
 1730 00c5 00       		.byte	0
 1731 00c6 11       		.uleb128 0x11
 1732 00c7 0D       		.uleb128 0xd
 1733 00c8 00       		.byte	0
 1734 00c9 03       		.uleb128 0x3
 1735 00ca 0E       		.uleb128 0xe
 1736 00cb 3A       		.uleb128 0x3a
 1737 00cc 0B       		.uleb128 0xb
 1738 00cd 3B       		.uleb128 0x3b
 1739 00ce 0B       		.uleb128 0xb
 1740 00cf 49       		.uleb128 0x49
 1741 00d0 13       		.uleb128 0x13
 1742 00d1 00       		.byte	0
 1743 00d2 00       		.byte	0
 1744 00d3 12       		.uleb128 0x12
 1745 00d4 26       		.uleb128 0x26
 1746 00d5 00       		.byte	0
 1747 00d6 49       		.uleb128 0x49
 1748 00d7 13       		.uleb128 0x13
 1749 00d8 00       		.byte	0
 1750 00d9 00       		.byte	0
 1751 00da 13       		.uleb128 0x13
 1752 00db 2E       		.uleb128 0x2e
 1753 00dc 01       		.byte	0x1
 1754 00dd 3F       		.uleb128 0x3f
 1755 00de 0C       		.uleb128 0xc
 1756 00df 03       		.uleb128 0x3
 1757 00e0 0E       		.uleb128 0xe
 1758 00e1 3A       		.uleb128 0x3a
 1759 00e2 0B       		.uleb128 0xb
 1760 00e3 3B       		.uleb128 0x3b
 1761 00e4 0B       		.uleb128 0xb
 1762 00e5 27       		.uleb128 0x27
 1763 00e6 0C       		.uleb128 0xc
 1764 00e7 11       		.uleb128 0x11
 1765 00e8 01       		.uleb128 0x1
 1766 00e9 12       		.uleb128 0x12
 1767 00ea 01       		.uleb128 0x1
ARM GAS  C:\DOCUME~1\ADMINI~1\LOCALS~1\Temp\ccDlLvhf.s 			page 32


 1768 00eb 40       		.uleb128 0x40
 1769 00ec 0A       		.uleb128 0xa
 1770 00ed 9742     		.uleb128 0x2117
 1771 00ef 0C       		.uleb128 0xc
 1772 00f0 01       		.uleb128 0x1
 1773 00f1 13       		.uleb128 0x13
 1774 00f2 00       		.byte	0
 1775 00f3 00       		.byte	0
 1776 00f4 14       		.uleb128 0x14
 1777 00f5 898201   		.uleb128 0x4109
 1778 00f8 00       		.byte	0
 1779 00f9 11       		.uleb128 0x11
 1780 00fa 01       		.uleb128 0x1
 1781 00fb 31       		.uleb128 0x31
 1782 00fc 13       		.uleb128 0x13
 1783 00fd 00       		.byte	0
 1784 00fe 00       		.byte	0
 1785 00ff 15       		.uleb128 0x15
 1786 0100 34       		.uleb128 0x34
 1787 0101 00       		.byte	0
 1788 0102 03       		.uleb128 0x3
 1789 0103 0E       		.uleb128 0xe
 1790 0104 3A       		.uleb128 0x3a
 1791 0105 0B       		.uleb128 0xb
 1792 0106 3B       		.uleb128 0x3b
 1793 0107 0B       		.uleb128 0xb
 1794 0108 49       		.uleb128 0x49
 1795 0109 13       		.uleb128 0x13
 1796 010a 02       		.uleb128 0x2
 1797 010b 06       		.uleb128 0x6
 1798 010c 00       		.byte	0
 1799 010d 00       		.byte	0
 1800 010e 16       		.uleb128 0x16
 1801 010f 0B       		.uleb128 0xb
 1802 0110 01       		.byte	0x1
 1803 0111 11       		.uleb128 0x11
 1804 0112 01       		.uleb128 0x1
 1805 0113 12       		.uleb128 0x12
 1806 0114 01       		.uleb128 0x1
 1807 0115 00       		.byte	0
 1808 0116 00       		.byte	0
 1809 0117 17       		.uleb128 0x17
 1810 0118 34       		.uleb128 0x34
 1811 0119 00       		.byte	0
 1812 011a 03       		.uleb128 0x3
 1813 011b 08       		.uleb128 0x8
 1814 011c 3A       		.uleb128 0x3a
 1815 011d 0B       		.uleb128 0xb
 1816 011e 3B       		.uleb128 0x3b
 1817 011f 0B       		.uleb128 0xb
 1818 0120 49       		.uleb128 0x49
 1819 0121 13       		.uleb128 0x13
 1820 0122 02       		.uleb128 0x2
 1821 0123 06       		.uleb128 0x6
 1822 0124 00       		.byte	0
 1823 0125 00       		.byte	0
 1824 0126 18       		.uleb128 0x18
ARM GAS  C:\DOCUME~1\ADMINI~1\LOCALS~1\Temp\ccDlLvhf.s 			page 33


 1825 0127 2E       		.uleb128 0x2e
 1826 0128 01       		.byte	0x1
 1827 0129 3F       		.uleb128 0x3f
 1828 012a 0C       		.uleb128 0xc
 1829 012b 03       		.uleb128 0x3
 1830 012c 0E       		.uleb128 0xe
 1831 012d 3A       		.uleb128 0x3a
 1832 012e 0B       		.uleb128 0xb
 1833 012f 3B       		.uleb128 0x3b
 1834 0130 0B       		.uleb128 0xb
 1835 0131 27       		.uleb128 0x27
 1836 0132 0C       		.uleb128 0xc
 1837 0133 11       		.uleb128 0x11
 1838 0134 01       		.uleb128 0x1
 1839 0135 12       		.uleb128 0x12
 1840 0136 01       		.uleb128 0x1
 1841 0137 40       		.uleb128 0x40
 1842 0138 06       		.uleb128 0x6
 1843 0139 9742     		.uleb128 0x2117
 1844 013b 0C       		.uleb128 0xc
 1845 013c 01       		.uleb128 0x1
 1846 013d 13       		.uleb128 0x13
 1847 013e 00       		.byte	0
 1848 013f 00       		.byte	0
 1849 0140 19       		.uleb128 0x19
 1850 0141 898201   		.uleb128 0x4109
 1851 0144 01       		.byte	0x1
 1852 0145 11       		.uleb128 0x11
 1853 0146 01       		.uleb128 0x1
 1854 0147 31       		.uleb128 0x31
 1855 0148 13       		.uleb128 0x13
 1856 0149 01       		.uleb128 0x1
 1857 014a 13       		.uleb128 0x13
 1858 014b 00       		.byte	0
 1859 014c 00       		.byte	0
 1860 014d 1A       		.uleb128 0x1a
 1861 014e 8A8201   		.uleb128 0x410a
 1862 0151 00       		.byte	0
 1863 0152 02       		.uleb128 0x2
 1864 0153 0A       		.uleb128 0xa
 1865 0154 9142     		.uleb128 0x2111
 1866 0156 0A       		.uleb128 0xa
 1867 0157 00       		.byte	0
 1868 0158 00       		.byte	0
 1869 0159 1B       		.uleb128 0x1b
 1870 015a 898201   		.uleb128 0x4109
 1871 015d 01       		.byte	0x1
 1872 015e 11       		.uleb128 0x11
 1873 015f 01       		.uleb128 0x1
 1874 0160 9542     		.uleb128 0x2115
 1875 0162 0C       		.uleb128 0xc
 1876 0163 31       		.uleb128 0x31
 1877 0164 13       		.uleb128 0x13
 1878 0165 00       		.byte	0
 1879 0166 00       		.byte	0
 1880 0167 1C       		.uleb128 0x1c
 1881 0168 0B       		.uleb128 0xb
ARM GAS  C:\DOCUME~1\ADMINI~1\LOCALS~1\Temp\ccDlLvhf.s 			page 34


 1882 0169 01       		.byte	0x1
 1883 016a 11       		.uleb128 0x11
 1884 016b 01       		.uleb128 0x1
 1885 016c 12       		.uleb128 0x12
 1886 016d 01       		.uleb128 0x1
 1887 016e 01       		.uleb128 0x1
 1888 016f 13       		.uleb128 0x13
 1889 0170 00       		.byte	0
 1890 0171 00       		.byte	0
 1891 0172 1D       		.uleb128 0x1d
 1892 0173 0B       		.uleb128 0xb
 1893 0174 01       		.byte	0x1
 1894 0175 55       		.uleb128 0x55
 1895 0176 06       		.uleb128 0x6
 1896 0177 01       		.uleb128 0x1
 1897 0178 13       		.uleb128 0x13
 1898 0179 00       		.byte	0
 1899 017a 00       		.byte	0
 1900 017b 1E       		.uleb128 0x1e
 1901 017c 898201   		.uleb128 0x4109
 1902 017f 00       		.byte	0
 1903 0180 11       		.uleb128 0x11
 1904 0181 01       		.uleb128 0x1
 1905 0182 9542     		.uleb128 0x2115
 1906 0184 0C       		.uleb128 0xc
 1907 0185 31       		.uleb128 0x31
 1908 0186 13       		.uleb128 0x13
 1909 0187 00       		.byte	0
 1910 0188 00       		.byte	0
 1911 0189 1F       		.uleb128 0x1f
 1912 018a 05       		.uleb128 0x5
 1913 018b 00       		.byte	0
 1914 018c 03       		.uleb128 0x3
 1915 018d 08       		.uleb128 0x8
 1916 018e 3A       		.uleb128 0x3a
 1917 018f 0B       		.uleb128 0xb
 1918 0190 3B       		.uleb128 0x3b
 1919 0191 0B       		.uleb128 0xb
 1920 0192 49       		.uleb128 0x49
 1921 0193 13       		.uleb128 0x13
 1922 0194 02       		.uleb128 0x2
 1923 0195 0A       		.uleb128 0xa
 1924 0196 00       		.byte	0
 1925 0197 00       		.byte	0
 1926 0198 20       		.uleb128 0x20
 1927 0199 2E       		.uleb128 0x2e
 1928 019a 01       		.byte	0x1
 1929 019b 3F       		.uleb128 0x3f
 1930 019c 0C       		.uleb128 0xc
 1931 019d 03       		.uleb128 0x3
 1932 019e 0E       		.uleb128 0xe
 1933 019f 3A       		.uleb128 0x3a
 1934 01a0 0B       		.uleb128 0xb
 1935 01a1 3B       		.uleb128 0x3b
 1936 01a2 05       		.uleb128 0x5
 1937 01a3 27       		.uleb128 0x27
 1938 01a4 0C       		.uleb128 0xc
ARM GAS  C:\DOCUME~1\ADMINI~1\LOCALS~1\Temp\ccDlLvhf.s 			page 35


 1939 01a5 11       		.uleb128 0x11
 1940 01a6 01       		.uleb128 0x1
 1941 01a7 12       		.uleb128 0x12
 1942 01a8 01       		.uleb128 0x1
 1943 01a9 40       		.uleb128 0x40
 1944 01aa 0A       		.uleb128 0xa
 1945 01ab 9742     		.uleb128 0x2117
 1946 01ad 0C       		.uleb128 0xc
 1947 01ae 01       		.uleb128 0x1
 1948 01af 13       		.uleb128 0x13
 1949 01b0 00       		.byte	0
 1950 01b1 00       		.byte	0
 1951 01b2 21       		.uleb128 0x21
 1952 01b3 34       		.uleb128 0x34
 1953 01b4 00       		.byte	0
 1954 01b5 03       		.uleb128 0x3
 1955 01b6 08       		.uleb128 0x8
 1956 01b7 3A       		.uleb128 0x3a
 1957 01b8 0B       		.uleb128 0xb
 1958 01b9 3B       		.uleb128 0x3b
 1959 01ba 05       		.uleb128 0x5
 1960 01bb 49       		.uleb128 0x49
 1961 01bc 13       		.uleb128 0x13
 1962 01bd 02       		.uleb128 0x2
 1963 01be 06       		.uleb128 0x6
 1964 01bf 00       		.byte	0
 1965 01c0 00       		.byte	0
 1966 01c1 22       		.uleb128 0x22
 1967 01c2 34       		.uleb128 0x34
 1968 01c3 00       		.byte	0
 1969 01c4 03       		.uleb128 0x3
 1970 01c5 0E       		.uleb128 0xe
 1971 01c6 3A       		.uleb128 0x3a
 1972 01c7 0B       		.uleb128 0xb
 1973 01c8 3B       		.uleb128 0x3b
 1974 01c9 0B       		.uleb128 0xb
 1975 01ca 49       		.uleb128 0x49
 1976 01cb 13       		.uleb128 0x13
 1977 01cc 3F       		.uleb128 0x3f
 1978 01cd 0C       		.uleb128 0xc
 1979 01ce 3C       		.uleb128 0x3c
 1980 01cf 0C       		.uleb128 0xc
 1981 01d0 00       		.byte	0
 1982 01d1 00       		.byte	0
 1983 01d2 23       		.uleb128 0x23
 1984 01d3 2E       		.uleb128 0x2e
 1985 01d4 00       		.byte	0
 1986 01d5 3F       		.uleb128 0x3f
 1987 01d6 0C       		.uleb128 0xc
 1988 01d7 03       		.uleb128 0x3
 1989 01d8 0E       		.uleb128 0xe
 1990 01d9 3A       		.uleb128 0x3a
 1991 01da 0B       		.uleb128 0xb
 1992 01db 3B       		.uleb128 0x3b
 1993 01dc 0B       		.uleb128 0xb
 1994 01dd 27       		.uleb128 0x27
 1995 01de 0C       		.uleb128 0xc
ARM GAS  C:\DOCUME~1\ADMINI~1\LOCALS~1\Temp\ccDlLvhf.s 			page 36


 1996 01df 3C       		.uleb128 0x3c
 1997 01e0 0C       		.uleb128 0xc
 1998 01e1 00       		.byte	0
 1999 01e2 00       		.byte	0
 2000 01e3 24       		.uleb128 0x24
 2001 01e4 2E       		.uleb128 0x2e
 2002 01e5 01       		.byte	0x1
 2003 01e6 3F       		.uleb128 0x3f
 2004 01e7 0C       		.uleb128 0xc
 2005 01e8 03       		.uleb128 0x3
 2006 01e9 0E       		.uleb128 0xe
 2007 01ea 3A       		.uleb128 0x3a
 2008 01eb 0B       		.uleb128 0xb
 2009 01ec 3B       		.uleb128 0x3b
 2010 01ed 05       		.uleb128 0x5
 2011 01ee 27       		.uleb128 0x27
 2012 01ef 0C       		.uleb128 0xc
 2013 01f0 3C       		.uleb128 0x3c
 2014 01f1 0C       		.uleb128 0xc
 2015 01f2 01       		.uleb128 0x1
 2016 01f3 13       		.uleb128 0x13
 2017 01f4 00       		.byte	0
 2018 01f5 00       		.byte	0
 2019 01f6 25       		.uleb128 0x25
 2020 01f7 05       		.uleb128 0x5
 2021 01f8 00       		.byte	0
 2022 01f9 49       		.uleb128 0x49
 2023 01fa 13       		.uleb128 0x13
 2024 01fb 00       		.byte	0
 2025 01fc 00       		.byte	0
 2026 01fd 00       		.byte	0
 2027              		.section	.debug_loc,"",%progbits
 2028              	.Ldebug_loc0:
 2029              	.LLST0:
 2030 0000 04000000 		.4byte	.LVL1
 2031 0004 06000000 		.4byte	.LVL2
 2032 0008 0300     		.2byte	0x3
 2033 000a 73       		.byte	0x73
 2034 000b 20       		.sleb128 32
 2035 000c 9F       		.byte	0x9f
 2036 000d 06000000 		.4byte	.LVL2
 2037 0011 0C000000 		.4byte	.LVL3
 2038 0015 0100     		.2byte	0x1
 2039 0017 53       		.byte	0x53
 2040 0018 00000000 		.4byte	0
 2041 001c 00000000 		.4byte	0
 2042              	.LLST1:
 2043 0020 10000000 		.4byte	.LVL4
 2044 0024 12000000 		.4byte	.LFE8
 2045 0028 0100     		.2byte	0x1
 2046 002a 53       		.byte	0x53
 2047 002b 00000000 		.4byte	0
 2048 002f 00000000 		.4byte	0
 2049              	.LLST2:
 2050 0033 00000000 		.4byte	.LFB9
 2051 0037 02000000 		.4byte	.LCFI0
 2052 003b 0200     		.2byte	0x2
ARM GAS  C:\DOCUME~1\ADMINI~1\LOCALS~1\Temp\ccDlLvhf.s 			page 37


 2053 003d 7D       		.byte	0x7d
 2054 003e 00       		.sleb128 0
 2055 003f 02000000 		.4byte	.LCFI0
 2056 0043 34000000 		.4byte	.LFE9
 2057 0047 0200     		.2byte	0x2
 2058 0049 7D       		.byte	0x7d
 2059 004a 08       		.sleb128 8
 2060 004b 00000000 		.4byte	0
 2061 004f 00000000 		.4byte	0
 2062              	.LLST3:
 2063 0053 06000000 		.4byte	.LVL9
 2064 0057 0A000000 		.4byte	.LVL10
 2065 005b 0100     		.2byte	0x1
 2066 005d 53       		.byte	0x53
 2067 005e 00000000 		.4byte	0
 2068 0062 00000000 		.4byte	0
 2069              	.LLST4:
 2070 0066 1A000000 		.4byte	.LVL11
 2071 006a 1E000000 		.4byte	.LVL12
 2072 006e 0300     		.2byte	0x3
 2073 0070 73       		.byte	0x73
 2074 0071 60       		.sleb128 -32
 2075 0072 9F       		.byte	0x9f
 2076 0073 1E000000 		.4byte	.LVL12
 2077 0077 24000000 		.4byte	.LVL13
 2078 007b 0100     		.2byte	0x1
 2079 007d 52       		.byte	0x52
 2080 007e 24000000 		.4byte	.LVL13
 2081 0082 4A000000 		.4byte	.LVL14
 2082 0086 0300     		.2byte	0x3
 2083 0088 73       		.byte	0x73
 2084 0089 60       		.sleb128 -32
 2085 008a 9F       		.byte	0x9f
 2086 008b 50000000 		.4byte	.LVL16
 2087 008f 78000000 		.4byte	.LFE10
 2088 0093 0300     		.2byte	0x3
 2089 0095 73       		.byte	0x73
 2090 0096 60       		.sleb128 -32
 2091 0097 9F       		.byte	0x9f
 2092 0098 00000000 		.4byte	0
 2093 009c 00000000 		.4byte	0
 2094              	.LLST5:
 2095 00a0 4E000000 		.4byte	.LVL15
 2096 00a4 50000000 		.4byte	.LVL16
 2097 00a8 0100     		.2byte	0x1
 2098 00aa 53       		.byte	0x53
 2099 00ab 00000000 		.4byte	0
 2100 00af 00000000 		.4byte	0
 2101              	.LLST6:
 2102 00b3 00000000 		.4byte	.LFB7
 2103 00b7 02000000 		.4byte	.LCFI1
 2104 00bb 0200     		.2byte	0x2
 2105 00bd 7D       		.byte	0x7d
 2106 00be 00       		.sleb128 0
 2107 00bf 02000000 		.4byte	.LCFI1
 2108 00c3 1A000000 		.4byte	.LFE7
 2109 00c7 0200     		.2byte	0x2
ARM GAS  C:\DOCUME~1\ADMINI~1\LOCALS~1\Temp\ccDlLvhf.s 			page 38


 2110 00c9 7D       		.byte	0x7d
 2111 00ca 08       		.sleb128 8
 2112 00cb 00000000 		.4byte	0
 2113 00cf 00000000 		.4byte	0
 2114              	.LLST7:
 2115 00d3 08000000 		.4byte	.LVL18
 2116 00d7 0B000000 		.4byte	.LVL19-1
 2117 00db 0100     		.2byte	0x1
 2118 00dd 53       		.byte	0x53
 2119 00de 00000000 		.4byte	0
 2120 00e2 00000000 		.4byte	0
 2121              	.LLST8:
 2122 00e6 12000000 		.4byte	.LVL21
 2123 00ea 19000000 		.4byte	.LVL22-1
 2124 00ee 0100     		.2byte	0x1
 2125 00f0 53       		.byte	0x53
 2126 00f1 00000000 		.4byte	0
 2127 00f5 00000000 		.4byte	0
 2128              	.LLST9:
 2129 00f9 06000000 		.4byte	.LVL25
 2130 00fd 10000000 		.4byte	.LFE13
 2131 0101 0100     		.2byte	0x1
 2132 0103 53       		.byte	0x53
 2133 0104 00000000 		.4byte	0
 2134 0108 00000000 		.4byte	0
 2135              		.section	.debug_aranges,"",%progbits
 2136 0000 4C000000 		.4byte	0x4c
 2137 0004 0200     		.2byte	0x2
 2138 0006 00000000 		.4byte	.Ldebug_info0
 2139 000a 04       		.byte	0x4
 2140 000b 00       		.byte	0
 2141 000c 0000     		.2byte	0
 2142 000e 0000     		.2byte	0
 2143 0010 00000000 		.4byte	.LFB11
 2144 0014 06000000 		.4byte	.LFE11-.LFB11
 2145 0018 00000000 		.4byte	.LFB8
 2146 001c 12000000 		.4byte	.LFE8-.LFB8
 2147 0020 00000000 		.4byte	.LFB9
 2148 0024 34000000 		.4byte	.LFE9-.LFB9
 2149 0028 00000000 		.4byte	.LFB10
 2150 002c 78000000 		.4byte	.LFE10-.LFB10
 2151 0030 00000000 		.4byte	.LFB7
 2152 0034 1A000000 		.4byte	.LFE7-.LFB7
 2153 0038 00000000 		.4byte	.LFB12
 2154 003c 10000000 		.4byte	.LFE12-.LFB12
 2155 0040 00000000 		.4byte	.LFB13
 2156 0044 10000000 		.4byte	.LFE13-.LFB13
 2157 0048 00000000 		.4byte	0
 2158 004c 00000000 		.4byte	0
 2159              		.section	.debug_ranges,"",%progbits
 2160              	.Ldebug_ranges0:
 2161 0000 16000000 		.4byte	.LBB4
 2162 0004 4A000000 		.4byte	.LBE4
 2163 0008 50000000 		.4byte	.LBB6
 2164 000c 78000000 		.4byte	.LBE6
 2165 0010 00000000 		.4byte	0
 2166 0014 00000000 		.4byte	0
ARM GAS  C:\DOCUME~1\ADMINI~1\LOCALS~1\Temp\ccDlLvhf.s 			page 39


 2167 0018 00000000 		.4byte	.LFB11
 2168 001c 06000000 		.4byte	.LFE11
 2169 0020 00000000 		.4byte	.LFB8
 2170 0024 12000000 		.4byte	.LFE8
 2171 0028 00000000 		.4byte	.LFB9
 2172 002c 34000000 		.4byte	.LFE9
 2173 0030 00000000 		.4byte	.LFB10
 2174 0034 78000000 		.4byte	.LFE10
 2175 0038 00000000 		.4byte	.LFB7
 2176 003c 1A000000 		.4byte	.LFE7
 2177 0040 00000000 		.4byte	.LFB12
 2178 0044 10000000 		.4byte	.LFE12
 2179 0048 00000000 		.4byte	.LFB13
 2180 004c 10000000 		.4byte	.LFE13
 2181 0050 00000000 		.4byte	0
 2182 0054 00000000 		.4byte	0
 2183              		.section	.debug_line,"",%progbits
 2184              	.Ldebug_line0:
 2185 0000 D9010000 		.section	.debug_str,"MS",%progbits,1
 2185      02002401 
 2185      00000201 
 2185      FB0E0D00 
 2185      01010101 
 2186              	.LASF34:
 2187 0000 705F6D73 		.ascii	"p_msg\000"
 2187      6700
 2188              	.LASF77:
 2189 0006 7264796D 		.ascii	"rdymsg\000"
 2189      736700
 2190              	.LASF64:
 2191 000d 434D785F 		.ascii	"CMx_SCB\000"
 2191      53434200 
 2192              	.LASF91:
 2193 0015 63685379 		.ascii	"chSysTimerHandlerI\000"
 2193      7354696D 
 2193      65724861 
 2193      6E646C65 
 2193      724900
 2194              	.LASF87:
 2195 0028 53797354 		.ascii	"SysTickVector\000"
 2195      69636B56 
 2195      6563746F 
 2195      7200
 2196              	.LASF11:
 2197 0036 6C6F6E67 		.ascii	"long long unsigned int\000"
 2197      206C6F6E 
 2197      6720756E 
 2197      7369676E 
 2197      65642069 
 2198              	.LASF78:
 2199 004d 65786974 		.ascii	"exitcode\000"
 2199      636F6465 
 2199      00
 2200              	.LASF49:
 2201 0056 43505549 		.ascii	"CPUID\000"
 2201      4400
 2202              	.LASF23:
ARM GAS  C:\DOCUME~1\ADMINI~1\LOCALS~1\Temp\ccDlLvhf.s 			page 40


 2203 005c 705F7072 		.ascii	"p_prio\000"
 2203      696F00
 2204              	.LASF10:
 2205 0063 6C6F6E67 		.ascii	"long long int\000"
 2205      206C6F6E 
 2205      6720696E 
 2205      7400
 2206              	.LASF1:
 2207 0071 7369676E 		.ascii	"signed char\000"
 2207      65642063 
 2207      68617200 
 2208              	.LASF38:
 2209 007d 705F6D70 		.ascii	"p_mpool\000"
 2209      6F6F6C00 
 2210              	.LASF74:
 2211 0085 6D5F7175 		.ascii	"m_queue\000"
 2211      65756500 
 2212              	.LASF7:
 2213 008d 6C6F6E67 		.ascii	"long int\000"
 2213      20696E74 
 2213      00
 2214              	.LASF13:
 2215 0096 74737461 		.ascii	"tstate_t\000"
 2215      74655F74 
 2215      00
 2216              	.LASF89:
 2217 009f 5F706F72 		.ascii	"_port_thread_start\000"
 2217      745F7468 
 2217      72656164 
 2217      5F737461 
 2217      727400
 2218              	.LASF25:
 2219 00b2 705F6E65 		.ascii	"p_newer\000"
 2219      77657200 
 2220              	.LASF59:
 2221 00ba 42464152 		.ascii	"BFAR\000"
 2221      00
 2222              	.LASF68:
 2223 00bf 725F6E65 		.ascii	"r_newer\000"
 2223      77657200 
 2224              	.LASF96:
 2225 00c7 6E766963 		.ascii	"nvicSetSystemHandlerPriority\000"
 2225      53657453 
 2225      79737465 
 2225      6D48616E 
 2225      646C6572 
 2226              	.LASF41:
 2227 00e4 72656761 		.ascii	"regarm_t\000"
 2227      726D5F74 
 2227      00
 2228              	.LASF90:
 2229 00ed 63685363 		.ascii	"chSchDoReschedule\000"
 2229      68446F52 
 2229      65736368 
 2229      6564756C 
 2229      6500
 2230              	.LASF19:
ARM GAS  C:\DOCUME~1\ADMINI~1\LOCALS~1\Temp\ccDlLvhf.s 			page 41


 2231 00ff 636E745F 		.ascii	"cnt_t\000"
 2231      7400
 2232              	.LASF0:
 2233 0105 756E7369 		.ascii	"unsigned int\000"
 2233      676E6564 
 2233      20696E74 
 2233      00
 2234              	.LASF43:
 2235 0112 6C725F74 		.ascii	"lr_thd\000"
 2235      686400
 2236              	.LASF42:
 2237 0119 65787463 		.ascii	"extctx\000"
 2237      747800
 2238              	.LASF88:
 2239 0120 5F706F72 		.ascii	"_port_switch\000"
 2239      745F7377 
 2239      69746368 
 2239      00
 2240              	.LASF9:
 2241 012d 6C6F6E67 		.ascii	"long unsigned int\000"
 2241      20756E73 
 2241      69676E65 
 2241      6420696E 
 2241      7400
 2242              	.LASF51:
 2243 013f 56544F52 		.ascii	"VTOR\000"
 2243      00
 2244              	.LASF82:
 2245 0144 5F706F72 		.ascii	"_port_switch_from_isr\000"
 2245      745F7377 
 2245      69746368 
 2245      5F66726F 
 2245      6D5F6973 
 2246              	.LASF46:
 2247 015a 636F6E74 		.ascii	"context\000"
 2247      65787400 
 2248              	.LASF4:
 2249 0162 73686F72 		.ascii	"short unsigned int\000"
 2249      7420756E 
 2249      7369676E 
 2249      65642069 
 2249      6E7400
 2250              	.LASF50:
 2251 0175 49435352 		.ascii	"ICSR\000"
 2251      00
 2252              	.LASF16:
 2253 017a 6D73675F 		.ascii	"msg_t\000"
 2253      7400
 2254              	.LASF52:
 2255 0180 41495243 		.ascii	"AIRCR\000"
 2255      5200
 2256              	.LASF57:
 2257 0186 44465352 		.ascii	"DFSR\000"
 2257      00
 2258              	.LASF58:
 2259 018b 4D4D4641 		.ascii	"MMFAR\000"
 2259      5200
ARM GAS  C:\DOCUME~1\ADMINI~1\LOCALS~1\Temp\ccDlLvhf.s 			page 42


 2260              	.LASF86:
 2261 0191 5F706F72 		.ascii	"_port_irq_epilogue\000"
 2261      745F6972 
 2261      715F6570 
 2261      696C6F67 
 2261      756500
 2262              	.LASF12:
 2263 01a4 746D6F64 		.ascii	"tmode_t\000"
 2263      655F7400 
 2264              	.LASF40:
 2265 01ac 54687265 		.ascii	"ThreadsList\000"
 2265      6164734C 
 2265      69737400 
 2266              	.LASF17:
 2267 01b8 6576656E 		.ascii	"eventmask_t\000"
 2267      746D6173 
 2267      6B5F7400 
 2268              	.LASF73:
 2269 01c4 4D757465 		.ascii	"Mutex\000"
 2269      7800
 2270              	.LASF48:
 2271 01ca 73697A65 		.ascii	"sizetype\000"
 2271      74797065 
 2271      00
 2272              	.LASF55:
 2273 01d3 43465352 		.ascii	"CFSR\000"
 2273      00
 2274              	.LASF26:
 2275 01d8 705F6F6C 		.ascii	"p_older\000"
 2275      64657200 
 2276              	.LASF67:
 2277 01e0 725F6374 		.ascii	"r_ctx\000"
 2277      7800
 2278              	.LASF39:
 2279 01e6 54687265 		.ascii	"ThreadsQueue\000"
 2279      61647351 
 2279      75657565 
 2279      00
 2280              	.LASF92:
 2281 01f3 474E5520 		.ascii	"GNU C 4.7.1\000"
 2281      4320342E 
 2281      372E3100 
 2282              	.LASF71:
 2283 01ff 725F6375 		.ascii	"r_current\000"
 2283      7272656E 
 2283      7400
 2284              	.LASF69:
 2285 0209 725F6F6C 		.ascii	"r_older\000"
 2285      64657200 
 2286              	.LASF14:
 2287 0211 74726566 		.ascii	"trefs_t\000"
 2287      735F7400 
 2288              	.LASF84:
 2289 0219 63747870 		.ascii	"ctxp\000"
 2289      00
 2290              	.LASF22:
 2291 021e 705F7072 		.ascii	"p_prev\000"
ARM GAS  C:\DOCUME~1\ADMINI~1\LOCALS~1\Temp\ccDlLvhf.s 			page 43


 2291      657600
 2292              	.LASF15:
 2293 0225 74707269 		.ascii	"tprio_t\000"
 2293      6F5F7400 
 2294              	.LASF6:
 2295 022d 696E7433 		.ascii	"int32_t\000"
 2295      325F7400 
 2296              	.LASF94:
 2297 0235 433A5C70 		.ascii	"C:\\projects\\ChibiOS_2.4.2\\demos\\TOAST2\000"
 2297      726F6A65 
 2297      6374735C 
 2297      43686962 
 2297      694F535F 
 2298              	.LASF53:
 2299 025c 53485052 		.ascii	"SHPR\000"
 2299      00
 2300              	.LASF54:
 2301 0261 53484353 		.ascii	"SHCSR\000"
 2301      5200
 2302              	.LASF36:
 2303 0267 705F6D74 		.ascii	"p_mtxlist\000"
 2303      786C6973 
 2303      7400
 2304              	.LASF3:
 2305 0271 73686F72 		.ascii	"short int\000"
 2305      7420696E 
 2305      7400
 2306              	.LASF28:
 2307 027b 705F7374 		.ascii	"p_state\000"
 2307      61746500 
 2308              	.LASF44:
 2309 0283 78707372 		.ascii	"xpsr\000"
 2309      00
 2310              	.LASF66:
 2311 0288 725F7072 		.ascii	"r_prio\000"
 2311      696F00
 2312              	.LASF80:
 2313 028f 65776D61 		.ascii	"ewmask\000"
 2313      736B00
 2314              	.LASF21:
 2315 0296 705F6E65 		.ascii	"p_next\000"
 2315      787400
 2316              	.LASF29:
 2317 029d 705F666C 		.ascii	"p_flags\000"
 2317      61677300 
 2318              	.LASF20:
 2319 02a5 54687265 		.ascii	"Thread\000"
 2319      616400
 2320              	.LASF35:
 2321 02ac 705F6570 		.ascii	"p_epending\000"
 2321      656E6469 
 2321      6E6700
 2322              	.LASF8:
 2323 02b7 75696E74 		.ascii	"uint32_t\000"
 2323      33325F74 
 2323      00
 2324              	.LASF65:
ARM GAS  C:\DOCUME~1\ADMINI~1\LOCALS~1\Temp\ccDlLvhf.s 			page 44


 2325 02c0 725F7175 		.ascii	"r_queue\000"
 2325      65756500 
 2326              	.LASF60:
 2327 02c8 41465352 		.ascii	"AFSR\000"
 2327      00
 2328              	.LASF62:
 2329 02cd 756E7573 		.ascii	"unused1\000"
 2329      65643100 
 2330              	.LASF81:
 2331 02d5 63686172 		.ascii	"char\000"
 2331      00
 2332              	.LASF47:
 2333 02da 494F5245 		.ascii	"IOREG32\000"
 2333      47333200 
 2334              	.LASF93:
 2335 02e2 2E2E2F2E 		.ascii	"../../os/ports/GCC/ARMCMx/chcore_v7m.c\000"
 2335      2E2F6F73 
 2335      2F706F72 
 2335      74732F47 
 2335      43432F41 
 2336              	.LASF76:
 2337 0309 6D5F6E65 		.ascii	"m_next\000"
 2337      787400
 2338              	.LASF18:
 2339 0310 73797374 		.ascii	"systime_t\000"
 2339      696D655F 
 2339      7400
 2340              	.LASF37:
 2341 031a 705F7265 		.ascii	"p_realprio\000"
 2341      616C7072 
 2341      696F00
 2342              	.LASF83:
 2343 0325 53564361 		.ascii	"SVCallVector\000"
 2343      6C6C5665 
 2343      63746F72 
 2343      00
 2344              	.LASF70:
 2345 0332 725F7072 		.ascii	"r_preempt\000"
 2345      65656D70 
 2345      7400
 2346              	.LASF31:
 2347 033c 705F7469 		.ascii	"p_time\000"
 2347      6D6500
 2348              	.LASF2:
 2349 0343 756E7369 		.ascii	"unsigned char\000"
 2349      676E6564 
 2349      20636861 
 2349      7200
 2350              	.LASF45:
 2351 0351 696E7463 		.ascii	"intctx\000"
 2351      747800
 2352              	.LASF33:
 2353 0358 705F6D73 		.ascii	"p_msgqueue\000"
 2353      67717565 
 2353      756500
 2354              	.LASF30:
 2355 0363 705F7265 		.ascii	"p_refs\000"
ARM GAS  C:\DOCUME~1\ADMINI~1\LOCALS~1\Temp\ccDlLvhf.s 			page 45


 2355      667300
 2356              	.LASF72:
 2357 036a 52656164 		.ascii	"ReadyList\000"
 2357      794C6973 
 2357      7400
 2358              	.LASF61:
 2359 0374 4D4D4652 		.ascii	"MMFR\000"
 2359      00
 2360              	.LASF95:
 2361 0379 726C6973 		.ascii	"rlist\000"
 2361      7400
 2362              	.LASF5:
 2363 037f 75696E74 		.ascii	"uint8_t\000"
 2363      385F7400 
 2364              	.LASF85:
 2365 0387 5F706F72 		.ascii	"_port_init\000"
 2365      745F696E 
 2365      697400
 2366              	.LASF79:
 2367 0392 77746F62 		.ascii	"wtobjp\000"
 2367      6A7000
 2368              	.LASF27:
 2369 0399 705F6E61 		.ascii	"p_name\000"
 2369      6D6500
 2370              	.LASF63:
 2371 03a0 43504143 		.ascii	"CPACR\000"
 2371      5200
 2372              	.LASF56:
 2373 03a6 48465352 		.ascii	"HFSR\000"
 2373      00
 2374              	.LASF75:
 2375 03ab 6D5F6F77 		.ascii	"m_owner\000"
 2375      6E657200 
 2376              	.LASF24:
 2377 03b3 705F6374 		.ascii	"p_ctx\000"
 2377      7800
 2378              	.LASF32:
 2379 03b9 705F7761 		.ascii	"p_waiting\000"
 2379      6974696E 
 2379      6700
 2380              		.ident	"GCC: (GNU) 4.7.1"
ARM GAS  C:\DOCUME~1\ADMINI~1\LOCALS~1\Temp\ccDlLvhf.s 			page 46


DEFINED SYMBOLS
                            *ABS*:00000000 chcore_v7m.c
C:\DOCUME~1\ADMINI~1\LOCALS~1\Temp\ccDlLvhf.s:19     .text._port_switch_from_isr:00000000 $t
C:\DOCUME~1\ADMINI~1\LOCALS~1\Temp\ccDlLvhf.s:24     .text._port_switch_from_isr:00000000 _port_switch_from_isr
C:\DOCUME~1\ADMINI~1\LOCALS~1\Temp\ccDlLvhf.s:37     .text._port_switch_from_isr:00000004 _port_exit_from_isr
C:\DOCUME~1\ADMINI~1\LOCALS~1\Temp\ccDlLvhf.s:49     .text.SVCallVector:00000000 $t
C:\DOCUME~1\ADMINI~1\LOCALS~1\Temp\ccDlLvhf.s:54     .text.SVCallVector:00000000 SVCallVector
C:\DOCUME~1\ADMINI~1\LOCALS~1\Temp\ccDlLvhf.s:90     .text._port_init:00000000 $t
C:\DOCUME~1\ADMINI~1\LOCALS~1\Temp\ccDlLvhf.s:95     .text._port_init:00000000 _port_init
C:\DOCUME~1\ADMINI~1\LOCALS~1\Temp\ccDlLvhf.s:141    .text._port_irq_epilogue:00000000 $t
C:\DOCUME~1\ADMINI~1\LOCALS~1\Temp\ccDlLvhf.s:146    .text._port_irq_epilogue:00000000 _port_irq_epilogue
C:\DOCUME~1\ADMINI~1\LOCALS~1\Temp\ccDlLvhf.s:245    .text._port_irq_epilogue:0000006c $d
C:\DOCUME~1\ADMINI~1\LOCALS~1\Temp\ccDlLvhf.s:253    .text.SysTickVector:00000000 $t
C:\DOCUME~1\ADMINI~1\LOCALS~1\Temp\ccDlLvhf.s:258    .text.SysTickVector:00000000 SysTickVector
C:\DOCUME~1\ADMINI~1\LOCALS~1\Temp\ccDlLvhf.s:301    .text._port_switch:00000000 $t
C:\DOCUME~1\ADMINI~1\LOCALS~1\Temp\ccDlLvhf.s:306    .text._port_switch:00000000 _port_switch
C:\DOCUME~1\ADMINI~1\LOCALS~1\Temp\ccDlLvhf.s:333    .text._port_thread_start:00000000 $t
C:\DOCUME~1\ADMINI~1\LOCALS~1\Temp\ccDlLvhf.s:338    .text._port_thread_start:00000000 _port_thread_start
                     .debug_frame:00000010 $d

UNDEFINED SYMBOLS
chSchDoReschedule
nvicSetSystemHandlerPriority
rlist
chSysTimerHandlerI
chThdExit
