ARM GAS  C:\DOCUME~1\ADMINI~1\LOCALS~1\Temp\ccVVQfG8.s 			page 1


   1              		.syntax unified
   2              		.cpu cortex-m3
   3              		.fpu softvfp
   4              		.eabi_attribute 20, 1
   5              		.eabi_attribute 21, 1
   6              		.eabi_attribute 23, 3
   7              		.eabi_attribute 24, 1
   8              		.eabi_attribute 25, 1
   9              		.eabi_attribute 26, 1
  10              		.eabi_attribute 30, 2
  11              		.eabi_attribute 34, 1
  12              		.eabi_attribute 18, 4
  13              		.thumb
  14              		.file	"chsys.c"
  15              		.text
  16              	.Ltext0:
  17              		.cfi_sections	.debug_frame
  18              		.section	.text._idle_thread,"ax",%progbits
  19              		.align	2
  20              		.global	_idle_thread
  21              		.thumb
  22              		.thumb_func
  23              		.type	_idle_thread, %function
  24              	_idle_thread:
  25              	.LFB7:
  26              		.file 1 "../../os/kernel/src/chsys.c"
  27              		.loc 1 59 0
  28              		.cfi_startproc
  29              		@ args = 0, pretend = 0, frame = 0
  30              		@ frame_needed = 0, uses_anonymous_args = 0
  31              		@ link register save eliminated.
  32              	.LVL0:
  33              		.loc 1 62 0
  34 0000 024B     		ldr	r3, .L4
  35 0002 034A     		ldr	r2, .L4+4
  36 0004 DB69     		ldr	r3, [r3, #28]
  37 0006 9A61     		str	r2, [r3, #24]
  38              	.L2:
  39 0008 FEE7     		b	.L2
  40              	.L5:
  41 000a 00BF     		.align	2
  42              	.L4:
  43 000c 00000000 		.word	rlist
  44 0010 00000000 		.word	.LC0
  45              		.cfi_endproc
  46              	.LFE7:
  47              		.size	_idle_thread, .-_idle_thread
  48              		.section	.text.chSysInit,"ax",%progbits
  49              		.align	2
  50              		.global	chSysInit
  51              		.thumb
  52              		.thumb_func
  53              		.type	chSysInit, %function
  54              	chSysInit:
  55              	.LFB8:
  56              		.loc 1 82 0
  57              		.cfi_startproc
ARM GAS  C:\DOCUME~1\ADMINI~1\LOCALS~1\Temp\ccVVQfG8.s 			page 2


  58              		@ args = 0, pretend = 0, frame = 0
  59              		@ frame_needed = 0, uses_anonymous_args = 0
  60 0000 00B5     		push	{lr}
  61              	.LCFI0:
  62              		.cfi_def_cfa_offset 4
  63              		.cfi_offset 14, -4
  64 0002 83B0     		sub	sp, sp, #12
  65              	.LCFI1:
  66              		.cfi_def_cfa_offset 16
  67              		.loc 1 88 0
  68 0004 FFF7FEFF 		bl	_port_init
  69              	.LVL1:
  70              		.loc 1 89 0
  71 0008 FFF7FEFF 		bl	_scheduler_init
  72              	.LVL2:
  73              		.loc 1 90 0
  74 000c FFF7FEFF 		bl	_vt_init
  75              	.LVL3:
  76              		.loc 1 92 0
  77 0010 FFF7FEFF 		bl	_core_init
  78              	.LVL4:
  79              		.loc 1 95 0
  80 0014 FFF7FEFF 		bl	_heap_init
  81              	.LVL5:
  82              		.loc 1 102 0
  83 0018 40F20000 		movw	r0, #:lower16:.LANCHOR0
  84 001c 4021     		movs	r1, #64
  85 001e C0F20000 		movt	r0, #:upper16:.LANCHOR0
  86 0022 FFF7FEFF 		bl	_thread_init
  87              	.LVL6:
  88 0026 40F20001 		movw	r1, #:lower16:rlist
  89 002a C0F20001 		movt	r1, #:upper16:rlist
  90              		.loc 1 103 0
  91 002e 0122     		movs	r2, #1
  92              		.loc 1 102 0
  93 0030 C861     		str	r0, [r1, #28]
  94              		.loc 1 103 0
  95 0032 0277     		strb	r2, [r0, #28]
  96              	.LBB2:
  97              		.loc 1 109 0
  98 0034 0023     		movs	r3, #0
  99              	.LVL7:
 100              	@ 109 "../../os/kernel/src/chsys.c" 1
 101 0036 83F31188 		msr     BASEPRI, r3                    
 102 003a 62B6     		cpsie   i
 103              	@ 0 "" 2
 104              	.LVL8:
 105              		.thumb
 106              	.LBE2:
 107              		.loc 1 111 0
 108 003c 40F20000 		movw	r0, #:lower16:.LC1
 109 0040 C969     		ldr	r1, [r1, #28]
 110 0042 C0F20000 		movt	r0, #:upper16:.LC1
 111 0046 8861     		str	r0, [r1, #24]
 112              		.loc 1 117 0
 113 0048 0093     		str	r3, [sp, #0]
 114 004a 40F20000 		movw	r0, #:lower16:.LANCHOR1
ARM GAS  C:\DOCUME~1\ADMINI~1\LOCALS~1\Temp\ccVVQfG8.s 			page 3


 115 004e 40F20003 		movw	r3, #:lower16:_idle_thread
 116              	.LVL9:
 117 0052 C021     		movs	r1, #192
 118 0054 C0F20003 		movt	r3, #:upper16:_idle_thread
 119 0058 C0F20000 		movt	r0, #:upper16:.LANCHOR1
 120 005c FFF7FEFF 		bl	chThdCreateStatic
 121              	.LVL10:
 122              		.loc 1 120 0
 123 0060 03B0     		add	sp, sp, #12
 124 0062 00BD     		pop	{pc}
 125              		.cfi_endproc
 126              	.LFE8:
 127              		.size	chSysInit, .-chSysInit
 128              		.section	.text.chSysTimerHandlerI,"ax",%progbits
 129              		.align	2
 130              		.global	chSysTimerHandlerI
 131              		.thumb
 132              		.thumb_func
 133              		.type	chSysTimerHandlerI, %function
 134              	chSysTimerHandlerI:
 135              	.LFB9:
 136              		.loc 1 133 0
 137              		.cfi_startproc
 138              		@ args = 0, pretend = 0, frame = 0
 139              		@ frame_needed = 0, uses_anonymous_args = 0
 140 0000 38B5     		push	{r3, r4, r5, lr}
 141              	.LCFI2:
 142              		.cfi_def_cfa_offset 16
 143              		.cfi_offset 3, -16
 144              		.cfi_offset 4, -12
 145              		.cfi_offset 5, -8
 146              		.cfi_offset 14, -4
 147              		.loc 1 139 0
 148 0002 104B     		ldr	r3, .L17
 149 0004 9A69     		ldr	r2, [r3, #24]
 150 0006 002A     		cmp	r2, #0
 151 0008 01DD     		ble	.L8
 152              		.loc 1 141 0
 153 000a 013A     		subs	r2, r2, #1
 154 000c 9A61     		str	r2, [r3, #24]
 155              	.L8:
 156              		.loc 1 144 0
 157 000e DA69     		ldr	r2, [r3, #28]
 158              		.loc 1 146 0
 159 0010 0D4C     		ldr	r4, .L17+4
 160              		.loc 1 144 0
 161 0012 116A     		ldr	r1, [r2, #32]
 162              		.loc 1 146 0
 163 0014 2368     		ldr	r3, [r4, #0]
 164              		.loc 1 144 0
 165 0016 0131     		adds	r1, r1, #1
 166 0018 1162     		str	r1, [r2, #32]
 167              		.loc 1 146 0
 168 001a E268     		ldr	r2, [r4, #12]
 169 001c 0132     		adds	r2, r2, #1
 170 001e A342     		cmp	r3, r4
 171 0020 E260     		str	r2, [r4, #12]
ARM GAS  C:\DOCUME~1\ADMINI~1\LOCALS~1\Temp\ccVVQfG8.s 			page 4


 172 0022 0ED0     		beq	.L7
 173              	.LBB3:
 174              		.loc 1 146 0 is_stmt 0 discriminator 1
 175 0024 9D68     		ldr	r5, [r3, #8]
 176 0026 013D     		subs	r5, r5, #1
 177 0028 9D60     		str	r5, [r3, #8]
 178              	.LVL11:
 179 002a 55B9     		cbnz	r5, .L7
 180              	.L14:
 181              	.LBB4:
 182              		.loc 1 146 0 discriminator 3
 183 002c 1A68     		ldr	r2, [r3, #0]
 184 002e D968     		ldr	r1, [r3, #12]
 185              	.LVL12:
 186 0030 1869     		ldr	r0, [r3, #16]
 187 0032 DD60     		str	r5, [r3, #12]
 188 0034 5460     		str	r4, [r2, #4]
 189 0036 2260     		str	r2, [r4, #0]
 190 0038 8847     		blx	r1
 191              	.LVL13:
 192              	.LBE4:
 193 003a 2368     		ldr	r3, [r4, #0]
 194              	.LVL14:
 195 003c 9A68     		ldr	r2, [r3, #8]
 196 003e 002A     		cmp	r2, #0
 197 0040 F4D0     		beq	.L14
 198              	.LVL15:
 199              	.L7:
 200 0042 38BD     		pop	{r3, r4, r5, pc}
 201              	.L18:
 202              		.align	2
 203              	.L17:
 204 0044 00000000 		.word	rlist
 205 0048 00000000 		.word	vtlist
 206              	.LBE3:
 207              		.cfi_endproc
 208              	.LFE9:
 209              		.size	chSysTimerHandlerI, .-chSysTimerHandlerI
 210              		.global	_idle_thread_wa
 211              		.section	.rodata.str1.4,"aMS",%progbits,1
 212              		.align	2
 213              	.LC0:
 214 0000 69646C65 		.ascii	"idle\000"
 214      00
 215 0005 000000   		.space	3
 216              	.LC1:
 217 0008 6D61696E 		.ascii	"main\000"
 217      00
 218 000d 000000   		.section	.bss.mainthread.4794,"aw",%nobits
 219              		.align	2
 220              		.set	.LANCHOR0,. + 0
 221              		.type	mainthread.4794, %object
 222              		.size	mainthread.4794, 72
 223              	mainthread.4794:
 224 0000 00000000 		.space	72
 224      00000000 
 224      00000000 
ARM GAS  C:\DOCUME~1\ADMINI~1\LOCALS~1\Temp\ccVVQfG8.s 			page 5


 224      00000000 
 224      00000000 
 225              		.section	.bss._idle_thread_wa,"aw",%nobits
 226              		.align	3
 227              		.set	.LANCHOR1,. + 0
 228              		.type	_idle_thread_wa, %object
 229              		.size	_idle_thread_wa, 192
 230              	_idle_thread_wa:
 231 0000 00000000 		.space	192
 231      00000000 
 231      00000000 
 231      00000000 
 231      00000000 
 232              		.text
 233              	.Letext0:
 234              		.file 2 "c:\\program files\\yagarto\\bin\\../lib/gcc/arm-none-eabi/4.7.1/include/stddef.h"
 235              		.file 3 "c:/program files/yagarto/lib/gcc/../../arm-none-eabi/sys-include/stdint.h"
 236              		.file 4 "../../os/ports/GCC/ARMCMx/chtypes.h"
 237              		.file 5 "../../os/kernel/include/chlists.h"
 238              		.file 6 "../../os/kernel/include/chthreads.h"
 239              		.file 7 "../../os/ports/GCC/ARMCMx/chcore_v7m.h"
 240              		.file 8 "../../os/kernel/include/chvt.h"
 241              		.file 9 "../../os/kernel/include/chschd.h"
 242              		.file 10 "../../os/kernel/include/chmtx.h"
 243              		.file 11 "../../os/kernel/include/chmemcore.h"
 244              		.file 12 "../../os/kernel/include/chheap.h"
 245              		.section	.debug_info,"",%progbits
 246              	.Ldebug_info0:
 247 0000 29070000 		.4byte	0x729
 248 0004 0200     		.2byte	0x2
 249 0006 00000000 		.4byte	.Ldebug_abbrev0
 250 000a 04       		.byte	0x4
 251 000b 01       		.uleb128 0x1
 252 000c FF010000 		.4byte	.LASF87
 253 0010 01       		.byte	0x1
 254 0011 42030000 		.4byte	.LASF88
 255 0015 30010000 		.4byte	.LASF89
 256 0019 00000000 		.4byte	.Ldebug_ranges0+0
 257 001d 00000000 		.4byte	0
 258 0021 00000000 		.4byte	0
 259 0025 00000000 		.4byte	.Ldebug_line0
 260 0029 02       		.uleb128 0x2
 261 002a 04       		.byte	0x4
 262 002b 05       		.byte	0x5
 263 002c 696E7400 		.ascii	"int\000"
 264 0030 03       		.uleb128 0x3
 265 0031 0E000000 		.4byte	.LASF2
 266 0035 02       		.byte	0x2
 267 0036 D5       		.byte	0xd5
 268 0037 3B000000 		.4byte	0x3b
 269 003b 04       		.uleb128 0x4
 270 003c 04       		.byte	0x4
 271 003d 07       		.byte	0x7
 272 003e 09010000 		.4byte	.LASF0
 273 0042 04       		.uleb128 0x4
 274 0043 01       		.byte	0x1
 275 0044 06       		.byte	0x6
ARM GAS  C:\DOCUME~1\ADMINI~1\LOCALS~1\Temp\ccVVQfG8.s 			page 6


 276 0045 8F000000 		.4byte	.LASF1
 277 0049 03       		.uleb128 0x3
 278 004a 5E030000 		.4byte	.LASF3
 279 004e 03       		.byte	0x3
 280 004f 2A       		.byte	0x2a
 281 0050 54000000 		.4byte	0x54
 282 0054 04       		.uleb128 0x4
 283 0055 01       		.byte	0x1
 284 0056 08       		.byte	0x8
 285 0057 49020000 		.4byte	.LASF4
 286 005b 04       		.uleb128 0x4
 287 005c 02       		.byte	0x2
 288 005d 05       		.byte	0x5
 289 005e 6C020000 		.4byte	.LASF5
 290 0062 04       		.uleb128 0x4
 291 0063 02       		.byte	0x2
 292 0064 07       		.byte	0x7
 293 0065 6F010000 		.4byte	.LASF6
 294 0069 03       		.uleb128 0x3
 295 006a 41020000 		.4byte	.LASF7
 296 006e 03       		.byte	0x3
 297 006f 4F       		.byte	0x4f
 298 0070 74000000 		.4byte	0x74
 299 0074 04       		.uleb128 0x4
 300 0075 04       		.byte	0x4
 301 0076 05       		.byte	0x5
 302 0077 B5000000 		.4byte	.LASF8
 303 007b 03       		.uleb128 0x3
 304 007c AD020000 		.4byte	.LASF9
 305 0080 03       		.byte	0x3
 306 0081 50       		.byte	0x50
 307 0082 86000000 		.4byte	0x86
 308 0086 04       		.uleb128 0x4
 309 0087 04       		.byte	0x4
 310 0088 07       		.byte	0x7
 311 0089 1E010000 		.4byte	.LASF10
 312 008d 04       		.uleb128 0x4
 313 008e 08       		.byte	0x8
 314 008f 05       		.byte	0x5
 315 0090 81000000 		.4byte	.LASF11
 316 0094 03       		.uleb128 0x3
 317 0095 1C000000 		.4byte	.LASF12
 318 0099 03       		.byte	0x3
 319 009a 78       		.byte	0x78
 320 009b 9F000000 		.4byte	0x9f
 321 009f 04       		.uleb128 0x4
 322 00a0 08       		.byte	0x8
 323 00a1 07       		.byte	0x7
 324 00a2 3F000000 		.4byte	.LASF13
 325 00a6 03       		.uleb128 0x3
 326 00a7 88010000 		.4byte	.LASF14
 327 00ab 04       		.byte	0x4
 328 00ac 2F       		.byte	0x2f
 329 00ad 49000000 		.4byte	0x49
 330 00b1 03       		.uleb128 0x3
 331 00b2 BE000000 		.4byte	.LASF15
 332 00b6 04       		.byte	0x4
ARM GAS  C:\DOCUME~1\ADMINI~1\LOCALS~1\Temp\ccVVQfG8.s 			page 7


 333 00b7 30       		.byte	0x30
 334 00b8 49000000 		.4byte	0x49
 335 00bc 03       		.uleb128 0x3
 336 00bd 2A020000 		.4byte	.LASF16
 337 00c1 04       		.byte	0x4
 338 00c2 31       		.byte	0x31
 339 00c3 49000000 		.4byte	0x49
 340 00c7 03       		.uleb128 0x3
 341 00c8 39020000 		.4byte	.LASF17
 342 00cc 04       		.byte	0x4
 343 00cd 32       		.byte	0x32
 344 00ce 7B000000 		.4byte	0x7b
 345 00d2 03       		.uleb128 0x3
 346 00d3 82010000 		.4byte	.LASF18
 347 00d7 04       		.byte	0x4
 348 00d8 33       		.byte	0x33
 349 00d9 69000000 		.4byte	0x69
 350 00dd 03       		.uleb128 0x3
 351 00de 9C010000 		.4byte	.LASF19
 352 00e2 04       		.byte	0x4
 353 00e3 35       		.byte	0x35
 354 00e4 7B000000 		.4byte	0x7b
 355 00e8 03       		.uleb128 0x3
 356 00e9 E4020000 		.4byte	.LASF20
 357 00ed 04       		.byte	0x4
 358 00ee 36       		.byte	0x36
 359 00ef 7B000000 		.4byte	0x7b
 360 00f3 03       		.uleb128 0x3
 361 00f4 03010000 		.4byte	.LASF21
 362 00f8 04       		.byte	0x4
 363 00f9 37       		.byte	0x37
 364 00fa 69000000 		.4byte	0x69
 365 00fe 03       		.uleb128 0x3
 366 00ff 9B020000 		.4byte	.LASF22
 367 0103 05       		.byte	0x5
 368 0104 2A       		.byte	0x2a
 369 0105 09010000 		.4byte	0x109
 370 0109 05       		.uleb128 0x5
 371 010a 9B020000 		.4byte	.LASF22
 372 010e 48       		.byte	0x48
 373 010f 06       		.byte	0x6
 374 0110 5E       		.byte	0x5e
 375 0111 20020000 		.4byte	0x220
 376 0115 06       		.uleb128 0x6
 377 0116 8C020000 		.4byte	.LASF23
 378 011a 06       		.byte	0x6
 379 011b 5F       		.byte	0x5f
 380 011c 45020000 		.4byte	0x245
 381 0120 02       		.byte	0x2
 382 0121 23       		.byte	0x23
 383 0122 00       		.uleb128 0
 384 0123 06       		.uleb128 0x6
 385 0124 32020000 		.4byte	.LASF24
 386 0128 06       		.byte	0x6
 387 0129 61       		.byte	0x61
 388 012a 45020000 		.4byte	0x245
 389 012e 02       		.byte	0x2
ARM GAS  C:\DOCUME~1\ADMINI~1\LOCALS~1\Temp\ccVVQfG8.s 			page 8


 390 012f 23       		.byte	0x23
 391 0130 04       		.uleb128 0x4
 392 0131 06       		.uleb128 0x6
 393 0132 6A000000 		.4byte	.LASF25
 394 0136 06       		.byte	0x6
 395 0137 63       		.byte	0x63
 396 0138 C7000000 		.4byte	0xc7
 397 013c 02       		.byte	0x2
 398 013d 23       		.byte	0x23
 399 013e 08       		.uleb128 0x8
 400 013f 06       		.uleb128 0x6
 401 0140 A3030000 		.4byte	.LASF26
 402 0144 06       		.byte	0x6
 403 0145 64       		.byte	0x64
 404 0146 1D030000 		.4byte	0x31d
 405 014a 02       		.byte	0x2
 406 014b 23       		.byte	0x23
 407 014c 0C       		.uleb128 0xc
 408 014d 06       		.uleb128 0x6
 409 014e C7000000 		.4byte	.LASF27
 410 0152 06       		.byte	0x6
 411 0153 66       		.byte	0x66
 412 0154 45020000 		.4byte	0x245
 413 0158 02       		.byte	0x2
 414 0159 23       		.byte	0x23
 415 015a 10       		.uleb128 0x10
 416 015b 06       		.uleb128 0x6
 417 015c E4010000 		.4byte	.LASF28
 418 0160 06       		.byte	0x6
 419 0161 67       		.byte	0x67
 420 0162 45020000 		.4byte	0x245
 421 0166 02       		.byte	0x2
 422 0167 23       		.byte	0x23
 423 0168 14       		.uleb128 0x14
 424 0169 06       		.uleb128 0x6
 425 016a 78030000 		.4byte	.LASF29
 426 016e 06       		.byte	0x6
 427 016f 6E       		.byte	0x6e
 428 0170 0C050000 		.4byte	0x50c
 429 0174 02       		.byte	0x2
 430 0175 23       		.byte	0x23
 431 0176 18       		.uleb128 0x18
 432 0177 06       		.uleb128 0x6
 433 0178 76020000 		.4byte	.LASF30
 434 017c 06       		.byte	0x6
 435 017d 79       		.byte	0x79
 436 017e B1000000 		.4byte	0xb1
 437 0182 02       		.byte	0x2
 438 0183 23       		.byte	0x23
 439 0184 1C       		.uleb128 0x1c
 440 0185 06       		.uleb128 0x6
 441 0186 93020000 		.4byte	.LASF31
 442 018a 06       		.byte	0x6
 443 018b 7D       		.byte	0x7d
 444 018c A6000000 		.4byte	0xa6
 445 0190 02       		.byte	0x2
 446 0191 23       		.byte	0x23
ARM GAS  C:\DOCUME~1\ADMINI~1\LOCALS~1\Temp\ccVVQfG8.s 			page 9


 447 0192 1D       		.uleb128 0x1d
 448 0193 06       		.uleb128 0x6
 449 0194 2B030000 		.4byte	.LASF32
 450 0198 06       		.byte	0x6
 451 0199 82       		.byte	0x82
 452 019a BC000000 		.4byte	0xbc
 453 019e 02       		.byte	0x2
 454 019f 23       		.byte	0x23
 455 01a0 1E       		.uleb128 0x1e
 456 01a1 06       		.uleb128 0x6
 457 01a2 0B030000 		.4byte	.LASF33
 458 01a6 06       		.byte	0x6
 459 01a7 89       		.byte	0x89
 460 01a8 09040000 		.4byte	0x409
 461 01ac 02       		.byte	0x2
 462 01ad 23       		.byte	0x23
 463 01ae 20       		.uleb128 0x20
 464 01af 07       		.uleb128 0x7
 465 01b0 705F7500 		.ascii	"p_u\000"
 466 01b4 06       		.byte	0x6
 467 01b5 AE       		.byte	0xae
 468 01b6 D7040000 		.4byte	0x4d7
 469 01ba 02       		.byte	0x2
 470 01bb 23       		.byte	0x23
 471 01bc 24       		.uleb128 0x24
 472 01bd 06       		.uleb128 0x6
 473 01be A9030000 		.4byte	.LASF34
 474 01c2 06       		.byte	0x6
 475 01c3 B3       		.byte	0xb3
 476 01c4 6D020000 		.4byte	0x26d
 477 01c8 02       		.byte	0x2
 478 01c9 23       		.byte	0x23
 479 01ca 28       		.uleb128 0x28
 480 01cb 06       		.uleb128 0x6
 481 01cc 19030000 		.4byte	.LASF35
 482 01d0 06       		.byte	0x6
 483 01d1 B9       		.byte	0xb9
 484 01d2 4B020000 		.4byte	0x24b
 485 01d6 02       		.byte	0x2
 486 01d7 23       		.byte	0x23
 487 01d8 2C       		.uleb128 0x2c
 488 01d9 06       		.uleb128 0x6
 489 01da 08000000 		.4byte	.LASF36
 490 01de 06       		.byte	0x6
 491 01df BD       		.byte	0xbd
 492 01e0 D2000000 		.4byte	0xd2
 493 01e4 02       		.byte	0x2
 494 01e5 23       		.byte	0x23
 495 01e6 34       		.uleb128 0x34
 496 01e7 06       		.uleb128 0x6
 497 01e8 A2020000 		.4byte	.LASF37
 498 01ec 06       		.byte	0x6
 499 01ed C3       		.byte	0xc3
 500 01ee DD000000 		.4byte	0xdd
 501 01f2 02       		.byte	0x2
 502 01f3 23       		.byte	0x23
 503 01f4 38       		.uleb128 0x38
ARM GAS  C:\DOCUME~1\ADMINI~1\LOCALS~1\Temp\ccVVQfG8.s 			page 10


 504 01f5 06       		.uleb128 0x6
 505 01f6 62020000 		.4byte	.LASF38
 506 01fa 06       		.byte	0x6
 507 01fb CA       		.byte	0xca
 508 01fc 1E050000 		.4byte	0x51e
 509 0200 02       		.byte	0x2
 510 0201 23       		.byte	0x23
 511 0202 3C       		.uleb128 0x3c
 512 0203 06       		.uleb128 0x6
 513 0204 EE020000 		.4byte	.LASF39
 514 0208 06       		.byte	0x6
 515 0209 CE       		.byte	0xce
 516 020a C7000000 		.4byte	0xc7
 517 020e 02       		.byte	0x2
 518 020f 23       		.byte	0x23
 519 0210 40       		.uleb128 0x40
 520 0211 06       		.uleb128 0x6
 521 0212 A5000000 		.4byte	.LASF40
 522 0216 06       		.byte	0x6
 523 0217 D4       		.byte	0xd4
 524 0218 83020000 		.4byte	0x283
 525 021c 02       		.byte	0x2
 526 021d 23       		.byte	0x23
 527 021e 44       		.uleb128 0x44
 528 021f 00       		.byte	0
 529 0220 08       		.uleb128 0x8
 530 0221 08       		.byte	0x8
 531 0222 05       		.byte	0x5
 532 0223 61       		.byte	0x61
 533 0224 45020000 		.4byte	0x245
 534 0228 06       		.uleb128 0x6
 535 0229 8C020000 		.4byte	.LASF23
 536 022d 05       		.byte	0x5
 537 022e 62       		.byte	0x62
 538 022f 45020000 		.4byte	0x245
 539 0233 02       		.byte	0x2
 540 0234 23       		.byte	0x23
 541 0235 00       		.uleb128 0
 542 0236 06       		.uleb128 0x6
 543 0237 32020000 		.4byte	.LASF24
 544 023b 05       		.byte	0x5
 545 023c 64       		.byte	0x64
 546 023d 45020000 		.4byte	0x245
 547 0241 02       		.byte	0x2
 548 0242 23       		.byte	0x23
 549 0243 04       		.uleb128 0x4
 550 0244 00       		.byte	0
 551 0245 09       		.uleb128 0x9
 552 0246 04       		.byte	0x4
 553 0247 FE000000 		.4byte	0xfe
 554 024b 03       		.uleb128 0x3
 555 024c F2010000 		.4byte	.LASF41
 556 0250 05       		.byte	0x5
 557 0251 66       		.byte	0x66
 558 0252 20020000 		.4byte	0x220
 559 0256 08       		.uleb128 0x8
 560 0257 04       		.byte	0x4
ARM GAS  C:\DOCUME~1\ADMINI~1\LOCALS~1\Temp\ccVVQfG8.s 			page 11


 561 0258 05       		.byte	0x5
 562 0259 6B       		.byte	0x6b
 563 025a 6D020000 		.4byte	0x26d
 564 025e 06       		.uleb128 0x6
 565 025f 8C020000 		.4byte	.LASF23
 566 0263 05       		.byte	0x5
 567 0264 6D       		.byte	0x6d
 568 0265 45020000 		.4byte	0x245
 569 0269 02       		.byte	0x2
 570 026a 23       		.byte	0x23
 571 026b 00       		.uleb128 0
 572 026c 00       		.byte	0
 573 026d 03       		.uleb128 0x3
 574 026e 90010000 		.4byte	.LASF42
 575 0272 05       		.byte	0x5
 576 0273 70       		.byte	0x70
 577 0274 56020000 		.4byte	0x256
 578 0278 03       		.uleb128 0x3
 579 0279 E7000000 		.4byte	.LASF43
 580 027d 07       		.byte	0x7
 581 027e D7       		.byte	0xd7
 582 027f 83020000 		.4byte	0x283
 583 0283 0A       		.uleb128 0xa
 584 0284 04       		.byte	0x4
 585 0285 03       		.uleb128 0x3
 586 0286 AE010000 		.4byte	.LASF44
 587 028a 07       		.byte	0x7
 588 028b DD       		.byte	0xdd
 589 028c 94000000 		.4byte	0x94
 590 0290 05       		.uleb128 0x5
 591 0291 12030000 		.4byte	.LASF45
 592 0295 24       		.byte	0x24
 593 0296 07       		.byte	0x7
 594 0297 FE       		.byte	0xfe
 595 0298 1D030000 		.4byte	0x31d
 596 029c 0B       		.uleb128 0xb
 597 029d 723400   		.ascii	"r4\000"
 598 02a0 07       		.byte	0x7
 599 02a1 1101     		.2byte	0x111
 600 02a3 78020000 		.4byte	0x278
 601 02a7 02       		.byte	0x2
 602 02a8 23       		.byte	0x23
 603 02a9 00       		.uleb128 0
 604 02aa 0B       		.uleb128 0xb
 605 02ab 723500   		.ascii	"r5\000"
 606 02ae 07       		.byte	0x7
 607 02af 1201     		.2byte	0x112
 608 02b1 78020000 		.4byte	0x278
 609 02b5 02       		.byte	0x2
 610 02b6 23       		.byte	0x23
 611 02b7 04       		.uleb128 0x4
 612 02b8 0B       		.uleb128 0xb
 613 02b9 723600   		.ascii	"r6\000"
 614 02bc 07       		.byte	0x7
 615 02bd 1301     		.2byte	0x113
 616 02bf 78020000 		.4byte	0x278
 617 02c3 02       		.byte	0x2
ARM GAS  C:\DOCUME~1\ADMINI~1\LOCALS~1\Temp\ccVVQfG8.s 			page 12


 618 02c4 23       		.byte	0x23
 619 02c5 08       		.uleb128 0x8
 620 02c6 0B       		.uleb128 0xb
 621 02c7 723700   		.ascii	"r7\000"
 622 02ca 07       		.byte	0x7
 623 02cb 1401     		.2byte	0x114
 624 02cd 78020000 		.4byte	0x278
 625 02d1 02       		.byte	0x2
 626 02d2 23       		.byte	0x23
 627 02d3 0C       		.uleb128 0xc
 628 02d4 0B       		.uleb128 0xb
 629 02d5 723800   		.ascii	"r8\000"
 630 02d8 07       		.byte	0x7
 631 02d9 1501     		.2byte	0x115
 632 02db 78020000 		.4byte	0x278
 633 02df 02       		.byte	0x2
 634 02e0 23       		.byte	0x23
 635 02e1 10       		.uleb128 0x10
 636 02e2 0B       		.uleb128 0xb
 637 02e3 723900   		.ascii	"r9\000"
 638 02e6 07       		.byte	0x7
 639 02e7 1601     		.2byte	0x116
 640 02e9 78020000 		.4byte	0x278
 641 02ed 02       		.byte	0x2
 642 02ee 23       		.byte	0x23
 643 02ef 14       		.uleb128 0x14
 644 02f0 0B       		.uleb128 0xb
 645 02f1 72313000 		.ascii	"r10\000"
 646 02f5 07       		.byte	0x7
 647 02f6 1701     		.2byte	0x117
 648 02f8 78020000 		.4byte	0x278
 649 02fc 02       		.byte	0x2
 650 02fd 23       		.byte	0x23
 651 02fe 18       		.uleb128 0x18
 652 02ff 0B       		.uleb128 0xb
 653 0300 72313100 		.ascii	"r11\000"
 654 0304 07       		.byte	0x7
 655 0305 1801     		.2byte	0x118
 656 0307 78020000 		.4byte	0x278
 657 030b 02       		.byte	0x2
 658 030c 23       		.byte	0x23
 659 030d 1C       		.uleb128 0x1c
 660 030e 0B       		.uleb128 0xb
 661 030f 6C7200   		.ascii	"lr\000"
 662 0312 07       		.byte	0x7
 663 0313 1901     		.2byte	0x119
 664 0315 78020000 		.4byte	0x278
 665 0319 02       		.byte	0x2
 666 031a 23       		.byte	0x23
 667 031b 20       		.uleb128 0x20
 668 031c 00       		.byte	0
 669 031d 0C       		.uleb128 0xc
 670 031e 67010000 		.4byte	.LASF46
 671 0322 04       		.byte	0x4
 672 0323 07       		.byte	0x7
 673 0324 2301     		.2byte	0x123
 674 0326 3A030000 		.4byte	0x33a
ARM GAS  C:\DOCUME~1\ADMINI~1\LOCALS~1\Temp\ccVVQfG8.s 			page 13


 675 032a 0B       		.uleb128 0xb
 676 032b 72313300 		.ascii	"r13\000"
 677 032f 07       		.byte	0x7
 678 0330 2401     		.2byte	0x124
 679 0332 3A030000 		.4byte	0x33a
 680 0336 02       		.byte	0x2
 681 0337 23       		.byte	0x23
 682 0338 00       		.uleb128 0
 683 0339 00       		.byte	0
 684 033a 09       		.uleb128 0x9
 685 033b 04       		.byte	0x4
 686 033c 90020000 		.4byte	0x290
 687 0340 04       		.uleb128 0x4
 688 0341 04       		.byte	0x4
 689 0342 07       		.byte	0x7
 690 0343 D3010000 		.4byte	.LASF47
 691 0347 03       		.uleb128 0x3
 692 0348 F9020000 		.4byte	.LASF48
 693 034c 08       		.byte	0x8
 694 034d 53       		.byte	0x53
 695 034e 52030000 		.4byte	0x352
 696 0352 09       		.uleb128 0x9
 697 0353 04       		.byte	0x4
 698 0354 58030000 		.4byte	0x358
 699 0358 0D       		.uleb128 0xd
 700 0359 01       		.byte	0x1
 701 035a 64030000 		.4byte	0x364
 702 035e 0E       		.uleb128 0xe
 703 035f 83020000 		.4byte	0x283
 704 0363 00       		.byte	0
 705 0364 03       		.uleb128 0x3
 706 0365 CB020000 		.4byte	.LASF49
 707 0369 08       		.byte	0x8
 708 036a 58       		.byte	0x58
 709 036b 6F030000 		.4byte	0x36f
 710 036f 05       		.uleb128 0x5
 711 0370 CB020000 		.4byte	.LASF49
 712 0374 14       		.byte	0x14
 713 0375 08       		.byte	0x8
 714 0376 5F       		.byte	0x5f
 715 0377 C2030000 		.4byte	0x3c2
 716 037b 06       		.uleb128 0x6
 717 037c 16010000 		.4byte	.LASF50
 718 0380 08       		.byte	0x8
 719 0381 60       		.byte	0x60
 720 0382 C2030000 		.4byte	0x3c2
 721 0386 02       		.byte	0x2
 722 0387 23       		.byte	0x23
 723 0388 00       		.uleb128 0
 724 0389 06       		.uleb128 0x6
 725 038a F0000000 		.4byte	.LASF51
 726 038e 08       		.byte	0x8
 727 038f 62       		.byte	0x62
 728 0390 C2030000 		.4byte	0x3c2
 729 0394 02       		.byte	0x2
 730 0395 23       		.byte	0x23
 731 0396 04       		.uleb128 0x4
ARM GAS  C:\DOCUME~1\ADMINI~1\LOCALS~1\Temp\ccVVQfG8.s 			page 14


 732 0397 06       		.uleb128 0x6
 733 0398 CB010000 		.4byte	.LASF52
 734 039c 08       		.byte	0x8
 735 039d 64       		.byte	0x64
 736 039e E8000000 		.4byte	0xe8
 737 03a2 02       		.byte	0x2
 738 03a3 23       		.byte	0x23
 739 03a4 08       		.uleb128 0x8
 740 03a5 06       		.uleb128 0x6
 741 03a6 DC010000 		.4byte	.LASF53
 742 03aa 08       		.byte	0x8
 743 03ab 65       		.byte	0x65
 744 03ac 47030000 		.4byte	0x347
 745 03b0 02       		.byte	0x2
 746 03b1 23       		.byte	0x23
 747 03b2 0C       		.uleb128 0xc
 748 03b3 06       		.uleb128 0x6
 749 03b4 24030000 		.4byte	.LASF54
 750 03b8 08       		.byte	0x8
 751 03b9 67       		.byte	0x67
 752 03ba 83020000 		.4byte	0x283
 753 03be 02       		.byte	0x2
 754 03bf 23       		.byte	0x23
 755 03c0 10       		.uleb128 0x10
 756 03c1 00       		.byte	0
 757 03c2 09       		.uleb128 0x9
 758 03c3 04       		.byte	0x4
 759 03c4 64030000 		.4byte	0x364
 760 03c8 08       		.uleb128 0x8
 761 03c9 10       		.byte	0x10
 762 03ca 08       		.byte	0x8
 763 03cb 71       		.byte	0x71
 764 03cc 09040000 		.4byte	0x409
 765 03d0 06       		.uleb128 0x6
 766 03d1 16010000 		.4byte	.LASF50
 767 03d5 08       		.byte	0x8
 768 03d6 72       		.byte	0x72
 769 03d7 C2030000 		.4byte	0x3c2
 770 03db 02       		.byte	0x2
 771 03dc 23       		.byte	0x23
 772 03dd 00       		.uleb128 0
 773 03de 06       		.uleb128 0x6
 774 03df F0000000 		.4byte	.LASF51
 775 03e3 08       		.byte	0x8
 776 03e4 74       		.byte	0x74
 777 03e5 C2030000 		.4byte	0x3c2
 778 03e9 02       		.byte	0x2
 779 03ea 23       		.byte	0x23
 780 03eb 04       		.uleb128 0x4
 781 03ec 06       		.uleb128 0x6
 782 03ed CB010000 		.4byte	.LASF52
 783 03f1 08       		.byte	0x8
 784 03f2 76       		.byte	0x76
 785 03f3 E8000000 		.4byte	0xe8
 786 03f7 02       		.byte	0x2
 787 03f8 23       		.byte	0x23
 788 03f9 08       		.uleb128 0x8
ARM GAS  C:\DOCUME~1\ADMINI~1\LOCALS~1\Temp\ccVVQfG8.s 			page 15


 789 03fa 06       		.uleb128 0x6
 790 03fb 7F030000 		.4byte	.LASF55
 791 03ff 08       		.byte	0x8
 792 0400 77       		.byte	0x77
 793 0401 09040000 		.4byte	0x409
 794 0405 02       		.byte	0x2
 795 0406 23       		.byte	0x23
 796 0407 0C       		.uleb128 0xc
 797 0408 00       		.byte	0
 798 0409 0F       		.uleb128 0xf
 799 040a E8000000 		.4byte	0xe8
 800 040e 03       		.uleb128 0x3
 801 040f 8A030000 		.4byte	.LASF56
 802 0413 08       		.byte	0x8
 803 0414 78       		.byte	0x78
 804 0415 C8030000 		.4byte	0x3c8
 805 0419 08       		.uleb128 0x8
 806 041a 20       		.byte	0x20
 807 041b 09       		.byte	0x9
 808 041c 5E       		.byte	0x5e
 809 041d 84040000 		.4byte	0x484
 810 0421 06       		.uleb128 0x6
 811 0422 C3020000 		.4byte	.LASF57
 812 0426 09       		.byte	0x9
 813 0427 5F       		.byte	0x5f
 814 0428 4B020000 		.4byte	0x24b
 815 042c 02       		.byte	0x2
 816 042d 23       		.byte	0x23
 817 042e 00       		.uleb128 0
 818 042f 06       		.uleb128 0x6
 819 0430 7E020000 		.4byte	.LASF58
 820 0434 09       		.byte	0x9
 821 0435 60       		.byte	0x60
 822 0436 C7000000 		.4byte	0xc7
 823 043a 02       		.byte	0x2
 824 043b 23       		.byte	0x23
 825 043c 08       		.uleb128 0x8
 826 043d 06       		.uleb128 0x6
 827 043e EC010000 		.4byte	.LASF59
 828 0442 09       		.byte	0x9
 829 0443 62       		.byte	0x62
 830 0444 1D030000 		.4byte	0x31d
 831 0448 02       		.byte	0x2
 832 0449 23       		.byte	0x23
 833 044a 0C       		.uleb128 0xc
 834 044b 06       		.uleb128 0x6
 835 044c DF000000 		.4byte	.LASF60
 836 0450 09       		.byte	0x9
 837 0451 65       		.byte	0x65
 838 0452 45020000 		.4byte	0x245
 839 0456 02       		.byte	0x2
 840 0457 23       		.byte	0x23
 841 0458 10       		.uleb128 0x10
 842 0459 06       		.uleb128 0x6
 843 045a 15020000 		.4byte	.LASF61
 844 045e 09       		.byte	0x9
 845 045f 66       		.byte	0x66
ARM GAS  C:\DOCUME~1\ADMINI~1\LOCALS~1\Temp\ccVVQfG8.s 			page 16


 846 0460 45020000 		.4byte	0x245
 847 0464 02       		.byte	0x2
 848 0465 23       		.byte	0x23
 849 0466 14       		.uleb128 0x14
 850 0467 06       		.uleb128 0x6
 851 0468 91030000 		.4byte	.LASF62
 852 046c 09       		.byte	0x9
 853 046d 6A       		.byte	0x6a
 854 046e F3000000 		.4byte	0xf3
 855 0472 02       		.byte	0x2
 856 0473 23       		.byte	0x23
 857 0474 18       		.uleb128 0x18
 858 0475 06       		.uleb128 0x6
 859 0476 0B020000 		.4byte	.LASF63
 860 047a 09       		.byte	0x9
 861 047b 6C       		.byte	0x6c
 862 047c 45020000 		.4byte	0x245
 863 0480 02       		.byte	0x2
 864 0481 23       		.byte	0x23
 865 0482 1C       		.uleb128 0x1c
 866 0483 00       		.byte	0
 867 0484 03       		.uleb128 0x3
 868 0485 32030000 		.4byte	.LASF64
 869 0489 09       		.byte	0x9
 870 048a 6E       		.byte	0x6e
 871 048b 19040000 		.4byte	0x419
 872 048f 05       		.uleb128 0x5
 873 0490 A8010000 		.4byte	.LASF65
 874 0494 10       		.byte	0x10
 875 0495 0A       		.byte	0xa
 876 0496 2C       		.byte	0x2c
 877 0497 C6040000 		.4byte	0x4c6
 878 049b 06       		.uleb128 0x6
 879 049c AD000000 		.4byte	.LASF66
 880 04a0 0A       		.byte	0xa
 881 04a1 2D       		.byte	0x2d
 882 04a2 4B020000 		.4byte	0x24b
 883 04a6 02       		.byte	0x2
 884 04a7 23       		.byte	0x23
 885 04a8 00       		.uleb128 0
 886 04a9 06       		.uleb128 0x6
 887 04aa 9B030000 		.4byte	.LASF67
 888 04ae 0A       		.byte	0xa
 889 04af 2F       		.byte	0x2f
 890 04b0 45020000 		.4byte	0x245
 891 04b4 02       		.byte	0x2
 892 04b5 23       		.byte	0x23
 893 04b6 08       		.uleb128 0x8
 894 04b7 06       		.uleb128 0x6
 895 04b8 DD020000 		.4byte	.LASF68
 896 04bc 0A       		.byte	0xa
 897 04bd 31       		.byte	0x31
 898 04be C6040000 		.4byte	0x4c6
 899 04c2 02       		.byte	0x2
 900 04c3 23       		.byte	0x23
 901 04c4 0C       		.uleb128 0xc
 902 04c5 00       		.byte	0
ARM GAS  C:\DOCUME~1\ADMINI~1\LOCALS~1\Temp\ccVVQfG8.s 			page 17


 903 04c6 09       		.uleb128 0x9
 904 04c7 04       		.byte	0x4
 905 04c8 8F040000 		.4byte	0x48f
 906 04cc 03       		.uleb128 0x3
 907 04cd A8010000 		.4byte	.LASF65
 908 04d1 0A       		.byte	0xa
 909 04d2 33       		.byte	0x33
 910 04d3 8F040000 		.4byte	0x48f
 911 04d7 10       		.uleb128 0x10
 912 04d8 04       		.byte	0x4
 913 04d9 06       		.byte	0x6
 914 04da 90       		.byte	0x90
 915 04db 0C050000 		.4byte	0x50c
 916 04df 11       		.uleb128 0x11
 917 04e0 15000000 		.4byte	.LASF69
 918 04e4 06       		.byte	0x6
 919 04e5 97       		.byte	0x97
 920 04e6 D2000000 		.4byte	0xd2
 921 04ea 11       		.uleb128 0x11
 922 04eb 56000000 		.4byte	.LASF70
 923 04ef 06       		.byte	0x6
 924 04f0 9E       		.byte	0x9e
 925 04f1 D2000000 		.4byte	0xd2
 926 04f5 11       		.uleb128 0x11
 927 04f6 71030000 		.4byte	.LASF71
 928 04fa 06       		.byte	0x6
 929 04fb A5       		.byte	0xa5
 930 04fc 83020000 		.4byte	0x283
 931 0500 11       		.uleb128 0x11
 932 0501 85020000 		.4byte	.LASF72
 933 0505 06       		.byte	0x6
 934 0506 AC       		.byte	0xac
 935 0507 DD000000 		.4byte	0xdd
 936 050b 00       		.byte	0
 937 050c 09       		.uleb128 0x9
 938 050d 04       		.byte	0x4
 939 050e 12050000 		.4byte	0x512
 940 0512 12       		.uleb128 0x12
 941 0513 17050000 		.4byte	0x517
 942 0517 04       		.uleb128 0x4
 943 0518 01       		.byte	0x1
 944 0519 08       		.byte	0x8
 945 051a D8020000 		.4byte	.LASF73
 946 051e 09       		.uleb128 0x9
 947 051f 04       		.byte	0x4
 948 0520 CC040000 		.4byte	0x4cc
 949 0524 03       		.uleb128 0x3
 950 0525 00000000 		.4byte	.LASF74
 951 0529 06       		.byte	0x6
 952 052a DF       		.byte	0xdf
 953 052b 2F050000 		.4byte	0x52f
 954 052f 09       		.uleb128 0x9
 955 0530 04       		.byte	0x4
 956 0531 35050000 		.4byte	0x535
 957 0535 13       		.uleb128 0x13
 958 0536 01       		.byte	0x1
 959 0537 D2000000 		.4byte	0xd2
ARM GAS  C:\DOCUME~1\ADMINI~1\LOCALS~1\Temp\ccVVQfG8.s 			page 18


 960 053b 45050000 		.4byte	0x545
 961 053f 0E       		.uleb128 0xe
 962 0540 83020000 		.4byte	0x283
 963 0544 00       		.byte	0
 964 0545 14       		.uleb128 0x14
 965 0546 01       		.byte	0x1
 966 0547 1D020000 		.4byte	.LASF75
 967 054b 01       		.byte	0x1
 968 054c 3B       		.byte	0x3b
 969 054d 01       		.byte	0x1
 970 054e 00000000 		.4byte	.LFB7
 971 0552 14000000 		.4byte	.LFE7
 972 0556 02       		.byte	0x2
 973 0557 7D       		.byte	0x7d
 974 0558 00       		.sleb128 0
 975 0559 01       		.byte	0x1
 976 055a 6A050000 		.4byte	0x56a
 977 055e 15       		.uleb128 0x15
 978 055f 7000     		.ascii	"p\000"
 979 0561 01       		.byte	0x1
 980 0562 3B       		.byte	0x3b
 981 0563 83020000 		.4byte	0x283
 982 0567 01       		.byte	0x1
 983 0568 50       		.byte	0x50
 984 0569 00       		.byte	0
 985 056a 16       		.uleb128 0x16
 986 056b 01       		.byte	0x1
 987 056c 9B000000 		.4byte	.LASF76
 988 0570 01       		.byte	0x1
 989 0571 52       		.byte	0x52
 990 0572 01       		.byte	0x1
 991 0573 00000000 		.4byte	.LFB8
 992 0577 64000000 		.4byte	.LFE8
 993 057b 00000000 		.4byte	.LLST0
 994 057f 01       		.byte	0x1
 995 0580 2A060000 		.4byte	0x62a
 996 0584 17       		.uleb128 0x17
 997 0585 5F000000 		.4byte	.LASF77
 998 0589 01       		.byte	0x1
 999 058a 53       		.byte	0x53
 1000 058b FE000000 		.4byte	0xfe
 1001 058f 05       		.byte	0x5
 1002 0590 03       		.byte	0x3
 1003 0591 00000000 		.4byte	mainthread.4794
 1004 0595 18       		.uleb128 0x18
 1005 0596 34000000 		.4byte	.LBB2
 1006 059a 3C000000 		.4byte	.LBE2
 1007 059e B2050000 		.4byte	0x5b2
 1008 05a2 19       		.uleb128 0x19
 1009 05a3 746D7000 		.ascii	"tmp\000"
 1010 05a7 01       		.byte	0x1
 1011 05a8 6D       		.byte	0x6d
 1012 05a9 7B000000 		.4byte	0x7b
 1013 05ad 2C000000 		.4byte	.LLST1
 1014 05b1 00       		.byte	0
 1015 05b2 1A       		.uleb128 0x1a
 1016 05b3 08000000 		.4byte	.LVL1
ARM GAS  C:\DOCUME~1\ADMINI~1\LOCALS~1\Temp\ccVVQfG8.s 			page 19


 1017 05b7 B2060000 		.4byte	0x6b2
 1018 05bb 1A       		.uleb128 0x1a
 1019 05bc 0C000000 		.4byte	.LVL2
 1020 05c0 BD060000 		.4byte	0x6bd
 1021 05c4 1A       		.uleb128 0x1a
 1022 05c5 10000000 		.4byte	.LVL3
 1023 05c9 C7060000 		.4byte	0x6c7
 1024 05cd 1A       		.uleb128 0x1a
 1025 05ce 14000000 		.4byte	.LVL4
 1026 05d2 D1060000 		.4byte	0x6d1
 1027 05d6 1A       		.uleb128 0x1a
 1028 05d7 18000000 		.4byte	.LVL5
 1029 05db DB060000 		.4byte	0x6db
 1030 05df 1B       		.uleb128 0x1b
 1031 05e0 26000000 		.4byte	.LVL6
 1032 05e4 E5060000 		.4byte	0x6e5
 1033 05e8 FC050000 		.4byte	0x5fc
 1034 05ec 1C       		.uleb128 0x1c
 1035 05ed 01       		.byte	0x1
 1036 05ee 51       		.byte	0x51
 1037 05ef 02       		.byte	0x2
 1038 05f0 08       		.byte	0x8
 1039 05f1 40       		.byte	0x40
 1040 05f2 1C       		.uleb128 0x1c
 1041 05f3 01       		.byte	0x1
 1042 05f4 50       		.byte	0x50
 1043 05f5 05       		.byte	0x5
 1044 05f6 03       		.byte	0x3
 1045 05f7 00000000 		.4byte	.LANCHOR0
 1046 05fb 00       		.byte	0
 1047 05fc 1D       		.uleb128 0x1d
 1048 05fd 60000000 		.4byte	.LVL10
 1049 0601 03070000 		.4byte	0x703
 1050 0605 1C       		.uleb128 0x1c
 1051 0606 01       		.byte	0x1
 1052 0607 53       		.byte	0x53
 1053 0608 05       		.byte	0x5
 1054 0609 03       		.byte	0x3
 1055 060a 00000000 		.4byte	_idle_thread
 1056 060e 1C       		.uleb128 0x1c
 1057 060f 01       		.byte	0x1
 1058 0610 52       		.byte	0x52
 1059 0611 01       		.byte	0x1
 1060 0612 31       		.byte	0x31
 1061 0613 1C       		.uleb128 0x1c
 1062 0614 01       		.byte	0x1
 1063 0615 51       		.byte	0x51
 1064 0616 02       		.byte	0x2
 1065 0617 08       		.byte	0x8
 1066 0618 C0       		.byte	0xc0
 1067 0619 1C       		.uleb128 0x1c
 1068 061a 01       		.byte	0x1
 1069 061b 50       		.byte	0x50
 1070 061c 05       		.byte	0x5
 1071 061d 03       		.byte	0x3
 1072 061e 00000000 		.4byte	.LANCHOR1
 1073 0622 1C       		.uleb128 0x1c
ARM GAS  C:\DOCUME~1\ADMINI~1\LOCALS~1\Temp\ccVVQfG8.s 			page 20


 1074 0623 02       		.byte	0x2
 1075 0624 7D       		.byte	0x7d
 1076 0625 00       		.sleb128 0
 1077 0626 01       		.byte	0x1
 1078 0627 30       		.byte	0x30
 1079 0628 00       		.byte	0
 1080 0629 00       		.byte	0
 1081 062a 1E       		.uleb128 0x1e
 1082 062b 01       		.byte	0x1
 1083 062c 2C000000 		.4byte	.LASF78
 1084 0630 01       		.byte	0x1
 1085 0631 85       		.byte	0x85
 1086 0632 01       		.byte	0x1
 1087 0633 00000000 		.4byte	.LFB9
 1088 0637 4C000000 		.4byte	.LFE9
 1089 063b 3F000000 		.4byte	.LLST2
 1090 063f 01       		.byte	0x1
 1091 0640 76060000 		.4byte	0x676
 1092 0644 1F       		.uleb128 0x1f
 1093 0645 24000000 		.4byte	.LBB3
 1094 0649 4C000000 		.4byte	.LBE3
 1095 064d 19       		.uleb128 0x19
 1096 064e 76747000 		.ascii	"vtp\000"
 1097 0652 01       		.byte	0x1
 1098 0653 92       		.byte	0x92
 1099 0654 C2030000 		.4byte	0x3c2
 1100 0658 5F000000 		.4byte	.LLST3
 1101 065c 1F       		.uleb128 0x1f
 1102 065d 2C000000 		.4byte	.LBB4
 1103 0661 3A000000 		.4byte	.LBE4
 1104 0665 19       		.uleb128 0x19
 1105 0666 666E00   		.ascii	"fn\000"
 1106 0669 01       		.byte	0x1
 1107 066a 92       		.byte	0x92
 1108 066b 47030000 		.4byte	0x347
 1109 066f 7D000000 		.4byte	.LLST4
 1110 0673 00       		.byte	0
 1111 0674 00       		.byte	0
 1112 0675 00       		.byte	0
 1113 0676 20       		.uleb128 0x20
 1114 0677 25000000 		.4byte	.LASF79
 1115 067b 08       		.byte	0x8
 1116 067c 7A       		.byte	0x7a
 1117 067d 0E040000 		.4byte	0x40e
 1118 0681 01       		.byte	0x1
 1119 0682 01       		.byte	0x1
 1120 0683 20       		.uleb128 0x20
 1121 0684 3C030000 		.4byte	.LASF80
 1122 0688 09       		.byte	0x9
 1123 0689 72       		.byte	0x72
 1124 068a 84040000 		.4byte	0x484
 1125 068e 01       		.byte	0x1
 1126 068f 01       		.byte	0x1
 1127 0690 21       		.uleb128 0x21
 1128 0691 85020000 		.4byte	0x285
 1129 0695 A0060000 		.4byte	0x6a0
 1130 0699 22       		.uleb128 0x22
ARM GAS  C:\DOCUME~1\ADMINI~1\LOCALS~1\Temp\ccVVQfG8.s 			page 21


 1131 069a 40030000 		.4byte	0x340
 1132 069e 17       		.byte	0x17
 1133 069f 00       		.byte	0
 1134 06a0 23       		.uleb128 0x23
 1135 06a1 CF000000 		.4byte	.LASF81
 1136 06a5 01       		.byte	0x1
 1137 06a6 2F       		.byte	0x2f
 1138 06a7 90060000 		.4byte	0x690
 1139 06ab 01       		.byte	0x1
 1140 06ac 05       		.byte	0x5
 1141 06ad 03       		.byte	0x3
 1142 06ae 00000000 		.4byte	_idle_thread_wa
 1143 06b2 24       		.uleb128 0x24
 1144 06b3 01       		.byte	0x1
 1145 06b4 66030000 		.4byte	.LASF82
 1146 06b8 07       		.byte	0x7
 1147 06b9 F401     		.2byte	0x1f4
 1148 06bb 01       		.byte	0x1
 1149 06bc 01       		.byte	0x1
 1150 06bd 25       		.uleb128 0x25
 1151 06be 01       		.byte	0x1
 1152 06bf 71000000 		.4byte	.LASF83
 1153 06c3 09       		.byte	0x9
 1154 06c4 91       		.byte	0x91
 1155 06c5 01       		.byte	0x1
 1156 06c6 01       		.byte	0x1
 1157 06c7 25       		.uleb128 0x25
 1158 06c8 01       		.byte	0x1
 1159 06c9 02030000 		.4byte	.LASF84
 1160 06cd 08       		.byte	0x8
 1161 06ce B0       		.byte	0xb0
 1162 06cf 01       		.byte	0x1
 1163 06d0 01       		.byte	0x1
 1164 06d1 25       		.uleb128 0x25
 1165 06d2 01       		.byte	0x1
 1166 06d3 57020000 		.4byte	.LASF85
 1167 06d7 0B       		.byte	0xb
 1168 06d8 51       		.byte	0x51
 1169 06d9 01       		.byte	0x1
 1170 06da 01       		.byte	0x1
 1171 06db 25       		.uleb128 0x25
 1172 06dc 01       		.byte	0x1
 1173 06dd F8000000 		.4byte	.LASF86
 1174 06e1 0C       		.byte	0xc
 1175 06e2 55       		.byte	0x55
 1176 06e3 01       		.byte	0x1
 1177 06e4 01       		.byte	0x1
 1178 06e5 26       		.uleb128 0x26
 1179 06e6 01       		.byte	0x1
 1180 06e7 B6020000 		.4byte	.LASF90
 1181 06eb 06       		.byte	0x6
 1182 06ec 5E01     		.2byte	0x15e
 1183 06ee 01       		.byte	0x1
 1184 06ef 45020000 		.4byte	0x245
 1185 06f3 01       		.byte	0x1
 1186 06f4 03070000 		.4byte	0x703
 1187 06f8 0E       		.uleb128 0xe
ARM GAS  C:\DOCUME~1\ADMINI~1\LOCALS~1\Temp\ccVVQfG8.s 			page 22


 1188 06f9 45020000 		.4byte	0x245
 1189 06fd 0E       		.uleb128 0xe
 1190 06fe C7000000 		.4byte	0xc7
 1191 0702 00       		.byte	0
 1192 0703 27       		.uleb128 0x27
 1193 0704 01       		.byte	0x1
 1194 0705 B9010000 		.4byte	.LASF91
 1195 0709 06       		.byte	0x6
 1196 070a 6401     		.2byte	0x164
 1197 070c 01       		.byte	0x1
 1198 070d 45020000 		.4byte	0x245
 1199 0711 01       		.byte	0x1
 1200 0712 0E       		.uleb128 0xe
 1201 0713 83020000 		.4byte	0x283
 1202 0717 0E       		.uleb128 0xe
 1203 0718 30000000 		.4byte	0x30
 1204 071c 0E       		.uleb128 0xe
 1205 071d C7000000 		.4byte	0xc7
 1206 0721 0E       		.uleb128 0xe
 1207 0722 24050000 		.4byte	0x524
 1208 0726 0E       		.uleb128 0xe
 1209 0727 83020000 		.4byte	0x283
 1210 072b 00       		.byte	0
 1211 072c 00       		.byte	0
 1212              		.section	.debug_abbrev,"",%progbits
 1213              	.Ldebug_abbrev0:
 1214 0000 01       		.uleb128 0x1
 1215 0001 11       		.uleb128 0x11
 1216 0002 01       		.byte	0x1
 1217 0003 25       		.uleb128 0x25
 1218 0004 0E       		.uleb128 0xe
 1219 0005 13       		.uleb128 0x13
 1220 0006 0B       		.uleb128 0xb
 1221 0007 03       		.uleb128 0x3
 1222 0008 0E       		.uleb128 0xe
 1223 0009 1B       		.uleb128 0x1b
 1224 000a 0E       		.uleb128 0xe
 1225 000b 55       		.uleb128 0x55
 1226 000c 06       		.uleb128 0x6
 1227 000d 11       		.uleb128 0x11
 1228 000e 01       		.uleb128 0x1
 1229 000f 52       		.uleb128 0x52
 1230 0010 01       		.uleb128 0x1
 1231 0011 10       		.uleb128 0x10
 1232 0012 06       		.uleb128 0x6
 1233 0013 00       		.byte	0
 1234 0014 00       		.byte	0
 1235 0015 02       		.uleb128 0x2
 1236 0016 24       		.uleb128 0x24
 1237 0017 00       		.byte	0
 1238 0018 0B       		.uleb128 0xb
 1239 0019 0B       		.uleb128 0xb
 1240 001a 3E       		.uleb128 0x3e
 1241 001b 0B       		.uleb128 0xb
 1242 001c 03       		.uleb128 0x3
 1243 001d 08       		.uleb128 0x8
 1244 001e 00       		.byte	0
ARM GAS  C:\DOCUME~1\ADMINI~1\LOCALS~1\Temp\ccVVQfG8.s 			page 23


 1245 001f 00       		.byte	0
 1246 0020 03       		.uleb128 0x3
 1247 0021 16       		.uleb128 0x16
 1248 0022 00       		.byte	0
 1249 0023 03       		.uleb128 0x3
 1250 0024 0E       		.uleb128 0xe
 1251 0025 3A       		.uleb128 0x3a
 1252 0026 0B       		.uleb128 0xb
 1253 0027 3B       		.uleb128 0x3b
 1254 0028 0B       		.uleb128 0xb
 1255 0029 49       		.uleb128 0x49
 1256 002a 13       		.uleb128 0x13
 1257 002b 00       		.byte	0
 1258 002c 00       		.byte	0
 1259 002d 04       		.uleb128 0x4
 1260 002e 24       		.uleb128 0x24
 1261 002f 00       		.byte	0
 1262 0030 0B       		.uleb128 0xb
 1263 0031 0B       		.uleb128 0xb
 1264 0032 3E       		.uleb128 0x3e
 1265 0033 0B       		.uleb128 0xb
 1266 0034 03       		.uleb128 0x3
 1267 0035 0E       		.uleb128 0xe
 1268 0036 00       		.byte	0
 1269 0037 00       		.byte	0
 1270 0038 05       		.uleb128 0x5
 1271 0039 13       		.uleb128 0x13
 1272 003a 01       		.byte	0x1
 1273 003b 03       		.uleb128 0x3
 1274 003c 0E       		.uleb128 0xe
 1275 003d 0B       		.uleb128 0xb
 1276 003e 0B       		.uleb128 0xb
 1277 003f 3A       		.uleb128 0x3a
 1278 0040 0B       		.uleb128 0xb
 1279 0041 3B       		.uleb128 0x3b
 1280 0042 0B       		.uleb128 0xb
 1281 0043 01       		.uleb128 0x1
 1282 0044 13       		.uleb128 0x13
 1283 0045 00       		.byte	0
 1284 0046 00       		.byte	0
 1285 0047 06       		.uleb128 0x6
 1286 0048 0D       		.uleb128 0xd
 1287 0049 00       		.byte	0
 1288 004a 03       		.uleb128 0x3
 1289 004b 0E       		.uleb128 0xe
 1290 004c 3A       		.uleb128 0x3a
 1291 004d 0B       		.uleb128 0xb
 1292 004e 3B       		.uleb128 0x3b
 1293 004f 0B       		.uleb128 0xb
 1294 0050 49       		.uleb128 0x49
 1295 0051 13       		.uleb128 0x13
 1296 0052 38       		.uleb128 0x38
 1297 0053 0A       		.uleb128 0xa
 1298 0054 00       		.byte	0
 1299 0055 00       		.byte	0
 1300 0056 07       		.uleb128 0x7
 1301 0057 0D       		.uleb128 0xd
ARM GAS  C:\DOCUME~1\ADMINI~1\LOCALS~1\Temp\ccVVQfG8.s 			page 24


 1302 0058 00       		.byte	0
 1303 0059 03       		.uleb128 0x3
 1304 005a 08       		.uleb128 0x8
 1305 005b 3A       		.uleb128 0x3a
 1306 005c 0B       		.uleb128 0xb
 1307 005d 3B       		.uleb128 0x3b
 1308 005e 0B       		.uleb128 0xb
 1309 005f 49       		.uleb128 0x49
 1310 0060 13       		.uleb128 0x13
 1311 0061 38       		.uleb128 0x38
 1312 0062 0A       		.uleb128 0xa
 1313 0063 00       		.byte	0
 1314 0064 00       		.byte	0
 1315 0065 08       		.uleb128 0x8
 1316 0066 13       		.uleb128 0x13
 1317 0067 01       		.byte	0x1
 1318 0068 0B       		.uleb128 0xb
 1319 0069 0B       		.uleb128 0xb
 1320 006a 3A       		.uleb128 0x3a
 1321 006b 0B       		.uleb128 0xb
 1322 006c 3B       		.uleb128 0x3b
 1323 006d 0B       		.uleb128 0xb
 1324 006e 01       		.uleb128 0x1
 1325 006f 13       		.uleb128 0x13
 1326 0070 00       		.byte	0
 1327 0071 00       		.byte	0
 1328 0072 09       		.uleb128 0x9
 1329 0073 0F       		.uleb128 0xf
 1330 0074 00       		.byte	0
 1331 0075 0B       		.uleb128 0xb
 1332 0076 0B       		.uleb128 0xb
 1333 0077 49       		.uleb128 0x49
 1334 0078 13       		.uleb128 0x13
 1335 0079 00       		.byte	0
 1336 007a 00       		.byte	0
 1337 007b 0A       		.uleb128 0xa
 1338 007c 0F       		.uleb128 0xf
 1339 007d 00       		.byte	0
 1340 007e 0B       		.uleb128 0xb
 1341 007f 0B       		.uleb128 0xb
 1342 0080 00       		.byte	0
 1343 0081 00       		.byte	0
 1344 0082 0B       		.uleb128 0xb
 1345 0083 0D       		.uleb128 0xd
 1346 0084 00       		.byte	0
 1347 0085 03       		.uleb128 0x3
 1348 0086 08       		.uleb128 0x8
 1349 0087 3A       		.uleb128 0x3a
 1350 0088 0B       		.uleb128 0xb
 1351 0089 3B       		.uleb128 0x3b
 1352 008a 05       		.uleb128 0x5
 1353 008b 49       		.uleb128 0x49
 1354 008c 13       		.uleb128 0x13
 1355 008d 38       		.uleb128 0x38
 1356 008e 0A       		.uleb128 0xa
 1357 008f 00       		.byte	0
 1358 0090 00       		.byte	0
ARM GAS  C:\DOCUME~1\ADMINI~1\LOCALS~1\Temp\ccVVQfG8.s 			page 25


 1359 0091 0C       		.uleb128 0xc
 1360 0092 13       		.uleb128 0x13
 1361 0093 01       		.byte	0x1
 1362 0094 03       		.uleb128 0x3
 1363 0095 0E       		.uleb128 0xe
 1364 0096 0B       		.uleb128 0xb
 1365 0097 0B       		.uleb128 0xb
 1366 0098 3A       		.uleb128 0x3a
 1367 0099 0B       		.uleb128 0xb
 1368 009a 3B       		.uleb128 0x3b
 1369 009b 05       		.uleb128 0x5
 1370 009c 01       		.uleb128 0x1
 1371 009d 13       		.uleb128 0x13
 1372 009e 00       		.byte	0
 1373 009f 00       		.byte	0
 1374 00a0 0D       		.uleb128 0xd
 1375 00a1 15       		.uleb128 0x15
 1376 00a2 01       		.byte	0x1
 1377 00a3 27       		.uleb128 0x27
 1378 00a4 0C       		.uleb128 0xc
 1379 00a5 01       		.uleb128 0x1
 1380 00a6 13       		.uleb128 0x13
 1381 00a7 00       		.byte	0
 1382 00a8 00       		.byte	0
 1383 00a9 0E       		.uleb128 0xe
 1384 00aa 05       		.uleb128 0x5
 1385 00ab 00       		.byte	0
 1386 00ac 49       		.uleb128 0x49
 1387 00ad 13       		.uleb128 0x13
 1388 00ae 00       		.byte	0
 1389 00af 00       		.byte	0
 1390 00b0 0F       		.uleb128 0xf
 1391 00b1 35       		.uleb128 0x35
 1392 00b2 00       		.byte	0
 1393 00b3 49       		.uleb128 0x49
 1394 00b4 13       		.uleb128 0x13
 1395 00b5 00       		.byte	0
 1396 00b6 00       		.byte	0
 1397 00b7 10       		.uleb128 0x10
 1398 00b8 17       		.uleb128 0x17
 1399 00b9 01       		.byte	0x1
 1400 00ba 0B       		.uleb128 0xb
 1401 00bb 0B       		.uleb128 0xb
 1402 00bc 3A       		.uleb128 0x3a
 1403 00bd 0B       		.uleb128 0xb
 1404 00be 3B       		.uleb128 0x3b
 1405 00bf 0B       		.uleb128 0xb
 1406 00c0 01       		.uleb128 0x1
 1407 00c1 13       		.uleb128 0x13
 1408 00c2 00       		.byte	0
 1409 00c3 00       		.byte	0
 1410 00c4 11       		.uleb128 0x11
 1411 00c5 0D       		.uleb128 0xd
 1412 00c6 00       		.byte	0
 1413 00c7 03       		.uleb128 0x3
 1414 00c8 0E       		.uleb128 0xe
 1415 00c9 3A       		.uleb128 0x3a
ARM GAS  C:\DOCUME~1\ADMINI~1\LOCALS~1\Temp\ccVVQfG8.s 			page 26


 1416 00ca 0B       		.uleb128 0xb
 1417 00cb 3B       		.uleb128 0x3b
 1418 00cc 0B       		.uleb128 0xb
 1419 00cd 49       		.uleb128 0x49
 1420 00ce 13       		.uleb128 0x13
 1421 00cf 00       		.byte	0
 1422 00d0 00       		.byte	0
 1423 00d1 12       		.uleb128 0x12
 1424 00d2 26       		.uleb128 0x26
 1425 00d3 00       		.byte	0
 1426 00d4 49       		.uleb128 0x49
 1427 00d5 13       		.uleb128 0x13
 1428 00d6 00       		.byte	0
 1429 00d7 00       		.byte	0
 1430 00d8 13       		.uleb128 0x13
 1431 00d9 15       		.uleb128 0x15
 1432 00da 01       		.byte	0x1
 1433 00db 27       		.uleb128 0x27
 1434 00dc 0C       		.uleb128 0xc
 1435 00dd 49       		.uleb128 0x49
 1436 00de 13       		.uleb128 0x13
 1437 00df 01       		.uleb128 0x1
 1438 00e0 13       		.uleb128 0x13
 1439 00e1 00       		.byte	0
 1440 00e2 00       		.byte	0
 1441 00e3 14       		.uleb128 0x14
 1442 00e4 2E       		.uleb128 0x2e
 1443 00e5 01       		.byte	0x1
 1444 00e6 3F       		.uleb128 0x3f
 1445 00e7 0C       		.uleb128 0xc
 1446 00e8 03       		.uleb128 0x3
 1447 00e9 0E       		.uleb128 0xe
 1448 00ea 3A       		.uleb128 0x3a
 1449 00eb 0B       		.uleb128 0xb
 1450 00ec 3B       		.uleb128 0x3b
 1451 00ed 0B       		.uleb128 0xb
 1452 00ee 27       		.uleb128 0x27
 1453 00ef 0C       		.uleb128 0xc
 1454 00f0 11       		.uleb128 0x11
 1455 00f1 01       		.uleb128 0x1
 1456 00f2 12       		.uleb128 0x12
 1457 00f3 01       		.uleb128 0x1
 1458 00f4 40       		.uleb128 0x40
 1459 00f5 0A       		.uleb128 0xa
 1460 00f6 9742     		.uleb128 0x2117
 1461 00f8 0C       		.uleb128 0xc
 1462 00f9 01       		.uleb128 0x1
 1463 00fa 13       		.uleb128 0x13
 1464 00fb 00       		.byte	0
 1465 00fc 00       		.byte	0
 1466 00fd 15       		.uleb128 0x15
 1467 00fe 05       		.uleb128 0x5
 1468 00ff 00       		.byte	0
 1469 0100 03       		.uleb128 0x3
 1470 0101 08       		.uleb128 0x8
 1471 0102 3A       		.uleb128 0x3a
 1472 0103 0B       		.uleb128 0xb
ARM GAS  C:\DOCUME~1\ADMINI~1\LOCALS~1\Temp\ccVVQfG8.s 			page 27


 1473 0104 3B       		.uleb128 0x3b
 1474 0105 0B       		.uleb128 0xb
 1475 0106 49       		.uleb128 0x49
 1476 0107 13       		.uleb128 0x13
 1477 0108 02       		.uleb128 0x2
 1478 0109 0A       		.uleb128 0xa
 1479 010a 00       		.byte	0
 1480 010b 00       		.byte	0
 1481 010c 16       		.uleb128 0x16
 1482 010d 2E       		.uleb128 0x2e
 1483 010e 01       		.byte	0x1
 1484 010f 3F       		.uleb128 0x3f
 1485 0110 0C       		.uleb128 0xc
 1486 0111 03       		.uleb128 0x3
 1487 0112 0E       		.uleb128 0xe
 1488 0113 3A       		.uleb128 0x3a
 1489 0114 0B       		.uleb128 0xb
 1490 0115 3B       		.uleb128 0x3b
 1491 0116 0B       		.uleb128 0xb
 1492 0117 27       		.uleb128 0x27
 1493 0118 0C       		.uleb128 0xc
 1494 0119 11       		.uleb128 0x11
 1495 011a 01       		.uleb128 0x1
 1496 011b 12       		.uleb128 0x12
 1497 011c 01       		.uleb128 0x1
 1498 011d 40       		.uleb128 0x40
 1499 011e 06       		.uleb128 0x6
 1500 011f 9742     		.uleb128 0x2117
 1501 0121 0C       		.uleb128 0xc
 1502 0122 01       		.uleb128 0x1
 1503 0123 13       		.uleb128 0x13
 1504 0124 00       		.byte	0
 1505 0125 00       		.byte	0
 1506 0126 17       		.uleb128 0x17
 1507 0127 34       		.uleb128 0x34
 1508 0128 00       		.byte	0
 1509 0129 03       		.uleb128 0x3
 1510 012a 0E       		.uleb128 0xe
 1511 012b 3A       		.uleb128 0x3a
 1512 012c 0B       		.uleb128 0xb
 1513 012d 3B       		.uleb128 0x3b
 1514 012e 0B       		.uleb128 0xb
 1515 012f 49       		.uleb128 0x49
 1516 0130 13       		.uleb128 0x13
 1517 0131 02       		.uleb128 0x2
 1518 0132 0A       		.uleb128 0xa
 1519 0133 00       		.byte	0
 1520 0134 00       		.byte	0
 1521 0135 18       		.uleb128 0x18
 1522 0136 0B       		.uleb128 0xb
 1523 0137 01       		.byte	0x1
 1524 0138 11       		.uleb128 0x11
 1525 0139 01       		.uleb128 0x1
 1526 013a 12       		.uleb128 0x12
 1527 013b 01       		.uleb128 0x1
 1528 013c 01       		.uleb128 0x1
 1529 013d 13       		.uleb128 0x13
ARM GAS  C:\DOCUME~1\ADMINI~1\LOCALS~1\Temp\ccVVQfG8.s 			page 28


 1530 013e 00       		.byte	0
 1531 013f 00       		.byte	0
 1532 0140 19       		.uleb128 0x19
 1533 0141 34       		.uleb128 0x34
 1534 0142 00       		.byte	0
 1535 0143 03       		.uleb128 0x3
 1536 0144 08       		.uleb128 0x8
 1537 0145 3A       		.uleb128 0x3a
 1538 0146 0B       		.uleb128 0xb
 1539 0147 3B       		.uleb128 0x3b
 1540 0148 0B       		.uleb128 0xb
 1541 0149 49       		.uleb128 0x49
 1542 014a 13       		.uleb128 0x13
 1543 014b 02       		.uleb128 0x2
 1544 014c 06       		.uleb128 0x6
 1545 014d 00       		.byte	0
 1546 014e 00       		.byte	0
 1547 014f 1A       		.uleb128 0x1a
 1548 0150 898201   		.uleb128 0x4109
 1549 0153 00       		.byte	0
 1550 0154 11       		.uleb128 0x11
 1551 0155 01       		.uleb128 0x1
 1552 0156 31       		.uleb128 0x31
 1553 0157 13       		.uleb128 0x13
 1554 0158 00       		.byte	0
 1555 0159 00       		.byte	0
 1556 015a 1B       		.uleb128 0x1b
 1557 015b 898201   		.uleb128 0x4109
 1558 015e 01       		.byte	0x1
 1559 015f 11       		.uleb128 0x11
 1560 0160 01       		.uleb128 0x1
 1561 0161 31       		.uleb128 0x31
 1562 0162 13       		.uleb128 0x13
 1563 0163 01       		.uleb128 0x1
 1564 0164 13       		.uleb128 0x13
 1565 0165 00       		.byte	0
 1566 0166 00       		.byte	0
 1567 0167 1C       		.uleb128 0x1c
 1568 0168 8A8201   		.uleb128 0x410a
 1569 016b 00       		.byte	0
 1570 016c 02       		.uleb128 0x2
 1571 016d 0A       		.uleb128 0xa
 1572 016e 9142     		.uleb128 0x2111
 1573 0170 0A       		.uleb128 0xa
 1574 0171 00       		.byte	0
 1575 0172 00       		.byte	0
 1576 0173 1D       		.uleb128 0x1d
 1577 0174 898201   		.uleb128 0x4109
 1578 0177 01       		.byte	0x1
 1579 0178 11       		.uleb128 0x11
 1580 0179 01       		.uleb128 0x1
 1581 017a 31       		.uleb128 0x31
 1582 017b 13       		.uleb128 0x13
 1583 017c 00       		.byte	0
 1584 017d 00       		.byte	0
 1585 017e 1E       		.uleb128 0x1e
 1586 017f 2E       		.uleb128 0x2e
ARM GAS  C:\DOCUME~1\ADMINI~1\LOCALS~1\Temp\ccVVQfG8.s 			page 29


 1587 0180 01       		.byte	0x1
 1588 0181 3F       		.uleb128 0x3f
 1589 0182 0C       		.uleb128 0xc
 1590 0183 03       		.uleb128 0x3
 1591 0184 0E       		.uleb128 0xe
 1592 0185 3A       		.uleb128 0x3a
 1593 0186 0B       		.uleb128 0xb
 1594 0187 3B       		.uleb128 0x3b
 1595 0188 0B       		.uleb128 0xb
 1596 0189 27       		.uleb128 0x27
 1597 018a 0C       		.uleb128 0xc
 1598 018b 11       		.uleb128 0x11
 1599 018c 01       		.uleb128 0x1
 1600 018d 12       		.uleb128 0x12
 1601 018e 01       		.uleb128 0x1
 1602 018f 40       		.uleb128 0x40
 1603 0190 06       		.uleb128 0x6
 1604 0191 9642     		.uleb128 0x2116
 1605 0193 0C       		.uleb128 0xc
 1606 0194 01       		.uleb128 0x1
 1607 0195 13       		.uleb128 0x13
 1608 0196 00       		.byte	0
 1609 0197 00       		.byte	0
 1610 0198 1F       		.uleb128 0x1f
 1611 0199 0B       		.uleb128 0xb
 1612 019a 01       		.byte	0x1
 1613 019b 11       		.uleb128 0x11
 1614 019c 01       		.uleb128 0x1
 1615 019d 12       		.uleb128 0x12
 1616 019e 01       		.uleb128 0x1
 1617 019f 00       		.byte	0
 1618 01a0 00       		.byte	0
 1619 01a1 20       		.uleb128 0x20
 1620 01a2 34       		.uleb128 0x34
 1621 01a3 00       		.byte	0
 1622 01a4 03       		.uleb128 0x3
 1623 01a5 0E       		.uleb128 0xe
 1624 01a6 3A       		.uleb128 0x3a
 1625 01a7 0B       		.uleb128 0xb
 1626 01a8 3B       		.uleb128 0x3b
 1627 01a9 0B       		.uleb128 0xb
 1628 01aa 49       		.uleb128 0x49
 1629 01ab 13       		.uleb128 0x13
 1630 01ac 3F       		.uleb128 0x3f
 1631 01ad 0C       		.uleb128 0xc
 1632 01ae 3C       		.uleb128 0x3c
 1633 01af 0C       		.uleb128 0xc
 1634 01b0 00       		.byte	0
 1635 01b1 00       		.byte	0
 1636 01b2 21       		.uleb128 0x21
 1637 01b3 01       		.uleb128 0x1
 1638 01b4 01       		.byte	0x1
 1639 01b5 49       		.uleb128 0x49
 1640 01b6 13       		.uleb128 0x13
 1641 01b7 01       		.uleb128 0x1
 1642 01b8 13       		.uleb128 0x13
 1643 01b9 00       		.byte	0
ARM GAS  C:\DOCUME~1\ADMINI~1\LOCALS~1\Temp\ccVVQfG8.s 			page 30


 1644 01ba 00       		.byte	0
 1645 01bb 22       		.uleb128 0x22
 1646 01bc 21       		.uleb128 0x21
 1647 01bd 00       		.byte	0
 1648 01be 49       		.uleb128 0x49
 1649 01bf 13       		.uleb128 0x13
 1650 01c0 2F       		.uleb128 0x2f
 1651 01c1 0B       		.uleb128 0xb
 1652 01c2 00       		.byte	0
 1653 01c3 00       		.byte	0
 1654 01c4 23       		.uleb128 0x23
 1655 01c5 34       		.uleb128 0x34
 1656 01c6 00       		.byte	0
 1657 01c7 03       		.uleb128 0x3
 1658 01c8 0E       		.uleb128 0xe
 1659 01c9 3A       		.uleb128 0x3a
 1660 01ca 0B       		.uleb128 0xb
 1661 01cb 3B       		.uleb128 0x3b
 1662 01cc 0B       		.uleb128 0xb
 1663 01cd 49       		.uleb128 0x49
 1664 01ce 13       		.uleb128 0x13
 1665 01cf 3F       		.uleb128 0x3f
 1666 01d0 0C       		.uleb128 0xc
 1667 01d1 02       		.uleb128 0x2
 1668 01d2 0A       		.uleb128 0xa
 1669 01d3 00       		.byte	0
 1670 01d4 00       		.byte	0
 1671 01d5 24       		.uleb128 0x24
 1672 01d6 2E       		.uleb128 0x2e
 1673 01d7 00       		.byte	0
 1674 01d8 3F       		.uleb128 0x3f
 1675 01d9 0C       		.uleb128 0xc
 1676 01da 03       		.uleb128 0x3
 1677 01db 0E       		.uleb128 0xe
 1678 01dc 3A       		.uleb128 0x3a
 1679 01dd 0B       		.uleb128 0xb
 1680 01de 3B       		.uleb128 0x3b
 1681 01df 05       		.uleb128 0x5
 1682 01e0 27       		.uleb128 0x27
 1683 01e1 0C       		.uleb128 0xc
 1684 01e2 3C       		.uleb128 0x3c
 1685 01e3 0C       		.uleb128 0xc
 1686 01e4 00       		.byte	0
 1687 01e5 00       		.byte	0
 1688 01e6 25       		.uleb128 0x25
 1689 01e7 2E       		.uleb128 0x2e
 1690 01e8 00       		.byte	0
 1691 01e9 3F       		.uleb128 0x3f
 1692 01ea 0C       		.uleb128 0xc
 1693 01eb 03       		.uleb128 0x3
 1694 01ec 0E       		.uleb128 0xe
 1695 01ed 3A       		.uleb128 0x3a
 1696 01ee 0B       		.uleb128 0xb
 1697 01ef 3B       		.uleb128 0x3b
 1698 01f0 0B       		.uleb128 0xb
 1699 01f1 27       		.uleb128 0x27
 1700 01f2 0C       		.uleb128 0xc
ARM GAS  C:\DOCUME~1\ADMINI~1\LOCALS~1\Temp\ccVVQfG8.s 			page 31


 1701 01f3 3C       		.uleb128 0x3c
 1702 01f4 0C       		.uleb128 0xc
 1703 01f5 00       		.byte	0
 1704 01f6 00       		.byte	0
 1705 01f7 26       		.uleb128 0x26
 1706 01f8 2E       		.uleb128 0x2e
 1707 01f9 01       		.byte	0x1
 1708 01fa 3F       		.uleb128 0x3f
 1709 01fb 0C       		.uleb128 0xc
 1710 01fc 03       		.uleb128 0x3
 1711 01fd 0E       		.uleb128 0xe
 1712 01fe 3A       		.uleb128 0x3a
 1713 01ff 0B       		.uleb128 0xb
 1714 0200 3B       		.uleb128 0x3b
 1715 0201 05       		.uleb128 0x5
 1716 0202 27       		.uleb128 0x27
 1717 0203 0C       		.uleb128 0xc
 1718 0204 49       		.uleb128 0x49
 1719 0205 13       		.uleb128 0x13
 1720 0206 3C       		.uleb128 0x3c
 1721 0207 0C       		.uleb128 0xc
 1722 0208 01       		.uleb128 0x1
 1723 0209 13       		.uleb128 0x13
 1724 020a 00       		.byte	0
 1725 020b 00       		.byte	0
 1726 020c 27       		.uleb128 0x27
 1727 020d 2E       		.uleb128 0x2e
 1728 020e 01       		.byte	0x1
 1729 020f 3F       		.uleb128 0x3f
 1730 0210 0C       		.uleb128 0xc
 1731 0211 03       		.uleb128 0x3
 1732 0212 0E       		.uleb128 0xe
 1733 0213 3A       		.uleb128 0x3a
 1734 0214 0B       		.uleb128 0xb
 1735 0215 3B       		.uleb128 0x3b
 1736 0216 05       		.uleb128 0x5
 1737 0217 27       		.uleb128 0x27
 1738 0218 0C       		.uleb128 0xc
 1739 0219 49       		.uleb128 0x49
 1740 021a 13       		.uleb128 0x13
 1741 021b 3C       		.uleb128 0x3c
 1742 021c 0C       		.uleb128 0xc
 1743 021d 00       		.byte	0
 1744 021e 00       		.byte	0
 1745 021f 00       		.byte	0
 1746              		.section	.debug_loc,"",%progbits
 1747              	.Ldebug_loc0:
 1748              	.LLST0:
 1749 0000 00000000 		.4byte	.LFB8
 1750 0004 02000000 		.4byte	.LCFI0
 1751 0008 0200     		.2byte	0x2
 1752 000a 7D       		.byte	0x7d
 1753 000b 00       		.sleb128 0
 1754 000c 02000000 		.4byte	.LCFI0
 1755 0010 04000000 		.4byte	.LCFI1
 1756 0014 0200     		.2byte	0x2
 1757 0016 7D       		.byte	0x7d
ARM GAS  C:\DOCUME~1\ADMINI~1\LOCALS~1\Temp\ccVVQfG8.s 			page 32


 1758 0017 04       		.sleb128 4
 1759 0018 04000000 		.4byte	.LCFI1
 1760 001c 64000000 		.4byte	.LFE8
 1761 0020 0200     		.2byte	0x2
 1762 0022 7D       		.byte	0x7d
 1763 0023 10       		.sleb128 16
 1764 0024 00000000 		.4byte	0
 1765 0028 00000000 		.4byte	0
 1766              	.LLST1:
 1767 002c 3C000000 		.4byte	.LVL8
 1768 0030 52000000 		.4byte	.LVL9
 1769 0034 0100     		.2byte	0x1
 1770 0036 53       		.byte	0x53
 1771 0037 00000000 		.4byte	0
 1772 003b 00000000 		.4byte	0
 1773              	.LLST2:
 1774 003f 00000000 		.4byte	.LFB9
 1775 0043 02000000 		.4byte	.LCFI2
 1776 0047 0200     		.2byte	0x2
 1777 0049 7D       		.byte	0x7d
 1778 004a 00       		.sleb128 0
 1779 004b 02000000 		.4byte	.LCFI2
 1780 004f 4C000000 		.4byte	.LFE9
 1781 0053 0200     		.2byte	0x2
 1782 0055 7D       		.byte	0x7d
 1783 0056 10       		.sleb128 16
 1784 0057 00000000 		.4byte	0
 1785 005b 00000000 		.4byte	0
 1786              	.LLST3:
 1787 005f 2A000000 		.4byte	.LVL11
 1788 0063 39000000 		.4byte	.LVL13-1
 1789 0067 0100     		.2byte	0x1
 1790 0069 53       		.byte	0x53
 1791 006a 3C000000 		.4byte	.LVL14
 1792 006e 42000000 		.4byte	.LVL15
 1793 0072 0100     		.2byte	0x1
 1794 0074 53       		.byte	0x53
 1795 0075 00000000 		.4byte	0
 1796 0079 00000000 		.4byte	0
 1797              	.LLST4:
 1798 007d 30000000 		.4byte	.LVL12
 1799 0081 39000000 		.4byte	.LVL13-1
 1800 0085 0100     		.2byte	0x1
 1801 0087 51       		.byte	0x51
 1802 0088 00000000 		.4byte	0
 1803 008c 00000000 		.4byte	0
 1804              		.section	.debug_aranges,"",%progbits
 1805 0000 2C000000 		.4byte	0x2c
 1806 0004 0200     		.2byte	0x2
 1807 0006 00000000 		.4byte	.Ldebug_info0
 1808 000a 04       		.byte	0x4
 1809 000b 00       		.byte	0
 1810 000c 0000     		.2byte	0
 1811 000e 0000     		.2byte	0
 1812 0010 00000000 		.4byte	.LFB7
 1813 0014 14000000 		.4byte	.LFE7-.LFB7
 1814 0018 00000000 		.4byte	.LFB8
ARM GAS  C:\DOCUME~1\ADMINI~1\LOCALS~1\Temp\ccVVQfG8.s 			page 33


 1815 001c 64000000 		.4byte	.LFE8-.LFB8
 1816 0020 00000000 		.4byte	.LFB9
 1817 0024 4C000000 		.4byte	.LFE9-.LFB9
 1818 0028 00000000 		.4byte	0
 1819 002c 00000000 		.4byte	0
 1820              		.section	.debug_ranges,"",%progbits
 1821              	.Ldebug_ranges0:
 1822 0000 00000000 		.4byte	.LFB7
 1823 0004 14000000 		.4byte	.LFE7
 1824 0008 00000000 		.4byte	.LFB8
 1825 000c 64000000 		.4byte	.LFE8
 1826 0010 00000000 		.4byte	.LFB9
 1827 0014 4C000000 		.4byte	.LFE9
 1828 0018 00000000 		.4byte	0
 1829 001c 00000000 		.4byte	0
 1830              		.section	.debug_line,"",%progbits
 1831              	.Ldebug_line0:
 1832 0000 CC010000 		.section	.debug_str,"MS",%progbits,1
 1832      02007601 
 1832      00000201 
 1832      FB0E0D00 
 1832      01010101 
 1833              	.LASF74:
 1834 0000 7466756E 		.ascii	"tfunc_t\000"
 1834      635F7400 
 1835              	.LASF36:
 1836 0008 705F6D73 		.ascii	"p_msg\000"
 1836      6700
 1837              	.LASF2:
 1838 000e 73697A65 		.ascii	"size_t\000"
 1838      5F7400
 1839              	.LASF69:
 1840 0015 7264796D 		.ascii	"rdymsg\000"
 1840      736700
 1841              	.LASF12:
 1842 001c 75696E74 		.ascii	"uint64_t\000"
 1842      36345F74 
 1842      00
 1843              	.LASF79:
 1844 0025 76746C69 		.ascii	"vtlist\000"
 1844      737400
 1845              	.LASF78:
 1846 002c 63685379 		.ascii	"chSysTimerHandlerI\000"
 1846      7354696D 
 1846      65724861 
 1846      6E646C65 
 1846      724900
 1847              	.LASF13:
 1848 003f 6C6F6E67 		.ascii	"long long unsigned int\000"
 1848      206C6F6E 
 1848      6720756E 
 1848      7369676E 
 1848      65642069 
 1849              	.LASF70:
 1850 0056 65786974 		.ascii	"exitcode\000"
 1850      636F6465 
 1850      00
ARM GAS  C:\DOCUME~1\ADMINI~1\LOCALS~1\Temp\ccVVQfG8.s 			page 34


 1851              	.LASF77:
 1852 005f 6D61696E 		.ascii	"mainthread\000"
 1852      74687265 
 1852      616400
 1853              	.LASF25:
 1854 006a 705F7072 		.ascii	"p_prio\000"
 1854      696F00
 1855              	.LASF83:
 1856 0071 5F736368 		.ascii	"_scheduler_init\000"
 1856      6564756C 
 1856      65725F69 
 1856      6E697400 
 1857              	.LASF11:
 1858 0081 6C6F6E67 		.ascii	"long long int\000"
 1858      206C6F6E 
 1858      6720696E 
 1858      7400
 1859              	.LASF1:
 1860 008f 7369676E 		.ascii	"signed char\000"
 1860      65642063 
 1860      68617200 
 1861              	.LASF76:
 1862 009b 63685379 		.ascii	"chSysInit\000"
 1862      73496E69 
 1862      7400
 1863              	.LASF40:
 1864 00a5 705F6D70 		.ascii	"p_mpool\000"
 1864      6F6F6C00 
 1865              	.LASF66:
 1866 00ad 6D5F7175 		.ascii	"m_queue\000"
 1866      65756500 
 1867              	.LASF8:
 1868 00b5 6C6F6E67 		.ascii	"long int\000"
 1868      20696E74 
 1868      00
 1869              	.LASF15:
 1870 00be 74737461 		.ascii	"tstate_t\000"
 1870      74655F74 
 1870      00
 1871              	.LASF27:
 1872 00c7 705F6E65 		.ascii	"p_newer\000"
 1872      77657200 
 1873              	.LASF81:
 1874 00cf 5F69646C 		.ascii	"_idle_thread_wa\000"
 1874      655F7468 
 1874      72656164 
 1874      5F776100 
 1875              	.LASF60:
 1876 00df 725F6E65 		.ascii	"r_newer\000"
 1876      77657200 
 1877              	.LASF43:
 1878 00e7 72656761 		.ascii	"regarm_t\000"
 1878      726D5F74 
 1878      00
 1879              	.LASF51:
 1880 00f0 76745F70 		.ascii	"vt_prev\000"
 1880      72657600 
ARM GAS  C:\DOCUME~1\ADMINI~1\LOCALS~1\Temp\ccVVQfG8.s 			page 35


 1881              	.LASF86:
 1882 00f8 5F686561 		.ascii	"_heap_init\000"
 1882      705F696E 
 1882      697400
 1883              	.LASF21:
 1884 0103 636E745F 		.ascii	"cnt_t\000"
 1884      7400
 1885              	.LASF0:
 1886 0109 756E7369 		.ascii	"unsigned int\000"
 1886      676E6564 
 1886      20696E74 
 1886      00
 1887              	.LASF50:
 1888 0116 76745F6E 		.ascii	"vt_next\000"
 1888      65787400 
 1889              	.LASF10:
 1890 011e 6C6F6E67 		.ascii	"long unsigned int\000"
 1890      20756E73 
 1890      69676E65 
 1890      6420696E 
 1890      7400
 1891              	.LASF89:
 1892 0130 433A5C70 		.ascii	"C:\\projects\\ChibiOS_2.4.2\\demos\\ARMCM3-STM32L15"
 1892      726F6A65 
 1892      6374735C 
 1892      43686962 
 1892      694F535F 
 1893 015f 322D544F 		.ascii	"2-TOAST\000"
 1893      41535400 
 1894              	.LASF46:
 1895 0167 636F6E74 		.ascii	"context\000"
 1895      65787400 
 1896              	.LASF6:
 1897 016f 73686F72 		.ascii	"short unsigned int\000"
 1897      7420756E 
 1897      7369676E 
 1897      65642069 
 1897      6E7400
 1898              	.LASF18:
 1899 0182 6D73675F 		.ascii	"msg_t\000"
 1899      7400
 1900              	.LASF14:
 1901 0188 746D6F64 		.ascii	"tmode_t\000"
 1901      655F7400 
 1902              	.LASF42:
 1903 0190 54687265 		.ascii	"ThreadsList\000"
 1903      6164734C 
 1903      69737400 
 1904              	.LASF19:
 1905 019c 6576656E 		.ascii	"eventmask_t\000"
 1905      746D6173 
 1905      6B5F7400 
 1906              	.LASF65:
 1907 01a8 4D757465 		.ascii	"Mutex\000"
 1907      7800
 1908              	.LASF44:
 1909 01ae 73746B61 		.ascii	"stkalign_t\000"
ARM GAS  C:\DOCUME~1\ADMINI~1\LOCALS~1\Temp\ccVVQfG8.s 			page 36


 1909      6C69676E 
 1909      5F7400
 1910              	.LASF91:
 1911 01b9 63685468 		.ascii	"chThdCreateStatic\000"
 1911      64437265 
 1911      61746553 
 1911      74617469 
 1911      6300
 1912              	.LASF52:
 1913 01cb 76745F74 		.ascii	"vt_time\000"
 1913      696D6500 
 1914              	.LASF47:
 1915 01d3 73697A65 		.ascii	"sizetype\000"
 1915      74797065 
 1915      00
 1916              	.LASF53:
 1917 01dc 76745F66 		.ascii	"vt_func\000"
 1917      756E6300 
 1918              	.LASF28:
 1919 01e4 705F6F6C 		.ascii	"p_older\000"
 1919      64657200 
 1920              	.LASF59:
 1921 01ec 725F6374 		.ascii	"r_ctx\000"
 1921      7800
 1922              	.LASF41:
 1923 01f2 54687265 		.ascii	"ThreadsQueue\000"
 1923      61647351 
 1923      75657565 
 1923      00
 1924              	.LASF87:
 1925 01ff 474E5520 		.ascii	"GNU C 4.7.1\000"
 1925      4320342E 
 1925      372E3100 
 1926              	.LASF63:
 1927 020b 725F6375 		.ascii	"r_current\000"
 1927      7272656E 
 1927      7400
 1928              	.LASF61:
 1929 0215 725F6F6C 		.ascii	"r_older\000"
 1929      64657200 
 1930              	.LASF75:
 1931 021d 5F69646C 		.ascii	"_idle_thread\000"
 1931      655F7468 
 1931      72656164 
 1931      00
 1932              	.LASF16:
 1933 022a 74726566 		.ascii	"trefs_t\000"
 1933      735F7400 
 1934              	.LASF24:
 1935 0232 705F7072 		.ascii	"p_prev\000"
 1935      657600
 1936              	.LASF17:
 1937 0239 74707269 		.ascii	"tprio_t\000"
 1937      6F5F7400 
 1938              	.LASF7:
 1939 0241 696E7433 		.ascii	"int32_t\000"
 1939      325F7400 
ARM GAS  C:\DOCUME~1\ADMINI~1\LOCALS~1\Temp\ccVVQfG8.s 			page 37


 1940              	.LASF4:
 1941 0249 756E7369 		.ascii	"unsigned char\000"
 1941      676E6564 
 1941      20636861 
 1941      7200
 1942              	.LASF85:
 1943 0257 5F636F72 		.ascii	"_core_init\000"
 1943      655F696E 
 1943      697400
 1944              	.LASF38:
 1945 0262 705F6D74 		.ascii	"p_mtxlist\000"
 1945      786C6973 
 1945      7400
 1946              	.LASF5:
 1947 026c 73686F72 		.ascii	"short int\000"
 1947      7420696E 
 1947      7400
 1948              	.LASF30:
 1949 0276 705F7374 		.ascii	"p_state\000"
 1949      61746500 
 1950              	.LASF58:
 1951 027e 725F7072 		.ascii	"r_prio\000"
 1951      696F00
 1952              	.LASF72:
 1953 0285 65776D61 		.ascii	"ewmask\000"
 1953      736B00
 1954              	.LASF23:
 1955 028c 705F6E65 		.ascii	"p_next\000"
 1955      787400
 1956              	.LASF31:
 1957 0293 705F666C 		.ascii	"p_flags\000"
 1957      61677300 
 1958              	.LASF22:
 1959 029b 54687265 		.ascii	"Thread\000"
 1959      616400
 1960              	.LASF37:
 1961 02a2 705F6570 		.ascii	"p_epending\000"
 1961      656E6469 
 1961      6E6700
 1962              	.LASF9:
 1963 02ad 75696E74 		.ascii	"uint32_t\000"
 1963      33325F74 
 1963      00
 1964              	.LASF90:
 1965 02b6 5F746872 		.ascii	"_thread_init\000"
 1965      6561645F 
 1965      696E6974 
 1965      00
 1966              	.LASF57:
 1967 02c3 725F7175 		.ascii	"r_queue\000"
 1967      65756500 
 1968              	.LASF49:
 1969 02cb 56697274 		.ascii	"VirtualTimer\000"
 1969      75616C54 
 1969      696D6572 
 1969      00
 1970              	.LASF73:
ARM GAS  C:\DOCUME~1\ADMINI~1\LOCALS~1\Temp\ccVVQfG8.s 			page 38


 1971 02d8 63686172 		.ascii	"char\000"
 1971      00
 1972              	.LASF68:
 1973 02dd 6D5F6E65 		.ascii	"m_next\000"
 1973      787400
 1974              	.LASF20:
 1975 02e4 73797374 		.ascii	"systime_t\000"
 1975      696D655F 
 1975      7400
 1976              	.LASF39:
 1977 02ee 705F7265 		.ascii	"p_realprio\000"
 1977      616C7072 
 1977      696F00
 1978              	.LASF48:
 1979 02f9 76746675 		.ascii	"vtfunc_t\000"
 1979      6E635F74 
 1979      00
 1980              	.LASF84:
 1981 0302 5F76745F 		.ascii	"_vt_init\000"
 1981      696E6974 
 1981      00
 1982              	.LASF33:
 1983 030b 705F7469 		.ascii	"p_time\000"
 1983      6D6500
 1984              	.LASF45:
 1985 0312 696E7463 		.ascii	"intctx\000"
 1985      747800
 1986              	.LASF35:
 1987 0319 705F6D73 		.ascii	"p_msgqueue\000"
 1987      67717565 
 1987      756500
 1988              	.LASF54:
 1989 0324 76745F70 		.ascii	"vt_par\000"
 1989      617200
 1990              	.LASF32:
 1991 032b 705F7265 		.ascii	"p_refs\000"
 1991      667300
 1992              	.LASF64:
 1993 0332 52656164 		.ascii	"ReadyList\000"
 1993      794C6973 
 1993      7400
 1994              	.LASF80:
 1995 033c 726C6973 		.ascii	"rlist\000"
 1995      7400
 1996              	.LASF88:
 1997 0342 2E2E2F2E 		.ascii	"../../os/kernel/src/chsys.c\000"
 1997      2E2F6F73 
 1997      2F6B6572 
 1997      6E656C2F 
 1997      7372632F 
 1998              	.LASF3:
 1999 035e 75696E74 		.ascii	"uint8_t\000"
 1999      385F7400 
 2000              	.LASF82:
 2001 0366 5F706F72 		.ascii	"_port_init\000"
 2001      745F696E 
 2001      697400
ARM GAS  C:\DOCUME~1\ADMINI~1\LOCALS~1\Temp\ccVVQfG8.s 			page 39


 2002              	.LASF71:
 2003 0371 77746F62 		.ascii	"wtobjp\000"
 2003      6A7000
 2004              	.LASF29:
 2005 0378 705F6E61 		.ascii	"p_name\000"
 2005      6D6500
 2006              	.LASF55:
 2007 037f 76745F73 		.ascii	"vt_systime\000"
 2007      79737469 
 2007      6D6500
 2008              	.LASF56:
 2009 038a 56544C69 		.ascii	"VTList\000"
 2009      737400
 2010              	.LASF62:
 2011 0391 725F7072 		.ascii	"r_preempt\000"
 2011      65656D70 
 2011      7400
 2012              	.LASF67:
 2013 039b 6D5F6F77 		.ascii	"m_owner\000"
 2013      6E657200 
 2014              	.LASF26:
 2015 03a3 705F6374 		.ascii	"p_ctx\000"
 2015      7800
 2016              	.LASF34:
 2017 03a9 705F7761 		.ascii	"p_waiting\000"
 2017      6974696E 
 2017      6700
 2018              		.ident	"GCC: (GNU) 4.7.1"
ARM GAS  C:\DOCUME~1\ADMINI~1\LOCALS~1\Temp\ccVVQfG8.s 			page 40


DEFINED SYMBOLS
                            *ABS*:00000000 chsys.c
C:\DOCUME~1\ADMINI~1\LOCALS~1\Temp\ccVVQfG8.s:19     .text._idle_thread:00000000 $t
C:\DOCUME~1\ADMINI~1\LOCALS~1\Temp\ccVVQfG8.s:24     .text._idle_thread:00000000 _idle_thread
C:\DOCUME~1\ADMINI~1\LOCALS~1\Temp\ccVVQfG8.s:43     .text._idle_thread:0000000c $d
C:\DOCUME~1\ADMINI~1\LOCALS~1\Temp\ccVVQfG8.s:49     .text.chSysInit:00000000 $t
C:\DOCUME~1\ADMINI~1\LOCALS~1\Temp\ccVVQfG8.s:54     .text.chSysInit:00000000 chSysInit
C:\DOCUME~1\ADMINI~1\LOCALS~1\Temp\ccVVQfG8.s:220    .bss.mainthread.4794:00000000 .LANCHOR0
C:\DOCUME~1\ADMINI~1\LOCALS~1\Temp\ccVVQfG8.s:216    .rodata.str1.4:00000008 .LC1
C:\DOCUME~1\ADMINI~1\LOCALS~1\Temp\ccVVQfG8.s:227    .bss._idle_thread_wa:00000000 .LANCHOR1
C:\DOCUME~1\ADMINI~1\LOCALS~1\Temp\ccVVQfG8.s:129    .text.chSysTimerHandlerI:00000000 $t
C:\DOCUME~1\ADMINI~1\LOCALS~1\Temp\ccVVQfG8.s:134    .text.chSysTimerHandlerI:00000000 chSysTimerHandlerI
C:\DOCUME~1\ADMINI~1\LOCALS~1\Temp\ccVVQfG8.s:204    .text.chSysTimerHandlerI:00000044 $d
C:\DOCUME~1\ADMINI~1\LOCALS~1\Temp\ccVVQfG8.s:230    .bss._idle_thread_wa:00000000 _idle_thread_wa
C:\DOCUME~1\ADMINI~1\LOCALS~1\Temp\ccVVQfG8.s:212    .rodata.str1.4:00000000 $d
C:\DOCUME~1\ADMINI~1\LOCALS~1\Temp\ccVVQfG8.s:219    .bss.mainthread.4794:00000000 $d
C:\DOCUME~1\ADMINI~1\LOCALS~1\Temp\ccVVQfG8.s:223    .bss.mainthread.4794:00000000 mainthread.4794
C:\DOCUME~1\ADMINI~1\LOCALS~1\Temp\ccVVQfG8.s:226    .bss._idle_thread_wa:00000000 $d
                     .debug_frame:00000010 $d

UNDEFINED SYMBOLS
rlist
_port_init
_scheduler_init
_vt_init
_core_init
_heap_init
_thread_init
chThdCreateStatic
vtlist
