ARM GAS  C:\DOCUME~1\ADMINI~1\LOCALS~1\Temp\ccLdFhPT.s 			page 1


   1              		.syntax unified
   2              		.cpu cortex-m3
   3              		.fpu softvfp
   4              		.eabi_attribute 20, 1
   5              		.eabi_attribute 21, 1
   6              		.eabi_attribute 23, 3
   7              		.eabi_attribute 24, 1
   8              		.eabi_attribute 25, 1
   9              		.eabi_attribute 26, 1
  10              		.eabi_attribute 30, 2
  11              		.eabi_attribute 34, 1
  12              		.eabi_attribute 18, 4
  13              		.thumb
  14              		.file	"chmemcore.c"
  15              		.text
  16              	.Ltext0:
  17              		.cfi_sections	.debug_frame
  18              		.section	.text._core_init,"ax",%progbits
  19              		.align	2
  20              		.global	_core_init
  21              		.thumb
  22              		.thumb_func
  23              		.type	_core_init, %function
  24              	_core_init:
  25              	.LFB7:
  26              		.file 1 "../../os/kernel/src/chmemcore.c"
  27              		.loc 1 66 0
  28              		.cfi_startproc
  29              		@ args = 0, pretend = 0, frame = 0
  30              		@ frame_needed = 0, uses_anonymous_args = 0
  31              		@ link register save eliminated.
  32              		.loc 1 71 0
  33 0000 40F20001 		movw	r1, #:lower16:__heap_end__
  34              		.loc 1 70 0
  35 0004 0848     		ldr	r0, .L2
  36 0006 40F20002 		movw	r2, #:lower16:.LANCHOR0
  37              		.loc 1 71 0
  38 000a 40F20003 		movw	r3, #:lower16:.LANCHOR1
  39 000e C0F20001 		movt	r1, #:upper16:__heap_end__
  40              		.loc 1 70 0
  41 0012 C0F20002 		movt	r2, #:upper16:.LANCHOR0
  42 0016 20F00700 		bic	r0, r0, #7
  43              		.loc 1 71 0
  44 001a C0F20003 		movt	r3, #:upper16:.LANCHOR1
  45 001e 21F00701 		bic	r1, r1, #7
  46              		.loc 1 70 0
  47 0022 1060     		str	r0, [r2, #0]
  48              		.loc 1 71 0
  49 0024 1960     		str	r1, [r3, #0]
  50 0026 7047     		bx	lr
  51              	.L3:
  52              		.align	2
  53              	.L2:
  54 0028 07000000 		.word	__heap_base__+7
  55              		.cfi_endproc
  56              	.LFE7:
  57              		.size	_core_init, .-_core_init
ARM GAS  C:\DOCUME~1\ADMINI~1\LOCALS~1\Temp\ccLdFhPT.s 			page 2


  58              		.section	.text.chCoreAlloc,"ax",%progbits
  59              		.align	2
  60              		.global	chCoreAlloc
  61              		.thumb
  62              		.thumb_func
  63              		.type	chCoreAlloc, %function
  64              	chCoreAlloc:
  65              	.LFB8:
  66              		.loc 1 91 0
  67              		.cfi_startproc
  68              		@ args = 0, pretend = 0, frame = 0
  69              		@ frame_needed = 0, uses_anonymous_args = 0
  70              		@ link register save eliminated.
  71              	.LVL0:
  72              	.LBB6:
  73              		.loc 1 94 0
  74 0000 2023     		movs	r3, #32
  75              	.LVL1:
  76              	@ 94 "../../os/kernel/src/chmemcore.c" 1
  77 0002 83F31188 		msr     BASEPRI, r3
  78              	@ 0 "" 2
  79              	.LVL2:
  80              		.thumb
  81              	.LBE6:
  82              	.LBB7:
  83              	.LBB8:
  84              		.loc 1 118 0
  85 0006 094B     		ldr	r3, .L7
  86              	.LVL3:
  87 0008 0949     		ldr	r1, .L7+4
  88 000a 1A68     		ldr	r2, [r3, #0]
  89 000c 0968     		ldr	r1, [r1, #0]
  90              		.loc 1 117 0
  91 000e 0730     		adds	r0, r0, #7
  92              	.LVL4:
  93 0010 20F00700 		bic	r0, r0, #7
  94              	.LVL5:
  95              		.loc 1 118 0
  96 0014 891A     		subs	r1, r1, r2
  97 0016 8842     		cmp	r0, r1
  98              	.LVL6:
  99              		.loc 1 121 0
 100 0018 9ABF     		itte	ls
 101 001a 1018     		addls	r0, r2, r0
 102              	.LVL7:
 103 001c 1860     		strls	r0, [r3, #0]
 104              		.loc 1 119 0
 105 001e 0022     		movhi	r2, #0
 106              	.LVL8:
 107              	.LBE8:
 108              	.LBE7:
 109              	.LBB9:
 110              		.loc 1 96 0
 111 0020 0023     		movs	r3, #0
 112              	.LVL9:
 113              	@ 96 "../../os/kernel/src/chmemcore.c" 1
 114 0022 83F31188 		msr     BASEPRI, r3
ARM GAS  C:\DOCUME~1\ADMINI~1\LOCALS~1\Temp\ccLdFhPT.s 			page 3


 115              	@ 0 "" 2
 116              	.LVL10:
 117              		.thumb
 118              	.LBE9:
 119              		.loc 1 98 0
 120 0026 1046     		mov	r0, r2
 121 0028 7047     		bx	lr
 122              	.L8:
 123 002a 00BF     		.align	2
 124              	.L7:
 125 002c 00000000 		.word	.LANCHOR0
 126 0030 00000000 		.word	.LANCHOR1
 127              		.cfi_endproc
 128              	.LFE8:
 129              		.size	chCoreAlloc, .-chCoreAlloc
 130              		.section	.text.chCoreAllocI,"ax",%progbits
 131              		.align	2
 132              		.global	chCoreAllocI
 133              		.thumb
 134              		.thumb_func
 135              		.type	chCoreAllocI, %function
 136              	chCoreAllocI:
 137              	.LFB9:
 138              		.loc 1 112 0
 139              		.cfi_startproc
 140              		@ args = 0, pretend = 0, frame = 0
 141              		@ frame_needed = 0, uses_anonymous_args = 0
 142              		@ link register save eliminated.
 143              	.LVL11:
 144              		.loc 1 118 0
 145 0000 074A     		ldr	r2, .L12
 146 0002 0849     		ldr	r1, .L12+4
 147 0004 1368     		ldr	r3, [r2, #0]
 148 0006 0968     		ldr	r1, [r1, #0]
 149              		.loc 1 117 0
 150 0008 0730     		adds	r0, r0, #7
 151              	.LVL12:
 152 000a 20F00700 		bic	r0, r0, #7
 153              	.LVL13:
 154              		.loc 1 118 0
 155 000e C91A     		subs	r1, r1, r3
 156 0010 8842     		cmp	r0, r1
 157              	.LVL14:
 158              		.loc 1 121 0
 159 0012 9ABF     		itte	ls
 160 0014 1818     		addls	r0, r3, r0
 161              	.LVL15:
 162 0016 1060     		strls	r0, [r2, #0]
 163              		.loc 1 119 0
 164 0018 0023     		movhi	r3, #0
 165              	.LVL16:
 166              		.loc 1 123 0
 167 001a 1846     		mov	r0, r3
 168 001c 7047     		bx	lr
 169              	.L13:
 170 001e 00BF     		.align	2
 171              	.L12:
ARM GAS  C:\DOCUME~1\ADMINI~1\LOCALS~1\Temp\ccLdFhPT.s 			page 4


 172 0020 00000000 		.word	.LANCHOR0
 173 0024 00000000 		.word	.LANCHOR1
 174              		.cfi_endproc
 175              	.LFE9:
 176              		.size	chCoreAllocI, .-chCoreAllocI
 177              		.section	.text.chCoreStatus,"ax",%progbits
 178              		.align	2
 179              		.global	chCoreStatus
 180              		.thumb
 181              		.thumb_func
 182              		.type	chCoreStatus, %function
 183              	chCoreStatus:
 184              	.LFB10:
 185              		.loc 1 132 0
 186              		.cfi_startproc
 187              		@ args = 0, pretend = 0, frame = 0
 188              		@ frame_needed = 0, uses_anonymous_args = 0
 189              		@ link register save eliminated.
 190              		.loc 1 134 0
 191 0000 40F20002 		movw	r2, #:lower16:.LANCHOR1
 192 0004 40F20003 		movw	r3, #:lower16:.LANCHOR0
 193 0008 C0F20002 		movt	r2, #:upper16:.LANCHOR1
 194 000c C0F20003 		movt	r3, #:upper16:.LANCHOR0
 195 0010 1068     		ldr	r0, [r2, #0]
 196 0012 1B68     		ldr	r3, [r3, #0]
 197              		.loc 1 135 0
 198 0014 C01A     		subs	r0, r0, r3
 199 0016 7047     		bx	lr
 200              		.cfi_endproc
 201              	.LFE10:
 202              		.size	chCoreStatus, .-chCoreStatus
 203              		.section	.bss.endmem,"aw",%nobits
 204              		.align	2
 205              		.set	.LANCHOR1,. + 0
 206              		.type	endmem, %object
 207              		.size	endmem, 4
 208              	endmem:
 209 0000 00000000 		.space	4
 210              		.section	.bss.nextmem,"aw",%nobits
 211              		.align	2
 212              		.set	.LANCHOR0,. + 0
 213              		.type	nextmem, %object
 214              		.size	nextmem, 4
 215              	nextmem:
 216 0000 00000000 		.space	4
 217              		.text
 218              	.Letext0:
 219              		.file 2 "c:\\program files\\yagarto\\bin\\../lib/gcc/arm-none-eabi/4.7.1/include/stddef.h"
 220              		.file 3 "c:/program files/yagarto/lib/gcc/../../arm-none-eabi/sys-include/stdint.h"
 221              		.section	.debug_info,"",%progbits
 222              	.Ldebug_info0:
 223 0000 24020000 		.4byte	0x224
 224 0004 0200     		.2byte	0x2
 225 0006 00000000 		.4byte	.Ldebug_abbrev0
 226 000a 04       		.byte	0x4
 227 000b 01       		.uleb128 0x1
 228 000c 4B000000 		.4byte	.LASF18
ARM GAS  C:\DOCUME~1\ADMINI~1\LOCALS~1\Temp\ccLdFhPT.s 			page 5


 229 0010 01       		.byte	0x1
 230 0011 E0000000 		.4byte	.LASF19
 231 0015 80000000 		.4byte	.LASF20
 232 0019 00000000 		.4byte	.Ldebug_ranges0+0
 233 001d 00000000 		.4byte	0
 234 0021 00000000 		.4byte	0
 235 0025 00000000 		.4byte	.Ldebug_line0
 236 0029 02       		.uleb128 0x2
 237 002a 04       		.byte	0x4
 238 002b 05       		.byte	0x5
 239 002c 696E7400 		.ascii	"int\000"
 240 0030 03       		.uleb128 0x3
 241 0031 21000000 		.4byte	.LASF2
 242 0035 02       		.byte	0x2
 243 0036 D5       		.byte	0xd5
 244 0037 3B000000 		.4byte	0x3b
 245 003b 04       		.uleb128 0x4
 246 003c 04       		.byte	0x4
 247 003d 07       		.byte	0x7
 248 003e 3A010000 		.4byte	.LASF0
 249 0042 04       		.uleb128 0x4
 250 0043 01       		.byte	0x1
 251 0044 06       		.byte	0x6
 252 0045 14010000 		.4byte	.LASF1
 253 0049 03       		.uleb128 0x3
 254 004a A7000000 		.4byte	.LASF3
 255 004e 03       		.byte	0x3
 256 004f 2A       		.byte	0x2a
 257 0050 54000000 		.4byte	0x54
 258 0054 04       		.uleb128 0x4
 259 0055 01       		.byte	0x1
 260 0056 08       		.byte	0x8
 261 0057 AF000000 		.4byte	.LASF4
 262 005b 04       		.uleb128 0x4
 263 005c 02       		.byte	0x2
 264 005d 05       		.byte	0x5
 265 005e 30010000 		.4byte	.LASF5
 266 0062 04       		.uleb128 0x4
 267 0063 02       		.byte	0x2
 268 0064 07       		.byte	0x7
 269 0065 0E000000 		.4byte	.LASF6
 270 0069 04       		.uleb128 0x4
 271 006a 04       		.byte	0x4
 272 006b 05       		.byte	0x5
 273 006c D7000000 		.4byte	.LASF7
 274 0070 03       		.uleb128 0x3
 275 0071 CE000000 		.4byte	.LASF8
 276 0075 03       		.byte	0x3
 277 0076 50       		.byte	0x50
 278 0077 7B000000 		.4byte	0x7b
 279 007b 04       		.uleb128 0x4
 280 007c 04       		.byte	0x4
 281 007d 07       		.byte	0x7
 282 007e 57000000 		.4byte	.LASF9
 283 0082 04       		.uleb128 0x4
 284 0083 08       		.byte	0x8
 285 0084 05       		.byte	0x5
ARM GAS  C:\DOCUME~1\ADMINI~1\LOCALS~1\Temp\ccLdFhPT.s 			page 6


 286 0085 00000000 		.4byte	.LASF10
 287 0089 04       		.uleb128 0x4
 288 008a 08       		.byte	0x8
 289 008b 07       		.byte	0x7
 290 008c 69000000 		.4byte	.LASF11
 291 0090 05       		.uleb128 0x5
 292 0091 04       		.byte	0x4
 293 0092 04       		.uleb128 0x4
 294 0093 04       		.byte	0x4
 295 0094 07       		.byte	0x7
 296 0095 47010000 		.4byte	.LASF12
 297 0099 04       		.uleb128 0x4
 298 009a 01       		.byte	0x1
 299 009b 08       		.byte	0x8
 300 009c BD000000 		.4byte	.LASF13
 301 00a0 06       		.uleb128 0x6
 302 00a1 04       		.byte	0x4
 303 00a2 49000000 		.4byte	0x49
 304 00a6 07       		.uleb128 0x7
 305 00a7 01       		.byte	0x1
 306 00a8 07010000 		.4byte	.LASF21
 307 00ac 01       		.byte	0x1
 308 00ad 70       		.byte	0x70
 309 00ae 01       		.byte	0x1
 310 00af 90000000 		.4byte	0x90
 311 00b3 01       		.byte	0x1
 312 00b4 CD000000 		.4byte	0xcd
 313 00b8 08       		.uleb128 0x8
 314 00b9 20010000 		.4byte	.LASF22
 315 00bd 01       		.byte	0x1
 316 00be 70       		.byte	0x70
 317 00bf 30000000 		.4byte	0x30
 318 00c3 09       		.uleb128 0x9
 319 00c4 7000     		.ascii	"p\000"
 320 00c6 01       		.byte	0x1
 321 00c7 71       		.byte	0x71
 322 00c8 90000000 		.4byte	0x90
 323 00cc 00       		.byte	0
 324 00cd 0A       		.uleb128 0xa
 325 00ce 01       		.byte	0x1
 326 00cf 25010000 		.4byte	.LASF23
 327 00d3 01       		.byte	0x1
 328 00d4 42       		.byte	0x42
 329 00d5 01       		.byte	0x1
 330 00d6 00000000 		.4byte	.LFB7
 331 00da 2C000000 		.4byte	.LFE7
 332 00de 02       		.byte	0x2
 333 00df 7D       		.byte	0x7d
 334 00e0 00       		.sleb128 0
 335 00e1 01       		.byte	0x1
 336 00e2 01010000 		.4byte	0x101
 337 00e6 0B       		.uleb128 0xb
 338 00e7 3D000000 		.4byte	.LASF14
 339 00eb 01       		.byte	0x1
 340 00ec 44       		.byte	0x44
 341 00ed 01010000 		.4byte	0x101
 342 00f1 01       		.byte	0x1
ARM GAS  C:\DOCUME~1\ADMINI~1\LOCALS~1\Temp\ccLdFhPT.s 			page 7


 343 00f2 01       		.byte	0x1
 344 00f3 0B       		.uleb128 0xb
 345 00f4 30000000 		.4byte	.LASF15
 346 00f8 01       		.byte	0x1
 347 00f9 45       		.byte	0x45
 348 00fa 01010000 		.4byte	0x101
 349 00fe 01       		.byte	0x1
 350 00ff 01       		.byte	0x1
 351 0100 00       		.byte	0
 352 0101 0C       		.uleb128 0xc
 353 0102 49000000 		.4byte	0x49
 354 0106 0C010000 		.4byte	0x10c
 355 010a 0D       		.uleb128 0xd
 356 010b 00       		.byte	0
 357 010c 0E       		.uleb128 0xe
 358 010d 01       		.byte	0x1
 359 010e C2000000 		.4byte	.LASF24
 360 0112 01       		.byte	0x1
 361 0113 5B       		.byte	0x5b
 362 0114 01       		.byte	0x1
 363 0115 90000000 		.4byte	0x90
 364 0119 00000000 		.4byte	.LFB8
 365 011d 34000000 		.4byte	.LFE8
 366 0121 02       		.byte	0x2
 367 0122 7D       		.byte	0x7d
 368 0123 00       		.sleb128 0
 369 0124 01       		.byte	0x1
 370 0125 AA010000 		.4byte	0x1aa
 371 0129 0F       		.uleb128 0xf
 372 012a 20010000 		.4byte	.LASF22
 373 012e 01       		.byte	0x1
 374 012f 5B       		.byte	0x5b
 375 0130 30000000 		.4byte	0x30
 376 0134 00000000 		.4byte	.LLST0
 377 0138 10       		.uleb128 0x10
 378 0139 7000     		.ascii	"p\000"
 379 013b 01       		.byte	0x1
 380 013c 5C       		.byte	0x5c
 381 013d 90000000 		.4byte	0x90
 382 0141 01       		.byte	0x1
 383 0142 52       		.byte	0x52
 384 0143 11       		.uleb128 0x11
 385 0144 00000000 		.4byte	.LBB6
 386 0148 06000000 		.4byte	.LBE6
 387 014c 60010000 		.4byte	0x160
 388 0150 12       		.uleb128 0x12
 389 0151 746D7000 		.ascii	"tmp\000"
 390 0155 01       		.byte	0x1
 391 0156 5E       		.byte	0x5e
 392 0157 70000000 		.4byte	0x70
 393 015b 2E000000 		.4byte	.LLST1
 394 015f 00       		.byte	0
 395 0160 13       		.uleb128 0x13
 396 0161 A6000000 		.4byte	0xa6
 397 0165 06000000 		.4byte	.LBB7
 398 0169 20000000 		.4byte	.LBE7
 399 016d 01       		.byte	0x1
ARM GAS  C:\DOCUME~1\ADMINI~1\LOCALS~1\Temp\ccLdFhPT.s 			page 8


 400 016e 5F       		.byte	0x5f
 401 016f 90010000 		.4byte	0x190
 402 0173 14       		.uleb128 0x14
 403 0174 B8000000 		.4byte	0xb8
 404 0178 41000000 		.4byte	.LLST2
 405 017c 15       		.uleb128 0x15
 406 017d 06000000 		.4byte	.LBB8
 407 0181 20000000 		.4byte	.LBE8
 408 0185 16       		.uleb128 0x16
 409 0186 C3000000 		.4byte	0xc3
 410 018a 7F000000 		.4byte	.LLST3
 411 018e 00       		.byte	0
 412 018f 00       		.byte	0
 413 0190 15       		.uleb128 0x15
 414 0191 20000000 		.4byte	.LBB9
 415 0195 26000000 		.4byte	.LBE9
 416 0199 12       		.uleb128 0x12
 417 019a 746D7000 		.ascii	"tmp\000"
 418 019e 01       		.byte	0x1
 419 019f 60       		.byte	0x60
 420 01a0 70000000 		.4byte	0x70
 421 01a4 A1000000 		.4byte	.LLST4
 422 01a8 00       		.byte	0
 423 01a9 00       		.byte	0
 424 01aa 17       		.uleb128 0x17
 425 01ab A6000000 		.4byte	0xa6
 426 01af 00000000 		.4byte	.LFB9
 427 01b3 28000000 		.4byte	.LFE9
 428 01b7 02       		.byte	0x2
 429 01b8 7D       		.byte	0x7d
 430 01b9 00       		.sleb128 0
 431 01ba 01       		.byte	0x1
 432 01bb D2010000 		.4byte	0x1d2
 433 01bf 14       		.uleb128 0x14
 434 01c0 B8000000 		.4byte	0xb8
 435 01c4 B4000000 		.4byte	.LLST5
 436 01c8 16       		.uleb128 0x16
 437 01c9 C3000000 		.4byte	0xc3
 438 01cd F2000000 		.4byte	.LLST6
 439 01d1 00       		.byte	0
 440 01d2 18       		.uleb128 0x18
 441 01d3 01       		.byte	0x1
 442 01d4 50010000 		.4byte	.LASF25
 443 01d8 01       		.byte	0x1
 444 01d9 84       		.byte	0x84
 445 01da 01       		.byte	0x1
 446 01db 30000000 		.4byte	0x30
 447 01df 00000000 		.4byte	.LFB10
 448 01e3 18000000 		.4byte	.LFE10
 449 01e7 02       		.byte	0x2
 450 01e8 7D       		.byte	0x7d
 451 01e9 00       		.sleb128 0
 452 01ea 01       		.byte	0x1
 453 01eb 19       		.uleb128 0x19
 454 01ec 28000000 		.4byte	.LASF16
 455 01f0 01       		.byte	0x1
 456 01f1 3A       		.byte	0x3a
ARM GAS  C:\DOCUME~1\ADMINI~1\LOCALS~1\Temp\ccLdFhPT.s 			page 9


 457 01f2 A0000000 		.4byte	0xa0
 458 01f6 05       		.byte	0x5
 459 01f7 03       		.byte	0x3
 460 01f8 00000000 		.4byte	nextmem
 461 01fc 19       		.uleb128 0x19
 462 01fd 00010000 		.4byte	.LASF17
 463 0201 01       		.byte	0x1
 464 0202 3B       		.byte	0x3b
 465 0203 A0000000 		.4byte	0xa0
 466 0207 05       		.byte	0x5
 467 0208 03       		.byte	0x3
 468 0209 00000000 		.4byte	endmem
 469 020d 0B       		.uleb128 0xb
 470 020e 3D000000 		.4byte	.LASF14
 471 0212 01       		.byte	0x1
 472 0213 44       		.byte	0x44
 473 0214 01010000 		.4byte	0x101
 474 0218 01       		.byte	0x1
 475 0219 01       		.byte	0x1
 476 021a 0B       		.uleb128 0xb
 477 021b 30000000 		.4byte	.LASF15
 478 021f 01       		.byte	0x1
 479 0220 45       		.byte	0x45
 480 0221 01010000 		.4byte	0x101
 481 0225 01       		.byte	0x1
 482 0226 01       		.byte	0x1
 483 0227 00       		.byte	0
 484              		.section	.debug_abbrev,"",%progbits
 485              	.Ldebug_abbrev0:
 486 0000 01       		.uleb128 0x1
 487 0001 11       		.uleb128 0x11
 488 0002 01       		.byte	0x1
 489 0003 25       		.uleb128 0x25
 490 0004 0E       		.uleb128 0xe
 491 0005 13       		.uleb128 0x13
 492 0006 0B       		.uleb128 0xb
 493 0007 03       		.uleb128 0x3
 494 0008 0E       		.uleb128 0xe
 495 0009 1B       		.uleb128 0x1b
 496 000a 0E       		.uleb128 0xe
 497 000b 55       		.uleb128 0x55
 498 000c 06       		.uleb128 0x6
 499 000d 11       		.uleb128 0x11
 500 000e 01       		.uleb128 0x1
 501 000f 52       		.uleb128 0x52
 502 0010 01       		.uleb128 0x1
 503 0011 10       		.uleb128 0x10
 504 0012 06       		.uleb128 0x6
 505 0013 00       		.byte	0
 506 0014 00       		.byte	0
 507 0015 02       		.uleb128 0x2
 508 0016 24       		.uleb128 0x24
 509 0017 00       		.byte	0
 510 0018 0B       		.uleb128 0xb
 511 0019 0B       		.uleb128 0xb
 512 001a 3E       		.uleb128 0x3e
 513 001b 0B       		.uleb128 0xb
ARM GAS  C:\DOCUME~1\ADMINI~1\LOCALS~1\Temp\ccLdFhPT.s 			page 10


 514 001c 03       		.uleb128 0x3
 515 001d 08       		.uleb128 0x8
 516 001e 00       		.byte	0
 517 001f 00       		.byte	0
 518 0020 03       		.uleb128 0x3
 519 0021 16       		.uleb128 0x16
 520 0022 00       		.byte	0
 521 0023 03       		.uleb128 0x3
 522 0024 0E       		.uleb128 0xe
 523 0025 3A       		.uleb128 0x3a
 524 0026 0B       		.uleb128 0xb
 525 0027 3B       		.uleb128 0x3b
 526 0028 0B       		.uleb128 0xb
 527 0029 49       		.uleb128 0x49
 528 002a 13       		.uleb128 0x13
 529 002b 00       		.byte	0
 530 002c 00       		.byte	0
 531 002d 04       		.uleb128 0x4
 532 002e 24       		.uleb128 0x24
 533 002f 00       		.byte	0
 534 0030 0B       		.uleb128 0xb
 535 0031 0B       		.uleb128 0xb
 536 0032 3E       		.uleb128 0x3e
 537 0033 0B       		.uleb128 0xb
 538 0034 03       		.uleb128 0x3
 539 0035 0E       		.uleb128 0xe
 540 0036 00       		.byte	0
 541 0037 00       		.byte	0
 542 0038 05       		.uleb128 0x5
 543 0039 0F       		.uleb128 0xf
 544 003a 00       		.byte	0
 545 003b 0B       		.uleb128 0xb
 546 003c 0B       		.uleb128 0xb
 547 003d 00       		.byte	0
 548 003e 00       		.byte	0
 549 003f 06       		.uleb128 0x6
 550 0040 0F       		.uleb128 0xf
 551 0041 00       		.byte	0
 552 0042 0B       		.uleb128 0xb
 553 0043 0B       		.uleb128 0xb
 554 0044 49       		.uleb128 0x49
 555 0045 13       		.uleb128 0x13
 556 0046 00       		.byte	0
 557 0047 00       		.byte	0
 558 0048 07       		.uleb128 0x7
 559 0049 2E       		.uleb128 0x2e
 560 004a 01       		.byte	0x1
 561 004b 3F       		.uleb128 0x3f
 562 004c 0C       		.uleb128 0xc
 563 004d 03       		.uleb128 0x3
 564 004e 0E       		.uleb128 0xe
 565 004f 3A       		.uleb128 0x3a
 566 0050 0B       		.uleb128 0xb
 567 0051 3B       		.uleb128 0x3b
 568 0052 0B       		.uleb128 0xb
 569 0053 27       		.uleb128 0x27
 570 0054 0C       		.uleb128 0xc
ARM GAS  C:\DOCUME~1\ADMINI~1\LOCALS~1\Temp\ccLdFhPT.s 			page 11


 571 0055 49       		.uleb128 0x49
 572 0056 13       		.uleb128 0x13
 573 0057 20       		.uleb128 0x20
 574 0058 0B       		.uleb128 0xb
 575 0059 01       		.uleb128 0x1
 576 005a 13       		.uleb128 0x13
 577 005b 00       		.byte	0
 578 005c 00       		.byte	0
 579 005d 08       		.uleb128 0x8
 580 005e 05       		.uleb128 0x5
 581 005f 00       		.byte	0
 582 0060 03       		.uleb128 0x3
 583 0061 0E       		.uleb128 0xe
 584 0062 3A       		.uleb128 0x3a
 585 0063 0B       		.uleb128 0xb
 586 0064 3B       		.uleb128 0x3b
 587 0065 0B       		.uleb128 0xb
 588 0066 49       		.uleb128 0x49
 589 0067 13       		.uleb128 0x13
 590 0068 00       		.byte	0
 591 0069 00       		.byte	0
 592 006a 09       		.uleb128 0x9
 593 006b 34       		.uleb128 0x34
 594 006c 00       		.byte	0
 595 006d 03       		.uleb128 0x3
 596 006e 08       		.uleb128 0x8
 597 006f 3A       		.uleb128 0x3a
 598 0070 0B       		.uleb128 0xb
 599 0071 3B       		.uleb128 0x3b
 600 0072 0B       		.uleb128 0xb
 601 0073 49       		.uleb128 0x49
 602 0074 13       		.uleb128 0x13
 603 0075 00       		.byte	0
 604 0076 00       		.byte	0
 605 0077 0A       		.uleb128 0xa
 606 0078 2E       		.uleb128 0x2e
 607 0079 01       		.byte	0x1
 608 007a 3F       		.uleb128 0x3f
 609 007b 0C       		.uleb128 0xc
 610 007c 03       		.uleb128 0x3
 611 007d 0E       		.uleb128 0xe
 612 007e 3A       		.uleb128 0x3a
 613 007f 0B       		.uleb128 0xb
 614 0080 3B       		.uleb128 0x3b
 615 0081 0B       		.uleb128 0xb
 616 0082 27       		.uleb128 0x27
 617 0083 0C       		.uleb128 0xc
 618 0084 11       		.uleb128 0x11
 619 0085 01       		.uleb128 0x1
 620 0086 12       		.uleb128 0x12
 621 0087 01       		.uleb128 0x1
 622 0088 40       		.uleb128 0x40
 623 0089 0A       		.uleb128 0xa
 624 008a 9742     		.uleb128 0x2117
 625 008c 0C       		.uleb128 0xc
 626 008d 01       		.uleb128 0x1
 627 008e 13       		.uleb128 0x13
ARM GAS  C:\DOCUME~1\ADMINI~1\LOCALS~1\Temp\ccLdFhPT.s 			page 12


 628 008f 00       		.byte	0
 629 0090 00       		.byte	0
 630 0091 0B       		.uleb128 0xb
 631 0092 34       		.uleb128 0x34
 632 0093 00       		.byte	0
 633 0094 03       		.uleb128 0x3
 634 0095 0E       		.uleb128 0xe
 635 0096 3A       		.uleb128 0x3a
 636 0097 0B       		.uleb128 0xb
 637 0098 3B       		.uleb128 0x3b
 638 0099 0B       		.uleb128 0xb
 639 009a 49       		.uleb128 0x49
 640 009b 13       		.uleb128 0x13
 641 009c 3F       		.uleb128 0x3f
 642 009d 0C       		.uleb128 0xc
 643 009e 3C       		.uleb128 0x3c
 644 009f 0C       		.uleb128 0xc
 645 00a0 00       		.byte	0
 646 00a1 00       		.byte	0
 647 00a2 0C       		.uleb128 0xc
 648 00a3 01       		.uleb128 0x1
 649 00a4 01       		.byte	0x1
 650 00a5 49       		.uleb128 0x49
 651 00a6 13       		.uleb128 0x13
 652 00a7 01       		.uleb128 0x1
 653 00a8 13       		.uleb128 0x13
 654 00a9 00       		.byte	0
 655 00aa 00       		.byte	0
 656 00ab 0D       		.uleb128 0xd
 657 00ac 21       		.uleb128 0x21
 658 00ad 00       		.byte	0
 659 00ae 00       		.byte	0
 660 00af 00       		.byte	0
 661 00b0 0E       		.uleb128 0xe
 662 00b1 2E       		.uleb128 0x2e
 663 00b2 01       		.byte	0x1
 664 00b3 3F       		.uleb128 0x3f
 665 00b4 0C       		.uleb128 0xc
 666 00b5 03       		.uleb128 0x3
 667 00b6 0E       		.uleb128 0xe
 668 00b7 3A       		.uleb128 0x3a
 669 00b8 0B       		.uleb128 0xb
 670 00b9 3B       		.uleb128 0x3b
 671 00ba 0B       		.uleb128 0xb
 672 00bb 27       		.uleb128 0x27
 673 00bc 0C       		.uleb128 0xc
 674 00bd 49       		.uleb128 0x49
 675 00be 13       		.uleb128 0x13
 676 00bf 11       		.uleb128 0x11
 677 00c0 01       		.uleb128 0x1
 678 00c1 12       		.uleb128 0x12
 679 00c2 01       		.uleb128 0x1
 680 00c3 40       		.uleb128 0x40
 681 00c4 0A       		.uleb128 0xa
 682 00c5 9742     		.uleb128 0x2117
 683 00c7 0C       		.uleb128 0xc
 684 00c8 01       		.uleb128 0x1
ARM GAS  C:\DOCUME~1\ADMINI~1\LOCALS~1\Temp\ccLdFhPT.s 			page 13


 685 00c9 13       		.uleb128 0x13
 686 00ca 00       		.byte	0
 687 00cb 00       		.byte	0
 688 00cc 0F       		.uleb128 0xf
 689 00cd 05       		.uleb128 0x5
 690 00ce 00       		.byte	0
 691 00cf 03       		.uleb128 0x3
 692 00d0 0E       		.uleb128 0xe
 693 00d1 3A       		.uleb128 0x3a
 694 00d2 0B       		.uleb128 0xb
 695 00d3 3B       		.uleb128 0x3b
 696 00d4 0B       		.uleb128 0xb
 697 00d5 49       		.uleb128 0x49
 698 00d6 13       		.uleb128 0x13
 699 00d7 02       		.uleb128 0x2
 700 00d8 06       		.uleb128 0x6
 701 00d9 00       		.byte	0
 702 00da 00       		.byte	0
 703 00db 10       		.uleb128 0x10
 704 00dc 34       		.uleb128 0x34
 705 00dd 00       		.byte	0
 706 00de 03       		.uleb128 0x3
 707 00df 08       		.uleb128 0x8
 708 00e0 3A       		.uleb128 0x3a
 709 00e1 0B       		.uleb128 0xb
 710 00e2 3B       		.uleb128 0x3b
 711 00e3 0B       		.uleb128 0xb
 712 00e4 49       		.uleb128 0x49
 713 00e5 13       		.uleb128 0x13
 714 00e6 02       		.uleb128 0x2
 715 00e7 0A       		.uleb128 0xa
 716 00e8 00       		.byte	0
 717 00e9 00       		.byte	0
 718 00ea 11       		.uleb128 0x11
 719 00eb 0B       		.uleb128 0xb
 720 00ec 01       		.byte	0x1
 721 00ed 11       		.uleb128 0x11
 722 00ee 01       		.uleb128 0x1
 723 00ef 12       		.uleb128 0x12
 724 00f0 01       		.uleb128 0x1
 725 00f1 01       		.uleb128 0x1
 726 00f2 13       		.uleb128 0x13
 727 00f3 00       		.byte	0
 728 00f4 00       		.byte	0
 729 00f5 12       		.uleb128 0x12
 730 00f6 34       		.uleb128 0x34
 731 00f7 00       		.byte	0
 732 00f8 03       		.uleb128 0x3
 733 00f9 08       		.uleb128 0x8
 734 00fa 3A       		.uleb128 0x3a
 735 00fb 0B       		.uleb128 0xb
 736 00fc 3B       		.uleb128 0x3b
 737 00fd 0B       		.uleb128 0xb
 738 00fe 49       		.uleb128 0x49
 739 00ff 13       		.uleb128 0x13
 740 0100 02       		.uleb128 0x2
 741 0101 06       		.uleb128 0x6
ARM GAS  C:\DOCUME~1\ADMINI~1\LOCALS~1\Temp\ccLdFhPT.s 			page 14


 742 0102 00       		.byte	0
 743 0103 00       		.byte	0
 744 0104 13       		.uleb128 0x13
 745 0105 1D       		.uleb128 0x1d
 746 0106 01       		.byte	0x1
 747 0107 31       		.uleb128 0x31
 748 0108 13       		.uleb128 0x13
 749 0109 11       		.uleb128 0x11
 750 010a 01       		.uleb128 0x1
 751 010b 12       		.uleb128 0x12
 752 010c 01       		.uleb128 0x1
 753 010d 58       		.uleb128 0x58
 754 010e 0B       		.uleb128 0xb
 755 010f 59       		.uleb128 0x59
 756 0110 0B       		.uleb128 0xb
 757 0111 01       		.uleb128 0x1
 758 0112 13       		.uleb128 0x13
 759 0113 00       		.byte	0
 760 0114 00       		.byte	0
 761 0115 14       		.uleb128 0x14
 762 0116 05       		.uleb128 0x5
 763 0117 00       		.byte	0
 764 0118 31       		.uleb128 0x31
 765 0119 13       		.uleb128 0x13
 766 011a 02       		.uleb128 0x2
 767 011b 06       		.uleb128 0x6
 768 011c 00       		.byte	0
 769 011d 00       		.byte	0
 770 011e 15       		.uleb128 0x15
 771 011f 0B       		.uleb128 0xb
 772 0120 01       		.byte	0x1
 773 0121 11       		.uleb128 0x11
 774 0122 01       		.uleb128 0x1
 775 0123 12       		.uleb128 0x12
 776 0124 01       		.uleb128 0x1
 777 0125 00       		.byte	0
 778 0126 00       		.byte	0
 779 0127 16       		.uleb128 0x16
 780 0128 34       		.uleb128 0x34
 781 0129 00       		.byte	0
 782 012a 31       		.uleb128 0x31
 783 012b 13       		.uleb128 0x13
 784 012c 02       		.uleb128 0x2
 785 012d 06       		.uleb128 0x6
 786 012e 00       		.byte	0
 787 012f 00       		.byte	0
 788 0130 17       		.uleb128 0x17
 789 0131 2E       		.uleb128 0x2e
 790 0132 01       		.byte	0x1
 791 0133 31       		.uleb128 0x31
 792 0134 13       		.uleb128 0x13
 793 0135 11       		.uleb128 0x11
 794 0136 01       		.uleb128 0x1
 795 0137 12       		.uleb128 0x12
 796 0138 01       		.uleb128 0x1
 797 0139 40       		.uleb128 0x40
 798 013a 0A       		.uleb128 0xa
ARM GAS  C:\DOCUME~1\ADMINI~1\LOCALS~1\Temp\ccLdFhPT.s 			page 15


 799 013b 9742     		.uleb128 0x2117
 800 013d 0C       		.uleb128 0xc
 801 013e 01       		.uleb128 0x1
 802 013f 13       		.uleb128 0x13
 803 0140 00       		.byte	0
 804 0141 00       		.byte	0
 805 0142 18       		.uleb128 0x18
 806 0143 2E       		.uleb128 0x2e
 807 0144 00       		.byte	0
 808 0145 3F       		.uleb128 0x3f
 809 0146 0C       		.uleb128 0xc
 810 0147 03       		.uleb128 0x3
 811 0148 0E       		.uleb128 0xe
 812 0149 3A       		.uleb128 0x3a
 813 014a 0B       		.uleb128 0xb
 814 014b 3B       		.uleb128 0x3b
 815 014c 0B       		.uleb128 0xb
 816 014d 27       		.uleb128 0x27
 817 014e 0C       		.uleb128 0xc
 818 014f 49       		.uleb128 0x49
 819 0150 13       		.uleb128 0x13
 820 0151 11       		.uleb128 0x11
 821 0152 01       		.uleb128 0x1
 822 0153 12       		.uleb128 0x12
 823 0154 01       		.uleb128 0x1
 824 0155 40       		.uleb128 0x40
 825 0156 0A       		.uleb128 0xa
 826 0157 9742     		.uleb128 0x2117
 827 0159 0C       		.uleb128 0xc
 828 015a 00       		.byte	0
 829 015b 00       		.byte	0
 830 015c 19       		.uleb128 0x19
 831 015d 34       		.uleb128 0x34
 832 015e 00       		.byte	0
 833 015f 03       		.uleb128 0x3
 834 0160 0E       		.uleb128 0xe
 835 0161 3A       		.uleb128 0x3a
 836 0162 0B       		.uleb128 0xb
 837 0163 3B       		.uleb128 0x3b
 838 0164 0B       		.uleb128 0xb
 839 0165 49       		.uleb128 0x49
 840 0166 13       		.uleb128 0x13
 841 0167 02       		.uleb128 0x2
 842 0168 0A       		.uleb128 0xa
 843 0169 00       		.byte	0
 844 016a 00       		.byte	0
 845 016b 00       		.byte	0
 846              		.section	.debug_loc,"",%progbits
 847              	.Ldebug_loc0:
 848              	.LLST0:
 849 0000 00000000 		.4byte	.LVL0
 850 0004 10000000 		.4byte	.LVL4
 851 0008 0100     		.2byte	0x1
 852 000a 50       		.byte	0x50
 853 000b 10000000 		.4byte	.LVL4
 854 000f 14000000 		.4byte	.LVL5
 855 0013 0300     		.2byte	0x3
ARM GAS  C:\DOCUME~1\ADMINI~1\LOCALS~1\Temp\ccLdFhPT.s 			page 16


 856 0015 70       		.byte	0x70
 857 0016 79       		.sleb128 -7
 858 0017 9F       		.byte	0x9f
 859 0018 14000000 		.4byte	.LVL5
 860 001c 34000000 		.4byte	.LFE8
 861 0020 0400     		.2byte	0x4
 862 0022 F3       		.byte	0xf3
 863 0023 01       		.uleb128 0x1
 864 0024 50       		.byte	0x50
 865 0025 9F       		.byte	0x9f
 866 0026 00000000 		.4byte	0
 867 002a 00000000 		.4byte	0
 868              	.LLST1:
 869 002e 06000000 		.4byte	.LVL2
 870 0032 08000000 		.4byte	.LVL3
 871 0036 0100     		.2byte	0x1
 872 0038 53       		.byte	0x53
 873 0039 00000000 		.4byte	0
 874 003d 00000000 		.4byte	0
 875              	.LLST2:
 876 0041 06000000 		.4byte	.LVL2
 877 0045 10000000 		.4byte	.LVL4
 878 0049 0100     		.2byte	0x1
 879 004b 50       		.byte	0x50
 880 004c 10000000 		.4byte	.LVL4
 881 0050 14000000 		.4byte	.LVL5
 882 0054 0300     		.2byte	0x3
 883 0056 70       		.byte	0x70
 884 0057 79       		.sleb128 -7
 885 0058 9F       		.byte	0x9f
 886 0059 14000000 		.4byte	.LVL5
 887 005d 1C000000 		.4byte	.LVL7
 888 0061 0100     		.2byte	0x1
 889 0063 50       		.byte	0x50
 890 0064 1C000000 		.4byte	.LVL7
 891 0068 34000000 		.4byte	.LFE8
 892 006c 0900     		.2byte	0x9
 893 006e F3       		.byte	0xf3
 894 006f 01       		.uleb128 0x1
 895 0070 50       		.byte	0x50
 896 0071 23       		.byte	0x23
 897 0072 07       		.uleb128 0x7
 898 0073 09       		.byte	0x9
 899 0074 F8       		.byte	0xf8
 900 0075 1A       		.byte	0x1a
 901 0076 9F       		.byte	0x9f
 902 0077 00000000 		.4byte	0
 903 007b 00000000 		.4byte	0
 904              	.LLST3:
 905 007f 18000000 		.4byte	.LVL6
 906 0083 20000000 		.4byte	.LVL8
 907 0087 0100     		.2byte	0x1
 908 0089 52       		.byte	0x52
 909 008a 20000000 		.4byte	.LVL8
 910 008e 34000000 		.4byte	.LFE8
 911 0092 0500     		.2byte	0x5
 912 0094 03       		.byte	0x3
ARM GAS  C:\DOCUME~1\ADMINI~1\LOCALS~1\Temp\ccLdFhPT.s 			page 17


 913 0095 00000000 		.4byte	nextmem
 914 0099 00000000 		.4byte	0
 915 009d 00000000 		.4byte	0
 916              	.LLST4:
 917 00a1 26000000 		.4byte	.LVL10
 918 00a5 34000000 		.4byte	.LFE8
 919 00a9 0100     		.2byte	0x1
 920 00ab 53       		.byte	0x53
 921 00ac 00000000 		.4byte	0
 922 00b0 00000000 		.4byte	0
 923              	.LLST5:
 924 00b4 00000000 		.4byte	.LVL11
 925 00b8 0A000000 		.4byte	.LVL12
 926 00bc 0100     		.2byte	0x1
 927 00be 50       		.byte	0x50
 928 00bf 0A000000 		.4byte	.LVL12
 929 00c3 0E000000 		.4byte	.LVL13
 930 00c7 0300     		.2byte	0x3
 931 00c9 70       		.byte	0x70
 932 00ca 79       		.sleb128 -7
 933 00cb 9F       		.byte	0x9f
 934 00cc 0E000000 		.4byte	.LVL13
 935 00d0 16000000 		.4byte	.LVL15
 936 00d4 0100     		.2byte	0x1
 937 00d6 50       		.byte	0x50
 938 00d7 16000000 		.4byte	.LVL15
 939 00db 28000000 		.4byte	.LFE9
 940 00df 0900     		.2byte	0x9
 941 00e1 F3       		.byte	0xf3
 942 00e2 01       		.uleb128 0x1
 943 00e3 50       		.byte	0x50
 944 00e4 23       		.byte	0x23
 945 00e5 07       		.uleb128 0x7
 946 00e6 09       		.byte	0x9
 947 00e7 F8       		.byte	0xf8
 948 00e8 1A       		.byte	0x1a
 949 00e9 9F       		.byte	0x9f
 950 00ea 00000000 		.4byte	0
 951 00ee 00000000 		.4byte	0
 952              	.LLST6:
 953 00f2 12000000 		.4byte	.LVL14
 954 00f6 1A000000 		.4byte	.LVL16
 955 00fa 0100     		.2byte	0x1
 956 00fc 53       		.byte	0x53
 957 00fd 1A000000 		.4byte	.LVL16
 958 0101 28000000 		.4byte	.LFE9
 959 0105 0500     		.2byte	0x5
 960 0107 03       		.byte	0x3
 961 0108 00000000 		.4byte	nextmem
 962 010c 00000000 		.4byte	0
 963 0110 00000000 		.4byte	0
 964              		.section	.debug_aranges,"",%progbits
 965 0000 34000000 		.4byte	0x34
 966 0004 0200     		.2byte	0x2
 967 0006 00000000 		.4byte	.Ldebug_info0
 968 000a 04       		.byte	0x4
 969 000b 00       		.byte	0
ARM GAS  C:\DOCUME~1\ADMINI~1\LOCALS~1\Temp\ccLdFhPT.s 			page 18


 970 000c 0000     		.2byte	0
 971 000e 0000     		.2byte	0
 972 0010 00000000 		.4byte	.LFB7
 973 0014 2C000000 		.4byte	.LFE7-.LFB7
 974 0018 00000000 		.4byte	.LFB8
 975 001c 34000000 		.4byte	.LFE8-.LFB8
 976 0020 00000000 		.4byte	.LFB9
 977 0024 28000000 		.4byte	.LFE9-.LFB9
 978 0028 00000000 		.4byte	.LFB10
 979 002c 18000000 		.4byte	.LFE10-.LFB10
 980 0030 00000000 		.4byte	0
 981 0034 00000000 		.4byte	0
 982              		.section	.debug_ranges,"",%progbits
 983              	.Ldebug_ranges0:
 984 0000 00000000 		.4byte	.LFB7
 985 0004 2C000000 		.4byte	.LFE7
 986 0008 00000000 		.4byte	.LFB8
 987 000c 34000000 		.4byte	.LFE8
 988 0010 00000000 		.4byte	.LFB9
 989 0014 28000000 		.4byte	.LFE9
 990 0018 00000000 		.4byte	.LFB10
 991 001c 18000000 		.4byte	.LFE10
 992 0020 00000000 		.4byte	0
 993 0024 00000000 		.4byte	0
 994              		.section	.debug_line,"",%progbits
 995              	.Ldebug_line0:
 996 0000 34010000 		.section	.debug_str,"MS",%progbits,1
 996      0200D300 
 996      00000201 
 996      FB0E0D00 
 996      01010101 
 997              	.LASF10:
 998 0000 6C6F6E67 		.ascii	"long long int\000"
 998      206C6F6E 
 998      6720696E 
 998      7400
 999              	.LASF6:
 1000 000e 73686F72 		.ascii	"short unsigned int\000"
 1000      7420756E 
 1000      7369676E 
 1000      65642069 
 1000      6E7400
 1001              	.LASF2:
 1002 0021 73697A65 		.ascii	"size_t\000"
 1002      5F7400
 1003              	.LASF16:
 1004 0028 6E657874 		.ascii	"nextmem\000"
 1004      6D656D00 
 1005              	.LASF15:
 1006 0030 5F5F6865 		.ascii	"__heap_end__\000"
 1006      61705F65 
 1006      6E645F5F 
 1006      00
 1007              	.LASF14:
 1008 003d 5F5F6865 		.ascii	"__heap_base__\000"
 1008      61705F62 
 1008      6173655F 
ARM GAS  C:\DOCUME~1\ADMINI~1\LOCALS~1\Temp\ccLdFhPT.s 			page 19


 1008      5F00
 1009              	.LASF18:
 1010 004b 474E5520 		.ascii	"GNU C 4.7.1\000"
 1010      4320342E 
 1010      372E3100 
 1011              	.LASF9:
 1012 0057 6C6F6E67 		.ascii	"long unsigned int\000"
 1012      20756E73 
 1012      69676E65 
 1012      6420696E 
 1012      7400
 1013              	.LASF11:
 1014 0069 6C6F6E67 		.ascii	"long long unsigned int\000"
 1014      206C6F6E 
 1014      6720756E 
 1014      7369676E 
 1014      65642069 
 1015              	.LASF20:
 1016 0080 433A5C70 		.ascii	"C:\\projects\\ChibiOS_2.4.2\\demos\\TOAST2\000"
 1016      726F6A65 
 1016      6374735C 
 1016      43686962 
 1016      694F535F 
 1017              	.LASF3:
 1018 00a7 75696E74 		.ascii	"uint8_t\000"
 1018      385F7400 
 1019              	.LASF4:
 1020 00af 756E7369 		.ascii	"unsigned char\000"
 1020      676E6564 
 1020      20636861 
 1020      7200
 1021              	.LASF13:
 1022 00bd 63686172 		.ascii	"char\000"
 1022      00
 1023              	.LASF24:
 1024 00c2 6368436F 		.ascii	"chCoreAlloc\000"
 1024      7265416C 
 1024      6C6F6300 
 1025              	.LASF8:
 1026 00ce 75696E74 		.ascii	"uint32_t\000"
 1026      33325F74 
 1026      00
 1027              	.LASF7:
 1028 00d7 6C6F6E67 		.ascii	"long int\000"
 1028      20696E74 
 1028      00
 1029              	.LASF19:
 1030 00e0 2E2E2F2E 		.ascii	"../../os/kernel/src/chmemcore.c\000"
 1030      2E2F6F73 
 1030      2F6B6572 
 1030      6E656C2F 
 1030      7372632F 
 1031              	.LASF17:
 1032 0100 656E646D 		.ascii	"endmem\000"
 1032      656D00
 1033              	.LASF21:
 1034 0107 6368436F 		.ascii	"chCoreAllocI\000"
ARM GAS  C:\DOCUME~1\ADMINI~1\LOCALS~1\Temp\ccLdFhPT.s 			page 20


 1034      7265416C 
 1034      6C6F6349 
 1034      00
 1035              	.LASF1:
 1036 0114 7369676E 		.ascii	"signed char\000"
 1036      65642063 
 1036      68617200 
 1037              	.LASF22:
 1038 0120 73697A65 		.ascii	"size\000"
 1038      00
 1039              	.LASF23:
 1040 0125 5F636F72 		.ascii	"_core_init\000"
 1040      655F696E 
 1040      697400
 1041              	.LASF5:
 1042 0130 73686F72 		.ascii	"short int\000"
 1042      7420696E 
 1042      7400
 1043              	.LASF0:
 1044 013a 756E7369 		.ascii	"unsigned int\000"
 1044      676E6564 
 1044      20696E74 
 1044      00
 1045              	.LASF12:
 1046 0147 73697A65 		.ascii	"sizetype\000"
 1046      74797065 
 1046      00
 1047              	.LASF25:
 1048 0150 6368436F 		.ascii	"chCoreStatus\000"
 1048      72655374 
 1048      61747573 
 1048      00
 1049              		.ident	"GCC: (GNU) 4.7.1"
ARM GAS  C:\DOCUME~1\ADMINI~1\LOCALS~1\Temp\ccLdFhPT.s 			page 21


DEFINED SYMBOLS
                            *ABS*:00000000 chmemcore.c
C:\DOCUME~1\ADMINI~1\LOCALS~1\Temp\ccLdFhPT.s:19     .text._core_init:00000000 $t
C:\DOCUME~1\ADMINI~1\LOCALS~1\Temp\ccLdFhPT.s:24     .text._core_init:00000000 _core_init
C:\DOCUME~1\ADMINI~1\LOCALS~1\Temp\ccLdFhPT.s:212    .bss.nextmem:00000000 .LANCHOR0
C:\DOCUME~1\ADMINI~1\LOCALS~1\Temp\ccLdFhPT.s:205    .bss.endmem:00000000 .LANCHOR1
C:\DOCUME~1\ADMINI~1\LOCALS~1\Temp\ccLdFhPT.s:54     .text._core_init:00000028 $d
C:\DOCUME~1\ADMINI~1\LOCALS~1\Temp\ccLdFhPT.s:59     .text.chCoreAlloc:00000000 $t
C:\DOCUME~1\ADMINI~1\LOCALS~1\Temp\ccLdFhPT.s:64     .text.chCoreAlloc:00000000 chCoreAlloc
C:\DOCUME~1\ADMINI~1\LOCALS~1\Temp\ccLdFhPT.s:125    .text.chCoreAlloc:0000002c $d
C:\DOCUME~1\ADMINI~1\LOCALS~1\Temp\ccLdFhPT.s:131    .text.chCoreAllocI:00000000 $t
C:\DOCUME~1\ADMINI~1\LOCALS~1\Temp\ccLdFhPT.s:136    .text.chCoreAllocI:00000000 chCoreAllocI
C:\DOCUME~1\ADMINI~1\LOCALS~1\Temp\ccLdFhPT.s:172    .text.chCoreAllocI:00000020 $d
C:\DOCUME~1\ADMINI~1\LOCALS~1\Temp\ccLdFhPT.s:178    .text.chCoreStatus:00000000 $t
C:\DOCUME~1\ADMINI~1\LOCALS~1\Temp\ccLdFhPT.s:183    .text.chCoreStatus:00000000 chCoreStatus
C:\DOCUME~1\ADMINI~1\LOCALS~1\Temp\ccLdFhPT.s:204    .bss.endmem:00000000 $d
C:\DOCUME~1\ADMINI~1\LOCALS~1\Temp\ccLdFhPT.s:208    .bss.endmem:00000000 endmem
C:\DOCUME~1\ADMINI~1\LOCALS~1\Temp\ccLdFhPT.s:211    .bss.nextmem:00000000 $d
C:\DOCUME~1\ADMINI~1\LOCALS~1\Temp\ccLdFhPT.s:215    .bss.nextmem:00000000 nextmem
                     .debug_frame:00000010 $d

UNDEFINED SYMBOLS
__heap_end__
__heap_base__
