ARM GAS  C:\DOCUME~1\ADMINI~1\LOCALS~1\Temp\ccSMAd0P.s 			page 1


   1              		.syntax unified
   2              		.cpu cortex-m3
   3              		.fpu softvfp
   4              		.eabi_attribute 20, 1
   5              		.eabi_attribute 21, 1
   6              		.eabi_attribute 23, 3
   7              		.eabi_attribute 24, 1
   8              		.eabi_attribute 25, 1
   9              		.eabi_attribute 26, 1
  10              		.eabi_attribute 30, 2
  11              		.eabi_attribute 34, 1
  12              		.eabi_attribute 18, 4
  13              		.thumb
  14              		.file	"chregistry.c"
  15              		.text
  16              	.Ltext0:
  17              		.cfi_sections	.debug_frame
  18              		.section	.text.chRegFirstThread,"ax",%progbits
  19              		.align	2
  20              		.global	chRegFirstThread
  21              		.thumb
  22              		.thumb_func
  23              		.type	chRegFirstThread, %function
  24              	chRegFirstThread:
  25              	.LFB7:
  26              		.file 1 "../../os/kernel/src/chregistry.c"
  27              		.loc 1 72 0
  28              		.cfi_startproc
  29              		@ args = 0, pretend = 0, frame = 0
  30              		@ frame_needed = 0, uses_anonymous_args = 0
  31              		@ link register save eliminated.
  32              	.LBB2:
  33              		.loc 1 75 0
  34 0000 2023     		movs	r3, #32
  35              	.LVL0:
  36              	@ 75 "../../os/kernel/src/chregistry.c" 1
  37 0002 83F31188 		msr     BASEPRI, r3
  38              	@ 0 "" 2
  39              	.LVL1:
  40              		.thumb
  41              	.LBE2:
  42              		.loc 1 76 0
  43 0006 40F20003 		movw	r3, #:lower16:rlist
  44              	.LVL2:
  45 000a C0F20003 		movt	r3, #:upper16:rlist
  46 000e 1869     		ldr	r0, [r3, #16]
  47              	.LVL3:
  48              	.LBB3:
  49              		.loc 1 80 0
  50 0010 0023     		movs	r3, #0
  51              	.LVL4:
  52              	.LBE3:
  53              		.loc 1 78 0
  54 0012 827F     		ldrb	r2, [r0, #30]	@ zero_extendqisi2
  55 0014 0132     		adds	r2, r2, #1
  56 0016 8277     		strb	r2, [r0, #30]
  57              	.LBB4:
ARM GAS  C:\DOCUME~1\ADMINI~1\LOCALS~1\Temp\ccSMAd0P.s 			page 2


  58              		.loc 1 80 0
  59              	@ 80 "../../os/kernel/src/chregistry.c" 1
  60 0018 83F31188 		msr     BASEPRI, r3
  61              	@ 0 "" 2
  62              	.LVL5:
  63              		.thumb
  64              	.LBE4:
  65              		.loc 1 82 0
  66 001c 7047     		bx	lr
  67              		.cfi_endproc
  68              	.LFE7:
  69              		.size	chRegFirstThread, .-chRegFirstThread
  70 001e 00BF     		.section	.text.chRegNextThread,"ax",%progbits
  71              		.align	2
  72              		.global	chRegNextThread
  73              		.thumb
  74              		.thumb_func
  75              		.type	chRegNextThread, %function
  76              	chRegNextThread:
  77              	.LFB8:
  78              		.loc 1 95 0
  79              		.cfi_startproc
  80              		@ args = 0, pretend = 0, frame = 0
  81              		@ frame_needed = 0, uses_anonymous_args = 0
  82              	.LVL6:
  83 0000 10B5     		push	{r4, lr}
  84              	.LCFI0:
  85              		.cfi_def_cfa_offset 8
  86              		.cfi_offset 4, -8
  87              		.cfi_offset 14, -4
  88              	.LBB5:
  89              		.loc 1 98 0
  90 0002 2023     		movs	r3, #32
  91              	.LVL7:
  92              	@ 98 "../../os/kernel/src/chregistry.c" 1
  93 0004 83F31188 		msr     BASEPRI, r3
  94              	@ 0 "" 2
  95              	.LVL8:
  96              		.thumb
  97              	.LBE5:
  98              		.loc 1 100 0
  99 0008 074B     		ldr	r3, .L6
 100              	.LVL9:
 101              		.loc 1 99 0
 102 000a 0469     		ldr	r4, [r0, #16]
 103              	.LVL10:
 104              		.loc 1 100 0
 105 000c 9C42     		cmp	r4, r3
 106 000e 09D0     		beq	.L4
 107              		.loc 1 106 0
 108 0010 A37F     		ldrb	r3, [r4, #30]	@ zero_extendqisi2
 109 0012 0133     		adds	r3, r3, #1
 110 0014 A377     		strb	r3, [r4, #30]
 111              	.LVL11:
 112              	.L3:
 113              	.LBB6:
 114              		.loc 1 109 0
ARM GAS  C:\DOCUME~1\ADMINI~1\LOCALS~1\Temp\ccSMAd0P.s 			page 3


 115 0016 0023     		movs	r3, #0
 116              	.LVL12:
 117              	@ 109 "../../os/kernel/src/chregistry.c" 1
 118 0018 83F31188 		msr     BASEPRI, r3
 119              	@ 0 "" 2
 120              	.LVL13:
 121              		.thumb
 122              	.LBE6:
 123              		.loc 1 111 0
 124 001c FFF7FEFF 		bl	chThdRelease
 125              	.LVL14:
 126              		.loc 1 114 0
 127 0020 2046     		mov	r0, r4
 128 0022 10BD     		pop	{r4, pc}
 129              	.LVL15:
 130              	.L4:
 131              		.loc 1 101 0
 132 0024 0024     		movs	r4, #0
 133              	.LVL16:
 134 0026 F6E7     		b	.L3
 135              	.L7:
 136              		.align	2
 137              	.L6:
 138 0028 00000000 		.word	rlist
 139              		.cfi_endproc
 140              	.LFE8:
 141              		.size	chRegNextThread, .-chRegNextThread
 142              		.text
 143              	.Letext0:
 144              		.file 2 "c:/program files/yagarto/lib/gcc/../../arm-none-eabi/sys-include/stdint.h"
 145              		.file 3 "../../os/ports/GCC/ARMCMx/chtypes.h"
 146              		.file 4 "../../os/kernel/include/chlists.h"
 147              		.file 5 "../../os/kernel/include/chthreads.h"
 148              		.file 6 "../../os/ports/GCC/ARMCMx/chcore_v7m.h"
 149              		.file 7 "../../os/kernel/include/chschd.h"
 150              		.file 8 "../../os/kernel/include/chmtx.h"
 151              		.file 9 "../../os/kernel/include/chdynamic.h"
 152              		.section	.debug_info,"",%progbits
 153              	.Ldebug_info0:
 154 0000 2B050000 		.4byte	0x52b
 155 0004 0200     		.2byte	0x2
 156 0006 00000000 		.4byte	.Ldebug_abbrev0
 157 000a 04       		.byte	0x4
 158 000b 01       		.uleb128 0x1
 159 000c 2A010000 		.4byte	.LASF64
 160 0010 01       		.byte	0x1
 161 0011 4F020000 		.4byte	.LASF65
 162 0015 67010000 		.4byte	.LASF66
 163 0019 18000000 		.4byte	.Ldebug_ranges0+0x18
 164 001d 00000000 		.4byte	0
 165 0021 00000000 		.4byte	0
 166 0025 00000000 		.4byte	.Ldebug_line0
 167 0029 02       		.uleb128 0x2
 168 002a 04       		.byte	0x4
 169 002b 05       		.byte	0x5
 170 002c 696E7400 		.ascii	"int\000"
 171 0030 03       		.uleb128 0x3
ARM GAS  C:\DOCUME~1\ADMINI~1\LOCALS~1\Temp\ccSMAd0P.s 			page 4


 172 0031 04       		.byte	0x4
 173 0032 07       		.byte	0x7
 174 0033 A0000000 		.4byte	.LASF0
 175 0037 03       		.uleb128 0x3
 176 0038 01       		.byte	0x1
 177 0039 06       		.byte	0x6
 178 003a 53000000 		.4byte	.LASF1
 179 003e 04       		.uleb128 0x4
 180 003f 87020000 		.4byte	.LASF5
 181 0043 02       		.byte	0x2
 182 0044 2A       		.byte	0x2a
 183 0045 49000000 		.4byte	0x49
 184 0049 03       		.uleb128 0x3
 185 004a 01       		.byte	0x1
 186 004b 08       		.byte	0x8
 187 004c 2F020000 		.4byte	.LASF2
 188 0050 03       		.uleb128 0x3
 189 0051 02       		.byte	0x2
 190 0052 05       		.byte	0x5
 191 0053 98010000 		.4byte	.LASF3
 192 0057 03       		.uleb128 0x3
 193 0058 02       		.byte	0x2
 194 0059 07       		.byte	0x7
 195 005a C7000000 		.4byte	.LASF4
 196 005e 04       		.uleb128 0x4
 197 005f 5F010000 		.4byte	.LASF6
 198 0063 02       		.byte	0x2
 199 0064 4F       		.byte	0x4f
 200 0065 69000000 		.4byte	0x69
 201 0069 03       		.uleb128 0x3
 202 006a 04       		.byte	0x4
 203 006b 05       		.byte	0x5
 204 006c 6F000000 		.4byte	.LASF7
 205 0070 04       		.uleb128 0x4
 206 0071 E6010000 		.4byte	.LASF8
 207 0075 02       		.byte	0x2
 208 0076 50       		.byte	0x50
 209 0077 7B000000 		.4byte	0x7b
 210 007b 03       		.uleb128 0x3
 211 007c 04       		.byte	0x4
 212 007d 07       		.byte	0x7
 213 007e AD000000 		.4byte	.LASF9
 214 0082 03       		.uleb128 0x3
 215 0083 08       		.byte	0x8
 216 0084 05       		.byte	0x5
 217 0085 45000000 		.4byte	.LASF10
 218 0089 03       		.uleb128 0x3
 219 008a 08       		.byte	0x8
 220 008b 07       		.byte	0x7
 221 008c 0D000000 		.4byte	.LASF11
 222 0090 04       		.uleb128 0x4
 223 0091 E0000000 		.4byte	.LASF12
 224 0095 03       		.byte	0x3
 225 0096 2F       		.byte	0x2f
 226 0097 3E000000 		.4byte	0x3e
 227 009b 04       		.uleb128 0x4
 228 009c 78000000 		.4byte	.LASF13
ARM GAS  C:\DOCUME~1\ADMINI~1\LOCALS~1\Temp\ccSMAd0P.s 			page 5


 229 00a0 03       		.byte	0x3
 230 00a1 30       		.byte	0x30
 231 00a2 3E000000 		.4byte	0x3e
 232 00a6 04       		.uleb128 0x4
 233 00a7 48010000 		.4byte	.LASF14
 234 00ab 03       		.byte	0x3
 235 00ac 31       		.byte	0x31
 236 00ad 3E000000 		.4byte	0x3e
 237 00b1 04       		.uleb128 0x4
 238 00b2 57010000 		.4byte	.LASF15
 239 00b6 03       		.byte	0x3
 240 00b7 32       		.byte	0x32
 241 00b8 70000000 		.4byte	0x70
 242 00bc 04       		.uleb128 0x4
 243 00bd DA000000 		.4byte	.LASF16
 244 00c1 03       		.byte	0x3
 245 00c2 33       		.byte	0x33
 246 00c3 5E000000 		.4byte	0x5e
 247 00c7 04       		.uleb128 0x4
 248 00c8 F4000000 		.4byte	.LASF17
 249 00cc 03       		.byte	0x3
 250 00cd 35       		.byte	0x35
 251 00ce 70000000 		.4byte	0x70
 252 00d2 04       		.uleb128 0x4
 253 00d3 13020000 		.4byte	.LASF18
 254 00d7 03       		.byte	0x3
 255 00d8 36       		.byte	0x36
 256 00d9 70000000 		.4byte	0x70
 257 00dd 04       		.uleb128 0x4
 258 00de 9A000000 		.4byte	.LASF19
 259 00e2 03       		.byte	0x3
 260 00e3 37       		.byte	0x37
 261 00e4 5E000000 		.4byte	0x5e
 262 00e8 04       		.uleb128 0x4
 263 00e9 D4010000 		.4byte	.LASF20
 264 00ed 04       		.byte	0x4
 265 00ee 2A       		.byte	0x2a
 266 00ef F3000000 		.4byte	0xf3
 267 00f3 05       		.uleb128 0x5
 268 00f4 D4010000 		.4byte	.LASF20
 269 00f8 48       		.byte	0x48
 270 00f9 05       		.byte	0x5
 271 00fa 5E       		.byte	0x5e
 272 00fb 0A020000 		.4byte	0x20a
 273 00ff 06       		.uleb128 0x6
 274 0100 B8010000 		.4byte	.LASF21
 275 0104 05       		.byte	0x5
 276 0105 5F       		.byte	0x5f
 277 0106 2F020000 		.4byte	0x22f
 278 010a 02       		.byte	0x2
 279 010b 23       		.byte	0x23
 280 010c 00       		.uleb128 0
 281 010d 06       		.uleb128 0x6
 282 010e 50010000 		.4byte	.LASF22
 283 0112 05       		.byte	0x5
 284 0113 61       		.byte	0x61
 285 0114 2F020000 		.4byte	0x22f
ARM GAS  C:\DOCUME~1\ADMINI~1\LOCALS~1\Temp\ccSMAd0P.s 			page 6


 286 0118 02       		.byte	0x2
 287 0119 23       		.byte	0x23
 288 011a 04       		.uleb128 0x4
 289 011b 06       		.uleb128 0x6
 290 011c 3E000000 		.4byte	.LASF23
 291 0120 05       		.byte	0x5
 292 0121 63       		.byte	0x63
 293 0122 B1000000 		.4byte	0xb1
 294 0126 02       		.byte	0x2
 295 0127 23       		.byte	0x23
 296 0128 08       		.uleb128 0x8
 297 0129 06       		.uleb128 0x6
 298 012a AF020000 		.4byte	.LASF24
 299 012e 05       		.byte	0x5
 300 012f 64       		.byte	0x64
 301 0130 FC020000 		.4byte	0x2fc
 302 0134 02       		.byte	0x2
 303 0135 23       		.byte	0x23
 304 0136 0C       		.uleb128 0xc
 305 0137 06       		.uleb128 0x6
 306 0138 81000000 		.4byte	.LASF25
 307 013c 05       		.byte	0x5
 308 013d 66       		.byte	0x66
 309 013e 2F020000 		.4byte	0x22f
 310 0142 02       		.byte	0x2
 311 0143 23       		.byte	0x23
 312 0144 10       		.uleb128 0x10
 313 0145 06       		.uleb128 0x6
 314 0146 0F010000 		.4byte	.LASF26
 315 014a 05       		.byte	0x5
 316 014b 67       		.byte	0x67
 317 014c 2F020000 		.4byte	0x22f
 318 0150 02       		.byte	0x2
 319 0151 23       		.byte	0x23
 320 0152 14       		.uleb128 0x14
 321 0153 06       		.uleb128 0x6
 322 0154 96020000 		.4byte	.LASF27
 323 0158 05       		.byte	0x5
 324 0159 6E       		.byte	0x6e
 325 015a 1E040000 		.4byte	0x41e
 326 015e 02       		.byte	0x2
 327 015f 23       		.byte	0x23
 328 0160 18       		.uleb128 0x18
 329 0161 06       		.uleb128 0x6
 330 0162 A2010000 		.4byte	.LASF28
 331 0166 05       		.byte	0x5
 332 0167 79       		.byte	0x79
 333 0168 9B000000 		.4byte	0x9b
 334 016c 02       		.byte	0x2
 335 016d 23       		.byte	0x23
 336 016e 1C       		.uleb128 0x1c
 337 016f 06       		.uleb128 0x6
 338 0170 BF010000 		.4byte	.LASF29
 339 0174 05       		.byte	0x5
 340 0175 7D       		.byte	0x7d
 341 0176 90000000 		.4byte	0x90
 342 017a 02       		.byte	0x2
ARM GAS  C:\DOCUME~1\ADMINI~1\LOCALS~1\Temp\ccSMAd0P.s 			page 7


 343 017b 23       		.byte	0x23
 344 017c 1D       		.uleb128 0x1d
 345 017d 06       		.uleb128 0x6
 346 017e 70020000 		.4byte	.LASF30
 347 0182 05       		.byte	0x5
 348 0183 82       		.byte	0x82
 349 0184 A6000000 		.4byte	0xa6
 350 0188 02       		.byte	0x2
 351 0189 23       		.byte	0x23
 352 018a 1E       		.uleb128 0x1e
 353 018b 06       		.uleb128 0x6
 354 018c 28020000 		.4byte	.LASF31
 355 0190 05       		.byte	0x5
 356 0191 89       		.byte	0x89
 357 0192 26030000 		.4byte	0x326
 358 0196 02       		.byte	0x2
 359 0197 23       		.byte	0x23
 360 0198 20       		.uleb128 0x20
 361 0199 07       		.uleb128 0x7
 362 019a 705F7500 		.ascii	"p_u\000"
 363 019e 05       		.byte	0x5
 364 019f AE       		.byte	0xae
 365 01a0 E9030000 		.4byte	0x3e9
 366 01a4 02       		.byte	0x2
 367 01a5 23       		.byte	0x23
 368 01a6 24       		.uleb128 0x24
 369 01a7 06       		.uleb128 0x6
 370 01a8 B5020000 		.4byte	.LASF32
 371 01ac 05       		.byte	0x5
 372 01ad B3       		.byte	0xb3
 373 01ae 57020000 		.4byte	0x257
 374 01b2 02       		.byte	0x2
 375 01b3 23       		.byte	0x23
 376 01b4 28       		.uleb128 0x28
 377 01b5 06       		.uleb128 0x6
 378 01b6 44020000 		.4byte	.LASF33
 379 01ba 05       		.byte	0x5
 380 01bb B9       		.byte	0xb9
 381 01bc 35020000 		.4byte	0x235
 382 01c0 02       		.byte	0x2
 383 01c1 23       		.byte	0x23
 384 01c2 2C       		.uleb128 0x2c
 385 01c3 06       		.uleb128 0x6
 386 01c4 00000000 		.4byte	.LASF34
 387 01c8 05       		.byte	0x5
 388 01c9 BD       		.byte	0xbd
 389 01ca BC000000 		.4byte	0xbc
 390 01ce 02       		.byte	0x2
 391 01cf 23       		.byte	0x23
 392 01d0 34       		.uleb128 0x34
 393 01d1 06       		.uleb128 0x6
 394 01d2 DB010000 		.4byte	.LASF35
 395 01d6 05       		.byte	0x5
 396 01d7 C3       		.byte	0xc3
 397 01d8 C7000000 		.4byte	0xc7
 398 01dc 02       		.byte	0x2
 399 01dd 23       		.byte	0x23
ARM GAS  C:\DOCUME~1\ADMINI~1\LOCALS~1\Temp\ccSMAd0P.s 			page 8


 400 01de 38       		.uleb128 0x38
 401 01df 06       		.uleb128 0x6
 402 01e0 8E010000 		.4byte	.LASF36
 403 01e4 05       		.byte	0x5
 404 01e5 CA       		.byte	0xca
 405 01e6 30040000 		.4byte	0x430
 406 01ea 02       		.byte	0x2
 407 01eb 23       		.byte	0x23
 408 01ec 3C       		.uleb128 0x3c
 409 01ed 06       		.uleb128 0x6
 410 01ee 1D020000 		.4byte	.LASF37
 411 01f2 05       		.byte	0x5
 412 01f3 CE       		.byte	0xce
 413 01f4 B1000000 		.4byte	0xb1
 414 01f8 02       		.byte	0x2
 415 01f9 23       		.byte	0x23
 416 01fa 40       		.uleb128 0x40
 417 01fb 06       		.uleb128 0x6
 418 01fc 5F000000 		.4byte	.LASF38
 419 0200 05       		.byte	0x5
 420 0201 D4       		.byte	0xd4
 421 0202 6D020000 		.4byte	0x26d
 422 0206 02       		.byte	0x2
 423 0207 23       		.byte	0x23
 424 0208 44       		.uleb128 0x44
 425 0209 00       		.byte	0
 426 020a 08       		.uleb128 0x8
 427 020b 08       		.byte	0x8
 428 020c 04       		.byte	0x4
 429 020d 61       		.byte	0x61
 430 020e 2F020000 		.4byte	0x22f
 431 0212 06       		.uleb128 0x6
 432 0213 B8010000 		.4byte	.LASF21
 433 0217 04       		.byte	0x4
 434 0218 62       		.byte	0x62
 435 0219 2F020000 		.4byte	0x22f
 436 021d 02       		.byte	0x2
 437 021e 23       		.byte	0x23
 438 021f 00       		.uleb128 0
 439 0220 06       		.uleb128 0x6
 440 0221 50010000 		.4byte	.LASF22
 441 0225 04       		.byte	0x4
 442 0226 64       		.byte	0x64
 443 0227 2F020000 		.4byte	0x22f
 444 022b 02       		.byte	0x2
 445 022c 23       		.byte	0x23
 446 022d 04       		.uleb128 0x4
 447 022e 00       		.byte	0
 448 022f 09       		.uleb128 0x9
 449 0230 04       		.byte	0x4
 450 0231 E8000000 		.4byte	0xe8
 451 0235 04       		.uleb128 0x4
 452 0236 1D010000 		.4byte	.LASF39
 453 023a 04       		.byte	0x4
 454 023b 66       		.byte	0x66
 455 023c 0A020000 		.4byte	0x20a
 456 0240 08       		.uleb128 0x8
ARM GAS  C:\DOCUME~1\ADMINI~1\LOCALS~1\Temp\ccSMAd0P.s 			page 9


 457 0241 04       		.byte	0x4
 458 0242 04       		.byte	0x4
 459 0243 6B       		.byte	0x6b
 460 0244 57020000 		.4byte	0x257
 461 0248 06       		.uleb128 0x6
 462 0249 B8010000 		.4byte	.LASF21
 463 024d 04       		.byte	0x4
 464 024e 6D       		.byte	0x6d
 465 024f 2F020000 		.4byte	0x22f
 466 0253 02       		.byte	0x2
 467 0254 23       		.byte	0x23
 468 0255 00       		.uleb128 0
 469 0256 00       		.byte	0
 470 0257 04       		.uleb128 0x4
 471 0258 E8000000 		.4byte	.LASF40
 472 025c 04       		.byte	0x4
 473 025d 70       		.byte	0x70
 474 025e 40020000 		.4byte	0x240
 475 0262 04       		.uleb128 0x4
 476 0263 91000000 		.4byte	.LASF41
 477 0267 06       		.byte	0x6
 478 0268 D7       		.byte	0xd7
 479 0269 6D020000 		.4byte	0x26d
 480 026d 0A       		.uleb128 0xa
 481 026e 04       		.byte	0x4
 482 026f 05       		.uleb128 0x5
 483 0270 3D020000 		.4byte	.LASF42
 484 0274 24       		.byte	0x24
 485 0275 06       		.byte	0x6
 486 0276 FE       		.byte	0xfe
 487 0277 FC020000 		.4byte	0x2fc
 488 027b 0B       		.uleb128 0xb
 489 027c 723400   		.ascii	"r4\000"
 490 027f 06       		.byte	0x6
 491 0280 1101     		.2byte	0x111
 492 0282 62020000 		.4byte	0x262
 493 0286 02       		.byte	0x2
 494 0287 23       		.byte	0x23
 495 0288 00       		.uleb128 0
 496 0289 0B       		.uleb128 0xb
 497 028a 723500   		.ascii	"r5\000"
 498 028d 06       		.byte	0x6
 499 028e 1201     		.2byte	0x112
 500 0290 62020000 		.4byte	0x262
 501 0294 02       		.byte	0x2
 502 0295 23       		.byte	0x23
 503 0296 04       		.uleb128 0x4
 504 0297 0B       		.uleb128 0xb
 505 0298 723600   		.ascii	"r6\000"
 506 029b 06       		.byte	0x6
 507 029c 1301     		.2byte	0x113
 508 029e 62020000 		.4byte	0x262
 509 02a2 02       		.byte	0x2
 510 02a3 23       		.byte	0x23
 511 02a4 08       		.uleb128 0x8
 512 02a5 0B       		.uleb128 0xb
 513 02a6 723700   		.ascii	"r7\000"
ARM GAS  C:\DOCUME~1\ADMINI~1\LOCALS~1\Temp\ccSMAd0P.s 			page 10


 514 02a9 06       		.byte	0x6
 515 02aa 1401     		.2byte	0x114
 516 02ac 62020000 		.4byte	0x262
 517 02b0 02       		.byte	0x2
 518 02b1 23       		.byte	0x23
 519 02b2 0C       		.uleb128 0xc
 520 02b3 0B       		.uleb128 0xb
 521 02b4 723800   		.ascii	"r8\000"
 522 02b7 06       		.byte	0x6
 523 02b8 1501     		.2byte	0x115
 524 02ba 62020000 		.4byte	0x262
 525 02be 02       		.byte	0x2
 526 02bf 23       		.byte	0x23
 527 02c0 10       		.uleb128 0x10
 528 02c1 0B       		.uleb128 0xb
 529 02c2 723900   		.ascii	"r9\000"
 530 02c5 06       		.byte	0x6
 531 02c6 1601     		.2byte	0x116
 532 02c8 62020000 		.4byte	0x262
 533 02cc 02       		.byte	0x2
 534 02cd 23       		.byte	0x23
 535 02ce 14       		.uleb128 0x14
 536 02cf 0B       		.uleb128 0xb
 537 02d0 72313000 		.ascii	"r10\000"
 538 02d4 06       		.byte	0x6
 539 02d5 1701     		.2byte	0x117
 540 02d7 62020000 		.4byte	0x262
 541 02db 02       		.byte	0x2
 542 02dc 23       		.byte	0x23
 543 02dd 18       		.uleb128 0x18
 544 02de 0B       		.uleb128 0xb
 545 02df 72313100 		.ascii	"r11\000"
 546 02e3 06       		.byte	0x6
 547 02e4 1801     		.2byte	0x118
 548 02e6 62020000 		.4byte	0x262
 549 02ea 02       		.byte	0x2
 550 02eb 23       		.byte	0x23
 551 02ec 1C       		.uleb128 0x1c
 552 02ed 0B       		.uleb128 0xb
 553 02ee 6C7200   		.ascii	"lr\000"
 554 02f1 06       		.byte	0x6
 555 02f2 1901     		.2byte	0x119
 556 02f4 62020000 		.4byte	0x262
 557 02f8 02       		.byte	0x2
 558 02f9 23       		.byte	0x23
 559 02fa 20       		.uleb128 0x20
 560 02fb 00       		.byte	0
 561 02fc 0C       		.uleb128 0xc
 562 02fd BF000000 		.4byte	.LASF43
 563 0301 04       		.byte	0x4
 564 0302 06       		.byte	0x6
 565 0303 2301     		.2byte	0x123
 566 0305 19030000 		.4byte	0x319
 567 0309 0B       		.uleb128 0xb
 568 030a 72313300 		.ascii	"r13\000"
 569 030e 06       		.byte	0x6
 570 030f 2401     		.2byte	0x124
ARM GAS  C:\DOCUME~1\ADMINI~1\LOCALS~1\Temp\ccSMAd0P.s 			page 11


 571 0311 19030000 		.4byte	0x319
 572 0315 02       		.byte	0x2
 573 0316 23       		.byte	0x23
 574 0317 00       		.uleb128 0
 575 0318 00       		.byte	0
 576 0319 09       		.uleb128 0x9
 577 031a 04       		.byte	0x4
 578 031b 6F020000 		.4byte	0x26f
 579 031f 03       		.uleb128 0x3
 580 0320 04       		.byte	0x4
 581 0321 07       		.byte	0x7
 582 0322 06010000 		.4byte	.LASF44
 583 0326 0D       		.uleb128 0xd
 584 0327 D2000000 		.4byte	0xd2
 585 032b 08       		.uleb128 0x8
 586 032c 20       		.byte	0x20
 587 032d 07       		.byte	0x7
 588 032e 5E       		.byte	0x5e
 589 032f 96030000 		.4byte	0x396
 590 0333 06       		.uleb128 0x6
 591 0334 EF010000 		.4byte	.LASF45
 592 0338 07       		.byte	0x7
 593 0339 5F       		.byte	0x5f
 594 033a 35020000 		.4byte	0x235
 595 033e 02       		.byte	0x2
 596 033f 23       		.byte	0x23
 597 0340 00       		.uleb128 0
 598 0341 06       		.uleb128 0x6
 599 0342 AA010000 		.4byte	.LASF46
 600 0346 07       		.byte	0x7
 601 0347 60       		.byte	0x60
 602 0348 B1000000 		.4byte	0xb1
 603 034c 02       		.byte	0x2
 604 034d 23       		.byte	0x23
 605 034e 08       		.uleb128 0x8
 606 034f 06       		.uleb128 0x6
 607 0350 17010000 		.4byte	.LASF47
 608 0354 07       		.byte	0x7
 609 0355 62       		.byte	0x62
 610 0356 FC020000 		.4byte	0x2fc
 611 035a 02       		.byte	0x2
 612 035b 23       		.byte	0x23
 613 035c 0C       		.uleb128 0xc
 614 035d 06       		.uleb128 0x6
 615 035e 89000000 		.4byte	.LASF48
 616 0362 07       		.byte	0x7
 617 0363 65       		.byte	0x65
 618 0364 2F020000 		.4byte	0x22f
 619 0368 02       		.byte	0x2
 620 0369 23       		.byte	0x23
 621 036a 10       		.uleb128 0x10
 622 036b 06       		.uleb128 0x6
 623 036c 40010000 		.4byte	.LASF49
 624 0370 07       		.byte	0x7
 625 0371 66       		.byte	0x66
 626 0372 2F020000 		.4byte	0x22f
 627 0376 02       		.byte	0x2
ARM GAS  C:\DOCUME~1\ADMINI~1\LOCALS~1\Temp\ccSMAd0P.s 			page 12


 628 0377 23       		.byte	0x23
 629 0378 14       		.uleb128 0x14
 630 0379 06       		.uleb128 0x6
 631 037a 9D020000 		.4byte	.LASF50
 632 037e 07       		.byte	0x7
 633 037f 6A       		.byte	0x6a
 634 0380 DD000000 		.4byte	0xdd
 635 0384 02       		.byte	0x2
 636 0385 23       		.byte	0x23
 637 0386 18       		.uleb128 0x18
 638 0387 06       		.uleb128 0x6
 639 0388 36010000 		.4byte	.LASF51
 640 038c 07       		.byte	0x7
 641 038d 6C       		.byte	0x6c
 642 038e 2F020000 		.4byte	0x22f
 643 0392 02       		.byte	0x2
 644 0393 23       		.byte	0x23
 645 0394 1C       		.uleb128 0x1c
 646 0395 00       		.byte	0
 647 0396 04       		.uleb128 0x4
 648 0397 77020000 		.4byte	.LASF52
 649 039b 07       		.byte	0x7
 650 039c 6E       		.byte	0x6e
 651 039d 2B030000 		.4byte	0x32b
 652 03a1 05       		.uleb128 0x5
 653 03a2 00010000 		.4byte	.LASF53
 654 03a6 10       		.byte	0x10
 655 03a7 08       		.byte	0x8
 656 03a8 2C       		.byte	0x2c
 657 03a9 D8030000 		.4byte	0x3d8
 658 03ad 06       		.uleb128 0x6
 659 03ae 67000000 		.4byte	.LASF54
 660 03b2 08       		.byte	0x8
 661 03b3 2D       		.byte	0x2d
 662 03b4 35020000 		.4byte	0x235
 663 03b8 02       		.byte	0x2
 664 03b9 23       		.byte	0x23
 665 03ba 00       		.uleb128 0
 666 03bb 06       		.uleb128 0x6
 667 03bc A7020000 		.4byte	.LASF55
 668 03c0 08       		.byte	0x8
 669 03c1 2F       		.byte	0x2f
 670 03c2 2F020000 		.4byte	0x22f
 671 03c6 02       		.byte	0x2
 672 03c7 23       		.byte	0x23
 673 03c8 08       		.uleb128 0x8
 674 03c9 06       		.uleb128 0x6
 675 03ca 0C020000 		.4byte	.LASF56
 676 03ce 08       		.byte	0x8
 677 03cf 31       		.byte	0x31
 678 03d0 D8030000 		.4byte	0x3d8
 679 03d4 02       		.byte	0x2
 680 03d5 23       		.byte	0x23
 681 03d6 0C       		.uleb128 0xc
 682 03d7 00       		.byte	0
 683 03d8 09       		.uleb128 0x9
 684 03d9 04       		.byte	0x4
ARM GAS  C:\DOCUME~1\ADMINI~1\LOCALS~1\Temp\ccSMAd0P.s 			page 13


 685 03da A1030000 		.4byte	0x3a1
 686 03de 04       		.uleb128 0x4
 687 03df 00010000 		.4byte	.LASF53
 688 03e3 08       		.byte	0x8
 689 03e4 33       		.byte	0x33
 690 03e5 A1030000 		.4byte	0x3a1
 691 03e9 0E       		.uleb128 0xe
 692 03ea 04       		.byte	0x4
 693 03eb 05       		.byte	0x5
 694 03ec 90       		.byte	0x90
 695 03ed 1E040000 		.4byte	0x41e
 696 03f1 0F       		.uleb128 0xf
 697 03f2 06000000 		.4byte	.LASF57
 698 03f6 05       		.byte	0x5
 699 03f7 97       		.byte	0x97
 700 03f8 BC000000 		.4byte	0xbc
 701 03fc 0F       		.uleb128 0xf
 702 03fd 24000000 		.4byte	.LASF58
 703 0401 05       		.byte	0x5
 704 0402 9E       		.byte	0x9e
 705 0403 BC000000 		.4byte	0xbc
 706 0407 0F       		.uleb128 0xf
 707 0408 8F020000 		.4byte	.LASF59
 708 040c 05       		.byte	0x5
 709 040d A5       		.byte	0xa5
 710 040e 6D020000 		.4byte	0x26d
 711 0412 0F       		.uleb128 0xf
 712 0413 B1010000 		.4byte	.LASF60
 713 0417 05       		.byte	0x5
 714 0418 AC       		.byte	0xac
 715 0419 C7000000 		.4byte	0xc7
 716 041d 00       		.byte	0
 717 041e 09       		.uleb128 0x9
 718 041f 04       		.byte	0x4
 719 0420 24040000 		.4byte	0x424
 720 0424 10       		.uleb128 0x10
 721 0425 29040000 		.4byte	0x429
 722 0429 03       		.uleb128 0x3
 723 042a 01       		.byte	0x1
 724 042b 08       		.byte	0x8
 725 042c F7010000 		.4byte	.LASF61
 726 0430 09       		.uleb128 0x9
 727 0431 04       		.byte	0x4
 728 0432 DE030000 		.4byte	0x3de
 729 0436 11       		.uleb128 0x11
 730 0437 01       		.byte	0x1
 731 0438 2D000000 		.4byte	.LASF62
 732 043c 01       		.byte	0x1
 733 043d 48       		.byte	0x48
 734 043e 01       		.byte	0x1
 735 043f 2F020000 		.4byte	0x22f
 736 0443 00000000 		.4byte	.LFB7
 737 0447 1E000000 		.4byte	.LFE7
 738 044b 02       		.byte	0x2
 739 044c 7D       		.byte	0x7d
 740 044d 00       		.sleb128 0
 741 044e 01       		.byte	0x1
ARM GAS  C:\DOCUME~1\ADMINI~1\LOCALS~1\Temp\ccSMAd0P.s 			page 14


 742 044f 92040000 		.4byte	0x492
 743 0453 12       		.uleb128 0x12
 744 0454 747000   		.ascii	"tp\000"
 745 0457 01       		.byte	0x1
 746 0458 49       		.byte	0x49
 747 0459 2F020000 		.4byte	0x22f
 748 045d 01       		.byte	0x1
 749 045e 50       		.byte	0x50
 750 045f 13       		.uleb128 0x13
 751 0460 00000000 		.4byte	.LBB2
 752 0464 06000000 		.4byte	.LBE2
 753 0468 7C040000 		.4byte	0x47c
 754 046c 14       		.uleb128 0x14
 755 046d 746D7000 		.ascii	"tmp\000"
 756 0471 01       		.byte	0x1
 757 0472 4B       		.byte	0x4b
 758 0473 70000000 		.4byte	0x70
 759 0477 00000000 		.4byte	.LLST0
 760 047b 00       		.byte	0
 761 047c 15       		.uleb128 0x15
 762 047d 00000000 		.4byte	.Ldebug_ranges0+0
 763 0481 14       		.uleb128 0x14
 764 0482 746D7000 		.ascii	"tmp\000"
 765 0486 01       		.byte	0x1
 766 0487 50       		.byte	0x50
 767 0488 70000000 		.4byte	0x70
 768 048c 13000000 		.4byte	.LLST1
 769 0490 00       		.byte	0
 770 0491 00       		.byte	0
 771 0492 16       		.uleb128 0x16
 772 0493 01       		.byte	0x1
 773 0494 FC010000 		.4byte	.LASF63
 774 0498 01       		.byte	0x1
 775 0499 5F       		.byte	0x5f
 776 049a 01       		.byte	0x1
 777 049b 2F020000 		.4byte	0x22f
 778 049f 00000000 		.4byte	.LFB8
 779 04a3 2C000000 		.4byte	.LFE8
 780 04a7 26000000 		.4byte	.LLST2
 781 04ab 01       		.byte	0x1
 782 04ac 11050000 		.4byte	0x511
 783 04b0 17       		.uleb128 0x17
 784 04b1 747000   		.ascii	"tp\000"
 785 04b4 01       		.byte	0x1
 786 04b5 5F       		.byte	0x5f
 787 04b6 2F020000 		.4byte	0x22f
 788 04ba 46000000 		.4byte	.LLST3
 789 04be 14       		.uleb128 0x14
 790 04bf 6E747000 		.ascii	"ntp\000"
 791 04c3 01       		.byte	0x1
 792 04c4 60       		.byte	0x60
 793 04c5 2F020000 		.4byte	0x22f
 794 04c9 72000000 		.4byte	.LLST4
 795 04cd 13       		.uleb128 0x13
 796 04ce 02000000 		.4byte	.LBB5
 797 04d2 08000000 		.4byte	.LBE5
 798 04d6 EA040000 		.4byte	0x4ea
ARM GAS  C:\DOCUME~1\ADMINI~1\LOCALS~1\Temp\ccSMAd0P.s 			page 15


 799 04da 14       		.uleb128 0x14
 800 04db 746D7000 		.ascii	"tmp\000"
 801 04df 01       		.byte	0x1
 802 04e0 62       		.byte	0x62
 803 04e1 70000000 		.4byte	0x70
 804 04e5 91000000 		.4byte	.LLST5
 805 04e9 00       		.byte	0
 806 04ea 13       		.uleb128 0x13
 807 04eb 16000000 		.4byte	.LBB6
 808 04ef 1C000000 		.4byte	.LBE6
 809 04f3 07050000 		.4byte	0x507
 810 04f7 14       		.uleb128 0x14
 811 04f8 746D7000 		.ascii	"tmp\000"
 812 04fc 01       		.byte	0x1
 813 04fd 6D       		.byte	0x6d
 814 04fe 70000000 		.4byte	0x70
 815 0502 A4000000 		.4byte	.LLST6
 816 0506 00       		.byte	0
 817 0507 18       		.uleb128 0x18
 818 0508 20000000 		.4byte	.LVL14
 819 050c 1E050000 		.4byte	0x51e
 820 0510 00       		.byte	0
 821 0511 19       		.uleb128 0x19
 822 0512 81020000 		.4byte	.LASF67
 823 0516 07       		.byte	0x7
 824 0517 72       		.byte	0x72
 825 0518 96030000 		.4byte	0x396
 826 051c 01       		.byte	0x1
 827 051d 01       		.byte	0x1
 828 051e 1A       		.uleb128 0x1a
 829 051f 01       		.byte	0x1
 830 0520 C7010000 		.4byte	.LASF68
 831 0524 09       		.byte	0x9
 832 0525 3A       		.byte	0x3a
 833 0526 01       		.byte	0x1
 834 0527 01       		.byte	0x1
 835 0528 1B       		.uleb128 0x1b
 836 0529 2F020000 		.4byte	0x22f
 837 052d 00       		.byte	0
 838 052e 00       		.byte	0
 839              		.section	.debug_abbrev,"",%progbits
 840              	.Ldebug_abbrev0:
 841 0000 01       		.uleb128 0x1
 842 0001 11       		.uleb128 0x11
 843 0002 01       		.byte	0x1
 844 0003 25       		.uleb128 0x25
 845 0004 0E       		.uleb128 0xe
 846 0005 13       		.uleb128 0x13
 847 0006 0B       		.uleb128 0xb
 848 0007 03       		.uleb128 0x3
 849 0008 0E       		.uleb128 0xe
 850 0009 1B       		.uleb128 0x1b
 851 000a 0E       		.uleb128 0xe
 852 000b 55       		.uleb128 0x55
 853 000c 06       		.uleb128 0x6
 854 000d 11       		.uleb128 0x11
 855 000e 01       		.uleb128 0x1
ARM GAS  C:\DOCUME~1\ADMINI~1\LOCALS~1\Temp\ccSMAd0P.s 			page 16


 856 000f 52       		.uleb128 0x52
 857 0010 01       		.uleb128 0x1
 858 0011 10       		.uleb128 0x10
 859 0012 06       		.uleb128 0x6
 860 0013 00       		.byte	0
 861 0014 00       		.byte	0
 862 0015 02       		.uleb128 0x2
 863 0016 24       		.uleb128 0x24
 864 0017 00       		.byte	0
 865 0018 0B       		.uleb128 0xb
 866 0019 0B       		.uleb128 0xb
 867 001a 3E       		.uleb128 0x3e
 868 001b 0B       		.uleb128 0xb
 869 001c 03       		.uleb128 0x3
 870 001d 08       		.uleb128 0x8
 871 001e 00       		.byte	0
 872 001f 00       		.byte	0
 873 0020 03       		.uleb128 0x3
 874 0021 24       		.uleb128 0x24
 875 0022 00       		.byte	0
 876 0023 0B       		.uleb128 0xb
 877 0024 0B       		.uleb128 0xb
 878 0025 3E       		.uleb128 0x3e
 879 0026 0B       		.uleb128 0xb
 880 0027 03       		.uleb128 0x3
 881 0028 0E       		.uleb128 0xe
 882 0029 00       		.byte	0
 883 002a 00       		.byte	0
 884 002b 04       		.uleb128 0x4
 885 002c 16       		.uleb128 0x16
 886 002d 00       		.byte	0
 887 002e 03       		.uleb128 0x3
 888 002f 0E       		.uleb128 0xe
 889 0030 3A       		.uleb128 0x3a
 890 0031 0B       		.uleb128 0xb
 891 0032 3B       		.uleb128 0x3b
 892 0033 0B       		.uleb128 0xb
 893 0034 49       		.uleb128 0x49
 894 0035 13       		.uleb128 0x13
 895 0036 00       		.byte	0
 896 0037 00       		.byte	0
 897 0038 05       		.uleb128 0x5
 898 0039 13       		.uleb128 0x13
 899 003a 01       		.byte	0x1
 900 003b 03       		.uleb128 0x3
 901 003c 0E       		.uleb128 0xe
 902 003d 0B       		.uleb128 0xb
 903 003e 0B       		.uleb128 0xb
 904 003f 3A       		.uleb128 0x3a
 905 0040 0B       		.uleb128 0xb
 906 0041 3B       		.uleb128 0x3b
 907 0042 0B       		.uleb128 0xb
 908 0043 01       		.uleb128 0x1
 909 0044 13       		.uleb128 0x13
 910 0045 00       		.byte	0
 911 0046 00       		.byte	0
 912 0047 06       		.uleb128 0x6
ARM GAS  C:\DOCUME~1\ADMINI~1\LOCALS~1\Temp\ccSMAd0P.s 			page 17


 913 0048 0D       		.uleb128 0xd
 914 0049 00       		.byte	0
 915 004a 03       		.uleb128 0x3
 916 004b 0E       		.uleb128 0xe
 917 004c 3A       		.uleb128 0x3a
 918 004d 0B       		.uleb128 0xb
 919 004e 3B       		.uleb128 0x3b
 920 004f 0B       		.uleb128 0xb
 921 0050 49       		.uleb128 0x49
 922 0051 13       		.uleb128 0x13
 923 0052 38       		.uleb128 0x38
 924 0053 0A       		.uleb128 0xa
 925 0054 00       		.byte	0
 926 0055 00       		.byte	0
 927 0056 07       		.uleb128 0x7
 928 0057 0D       		.uleb128 0xd
 929 0058 00       		.byte	0
 930 0059 03       		.uleb128 0x3
 931 005a 08       		.uleb128 0x8
 932 005b 3A       		.uleb128 0x3a
 933 005c 0B       		.uleb128 0xb
 934 005d 3B       		.uleb128 0x3b
 935 005e 0B       		.uleb128 0xb
 936 005f 49       		.uleb128 0x49
 937 0060 13       		.uleb128 0x13
 938 0061 38       		.uleb128 0x38
 939 0062 0A       		.uleb128 0xa
 940 0063 00       		.byte	0
 941 0064 00       		.byte	0
 942 0065 08       		.uleb128 0x8
 943 0066 13       		.uleb128 0x13
 944 0067 01       		.byte	0x1
 945 0068 0B       		.uleb128 0xb
 946 0069 0B       		.uleb128 0xb
 947 006a 3A       		.uleb128 0x3a
 948 006b 0B       		.uleb128 0xb
 949 006c 3B       		.uleb128 0x3b
 950 006d 0B       		.uleb128 0xb
 951 006e 01       		.uleb128 0x1
 952 006f 13       		.uleb128 0x13
 953 0070 00       		.byte	0
 954 0071 00       		.byte	0
 955 0072 09       		.uleb128 0x9
 956 0073 0F       		.uleb128 0xf
 957 0074 00       		.byte	0
 958 0075 0B       		.uleb128 0xb
 959 0076 0B       		.uleb128 0xb
 960 0077 49       		.uleb128 0x49
 961 0078 13       		.uleb128 0x13
 962 0079 00       		.byte	0
 963 007a 00       		.byte	0
 964 007b 0A       		.uleb128 0xa
 965 007c 0F       		.uleb128 0xf
 966 007d 00       		.byte	0
 967 007e 0B       		.uleb128 0xb
 968 007f 0B       		.uleb128 0xb
 969 0080 00       		.byte	0
ARM GAS  C:\DOCUME~1\ADMINI~1\LOCALS~1\Temp\ccSMAd0P.s 			page 18


 970 0081 00       		.byte	0
 971 0082 0B       		.uleb128 0xb
 972 0083 0D       		.uleb128 0xd
 973 0084 00       		.byte	0
 974 0085 03       		.uleb128 0x3
 975 0086 08       		.uleb128 0x8
 976 0087 3A       		.uleb128 0x3a
 977 0088 0B       		.uleb128 0xb
 978 0089 3B       		.uleb128 0x3b
 979 008a 05       		.uleb128 0x5
 980 008b 49       		.uleb128 0x49
 981 008c 13       		.uleb128 0x13
 982 008d 38       		.uleb128 0x38
 983 008e 0A       		.uleb128 0xa
 984 008f 00       		.byte	0
 985 0090 00       		.byte	0
 986 0091 0C       		.uleb128 0xc
 987 0092 13       		.uleb128 0x13
 988 0093 01       		.byte	0x1
 989 0094 03       		.uleb128 0x3
 990 0095 0E       		.uleb128 0xe
 991 0096 0B       		.uleb128 0xb
 992 0097 0B       		.uleb128 0xb
 993 0098 3A       		.uleb128 0x3a
 994 0099 0B       		.uleb128 0xb
 995 009a 3B       		.uleb128 0x3b
 996 009b 05       		.uleb128 0x5
 997 009c 01       		.uleb128 0x1
 998 009d 13       		.uleb128 0x13
 999 009e 00       		.byte	0
 1000 009f 00       		.byte	0
 1001 00a0 0D       		.uleb128 0xd
 1002 00a1 35       		.uleb128 0x35
 1003 00a2 00       		.byte	0
 1004 00a3 49       		.uleb128 0x49
 1005 00a4 13       		.uleb128 0x13
 1006 00a5 00       		.byte	0
 1007 00a6 00       		.byte	0
 1008 00a7 0E       		.uleb128 0xe
 1009 00a8 17       		.uleb128 0x17
 1010 00a9 01       		.byte	0x1
 1011 00aa 0B       		.uleb128 0xb
 1012 00ab 0B       		.uleb128 0xb
 1013 00ac 3A       		.uleb128 0x3a
 1014 00ad 0B       		.uleb128 0xb
 1015 00ae 3B       		.uleb128 0x3b
 1016 00af 0B       		.uleb128 0xb
 1017 00b0 01       		.uleb128 0x1
 1018 00b1 13       		.uleb128 0x13
 1019 00b2 00       		.byte	0
 1020 00b3 00       		.byte	0
 1021 00b4 0F       		.uleb128 0xf
 1022 00b5 0D       		.uleb128 0xd
 1023 00b6 00       		.byte	0
 1024 00b7 03       		.uleb128 0x3
 1025 00b8 0E       		.uleb128 0xe
 1026 00b9 3A       		.uleb128 0x3a
ARM GAS  C:\DOCUME~1\ADMINI~1\LOCALS~1\Temp\ccSMAd0P.s 			page 19


 1027 00ba 0B       		.uleb128 0xb
 1028 00bb 3B       		.uleb128 0x3b
 1029 00bc 0B       		.uleb128 0xb
 1030 00bd 49       		.uleb128 0x49
 1031 00be 13       		.uleb128 0x13
 1032 00bf 00       		.byte	0
 1033 00c0 00       		.byte	0
 1034 00c1 10       		.uleb128 0x10
 1035 00c2 26       		.uleb128 0x26
 1036 00c3 00       		.byte	0
 1037 00c4 49       		.uleb128 0x49
 1038 00c5 13       		.uleb128 0x13
 1039 00c6 00       		.byte	0
 1040 00c7 00       		.byte	0
 1041 00c8 11       		.uleb128 0x11
 1042 00c9 2E       		.uleb128 0x2e
 1043 00ca 01       		.byte	0x1
 1044 00cb 3F       		.uleb128 0x3f
 1045 00cc 0C       		.uleb128 0xc
 1046 00cd 03       		.uleb128 0x3
 1047 00ce 0E       		.uleb128 0xe
 1048 00cf 3A       		.uleb128 0x3a
 1049 00d0 0B       		.uleb128 0xb
 1050 00d1 3B       		.uleb128 0x3b
 1051 00d2 0B       		.uleb128 0xb
 1052 00d3 27       		.uleb128 0x27
 1053 00d4 0C       		.uleb128 0xc
 1054 00d5 49       		.uleb128 0x49
 1055 00d6 13       		.uleb128 0x13
 1056 00d7 11       		.uleb128 0x11
 1057 00d8 01       		.uleb128 0x1
 1058 00d9 12       		.uleb128 0x12
 1059 00da 01       		.uleb128 0x1
 1060 00db 40       		.uleb128 0x40
 1061 00dc 0A       		.uleb128 0xa
 1062 00dd 9742     		.uleb128 0x2117
 1063 00df 0C       		.uleb128 0xc
 1064 00e0 01       		.uleb128 0x1
 1065 00e1 13       		.uleb128 0x13
 1066 00e2 00       		.byte	0
 1067 00e3 00       		.byte	0
 1068 00e4 12       		.uleb128 0x12
 1069 00e5 34       		.uleb128 0x34
 1070 00e6 00       		.byte	0
 1071 00e7 03       		.uleb128 0x3
 1072 00e8 08       		.uleb128 0x8
 1073 00e9 3A       		.uleb128 0x3a
 1074 00ea 0B       		.uleb128 0xb
 1075 00eb 3B       		.uleb128 0x3b
 1076 00ec 0B       		.uleb128 0xb
 1077 00ed 49       		.uleb128 0x49
 1078 00ee 13       		.uleb128 0x13
 1079 00ef 02       		.uleb128 0x2
 1080 00f0 0A       		.uleb128 0xa
 1081 00f1 00       		.byte	0
 1082 00f2 00       		.byte	0
 1083 00f3 13       		.uleb128 0x13
ARM GAS  C:\DOCUME~1\ADMINI~1\LOCALS~1\Temp\ccSMAd0P.s 			page 20


 1084 00f4 0B       		.uleb128 0xb
 1085 00f5 01       		.byte	0x1
 1086 00f6 11       		.uleb128 0x11
 1087 00f7 01       		.uleb128 0x1
 1088 00f8 12       		.uleb128 0x12
 1089 00f9 01       		.uleb128 0x1
 1090 00fa 01       		.uleb128 0x1
 1091 00fb 13       		.uleb128 0x13
 1092 00fc 00       		.byte	0
 1093 00fd 00       		.byte	0
 1094 00fe 14       		.uleb128 0x14
 1095 00ff 34       		.uleb128 0x34
 1096 0100 00       		.byte	0
 1097 0101 03       		.uleb128 0x3
 1098 0102 08       		.uleb128 0x8
 1099 0103 3A       		.uleb128 0x3a
 1100 0104 0B       		.uleb128 0xb
 1101 0105 3B       		.uleb128 0x3b
 1102 0106 0B       		.uleb128 0xb
 1103 0107 49       		.uleb128 0x49
 1104 0108 13       		.uleb128 0x13
 1105 0109 02       		.uleb128 0x2
 1106 010a 06       		.uleb128 0x6
 1107 010b 00       		.byte	0
 1108 010c 00       		.byte	0
 1109 010d 15       		.uleb128 0x15
 1110 010e 0B       		.uleb128 0xb
 1111 010f 01       		.byte	0x1
 1112 0110 55       		.uleb128 0x55
 1113 0111 06       		.uleb128 0x6
 1114 0112 00       		.byte	0
 1115 0113 00       		.byte	0
 1116 0114 16       		.uleb128 0x16
 1117 0115 2E       		.uleb128 0x2e
 1118 0116 01       		.byte	0x1
 1119 0117 3F       		.uleb128 0x3f
 1120 0118 0C       		.uleb128 0xc
 1121 0119 03       		.uleb128 0x3
 1122 011a 0E       		.uleb128 0xe
 1123 011b 3A       		.uleb128 0x3a
 1124 011c 0B       		.uleb128 0xb
 1125 011d 3B       		.uleb128 0x3b
 1126 011e 0B       		.uleb128 0xb
 1127 011f 27       		.uleb128 0x27
 1128 0120 0C       		.uleb128 0xc
 1129 0121 49       		.uleb128 0x49
 1130 0122 13       		.uleb128 0x13
 1131 0123 11       		.uleb128 0x11
 1132 0124 01       		.uleb128 0x1
 1133 0125 12       		.uleb128 0x12
 1134 0126 01       		.uleb128 0x1
 1135 0127 40       		.uleb128 0x40
 1136 0128 06       		.uleb128 0x6
 1137 0129 9742     		.uleb128 0x2117
 1138 012b 0C       		.uleb128 0xc
 1139 012c 01       		.uleb128 0x1
 1140 012d 13       		.uleb128 0x13
ARM GAS  C:\DOCUME~1\ADMINI~1\LOCALS~1\Temp\ccSMAd0P.s 			page 21


 1141 012e 00       		.byte	0
 1142 012f 00       		.byte	0
 1143 0130 17       		.uleb128 0x17
 1144 0131 05       		.uleb128 0x5
 1145 0132 00       		.byte	0
 1146 0133 03       		.uleb128 0x3
 1147 0134 08       		.uleb128 0x8
 1148 0135 3A       		.uleb128 0x3a
 1149 0136 0B       		.uleb128 0xb
 1150 0137 3B       		.uleb128 0x3b
 1151 0138 0B       		.uleb128 0xb
 1152 0139 49       		.uleb128 0x49
 1153 013a 13       		.uleb128 0x13
 1154 013b 02       		.uleb128 0x2
 1155 013c 06       		.uleb128 0x6
 1156 013d 00       		.byte	0
 1157 013e 00       		.byte	0
 1158 013f 18       		.uleb128 0x18
 1159 0140 898201   		.uleb128 0x4109
 1160 0143 00       		.byte	0
 1161 0144 11       		.uleb128 0x11
 1162 0145 01       		.uleb128 0x1
 1163 0146 31       		.uleb128 0x31
 1164 0147 13       		.uleb128 0x13
 1165 0148 00       		.byte	0
 1166 0149 00       		.byte	0
 1167 014a 19       		.uleb128 0x19
 1168 014b 34       		.uleb128 0x34
 1169 014c 00       		.byte	0
 1170 014d 03       		.uleb128 0x3
 1171 014e 0E       		.uleb128 0xe
 1172 014f 3A       		.uleb128 0x3a
 1173 0150 0B       		.uleb128 0xb
 1174 0151 3B       		.uleb128 0x3b
 1175 0152 0B       		.uleb128 0xb
 1176 0153 49       		.uleb128 0x49
 1177 0154 13       		.uleb128 0x13
 1178 0155 3F       		.uleb128 0x3f
 1179 0156 0C       		.uleb128 0xc
 1180 0157 3C       		.uleb128 0x3c
 1181 0158 0C       		.uleb128 0xc
 1182 0159 00       		.byte	0
 1183 015a 00       		.byte	0
 1184 015b 1A       		.uleb128 0x1a
 1185 015c 2E       		.uleb128 0x2e
 1186 015d 01       		.byte	0x1
 1187 015e 3F       		.uleb128 0x3f
 1188 015f 0C       		.uleb128 0xc
 1189 0160 03       		.uleb128 0x3
 1190 0161 0E       		.uleb128 0xe
 1191 0162 3A       		.uleb128 0x3a
 1192 0163 0B       		.uleb128 0xb
 1193 0164 3B       		.uleb128 0x3b
 1194 0165 0B       		.uleb128 0xb
 1195 0166 27       		.uleb128 0x27
 1196 0167 0C       		.uleb128 0xc
 1197 0168 3C       		.uleb128 0x3c
ARM GAS  C:\DOCUME~1\ADMINI~1\LOCALS~1\Temp\ccSMAd0P.s 			page 22


 1198 0169 0C       		.uleb128 0xc
 1199 016a 00       		.byte	0
 1200 016b 00       		.byte	0
 1201 016c 1B       		.uleb128 0x1b
 1202 016d 05       		.uleb128 0x5
 1203 016e 00       		.byte	0
 1204 016f 49       		.uleb128 0x49
 1205 0170 13       		.uleb128 0x13
 1206 0171 00       		.byte	0
 1207 0172 00       		.byte	0
 1208 0173 00       		.byte	0
 1209              		.section	.debug_loc,"",%progbits
 1210              	.Ldebug_loc0:
 1211              	.LLST0:
 1212 0000 06000000 		.4byte	.LVL1
 1213 0004 0A000000 		.4byte	.LVL2
 1214 0008 0100     		.2byte	0x1
 1215 000a 53       		.byte	0x53
 1216 000b 00000000 		.4byte	0
 1217 000f 00000000 		.4byte	0
 1218              	.LLST1:
 1219 0013 1C000000 		.4byte	.LVL5
 1220 0017 1E000000 		.4byte	.LFE7
 1221 001b 0100     		.2byte	0x1
 1222 001d 53       		.byte	0x53
 1223 001e 00000000 		.4byte	0
 1224 0022 00000000 		.4byte	0
 1225              	.LLST2:
 1226 0026 00000000 		.4byte	.LFB8
 1227 002a 02000000 		.4byte	.LCFI0
 1228 002e 0200     		.2byte	0x2
 1229 0030 7D       		.byte	0x7d
 1230 0031 00       		.sleb128 0
 1231 0032 02000000 		.4byte	.LCFI0
 1232 0036 2C000000 		.4byte	.LFE8
 1233 003a 0200     		.2byte	0x2
 1234 003c 7D       		.byte	0x7d
 1235 003d 08       		.sleb128 8
 1236 003e 00000000 		.4byte	0
 1237 0042 00000000 		.4byte	0
 1238              	.LLST3:
 1239 0046 00000000 		.4byte	.LVL6
 1240 004a 1F000000 		.4byte	.LVL14-1
 1241 004e 0100     		.2byte	0x1
 1242 0050 50       		.byte	0x50
 1243 0051 1F000000 		.4byte	.LVL14-1
 1244 0055 24000000 		.4byte	.LVL15
 1245 0059 0400     		.2byte	0x4
 1246 005b F3       		.byte	0xf3
 1247 005c 01       		.uleb128 0x1
 1248 005d 50       		.byte	0x50
 1249 005e 9F       		.byte	0x9f
 1250 005f 24000000 		.4byte	.LVL15
 1251 0063 2C000000 		.4byte	.LFE8
 1252 0067 0100     		.2byte	0x1
 1253 0069 50       		.byte	0x50
 1254 006a 00000000 		.4byte	0
ARM GAS  C:\DOCUME~1\ADMINI~1\LOCALS~1\Temp\ccSMAd0P.s 			page 23


 1255 006e 00000000 		.4byte	0
 1256              	.LLST4:
 1257 0072 0C000000 		.4byte	.LVL10
 1258 0076 26000000 		.4byte	.LVL16
 1259 007a 0100     		.2byte	0x1
 1260 007c 54       		.byte	0x54
 1261 007d 26000000 		.4byte	.LVL16
 1262 0081 2C000000 		.4byte	.LFE8
 1263 0085 0200     		.2byte	0x2
 1264 0087 70       		.byte	0x70
 1265 0088 10       		.sleb128 16
 1266 0089 00000000 		.4byte	0
 1267 008d 00000000 		.4byte	0
 1268              	.LLST5:
 1269 0091 08000000 		.4byte	.LVL8
 1270 0095 0A000000 		.4byte	.LVL9
 1271 0099 0100     		.2byte	0x1
 1272 009b 53       		.byte	0x53
 1273 009c 00000000 		.4byte	0
 1274 00a0 00000000 		.4byte	0
 1275              	.LLST6:
 1276 00a4 1C000000 		.4byte	.LVL13
 1277 00a8 1F000000 		.4byte	.LVL14-1
 1278 00ac 0100     		.2byte	0x1
 1279 00ae 53       		.byte	0x53
 1280 00af 00000000 		.4byte	0
 1281 00b3 00000000 		.4byte	0
 1282              		.section	.debug_aranges,"",%progbits
 1283 0000 24000000 		.4byte	0x24
 1284 0004 0200     		.2byte	0x2
 1285 0006 00000000 		.4byte	.Ldebug_info0
 1286 000a 04       		.byte	0x4
 1287 000b 00       		.byte	0
 1288 000c 0000     		.2byte	0
 1289 000e 0000     		.2byte	0
 1290 0010 00000000 		.4byte	.LFB7
 1291 0014 1E000000 		.4byte	.LFE7-.LFB7
 1292 0018 00000000 		.4byte	.LFB8
 1293 001c 2C000000 		.4byte	.LFE8-.LFB8
 1294 0020 00000000 		.4byte	0
 1295 0024 00000000 		.4byte	0
 1296              		.section	.debug_ranges,"",%progbits
 1297              	.Ldebug_ranges0:
 1298 0000 10000000 		.4byte	.LBB3
 1299 0004 12000000 		.4byte	.LBE3
 1300 0008 18000000 		.4byte	.LBB4
 1301 000c 1C000000 		.4byte	.LBE4
 1302 0010 00000000 		.4byte	0
 1303 0014 00000000 		.4byte	0
 1304 0018 00000000 		.4byte	.LFB7
 1305 001c 1E000000 		.4byte	.LFE7
 1306 0020 00000000 		.4byte	.LFB8
 1307 0024 2C000000 		.4byte	.LFE8
 1308 0028 00000000 		.4byte	0
 1309 002c 00000000 		.4byte	0
 1310              		.section	.debug_line,"",%progbits
 1311              	.Ldebug_line0:
ARM GAS  C:\DOCUME~1\ADMINI~1\LOCALS~1\Temp\ccSMAd0P.s 			page 24


 1312 0000 4C010000 		.section	.debug_str,"MS",%progbits,1
 1312      02001501 
 1312      00000201 
 1312      FB0E0D00 
 1312      01010101 
 1313              	.LASF34:
 1314 0000 705F6D73 		.ascii	"p_msg\000"
 1314      6700
 1315              	.LASF57:
 1316 0006 7264796D 		.ascii	"rdymsg\000"
 1316      736700
 1317              	.LASF11:
 1318 000d 6C6F6E67 		.ascii	"long long unsigned int\000"
 1318      206C6F6E 
 1318      6720756E 
 1318      7369676E 
 1318      65642069 
 1319              	.LASF58:
 1320 0024 65786974 		.ascii	"exitcode\000"
 1320      636F6465 
 1320      00
 1321              	.LASF62:
 1322 002d 63685265 		.ascii	"chRegFirstThread\000"
 1322      67466972 
 1322      73745468 
 1322      72656164 
 1322      00
 1323              	.LASF23:
 1324 003e 705F7072 		.ascii	"p_prio\000"
 1324      696F00
 1325              	.LASF10:
 1326 0045 6C6F6E67 		.ascii	"long long int\000"
 1326      206C6F6E 
 1326      6720696E 
 1326      7400
 1327              	.LASF1:
 1328 0053 7369676E 		.ascii	"signed char\000"
 1328      65642063 
 1328      68617200 
 1329              	.LASF38:
 1330 005f 705F6D70 		.ascii	"p_mpool\000"
 1330      6F6F6C00 
 1331              	.LASF54:
 1332 0067 6D5F7175 		.ascii	"m_queue\000"
 1332      65756500 
 1333              	.LASF7:
 1334 006f 6C6F6E67 		.ascii	"long int\000"
 1334      20696E74 
 1334      00
 1335              	.LASF13:
 1336 0078 74737461 		.ascii	"tstate_t\000"
 1336      74655F74 
 1336      00
 1337              	.LASF25:
 1338 0081 705F6E65 		.ascii	"p_newer\000"
 1338      77657200 
 1339              	.LASF48:
ARM GAS  C:\DOCUME~1\ADMINI~1\LOCALS~1\Temp\ccSMAd0P.s 			page 25


 1340 0089 725F6E65 		.ascii	"r_newer\000"
 1340      77657200 
 1341              	.LASF41:
 1342 0091 72656761 		.ascii	"regarm_t\000"
 1342      726D5F74 
 1342      00
 1343              	.LASF19:
 1344 009a 636E745F 		.ascii	"cnt_t\000"
 1344      7400
 1345              	.LASF0:
 1346 00a0 756E7369 		.ascii	"unsigned int\000"
 1346      676E6564 
 1346      20696E74 
 1346      00
 1347              	.LASF9:
 1348 00ad 6C6F6E67 		.ascii	"long unsigned int\000"
 1348      20756E73 
 1348      69676E65 
 1348      6420696E 
 1348      7400
 1349              	.LASF43:
 1350 00bf 636F6E74 		.ascii	"context\000"
 1350      65787400 
 1351              	.LASF4:
 1352 00c7 73686F72 		.ascii	"short unsigned int\000"
 1352      7420756E 
 1352      7369676E 
 1352      65642069 
 1352      6E7400
 1353              	.LASF16:
 1354 00da 6D73675F 		.ascii	"msg_t\000"
 1354      7400
 1355              	.LASF12:
 1356 00e0 746D6F64 		.ascii	"tmode_t\000"
 1356      655F7400 
 1357              	.LASF40:
 1358 00e8 54687265 		.ascii	"ThreadsList\000"
 1358      6164734C 
 1358      69737400 
 1359              	.LASF17:
 1360 00f4 6576656E 		.ascii	"eventmask_t\000"
 1360      746D6173 
 1360      6B5F7400 
 1361              	.LASF53:
 1362 0100 4D757465 		.ascii	"Mutex\000"
 1362      7800
 1363              	.LASF44:
 1364 0106 73697A65 		.ascii	"sizetype\000"
 1364      74797065 
 1364      00
 1365              	.LASF26:
 1366 010f 705F6F6C 		.ascii	"p_older\000"
 1366      64657200 
 1367              	.LASF47:
 1368 0117 725F6374 		.ascii	"r_ctx\000"
 1368      7800
 1369              	.LASF39:
ARM GAS  C:\DOCUME~1\ADMINI~1\LOCALS~1\Temp\ccSMAd0P.s 			page 26


 1370 011d 54687265 		.ascii	"ThreadsQueue\000"
 1370      61647351 
 1370      75657565 
 1370      00
 1371              	.LASF64:
 1372 012a 474E5520 		.ascii	"GNU C 4.7.1\000"
 1372      4320342E 
 1372      372E3100 
 1373              	.LASF51:
 1374 0136 725F6375 		.ascii	"r_current\000"
 1374      7272656E 
 1374      7400
 1375              	.LASF49:
 1376 0140 725F6F6C 		.ascii	"r_older\000"
 1376      64657200 
 1377              	.LASF14:
 1378 0148 74726566 		.ascii	"trefs_t\000"
 1378      735F7400 
 1379              	.LASF22:
 1380 0150 705F7072 		.ascii	"p_prev\000"
 1380      657600
 1381              	.LASF15:
 1382 0157 74707269 		.ascii	"tprio_t\000"
 1382      6F5F7400 
 1383              	.LASF6:
 1384 015f 696E7433 		.ascii	"int32_t\000"
 1384      325F7400 
 1385              	.LASF66:
 1386 0167 433A5C70 		.ascii	"C:\\projects\\ChibiOS_2.4.2\\demos\\TOAST2\000"
 1386      726F6A65 
 1386      6374735C 
 1386      43686962 
 1386      694F535F 
 1387              	.LASF36:
 1388 018e 705F6D74 		.ascii	"p_mtxlist\000"
 1388      786C6973 
 1388      7400
 1389              	.LASF3:
 1390 0198 73686F72 		.ascii	"short int\000"
 1390      7420696E 
 1390      7400
 1391              	.LASF28:
 1392 01a2 705F7374 		.ascii	"p_state\000"
 1392      61746500 
 1393              	.LASF46:
 1394 01aa 725F7072 		.ascii	"r_prio\000"
 1394      696F00
 1395              	.LASF60:
 1396 01b1 65776D61 		.ascii	"ewmask\000"
 1396      736B00
 1397              	.LASF21:
 1398 01b8 705F6E65 		.ascii	"p_next\000"
 1398      787400
 1399              	.LASF29:
 1400 01bf 705F666C 		.ascii	"p_flags\000"
 1400      61677300 
 1401              	.LASF68:
ARM GAS  C:\DOCUME~1\ADMINI~1\LOCALS~1\Temp\ccSMAd0P.s 			page 27


 1402 01c7 63685468 		.ascii	"chThdRelease\000"
 1402      6452656C 
 1402      65617365 
 1402      00
 1403              	.LASF20:
 1404 01d4 54687265 		.ascii	"Thread\000"
 1404      616400
 1405              	.LASF35:
 1406 01db 705F6570 		.ascii	"p_epending\000"
 1406      656E6469 
 1406      6E6700
 1407              	.LASF8:
 1408 01e6 75696E74 		.ascii	"uint32_t\000"
 1408      33325F74 
 1408      00
 1409              	.LASF45:
 1410 01ef 725F7175 		.ascii	"r_queue\000"
 1410      65756500 
 1411              	.LASF61:
 1412 01f7 63686172 		.ascii	"char\000"
 1412      00
 1413              	.LASF63:
 1414 01fc 63685265 		.ascii	"chRegNextThread\000"
 1414      674E6578 
 1414      74546872 
 1414      65616400 
 1415              	.LASF56:
 1416 020c 6D5F6E65 		.ascii	"m_next\000"
 1416      787400
 1417              	.LASF18:
 1418 0213 73797374 		.ascii	"systime_t\000"
 1418      696D655F 
 1418      7400
 1419              	.LASF37:
 1420 021d 705F7265 		.ascii	"p_realprio\000"
 1420      616C7072 
 1420      696F00
 1421              	.LASF31:
 1422 0228 705F7469 		.ascii	"p_time\000"
 1422      6D6500
 1423              	.LASF2:
 1424 022f 756E7369 		.ascii	"unsigned char\000"
 1424      676E6564 
 1424      20636861 
 1424      7200
 1425              	.LASF42:
 1426 023d 696E7463 		.ascii	"intctx\000"
 1426      747800
 1427              	.LASF33:
 1428 0244 705F6D73 		.ascii	"p_msgqueue\000"
 1428      67717565 
 1428      756500
 1429              	.LASF65:
 1430 024f 2E2E2F2E 		.ascii	"../../os/kernel/src/chregistry.c\000"
 1430      2E2F6F73 
 1430      2F6B6572 
 1430      6E656C2F 
ARM GAS  C:\DOCUME~1\ADMINI~1\LOCALS~1\Temp\ccSMAd0P.s 			page 28


 1430      7372632F 
 1431              	.LASF30:
 1432 0270 705F7265 		.ascii	"p_refs\000"
 1432      667300
 1433              	.LASF52:
 1434 0277 52656164 		.ascii	"ReadyList\000"
 1434      794C6973 
 1434      7400
 1435              	.LASF67:
 1436 0281 726C6973 		.ascii	"rlist\000"
 1436      7400
 1437              	.LASF5:
 1438 0287 75696E74 		.ascii	"uint8_t\000"
 1438      385F7400 
 1439              	.LASF59:
 1440 028f 77746F62 		.ascii	"wtobjp\000"
 1440      6A7000
 1441              	.LASF27:
 1442 0296 705F6E61 		.ascii	"p_name\000"
 1442      6D6500
 1443              	.LASF50:
 1444 029d 725F7072 		.ascii	"r_preempt\000"
 1444      65656D70 
 1444      7400
 1445              	.LASF55:
 1446 02a7 6D5F6F77 		.ascii	"m_owner\000"
 1446      6E657200 
 1447              	.LASF24:
 1448 02af 705F6374 		.ascii	"p_ctx\000"
 1448      7800
 1449              	.LASF32:
 1450 02b5 705F7761 		.ascii	"p_waiting\000"
 1450      6974696E 
 1450      6700
 1451              		.ident	"GCC: (GNU) 4.7.1"
ARM GAS  C:\DOCUME~1\ADMINI~1\LOCALS~1\Temp\ccSMAd0P.s 			page 29


DEFINED SYMBOLS
                            *ABS*:00000000 chregistry.c
C:\DOCUME~1\ADMINI~1\LOCALS~1\Temp\ccSMAd0P.s:19     .text.chRegFirstThread:00000000 $t
C:\DOCUME~1\ADMINI~1\LOCALS~1\Temp\ccSMAd0P.s:24     .text.chRegFirstThread:00000000 chRegFirstThread
C:\DOCUME~1\ADMINI~1\LOCALS~1\Temp\ccSMAd0P.s:71     .text.chRegNextThread:00000000 $t
C:\DOCUME~1\ADMINI~1\LOCALS~1\Temp\ccSMAd0P.s:76     .text.chRegNextThread:00000000 chRegNextThread
C:\DOCUME~1\ADMINI~1\LOCALS~1\Temp\ccSMAd0P.s:138    .text.chRegNextThread:00000028 $d
                     .debug_frame:00000010 $d

UNDEFINED SYMBOLS
rlist
chThdRelease
