ARM GAS  C:\DOCUME~1\ADMINI~1\LOCALS~1\Temp\ccQM6CxM.s 			page 1


   1              		.syntax unified
   2              		.cpu cortex-m3
   3              		.fpu softvfp
   4              		.eabi_attribute 20, 1
   5              		.eabi_attribute 21, 1
   6              		.eabi_attribute 23, 3
   7              		.eabi_attribute 24, 1
   8              		.eabi_attribute 25, 1
   9              		.eabi_attribute 26, 1
  10              		.eabi_attribute 30, 2
  11              		.eabi_attribute 34, 1
  12              		.eabi_attribute 18, 4
  13              		.thumb
  14              		.file	"evtimer.c"
  15              		.text
  16              	.Ltext0:
  17              		.cfi_sections	.debug_frame
  18              		.section	.text.tmrcb,"ax",%progbits
  19              		.align	2
  20              		.thumb
  21              		.thumb_func
  22              		.type	tmrcb, %function
  23              	tmrcb:
  24              	.LFB7:
  25              		.file 1 "../../os/various/evtimer.c"
  26              		.loc 1 39 0
  27              		.cfi_startproc
  28              		@ args = 0, pretend = 0, frame = 0
  29              		@ frame_needed = 0, uses_anonymous_args = 0
  30              	.LVL0:
  31 0000 10B5     		push	{r4, lr}
  32              	.LCFI0:
  33              		.cfi_def_cfa_offset 8
  34              		.cfi_offset 4, -8
  35              		.cfi_offset 14, -4
  36              		.loc 1 42 0
  37 0002 0021     		movs	r1, #0
  38              		.loc 1 39 0
  39 0004 0446     		mov	r4, r0
  40              	.LVL1:
  41              		.loc 1 42 0
  42 0006 00F11400 		add	r0, r0, #20
  43              	.LVL2:
  44 000a FFF7FEFF 		bl	chEvtBroadcastFlagsI
  45              	.LVL3:
  46              		.loc 1 43 0
  47 000e A169     		ldr	r1, [r4, #24]
  48 0010 40F20002 		movw	r2, #:lower16:tmrcb
  49 0014 2046     		mov	r0, r4
  50 0016 C0F20002 		movt	r2, #:upper16:tmrcb
  51 001a 2346     		mov	r3, r4
  52              		.loc 1 44 0
  53 001c BDE81040 		pop	{r4, lr}
  54              		.loc 1 43 0
  55 0020 FFF7FEBF 		b	chVTSetI
  56              	.LVL4:
  57              		.cfi_endproc
ARM GAS  C:\DOCUME~1\ADMINI~1\LOCALS~1\Temp\ccQM6CxM.s 			page 2


  58              	.LFE7:
  59              		.size	tmrcb, .-tmrcb
  60              		.section	.text.evtStart,"ax",%progbits
  61              		.align	2
  62              		.global	evtStart
  63              		.thumb
  64              		.thumb_func
  65              		.type	evtStart, %function
  66              	evtStart:
  67              	.LFB8:
  68              		.loc 1 52 0
  69              		.cfi_startproc
  70              		@ args = 0, pretend = 0, frame = 0
  71              		@ frame_needed = 0, uses_anonymous_args = 0
  72              	.LVL5:
  73 0000 10B5     		push	{r4, lr}
  74              	.LCFI1:
  75              		.cfi_def_cfa_offset 8
  76              		.cfi_offset 4, -8
  77              		.cfi_offset 14, -4
  78              	.LBB2:
  79              		.loc 1 54 0
  80 0002 2023     		movs	r3, #32
  81              	.LVL6:
  82              	.LBE2:
  83              		.loc 1 52 0
  84 0004 0446     		mov	r4, r0
  85              	.LBB3:
  86              		.loc 1 54 0
  87              	@ 54 "../../os/various/evtimer.c" 1
  88 0006 83F31188 		msr     BASEPRI, r3
  89              	@ 0 "" 2
  90              	.LVL7:
  91              		.thumb
  92              	.LBE3:
  93              		.loc 1 56 0
  94 000a C368     		ldr	r3, [r0, #12]
  95              	.LVL8:
  96 000c 1BB1     		cbz	r3, .L5
  97              	.LVL9:
  98              	.L3:
  99              	.LBB4:
 100              		.loc 1 59 0
 101 000e 0023     		movs	r3, #0
 102              	.LVL10:
 103              	@ 59 "../../os/various/evtimer.c" 1
 104 0010 83F31188 		msr     BASEPRI, r3
 105              	@ 0 "" 2
 106              	.LVL11:
 107              		.thumb
 108 0014 10BD     		pop	{r4, pc}
 109              	.LVL12:
 110              	.L5:
 111              	.LBE4:
 112              		.loc 1 57 0
 113 0016 8169     		ldr	r1, [r0, #24]
 114 0018 024A     		ldr	r2, .L6
ARM GAS  C:\DOCUME~1\ADMINI~1\LOCALS~1\Temp\ccQM6CxM.s 			page 3


 115 001a 0346     		mov	r3, r0
 116 001c FFF7FEFF 		bl	chVTSetI
 117              	.LVL13:
 118 0020 F5E7     		b	.L3
 119              	.L7:
 120 0022 00BF     		.align	2
 121              	.L6:
 122 0024 00000000 		.word	tmrcb
 123              		.cfi_endproc
 124              	.LFE8:
 125              		.size	evtStart, .-evtStart
 126              		.section	.text.evtStop,"ax",%progbits
 127              		.align	2
 128              		.global	evtStop
 129              		.thumb
 130              		.thumb_func
 131              		.type	evtStop, %function
 132              	evtStop:
 133              	.LFB9:
 134              		.loc 1 68 0
 135              		.cfi_startproc
 136              		@ args = 0, pretend = 0, frame = 0
 137              		@ frame_needed = 0, uses_anonymous_args = 0
 138              	.LVL14:
 139 0000 08B5     		push	{r3, lr}
 140              	.LCFI2:
 141              		.cfi_def_cfa_offset 8
 142              		.cfi_offset 3, -8
 143              		.cfi_offset 14, -4
 144              	.LBB5:
 145              		.loc 1 70 0
 146 0002 2023     		movs	r3, #32
 147              	.LVL15:
 148              	@ 70 "../../os/various/evtimer.c" 1
 149 0004 83F31188 		msr     BASEPRI, r3
 150              	@ 0 "" 2
 151              	.LVL16:
 152              		.thumb
 153              	.LBE5:
 154              		.loc 1 72 0
 155 0008 C368     		ldr	r3, [r0, #12]
 156              	.LVL17:
 157 000a 0BB1     		cbz	r3, .L9
 158              		.loc 1 73 0
 159 000c FFF7FEFF 		bl	chVTResetI
 160              	.LVL18:
 161              	.L9:
 162              	.LBB6:
 163              		.loc 1 75 0
 164 0010 0023     		movs	r3, #0
 165              	.LVL19:
 166              	@ 75 "../../os/various/evtimer.c" 1
 167 0012 83F31188 		msr     BASEPRI, r3
 168              	@ 0 "" 2
 169              	.LVL20:
 170              		.thumb
 171 0016 08BD     		pop	{r3, pc}
ARM GAS  C:\DOCUME~1\ADMINI~1\LOCALS~1\Temp\ccQM6CxM.s 			page 4


 172              	.LBE6:
 173              		.cfi_endproc
 174              	.LFE9:
 175              		.size	evtStop, .-evtStop
 176              		.text
 177              	.Letext0:
 178              		.file 2 "c:/program files/yagarto/lib/gcc/../../arm-none-eabi/sys-include/stdint.h"
 179              		.file 3 "../../os/ports/GCC/ARMCMx/chtypes.h"
 180              		.file 4 "../../os/kernel/include/chlists.h"
 181              		.file 5 "../../os/kernel/include/chthreads.h"
 182              		.file 6 "../../os/ports/GCC/ARMCMx/chcore_v7m.h"
 183              		.file 7 "../../os/kernel/include/chvt.h"
 184              		.file 8 "../../os/kernel/include/chmtx.h"
 185              		.file 9 "../../os/kernel/include/chevents.h"
 186              		.file 10 "../../os/various/evtimer.h"
 187              		.section	.debug_info,"",%progbits
 188              	.Ldebug_info0:
 189 0000 9A060000 		.4byte	0x69a
 190 0004 0200     		.2byte	0x2
 191 0006 00000000 		.4byte	.Ldebug_abbrev0
 192 000a 04       		.byte	0x4
 193 000b 01       		.uleb128 0x1
 194 000c 7A010000 		.4byte	.LASF74
 195 0010 01       		.byte	0x1
 196 0011 FC020000 		.4byte	.LASF75
 197 0015 AD010000 		.4byte	.LASF76
 198 0019 18000000 		.4byte	.Ldebug_ranges0+0x18
 199 001d 00000000 		.4byte	0
 200 0021 00000000 		.4byte	0
 201 0025 00000000 		.4byte	.Ldebug_line0
 202 0029 02       		.uleb128 0x2
 203 002a 04       		.byte	0x4
 204 002b 05       		.byte	0x5
 205 002c 696E7400 		.ascii	"int\000"
 206 0030 03       		.uleb128 0x3
 207 0031 04       		.byte	0x4
 208 0032 07       		.byte	0x7
 209 0033 C7000000 		.4byte	.LASF0
 210 0037 03       		.uleb128 0x3
 211 0038 01       		.byte	0x1
 212 0039 06       		.byte	0x6
 213 003a 57000000 		.4byte	.LASF1
 214 003e 04       		.uleb128 0x4
 215 003f B2020000 		.4byte	.LASF5
 216 0043 02       		.byte	0x2
 217 0044 2A       		.byte	0x2a
 218 0045 49000000 		.4byte	0x49
 219 0049 03       		.uleb128 0x3
 220 004a 01       		.byte	0x1
 221 004b 08       		.byte	0x8
 222 004c 84020000 		.4byte	.LASF2
 223 0050 03       		.uleb128 0x3
 224 0051 02       		.byte	0x2
 225 0052 05       		.byte	0x5
 226 0053 EA010000 		.4byte	.LASF3
 227 0057 03       		.uleb128 0x3
 228 0058 02       		.byte	0x2
ARM GAS  C:\DOCUME~1\ADMINI~1\LOCALS~1\Temp\ccQM6CxM.s 			page 5


 229 0059 07       		.byte	0x7
 230 005a F6000000 		.4byte	.LASF4
 231 005e 04       		.uleb128 0x4
 232 005f A5010000 		.4byte	.LASF6
 233 0063 02       		.byte	0x2
 234 0064 4F       		.byte	0x4f
 235 0065 69000000 		.4byte	0x69
 236 0069 03       		.uleb128 0x3
 237 006a 04       		.byte	0x4
 238 006b 05       		.byte	0x5
 239 006c 7B000000 		.4byte	.LASF7
 240 0070 04       		.uleb128 0x4
 241 0071 2F020000 		.4byte	.LASF8
 242 0075 02       		.byte	0x2
 243 0076 50       		.byte	0x50
 244 0077 7B000000 		.4byte	0x7b
 245 007b 03       		.uleb128 0x3
 246 007c 04       		.byte	0x4
 247 007d 07       		.byte	0x7
 248 007e DC000000 		.4byte	.LASF9
 249 0082 03       		.uleb128 0x3
 250 0083 08       		.byte	0x8
 251 0084 05       		.byte	0x5
 252 0085 49000000 		.4byte	.LASF10
 253 0089 03       		.uleb128 0x3
 254 008a 08       		.byte	0x8
 255 008b 07       		.byte	0x7
 256 008c 19000000 		.4byte	.LASF11
 257 0090 04       		.uleb128 0x4
 258 0091 17010000 		.4byte	.LASF12
 259 0095 03       		.byte	0x3
 260 0096 2F       		.byte	0x2f
 261 0097 3E000000 		.4byte	0x3e
 262 009b 04       		.uleb128 0x4
 263 009c 84000000 		.4byte	.LASF13
 264 00a0 03       		.byte	0x3
 265 00a1 30       		.byte	0x30
 266 00a2 3E000000 		.4byte	0x3e
 267 00a6 04       		.uleb128 0x4
 268 00a7 8E010000 		.4byte	.LASF14
 269 00ab 03       		.byte	0x3
 270 00ac 31       		.byte	0x31
 271 00ad 3E000000 		.4byte	0x3e
 272 00b1 04       		.uleb128 0x4
 273 00b2 9D010000 		.4byte	.LASF15
 274 00b6 03       		.byte	0x3
 275 00b7 32       		.byte	0x32
 276 00b8 70000000 		.4byte	0x70
 277 00bc 04       		.uleb128 0x4
 278 00bd 09010000 		.4byte	.LASF16
 279 00c1 03       		.byte	0x3
 280 00c2 33       		.byte	0x33
 281 00c3 5E000000 		.4byte	0x5e
 282 00c7 04       		.uleb128 0x4
 283 00c8 2B010000 		.4byte	.LASF17
 284 00cc 03       		.byte	0x3
 285 00cd 35       		.byte	0x35
ARM GAS  C:\DOCUME~1\ADMINI~1\LOCALS~1\Temp\ccQM6CxM.s 			page 6


 286 00ce 70000000 		.4byte	0x70
 287 00d2 04       		.uleb128 0x4
 288 00d3 57020000 		.4byte	.LASF18
 289 00d7 03       		.byte	0x3
 290 00d8 36       		.byte	0x36
 291 00d9 70000000 		.4byte	0x70
 292 00dd 04       		.uleb128 0x4
 293 00de 12020000 		.4byte	.LASF19
 294 00e2 04       		.byte	0x4
 295 00e3 2A       		.byte	0x2a
 296 00e4 E8000000 		.4byte	0xe8
 297 00e8 05       		.uleb128 0x5
 298 00e9 12020000 		.4byte	.LASF19
 299 00ed 48       		.byte	0x48
 300 00ee 05       		.byte	0x5
 301 00ef 5E       		.byte	0x5e
 302 00f0 FF010000 		.4byte	0x1ff
 303 00f4 06       		.uleb128 0x6
 304 00f5 03020000 		.4byte	.LASF20
 305 00f9 05       		.byte	0x5
 306 00fa 5F       		.byte	0x5f
 307 00fb 24020000 		.4byte	0x224
 308 00ff 02       		.byte	0x2
 309 0100 23       		.byte	0x23
 310 0101 00       		.uleb128 0
 311 0102 06       		.uleb128 0x6
 312 0103 96010000 		.4byte	.LASF21
 313 0107 05       		.byte	0x5
 314 0108 61       		.byte	0x61
 315 0109 24020000 		.4byte	0x224
 316 010d 02       		.byte	0x2
 317 010e 23       		.byte	0x23
 318 010f 04       		.uleb128 0x4
 319 0110 06       		.uleb128 0x6
 320 0111 42000000 		.4byte	.LASF22
 321 0115 05       		.byte	0x5
 322 0116 63       		.byte	0x63
 323 0117 B1000000 		.4byte	0xb1
 324 011b 02       		.byte	0x2
 325 011c 23       		.byte	0x23
 326 011d 08       		.uleb128 0x8
 327 011e 06       		.uleb128 0x6
 328 011f EC020000 		.4byte	.LASF23
 329 0123 05       		.byte	0x5
 330 0124 64       		.byte	0x64
 331 0125 F1020000 		.4byte	0x2f1
 332 0129 02       		.byte	0x2
 333 012a 23       		.byte	0x23
 334 012b 0C       		.uleb128 0xc
 335 012c 06       		.uleb128 0x6
 336 012d A2000000 		.4byte	.LASF24
 337 0131 05       		.byte	0x5
 338 0132 66       		.byte	0x66
 339 0133 24020000 		.4byte	0x224
 340 0137 02       		.byte	0x2
 341 0138 23       		.byte	0x23
 342 0139 10       		.uleb128 0x10
ARM GAS  C:\DOCUME~1\ADMINI~1\LOCALS~1\Temp\ccQM6CxM.s 			page 7


 343 013a 06       		.uleb128 0x6
 344 013b 65010000 		.4byte	.LASF25
 345 013f 05       		.byte	0x5
 346 0140 67       		.byte	0x67
 347 0141 24020000 		.4byte	0x224
 348 0145 02       		.byte	0x2
 349 0146 23       		.byte	0x23
 350 0147 14       		.uleb128 0x14
 351 0148 06       		.uleb128 0x6
 352 0149 CF020000 		.4byte	.LASF26
 353 014d 05       		.byte	0x5
 354 014e 6E       		.byte	0x6e
 355 014f 8C040000 		.4byte	0x48c
 356 0153 02       		.byte	0x2
 357 0154 23       		.byte	0x23
 358 0155 18       		.uleb128 0x18
 359 0156 06       		.uleb128 0x6
 360 0157 F4010000 		.4byte	.LASF27
 361 015b 05       		.byte	0x5
 362 015c 79       		.byte	0x79
 363 015d 9B000000 		.4byte	0x9b
 364 0161 02       		.byte	0x2
 365 0162 23       		.byte	0x23
 366 0163 1C       		.uleb128 0x1c
 367 0164 06       		.uleb128 0x6
 368 0165 0A020000 		.4byte	.LASF28
 369 0169 05       		.byte	0x5
 370 016a 7D       		.byte	0x7d
 371 016b 90000000 		.4byte	0x90
 372 016f 02       		.byte	0x2
 373 0170 23       		.byte	0x23
 374 0171 1D       		.uleb128 0x1d
 375 0172 06       		.uleb128 0x6
 376 0173 AB020000 		.4byte	.LASF29
 377 0177 05       		.byte	0x5
 378 0178 82       		.byte	0x82
 379 0179 A6000000 		.4byte	0xa6
 380 017d 02       		.byte	0x2
 381 017e 23       		.byte	0x23
 382 017f 1E       		.uleb128 0x1e
 383 0180 06       		.uleb128 0x6
 384 0181 7D020000 		.4byte	.LASF30
 385 0185 05       		.byte	0x5
 386 0186 89       		.byte	0x89
 387 0187 9C030000 		.4byte	0x39c
 388 018b 02       		.byte	0x2
 389 018c 23       		.byte	0x23
 390 018d 20       		.uleb128 0x20
 391 018e 07       		.uleb128 0x7
 392 018f 705F7500 		.ascii	"p_u\000"
 393 0193 05       		.byte	0x5
 394 0194 AE       		.byte	0xae
 395 0195 57040000 		.4byte	0x457
 396 0199 02       		.byte	0x2
 397 019a 23       		.byte	0x23
 398 019b 24       		.uleb128 0x24
 399 019c 06       		.uleb128 0x6
ARM GAS  C:\DOCUME~1\ADMINI~1\LOCALS~1\Temp\ccQM6CxM.s 			page 8


 400 019d F2020000 		.4byte	.LASF31
 401 01a1 05       		.byte	0x5
 402 01a2 B3       		.byte	0xb3
 403 01a3 4C020000 		.4byte	0x24c
 404 01a7 02       		.byte	0x2
 405 01a8 23       		.byte	0x23
 406 01a9 28       		.uleb128 0x28
 407 01aa 06       		.uleb128 0x6
 408 01ab 99020000 		.4byte	.LASF32
 409 01af 05       		.byte	0x5
 410 01b0 B9       		.byte	0xb9
 411 01b1 2A020000 		.4byte	0x22a
 412 01b5 02       		.byte	0x2
 413 01b6 23       		.byte	0x23
 414 01b7 2C       		.uleb128 0x2c
 415 01b8 06       		.uleb128 0x6
 416 01b9 0C000000 		.4byte	.LASF33
 417 01bd 05       		.byte	0x5
 418 01be BD       		.byte	0xbd
 419 01bf BC000000 		.4byte	0xbc
 420 01c3 02       		.byte	0x2
 421 01c4 23       		.byte	0x23
 422 01c5 34       		.uleb128 0x34
 423 01c6 06       		.uleb128 0x6
 424 01c7 24020000 		.4byte	.LASF34
 425 01cb 05       		.byte	0x5
 426 01cc C3       		.byte	0xc3
 427 01cd C7000000 		.4byte	0xc7
 428 01d1 02       		.byte	0x2
 429 01d2 23       		.byte	0x23
 430 01d3 38       		.uleb128 0x38
 431 01d4 06       		.uleb128 0x6
 432 01d5 E0010000 		.4byte	.LASF35
 433 01d9 05       		.byte	0x5
 434 01da CA       		.byte	0xca
 435 01db 9E040000 		.4byte	0x49e
 436 01df 02       		.byte	0x2
 437 01e0 23       		.byte	0x23
 438 01e1 3C       		.uleb128 0x3c
 439 01e2 06       		.uleb128 0x6
 440 01e3 61020000 		.4byte	.LASF36
 441 01e7 05       		.byte	0x5
 442 01e8 CE       		.byte	0xce
 443 01e9 B1000000 		.4byte	0xb1
 444 01ed 02       		.byte	0x2
 445 01ee 23       		.byte	0x23
 446 01ef 40       		.uleb128 0x40
 447 01f0 06       		.uleb128 0x6
 448 01f1 6B000000 		.4byte	.LASF37
 449 01f5 05       		.byte	0x5
 450 01f6 D4       		.byte	0xd4
 451 01f7 62020000 		.4byte	0x262
 452 01fb 02       		.byte	0x2
 453 01fc 23       		.byte	0x23
 454 01fd 44       		.uleb128 0x44
 455 01fe 00       		.byte	0
 456 01ff 08       		.uleb128 0x8
ARM GAS  C:\DOCUME~1\ADMINI~1\LOCALS~1\Temp\ccQM6CxM.s 			page 9


 457 0200 08       		.byte	0x8
 458 0201 04       		.byte	0x4
 459 0202 61       		.byte	0x61
 460 0203 24020000 		.4byte	0x224
 461 0207 06       		.uleb128 0x6
 462 0208 03020000 		.4byte	.LASF20
 463 020c 04       		.byte	0x4
 464 020d 62       		.byte	0x62
 465 020e 24020000 		.4byte	0x224
 466 0212 02       		.byte	0x2
 467 0213 23       		.byte	0x23
 468 0214 00       		.uleb128 0
 469 0215 06       		.uleb128 0x6
 470 0216 96010000 		.4byte	.LASF21
 471 021a 04       		.byte	0x4
 472 021b 64       		.byte	0x64
 473 021c 24020000 		.4byte	0x224
 474 0220 02       		.byte	0x2
 475 0221 23       		.byte	0x23
 476 0222 04       		.uleb128 0x4
 477 0223 00       		.byte	0
 478 0224 09       		.uleb128 0x9
 479 0225 04       		.byte	0x4
 480 0226 DD000000 		.4byte	0xdd
 481 022a 04       		.uleb128 0x4
 482 022b 6D010000 		.4byte	.LASF38
 483 022f 04       		.byte	0x4
 484 0230 66       		.byte	0x66
 485 0231 FF010000 		.4byte	0x1ff
 486 0235 08       		.uleb128 0x8
 487 0236 04       		.byte	0x4
 488 0237 04       		.byte	0x4
 489 0238 6B       		.byte	0x6b
 490 0239 4C020000 		.4byte	0x24c
 491 023d 06       		.uleb128 0x6
 492 023e 03020000 		.4byte	.LASF20
 493 0242 04       		.byte	0x4
 494 0243 6D       		.byte	0x6d
 495 0244 24020000 		.4byte	0x224
 496 0248 02       		.byte	0x2
 497 0249 23       		.byte	0x23
 498 024a 00       		.uleb128 0
 499 024b 00       		.byte	0
 500 024c 04       		.uleb128 0x4
 501 024d 1F010000 		.4byte	.LASF39
 502 0251 04       		.byte	0x4
 503 0252 70       		.byte	0x70
 504 0253 35020000 		.4byte	0x235
 505 0257 04       		.uleb128 0x4
 506 0258 AA000000 		.4byte	.LASF40
 507 025c 06       		.byte	0x6
 508 025d D7       		.byte	0xd7
 509 025e 62020000 		.4byte	0x262
 510 0262 0A       		.uleb128 0xa
 511 0263 04       		.byte	0x4
 512 0264 05       		.uleb128 0x5
 513 0265 92020000 		.4byte	.LASF41
ARM GAS  C:\DOCUME~1\ADMINI~1\LOCALS~1\Temp\ccQM6CxM.s 			page 10


 514 0269 24       		.byte	0x24
 515 026a 06       		.byte	0x6
 516 026b FE       		.byte	0xfe
 517 026c F1020000 		.4byte	0x2f1
 518 0270 0B       		.uleb128 0xb
 519 0271 723400   		.ascii	"r4\000"
 520 0274 06       		.byte	0x6
 521 0275 1101     		.2byte	0x111
 522 0277 57020000 		.4byte	0x257
 523 027b 02       		.byte	0x2
 524 027c 23       		.byte	0x23
 525 027d 00       		.uleb128 0
 526 027e 0B       		.uleb128 0xb
 527 027f 723500   		.ascii	"r5\000"
 528 0282 06       		.byte	0x6
 529 0283 1201     		.2byte	0x112
 530 0285 57020000 		.4byte	0x257
 531 0289 02       		.byte	0x2
 532 028a 23       		.byte	0x23
 533 028b 04       		.uleb128 0x4
 534 028c 0B       		.uleb128 0xb
 535 028d 723600   		.ascii	"r6\000"
 536 0290 06       		.byte	0x6
 537 0291 1301     		.2byte	0x113
 538 0293 57020000 		.4byte	0x257
 539 0297 02       		.byte	0x2
 540 0298 23       		.byte	0x23
 541 0299 08       		.uleb128 0x8
 542 029a 0B       		.uleb128 0xb
 543 029b 723700   		.ascii	"r7\000"
 544 029e 06       		.byte	0x6
 545 029f 1401     		.2byte	0x114
 546 02a1 57020000 		.4byte	0x257
 547 02a5 02       		.byte	0x2
 548 02a6 23       		.byte	0x23
 549 02a7 0C       		.uleb128 0xc
 550 02a8 0B       		.uleb128 0xb
 551 02a9 723800   		.ascii	"r8\000"
 552 02ac 06       		.byte	0x6
 553 02ad 1501     		.2byte	0x115
 554 02af 57020000 		.4byte	0x257
 555 02b3 02       		.byte	0x2
 556 02b4 23       		.byte	0x23
 557 02b5 10       		.uleb128 0x10
 558 02b6 0B       		.uleb128 0xb
 559 02b7 723900   		.ascii	"r9\000"
 560 02ba 06       		.byte	0x6
 561 02bb 1601     		.2byte	0x116
 562 02bd 57020000 		.4byte	0x257
 563 02c1 02       		.byte	0x2
 564 02c2 23       		.byte	0x23
 565 02c3 14       		.uleb128 0x14
 566 02c4 0B       		.uleb128 0xb
 567 02c5 72313000 		.ascii	"r10\000"
 568 02c9 06       		.byte	0x6
 569 02ca 1701     		.2byte	0x117
 570 02cc 57020000 		.4byte	0x257
ARM GAS  C:\DOCUME~1\ADMINI~1\LOCALS~1\Temp\ccQM6CxM.s 			page 11


 571 02d0 02       		.byte	0x2
 572 02d1 23       		.byte	0x23
 573 02d2 18       		.uleb128 0x18
 574 02d3 0B       		.uleb128 0xb
 575 02d4 72313100 		.ascii	"r11\000"
 576 02d8 06       		.byte	0x6
 577 02d9 1801     		.2byte	0x118
 578 02db 57020000 		.4byte	0x257
 579 02df 02       		.byte	0x2
 580 02e0 23       		.byte	0x23
 581 02e1 1C       		.uleb128 0x1c
 582 02e2 0B       		.uleb128 0xb
 583 02e3 6C7200   		.ascii	"lr\000"
 584 02e6 06       		.byte	0x6
 585 02e7 1901     		.2byte	0x119
 586 02e9 57020000 		.4byte	0x257
 587 02ed 02       		.byte	0x2
 588 02ee 23       		.byte	0x23
 589 02ef 20       		.uleb128 0x20
 590 02f0 00       		.byte	0
 591 02f1 0C       		.uleb128 0xc
 592 02f2 EE000000 		.4byte	.LASF42
 593 02f6 04       		.byte	0x4
 594 02f7 06       		.byte	0x6
 595 02f8 2301     		.2byte	0x123
 596 02fa 0E030000 		.4byte	0x30e
 597 02fe 0B       		.uleb128 0xb
 598 02ff 72313300 		.ascii	"r13\000"
 599 0303 06       		.byte	0x6
 600 0304 2401     		.2byte	0x124
 601 0306 0E030000 		.4byte	0x30e
 602 030a 02       		.byte	0x2
 603 030b 23       		.byte	0x23
 604 030c 00       		.uleb128 0
 605 030d 00       		.byte	0
 606 030e 09       		.uleb128 0x9
 607 030f 04       		.byte	0x4
 608 0310 64020000 		.4byte	0x264
 609 0314 03       		.uleb128 0x3
 610 0315 04       		.byte	0x4
 611 0316 07       		.byte	0x7
 612 0317 4B010000 		.4byte	.LASF43
 613 031b 04       		.uleb128 0x4
 614 031c 6C020000 		.4byte	.LASF44
 615 0320 07       		.byte	0x7
 616 0321 53       		.byte	0x53
 617 0322 26030000 		.4byte	0x326
 618 0326 09       		.uleb128 0x9
 619 0327 04       		.byte	0x4
 620 0328 2C030000 		.4byte	0x32c
 621 032c 0D       		.uleb128 0xd
 622 032d 01       		.byte	0x1
 623 032e 38030000 		.4byte	0x338
 624 0332 0E       		.uleb128 0xe
 625 0333 62020000 		.4byte	0x262
 626 0337 00       		.byte	0
 627 0338 04       		.uleb128 0x4
ARM GAS  C:\DOCUME~1\ADMINI~1\LOCALS~1\Temp\ccQM6CxM.s 			page 12


 628 0339 38020000 		.4byte	.LASF45
 629 033d 07       		.byte	0x7
 630 033e 58       		.byte	0x58
 631 033f 43030000 		.4byte	0x343
 632 0343 05       		.uleb128 0x5
 633 0344 38020000 		.4byte	.LASF45
 634 0348 14       		.byte	0x14
 635 0349 07       		.byte	0x7
 636 034a 5F       		.byte	0x5f
 637 034b 96030000 		.4byte	0x396
 638 034f 06       		.uleb128 0x6
 639 0350 D4000000 		.4byte	.LASF46
 640 0354 07       		.byte	0x7
 641 0355 60       		.byte	0x60
 642 0356 96030000 		.4byte	0x396
 643 035a 02       		.byte	0x2
 644 035b 23       		.byte	0x23
 645 035c 00       		.uleb128 0
 646 035d 06       		.uleb128 0x6
 647 035e B3000000 		.4byte	.LASF47
 648 0362 07       		.byte	0x7
 649 0363 62       		.byte	0x62
 650 0364 96030000 		.4byte	0x396
 651 0368 02       		.byte	0x2
 652 0369 23       		.byte	0x23
 653 036a 04       		.uleb128 0x4
 654 036b 06       		.uleb128 0x6
 655 036c 3D010000 		.4byte	.LASF48
 656 0370 07       		.byte	0x7
 657 0371 64       		.byte	0x64
 658 0372 D2000000 		.4byte	0xd2
 659 0376 02       		.byte	0x2
 660 0377 23       		.byte	0x23
 661 0378 08       		.uleb128 0x8
 662 0379 06       		.uleb128 0x6
 663 037a 54010000 		.4byte	.LASF49
 664 037e 07       		.byte	0x7
 665 037f 65       		.byte	0x65
 666 0380 1B030000 		.4byte	0x31b
 667 0384 02       		.byte	0x2
 668 0385 23       		.byte	0x23
 669 0386 0C       		.uleb128 0xc
 670 0387 06       		.uleb128 0x6
 671 0388 A4020000 		.4byte	.LASF50
 672 038c 07       		.byte	0x7
 673 038d 67       		.byte	0x67
 674 038e 62020000 		.4byte	0x262
 675 0392 02       		.byte	0x2
 676 0393 23       		.byte	0x23
 677 0394 10       		.uleb128 0x10
 678 0395 00       		.byte	0
 679 0396 09       		.uleb128 0x9
 680 0397 04       		.byte	0x4
 681 0398 38030000 		.4byte	0x338
 682 039c 0F       		.uleb128 0xf
 683 039d D2000000 		.4byte	0xd2
 684 03a1 05       		.uleb128 0x5
ARM GAS  C:\DOCUME~1\ADMINI~1\LOCALS~1\Temp\ccQM6CxM.s 			page 13


 685 03a2 37010000 		.4byte	.LASF51
 686 03a6 10       		.byte	0x10
 687 03a7 08       		.byte	0x8
 688 03a8 2C       		.byte	0x2c
 689 03a9 D8030000 		.4byte	0x3d8
 690 03ad 06       		.uleb128 0x6
 691 03ae 73000000 		.4byte	.LASF52
 692 03b2 08       		.byte	0x8
 693 03b3 2D       		.byte	0x2d
 694 03b4 2A020000 		.4byte	0x22a
 695 03b8 02       		.byte	0x2
 696 03b9 23       		.byte	0x23
 697 03ba 00       		.uleb128 0
 698 03bb 06       		.uleb128 0x6
 699 03bc E4020000 		.4byte	.LASF53
 700 03c0 08       		.byte	0x8
 701 03c1 2F       		.byte	0x2f
 702 03c2 24020000 		.4byte	0x224
 703 03c6 02       		.byte	0x2
 704 03c7 23       		.byte	0x23
 705 03c8 08       		.uleb128 0x8
 706 03c9 06       		.uleb128 0x6
 707 03ca 50020000 		.4byte	.LASF54
 708 03ce 08       		.byte	0x8
 709 03cf 31       		.byte	0x31
 710 03d0 D8030000 		.4byte	0x3d8
 711 03d4 02       		.byte	0x2
 712 03d5 23       		.byte	0x23
 713 03d6 0C       		.uleb128 0xc
 714 03d7 00       		.byte	0
 715 03d8 09       		.uleb128 0x9
 716 03d9 04       		.byte	0x4
 717 03da A1030000 		.4byte	0x3a1
 718 03de 04       		.uleb128 0x4
 719 03df 37010000 		.4byte	.LASF51
 720 03e3 08       		.byte	0x8
 721 03e4 33       		.byte	0x33
 722 03e5 A1030000 		.4byte	0x3a1
 723 03e9 04       		.uleb128 0x4
 724 03ea BA020000 		.4byte	.LASF55
 725 03ee 09       		.byte	0x9
 726 03ef 29       		.byte	0x29
 727 03f0 F4030000 		.4byte	0x3f4
 728 03f4 05       		.uleb128 0x5
 729 03f5 BA020000 		.4byte	.LASF55
 730 03f9 0C       		.byte	0xc
 731 03fa 09       		.byte	0x9
 732 03fb 2E       		.byte	0x2e
 733 03fc 2B040000 		.4byte	0x42b
 734 0400 06       		.uleb128 0x6
 735 0401 0F010000 		.4byte	.LASF56
 736 0405 09       		.byte	0x9
 737 0406 2F       		.byte	0x2f
 738 0407 2B040000 		.4byte	0x42b
 739 040b 02       		.byte	0x2
 740 040c 23       		.byte	0x23
 741 040d 00       		.uleb128 0
ARM GAS  C:\DOCUME~1\ADMINI~1\LOCALS~1\Temp\ccQM6CxM.s 			page 14


 742 040e 06       		.uleb128 0x6
 743 040f D4010000 		.4byte	.LASF57
 744 0413 09       		.byte	0x9
 745 0414 32       		.byte	0x32
 746 0415 24020000 		.4byte	0x224
 747 0419 02       		.byte	0x2
 748 041a 23       		.byte	0x23
 749 041b 04       		.uleb128 0x4
 750 041c 06       		.uleb128 0x6
 751 041d 86010000 		.4byte	.LASF58
 752 0421 09       		.byte	0x9
 753 0422 34       		.byte	0x34
 754 0423 C7000000 		.4byte	0xc7
 755 0427 02       		.byte	0x2
 756 0428 23       		.byte	0x23
 757 0429 08       		.uleb128 0x8
 758 042a 00       		.byte	0
 759 042b 09       		.uleb128 0x9
 760 042c 04       		.byte	0x4
 761 042d E9030000 		.4byte	0x3e9
 762 0431 05       		.uleb128 0x5
 763 0432 BB000000 		.4byte	.LASF59
 764 0436 04       		.byte	0x4
 765 0437 09       		.byte	0x9
 766 0438 3C       		.byte	0x3c
 767 0439 4C040000 		.4byte	0x44c
 768 043d 06       		.uleb128 0x6
 769 043e D6020000 		.4byte	.LASF60
 770 0442 09       		.byte	0x9
 771 0443 3D       		.byte	0x3d
 772 0444 2B040000 		.4byte	0x42b
 773 0448 02       		.byte	0x2
 774 0449 23       		.byte	0x23
 775 044a 00       		.uleb128 0
 776 044b 00       		.byte	0
 777 044c 04       		.uleb128 0x4
 778 044d BB000000 		.4byte	.LASF59
 779 0451 09       		.byte	0x9
 780 0452 40       		.byte	0x40
 781 0453 31040000 		.4byte	0x431
 782 0457 10       		.uleb128 0x10
 783 0458 04       		.byte	0x4
 784 0459 05       		.byte	0x5
 785 045a 90       		.byte	0x90
 786 045b 8C040000 		.4byte	0x48c
 787 045f 11       		.uleb128 0x11
 788 0460 12000000 		.4byte	.LASF61
 789 0464 05       		.byte	0x5
 790 0465 97       		.byte	0x97
 791 0466 BC000000 		.4byte	0xbc
 792 046a 11       		.uleb128 0x11
 793 046b 30000000 		.4byte	.LASF62
 794 046f 05       		.byte	0x5
 795 0470 9E       		.byte	0x9e
 796 0471 BC000000 		.4byte	0xbc
 797 0475 11       		.uleb128 0x11
 798 0476 C8020000 		.4byte	.LASF63
ARM GAS  C:\DOCUME~1\ADMINI~1\LOCALS~1\Temp\ccQM6CxM.s 			page 15


 799 047a 05       		.byte	0x5
 800 047b A5       		.byte	0xa5
 801 047c 62020000 		.4byte	0x262
 802 0480 11       		.uleb128 0x11
 803 0481 FC010000 		.4byte	.LASF64
 804 0485 05       		.byte	0x5
 805 0486 AC       		.byte	0xac
 806 0487 C7000000 		.4byte	0xc7
 807 048b 00       		.byte	0
 808 048c 09       		.uleb128 0x9
 809 048d 04       		.byte	0x4
 810 048e 92040000 		.4byte	0x492
 811 0492 12       		.uleb128 0x12
 812 0493 97040000 		.4byte	0x497
 813 0497 03       		.uleb128 0x3
 814 0498 01       		.byte	0x1
 815 0499 08       		.byte	0x8
 816 049a 45020000 		.4byte	.LASF65
 817 049e 09       		.uleb128 0x9
 818 049f 04       		.byte	0x4
 819 04a0 DE030000 		.4byte	0x3de
 820 04a4 08       		.uleb128 0x8
 821 04a5 1C       		.byte	0x1c
 822 04a6 0A       		.byte	0xa
 823 04a7 2A       		.byte	0x2a
 824 04a8 D7040000 		.4byte	0x4d7
 825 04ac 06       		.uleb128 0x6
 826 04ad DE020000 		.4byte	.LASF66
 827 04b1 0A       		.byte	0xa
 828 04b2 2B       		.byte	0x2b
 829 04b3 38030000 		.4byte	0x338
 830 04b7 02       		.byte	0x2
 831 04b8 23       		.byte	0x23
 832 04b9 00       		.uleb128 0
 833 04ba 06       		.uleb128 0x6
 834 04bb 45010000 		.4byte	.LASF67
 835 04bf 0A       		.byte	0xa
 836 04c0 2C       		.byte	0x2c
 837 04c1 4C040000 		.4byte	0x44c
 838 04c5 02       		.byte	0x2
 839 04c6 23       		.byte	0x23
 840 04c7 14       		.uleb128 0x14
 841 04c8 06       		.uleb128 0x6
 842 04c9 00000000 		.4byte	.LASF68
 843 04cd 0A       		.byte	0xa
 844 04ce 2D       		.byte	0x2d
 845 04cf D2000000 		.4byte	0xd2
 846 04d3 02       		.byte	0x2
 847 04d4 23       		.byte	0x23
 848 04d5 18       		.uleb128 0x18
 849 04d6 00       		.byte	0
 850 04d7 04       		.uleb128 0x4
 851 04d8 63000000 		.4byte	.LASF69
 852 04dc 0A       		.byte	0xa
 853 04dd 2E       		.byte	0x2e
 854 04de A4040000 		.4byte	0x4a4
 855 04e2 13       		.uleb128 0x13
ARM GAS  C:\DOCUME~1\ADMINI~1\LOCALS~1\Temp\ccQM6CxM.s 			page 16


 856 04e3 4A020000 		.4byte	.LASF77
 857 04e7 01       		.byte	0x1
 858 04e8 27       		.byte	0x27
 859 04e9 01       		.byte	0x1
 860 04ea 00000000 		.4byte	.LFB7
 861 04ee 24000000 		.4byte	.LFE7
 862 04f2 00000000 		.4byte	.LLST0
 863 04f6 01       		.byte	0x1
 864 04f7 51050000 		.4byte	0x551
 865 04fb 14       		.uleb128 0x14
 866 04fc 7000     		.ascii	"p\000"
 867 04fe 01       		.byte	0x1
 868 04ff 27       		.byte	0x27
 869 0500 62020000 		.4byte	0x262
 870 0504 20000000 		.4byte	.LLST1
 871 0508 15       		.uleb128 0x15
 872 0509 65747000 		.ascii	"etp\000"
 873 050d 01       		.byte	0x1
 874 050e 28       		.byte	0x28
 875 050f 51050000 		.4byte	0x551
 876 0513 3E000000 		.4byte	.LLST2
 877 0517 16       		.uleb128 0x16
 878 0518 0E000000 		.4byte	.LVL3
 879 051c 4B060000 		.4byte	0x64b
 880 0520 30050000 		.4byte	0x530
 881 0524 17       		.uleb128 0x17
 882 0525 01       		.byte	0x1
 883 0526 51       		.byte	0x51
 884 0527 01       		.byte	0x1
 885 0528 30       		.byte	0x30
 886 0529 17       		.uleb128 0x17
 887 052a 01       		.byte	0x1
 888 052b 50       		.byte	0x50
 889 052c 02       		.byte	0x2
 890 052d 74       		.byte	0x74
 891 052e 14       		.sleb128 20
 892 052f 00       		.byte	0
 893 0530 18       		.uleb128 0x18
 894 0531 24000000 		.4byte	.LVL4
 895 0535 01       		.byte	0x1
 896 0536 6A060000 		.4byte	0x66a
 897 053a 17       		.uleb128 0x17
 898 053b 01       		.byte	0x1
 899 053c 53       		.byte	0x53
 900 053d 02       		.byte	0x2
 901 053e 74       		.byte	0x74
 902 053f 00       		.sleb128 0
 903 0540 17       		.uleb128 0x17
 904 0541 01       		.byte	0x1
 905 0542 52       		.byte	0x52
 906 0543 05       		.byte	0x5
 907 0544 03       		.byte	0x3
 908 0545 00000000 		.4byte	tmrcb
 909 0549 17       		.uleb128 0x17
 910 054a 01       		.byte	0x1
 911 054b 50       		.byte	0x50
 912 054c 02       		.byte	0x2
ARM GAS  C:\DOCUME~1\ADMINI~1\LOCALS~1\Temp\ccQM6CxM.s 			page 17


 913 054d 74       		.byte	0x74
 914 054e 00       		.sleb128 0
 915 054f 00       		.byte	0
 916 0550 00       		.byte	0
 917 0551 09       		.uleb128 0x9
 918 0552 04       		.byte	0x4
 919 0553 D7040000 		.4byte	0x4d7
 920 0557 19       		.uleb128 0x19
 921 0558 01       		.byte	0x1
 922 0559 39000000 		.4byte	.LASF70
 923 055d 01       		.byte	0x1
 924 055e 34       		.byte	0x34
 925 055f 01       		.byte	0x1
 926 0560 00000000 		.4byte	.LFB8
 927 0564 28000000 		.4byte	.LFE8
 928 0568 5C000000 		.4byte	.LLST3
 929 056c 01       		.byte	0x1
 930 056d D6050000 		.4byte	0x5d6
 931 0571 14       		.uleb128 0x14
 932 0572 65747000 		.ascii	"etp\000"
 933 0576 01       		.byte	0x1
 934 0577 34       		.byte	0x34
 935 0578 51050000 		.4byte	0x551
 936 057c 7C000000 		.4byte	.LLST4
 937 0580 1A       		.uleb128 0x1a
 938 0581 00000000 		.4byte	.Ldebug_ranges0+0
 939 0585 99050000 		.4byte	0x599
 940 0589 15       		.uleb128 0x15
 941 058a 746D7000 		.ascii	"tmp\000"
 942 058e 01       		.byte	0x1
 943 058f 36       		.byte	0x36
 944 0590 70000000 		.4byte	0x70
 945 0594 B0000000 		.4byte	.LLST5
 946 0598 00       		.byte	0
 947 0599 1B       		.uleb128 0x1b
 948 059a 0E000000 		.4byte	.LBB4
 949 059e 16000000 		.4byte	.LBE4
 950 05a2 B6050000 		.4byte	0x5b6
 951 05a6 15       		.uleb128 0x15
 952 05a7 746D7000 		.ascii	"tmp\000"
 953 05ab 01       		.byte	0x1
 954 05ac 3B       		.byte	0x3b
 955 05ad 70000000 		.4byte	0x70
 956 05b1 C3000000 		.4byte	.LLST6
 957 05b5 00       		.byte	0
 958 05b6 1C       		.uleb128 0x1c
 959 05b7 20000000 		.4byte	.LVL13
 960 05bb 6A060000 		.4byte	0x66a
 961 05bf 17       		.uleb128 0x17
 962 05c0 01       		.byte	0x1
 963 05c1 53       		.byte	0x53
 964 05c2 02       		.byte	0x2
 965 05c3 74       		.byte	0x74
 966 05c4 00       		.sleb128 0
 967 05c5 17       		.uleb128 0x17
 968 05c6 01       		.byte	0x1
 969 05c7 52       		.byte	0x52
ARM GAS  C:\DOCUME~1\ADMINI~1\LOCALS~1\Temp\ccQM6CxM.s 			page 18


 970 05c8 05       		.byte	0x5
 971 05c9 03       		.byte	0x3
 972 05ca 00000000 		.4byte	tmrcb
 973 05ce 17       		.uleb128 0x17
 974 05cf 01       		.byte	0x1
 975 05d0 50       		.byte	0x50
 976 05d1 02       		.byte	0x2
 977 05d2 74       		.byte	0x74
 978 05d3 00       		.sleb128 0
 979 05d4 00       		.byte	0
 980 05d5 00       		.byte	0
 981 05d6 19       		.uleb128 0x19
 982 05d7 01       		.byte	0x1
 983 05d8 75020000 		.4byte	.LASF71
 984 05dc 01       		.byte	0x1
 985 05dd 44       		.byte	0x44
 986 05de 01       		.byte	0x1
 987 05df 00000000 		.4byte	.LFB9
 988 05e3 18000000 		.4byte	.LFE9
 989 05e7 D6000000 		.4byte	.LLST7
 990 05eb 01       		.byte	0x1
 991 05ec 4B060000 		.4byte	0x64b
 992 05f0 14       		.uleb128 0x14
 993 05f1 65747000 		.ascii	"etp\000"
 994 05f5 01       		.byte	0x1
 995 05f6 44       		.byte	0x44
 996 05f7 51050000 		.4byte	0x551
 997 05fb F6000000 		.4byte	.LLST8
 998 05ff 1B       		.uleb128 0x1b
 999 0600 02000000 		.4byte	.LBB5
 1000 0604 08000000 		.4byte	.LBE5
 1001 0608 1C060000 		.4byte	0x61c
 1002 060c 15       		.uleb128 0x15
 1003 060d 746D7000 		.ascii	"tmp\000"
 1004 0611 01       		.byte	0x1
 1005 0612 46       		.byte	0x46
 1006 0613 70000000 		.4byte	0x70
 1007 0617 17010000 		.4byte	.LLST9
 1008 061b 00       		.byte	0
 1009 061c 1B       		.uleb128 0x1b
 1010 061d 10000000 		.4byte	.LBB6
 1011 0621 18000000 		.4byte	.LBE6
 1012 0625 39060000 		.4byte	0x639
 1013 0629 15       		.uleb128 0x15
 1014 062a 746D7000 		.ascii	"tmp\000"
 1015 062e 01       		.byte	0x1
 1016 062f 4B       		.byte	0x4b
 1017 0630 70000000 		.4byte	0x70
 1018 0634 2A010000 		.4byte	.LLST10
 1019 0638 00       		.byte	0
 1020 0639 1C       		.uleb128 0x1c
 1021 063a 10000000 		.4byte	.LVL18
 1022 063e 8D060000 		.4byte	0x68d
 1023 0642 17       		.uleb128 0x17
 1024 0643 01       		.byte	0x1
 1025 0644 50       		.byte	0x50
 1026 0645 03       		.byte	0x3
ARM GAS  C:\DOCUME~1\ADMINI~1\LOCALS~1\Temp\ccQM6CxM.s 			page 19


 1027 0646 F3       		.byte	0xf3
 1028 0647 01       		.uleb128 0x1
 1029 0648 50       		.byte	0x50
 1030 0649 00       		.byte	0
 1031 064a 00       		.byte	0
 1032 064b 1D       		.uleb128 0x1d
 1033 064c 01       		.byte	0x1
 1034 064d 8D000000 		.4byte	.LASF72
 1035 0651 09       		.byte	0x9
 1036 0652 B3       		.byte	0xb3
 1037 0653 01       		.byte	0x1
 1038 0654 01       		.byte	0x1
 1039 0655 64060000 		.4byte	0x664
 1040 0659 0E       		.uleb128 0xe
 1041 065a 64060000 		.4byte	0x664
 1042 065e 0E       		.uleb128 0xe
 1043 065f C7000000 		.4byte	0xc7
 1044 0663 00       		.byte	0
 1045 0664 09       		.uleb128 0x9
 1046 0665 04       		.byte	0x4
 1047 0666 4C040000 		.4byte	0x44c
 1048 066a 1D       		.uleb128 0x1d
 1049 066b 01       		.byte	0x1
 1050 066c 5C010000 		.4byte	.LASF73
 1051 0670 07       		.byte	0x7
 1052 0671 B1       		.byte	0xb1
 1053 0672 01       		.byte	0x1
 1054 0673 01       		.byte	0x1
 1055 0674 8D060000 		.4byte	0x68d
 1056 0678 0E       		.uleb128 0xe
 1057 0679 96030000 		.4byte	0x396
 1058 067d 0E       		.uleb128 0xe
 1059 067e D2000000 		.4byte	0xd2
 1060 0682 0E       		.uleb128 0xe
 1061 0683 1B030000 		.4byte	0x31b
 1062 0687 0E       		.uleb128 0xe
 1063 0688 62020000 		.4byte	0x262
 1064 068c 00       		.byte	0
 1065 068d 1E       		.uleb128 0x1e
 1066 068e 01       		.byte	0x1
 1067 068f 19020000 		.4byte	.LASF78
 1068 0693 07       		.byte	0x7
 1069 0694 B2       		.byte	0xb2
 1070 0695 01       		.byte	0x1
 1071 0696 01       		.byte	0x1
 1072 0697 0E       		.uleb128 0xe
 1073 0698 96030000 		.4byte	0x396
 1074 069c 00       		.byte	0
 1075 069d 00       		.byte	0
 1076              		.section	.debug_abbrev,"",%progbits
 1077              	.Ldebug_abbrev0:
 1078 0000 01       		.uleb128 0x1
 1079 0001 11       		.uleb128 0x11
 1080 0002 01       		.byte	0x1
 1081 0003 25       		.uleb128 0x25
 1082 0004 0E       		.uleb128 0xe
 1083 0005 13       		.uleb128 0x13
ARM GAS  C:\DOCUME~1\ADMINI~1\LOCALS~1\Temp\ccQM6CxM.s 			page 20


 1084 0006 0B       		.uleb128 0xb
 1085 0007 03       		.uleb128 0x3
 1086 0008 0E       		.uleb128 0xe
 1087 0009 1B       		.uleb128 0x1b
 1088 000a 0E       		.uleb128 0xe
 1089 000b 55       		.uleb128 0x55
 1090 000c 06       		.uleb128 0x6
 1091 000d 11       		.uleb128 0x11
 1092 000e 01       		.uleb128 0x1
 1093 000f 52       		.uleb128 0x52
 1094 0010 01       		.uleb128 0x1
 1095 0011 10       		.uleb128 0x10
 1096 0012 06       		.uleb128 0x6
 1097 0013 00       		.byte	0
 1098 0014 00       		.byte	0
 1099 0015 02       		.uleb128 0x2
 1100 0016 24       		.uleb128 0x24
 1101 0017 00       		.byte	0
 1102 0018 0B       		.uleb128 0xb
 1103 0019 0B       		.uleb128 0xb
 1104 001a 3E       		.uleb128 0x3e
 1105 001b 0B       		.uleb128 0xb
 1106 001c 03       		.uleb128 0x3
 1107 001d 08       		.uleb128 0x8
 1108 001e 00       		.byte	0
 1109 001f 00       		.byte	0
 1110 0020 03       		.uleb128 0x3
 1111 0021 24       		.uleb128 0x24
 1112 0022 00       		.byte	0
 1113 0023 0B       		.uleb128 0xb
 1114 0024 0B       		.uleb128 0xb
 1115 0025 3E       		.uleb128 0x3e
 1116 0026 0B       		.uleb128 0xb
 1117 0027 03       		.uleb128 0x3
 1118 0028 0E       		.uleb128 0xe
 1119 0029 00       		.byte	0
 1120 002a 00       		.byte	0
 1121 002b 04       		.uleb128 0x4
 1122 002c 16       		.uleb128 0x16
 1123 002d 00       		.byte	0
 1124 002e 03       		.uleb128 0x3
 1125 002f 0E       		.uleb128 0xe
 1126 0030 3A       		.uleb128 0x3a
 1127 0031 0B       		.uleb128 0xb
 1128 0032 3B       		.uleb128 0x3b
 1129 0033 0B       		.uleb128 0xb
 1130 0034 49       		.uleb128 0x49
 1131 0035 13       		.uleb128 0x13
 1132 0036 00       		.byte	0
 1133 0037 00       		.byte	0
 1134 0038 05       		.uleb128 0x5
 1135 0039 13       		.uleb128 0x13
 1136 003a 01       		.byte	0x1
 1137 003b 03       		.uleb128 0x3
 1138 003c 0E       		.uleb128 0xe
 1139 003d 0B       		.uleb128 0xb
 1140 003e 0B       		.uleb128 0xb
ARM GAS  C:\DOCUME~1\ADMINI~1\LOCALS~1\Temp\ccQM6CxM.s 			page 21


 1141 003f 3A       		.uleb128 0x3a
 1142 0040 0B       		.uleb128 0xb
 1143 0041 3B       		.uleb128 0x3b
 1144 0042 0B       		.uleb128 0xb
 1145 0043 01       		.uleb128 0x1
 1146 0044 13       		.uleb128 0x13
 1147 0045 00       		.byte	0
 1148 0046 00       		.byte	0
 1149 0047 06       		.uleb128 0x6
 1150 0048 0D       		.uleb128 0xd
 1151 0049 00       		.byte	0
 1152 004a 03       		.uleb128 0x3
 1153 004b 0E       		.uleb128 0xe
 1154 004c 3A       		.uleb128 0x3a
 1155 004d 0B       		.uleb128 0xb
 1156 004e 3B       		.uleb128 0x3b
 1157 004f 0B       		.uleb128 0xb
 1158 0050 49       		.uleb128 0x49
 1159 0051 13       		.uleb128 0x13
 1160 0052 38       		.uleb128 0x38
 1161 0053 0A       		.uleb128 0xa
 1162 0054 00       		.byte	0
 1163 0055 00       		.byte	0
 1164 0056 07       		.uleb128 0x7
 1165 0057 0D       		.uleb128 0xd
 1166 0058 00       		.byte	0
 1167 0059 03       		.uleb128 0x3
 1168 005a 08       		.uleb128 0x8
 1169 005b 3A       		.uleb128 0x3a
 1170 005c 0B       		.uleb128 0xb
 1171 005d 3B       		.uleb128 0x3b
 1172 005e 0B       		.uleb128 0xb
 1173 005f 49       		.uleb128 0x49
 1174 0060 13       		.uleb128 0x13
 1175 0061 38       		.uleb128 0x38
 1176 0062 0A       		.uleb128 0xa
 1177 0063 00       		.byte	0
 1178 0064 00       		.byte	0
 1179 0065 08       		.uleb128 0x8
 1180 0066 13       		.uleb128 0x13
 1181 0067 01       		.byte	0x1
 1182 0068 0B       		.uleb128 0xb
 1183 0069 0B       		.uleb128 0xb
 1184 006a 3A       		.uleb128 0x3a
 1185 006b 0B       		.uleb128 0xb
 1186 006c 3B       		.uleb128 0x3b
 1187 006d 0B       		.uleb128 0xb
 1188 006e 01       		.uleb128 0x1
 1189 006f 13       		.uleb128 0x13
 1190 0070 00       		.byte	0
 1191 0071 00       		.byte	0
 1192 0072 09       		.uleb128 0x9
 1193 0073 0F       		.uleb128 0xf
 1194 0074 00       		.byte	0
 1195 0075 0B       		.uleb128 0xb
 1196 0076 0B       		.uleb128 0xb
 1197 0077 49       		.uleb128 0x49
ARM GAS  C:\DOCUME~1\ADMINI~1\LOCALS~1\Temp\ccQM6CxM.s 			page 22


 1198 0078 13       		.uleb128 0x13
 1199 0079 00       		.byte	0
 1200 007a 00       		.byte	0
 1201 007b 0A       		.uleb128 0xa
 1202 007c 0F       		.uleb128 0xf
 1203 007d 00       		.byte	0
 1204 007e 0B       		.uleb128 0xb
 1205 007f 0B       		.uleb128 0xb
 1206 0080 00       		.byte	0
 1207 0081 00       		.byte	0
 1208 0082 0B       		.uleb128 0xb
 1209 0083 0D       		.uleb128 0xd
 1210 0084 00       		.byte	0
 1211 0085 03       		.uleb128 0x3
 1212 0086 08       		.uleb128 0x8
 1213 0087 3A       		.uleb128 0x3a
 1214 0088 0B       		.uleb128 0xb
 1215 0089 3B       		.uleb128 0x3b
 1216 008a 05       		.uleb128 0x5
 1217 008b 49       		.uleb128 0x49
 1218 008c 13       		.uleb128 0x13
 1219 008d 38       		.uleb128 0x38
 1220 008e 0A       		.uleb128 0xa
 1221 008f 00       		.byte	0
 1222 0090 00       		.byte	0
 1223 0091 0C       		.uleb128 0xc
 1224 0092 13       		.uleb128 0x13
 1225 0093 01       		.byte	0x1
 1226 0094 03       		.uleb128 0x3
 1227 0095 0E       		.uleb128 0xe
 1228 0096 0B       		.uleb128 0xb
 1229 0097 0B       		.uleb128 0xb
 1230 0098 3A       		.uleb128 0x3a
 1231 0099 0B       		.uleb128 0xb
 1232 009a 3B       		.uleb128 0x3b
 1233 009b 05       		.uleb128 0x5
 1234 009c 01       		.uleb128 0x1
 1235 009d 13       		.uleb128 0x13
 1236 009e 00       		.byte	0
 1237 009f 00       		.byte	0
 1238 00a0 0D       		.uleb128 0xd
 1239 00a1 15       		.uleb128 0x15
 1240 00a2 01       		.byte	0x1
 1241 00a3 27       		.uleb128 0x27
 1242 00a4 0C       		.uleb128 0xc
 1243 00a5 01       		.uleb128 0x1
 1244 00a6 13       		.uleb128 0x13
 1245 00a7 00       		.byte	0
 1246 00a8 00       		.byte	0
 1247 00a9 0E       		.uleb128 0xe
 1248 00aa 05       		.uleb128 0x5
 1249 00ab 00       		.byte	0
 1250 00ac 49       		.uleb128 0x49
 1251 00ad 13       		.uleb128 0x13
 1252 00ae 00       		.byte	0
 1253 00af 00       		.byte	0
 1254 00b0 0F       		.uleb128 0xf
ARM GAS  C:\DOCUME~1\ADMINI~1\LOCALS~1\Temp\ccQM6CxM.s 			page 23


 1255 00b1 35       		.uleb128 0x35
 1256 00b2 00       		.byte	0
 1257 00b3 49       		.uleb128 0x49
 1258 00b4 13       		.uleb128 0x13
 1259 00b5 00       		.byte	0
 1260 00b6 00       		.byte	0
 1261 00b7 10       		.uleb128 0x10
 1262 00b8 17       		.uleb128 0x17
 1263 00b9 01       		.byte	0x1
 1264 00ba 0B       		.uleb128 0xb
 1265 00bb 0B       		.uleb128 0xb
 1266 00bc 3A       		.uleb128 0x3a
 1267 00bd 0B       		.uleb128 0xb
 1268 00be 3B       		.uleb128 0x3b
 1269 00bf 0B       		.uleb128 0xb
 1270 00c0 01       		.uleb128 0x1
 1271 00c1 13       		.uleb128 0x13
 1272 00c2 00       		.byte	0
 1273 00c3 00       		.byte	0
 1274 00c4 11       		.uleb128 0x11
 1275 00c5 0D       		.uleb128 0xd
 1276 00c6 00       		.byte	0
 1277 00c7 03       		.uleb128 0x3
 1278 00c8 0E       		.uleb128 0xe
 1279 00c9 3A       		.uleb128 0x3a
 1280 00ca 0B       		.uleb128 0xb
 1281 00cb 3B       		.uleb128 0x3b
 1282 00cc 0B       		.uleb128 0xb
 1283 00cd 49       		.uleb128 0x49
 1284 00ce 13       		.uleb128 0x13
 1285 00cf 00       		.byte	0
 1286 00d0 00       		.byte	0
 1287 00d1 12       		.uleb128 0x12
 1288 00d2 26       		.uleb128 0x26
 1289 00d3 00       		.byte	0
 1290 00d4 49       		.uleb128 0x49
 1291 00d5 13       		.uleb128 0x13
 1292 00d6 00       		.byte	0
 1293 00d7 00       		.byte	0
 1294 00d8 13       		.uleb128 0x13
 1295 00d9 2E       		.uleb128 0x2e
 1296 00da 01       		.byte	0x1
 1297 00db 03       		.uleb128 0x3
 1298 00dc 0E       		.uleb128 0xe
 1299 00dd 3A       		.uleb128 0x3a
 1300 00de 0B       		.uleb128 0xb
 1301 00df 3B       		.uleb128 0x3b
 1302 00e0 0B       		.uleb128 0xb
 1303 00e1 27       		.uleb128 0x27
 1304 00e2 0C       		.uleb128 0xc
 1305 00e3 11       		.uleb128 0x11
 1306 00e4 01       		.uleb128 0x1
 1307 00e5 12       		.uleb128 0x12
 1308 00e6 01       		.uleb128 0x1
 1309 00e7 40       		.uleb128 0x40
 1310 00e8 06       		.uleb128 0x6
 1311 00e9 9742     		.uleb128 0x2117
ARM GAS  C:\DOCUME~1\ADMINI~1\LOCALS~1\Temp\ccQM6CxM.s 			page 24


 1312 00eb 0C       		.uleb128 0xc
 1313 00ec 01       		.uleb128 0x1
 1314 00ed 13       		.uleb128 0x13
 1315 00ee 00       		.byte	0
 1316 00ef 00       		.byte	0
 1317 00f0 14       		.uleb128 0x14
 1318 00f1 05       		.uleb128 0x5
 1319 00f2 00       		.byte	0
 1320 00f3 03       		.uleb128 0x3
 1321 00f4 08       		.uleb128 0x8
 1322 00f5 3A       		.uleb128 0x3a
 1323 00f6 0B       		.uleb128 0xb
 1324 00f7 3B       		.uleb128 0x3b
 1325 00f8 0B       		.uleb128 0xb
 1326 00f9 49       		.uleb128 0x49
 1327 00fa 13       		.uleb128 0x13
 1328 00fb 02       		.uleb128 0x2
 1329 00fc 06       		.uleb128 0x6
 1330 00fd 00       		.byte	0
 1331 00fe 00       		.byte	0
 1332 00ff 15       		.uleb128 0x15
 1333 0100 34       		.uleb128 0x34
 1334 0101 00       		.byte	0
 1335 0102 03       		.uleb128 0x3
 1336 0103 08       		.uleb128 0x8
 1337 0104 3A       		.uleb128 0x3a
 1338 0105 0B       		.uleb128 0xb
 1339 0106 3B       		.uleb128 0x3b
 1340 0107 0B       		.uleb128 0xb
 1341 0108 49       		.uleb128 0x49
 1342 0109 13       		.uleb128 0x13
 1343 010a 02       		.uleb128 0x2
 1344 010b 06       		.uleb128 0x6
 1345 010c 00       		.byte	0
 1346 010d 00       		.byte	0
 1347 010e 16       		.uleb128 0x16
 1348 010f 898201   		.uleb128 0x4109
 1349 0112 01       		.byte	0x1
 1350 0113 11       		.uleb128 0x11
 1351 0114 01       		.uleb128 0x1
 1352 0115 31       		.uleb128 0x31
 1353 0116 13       		.uleb128 0x13
 1354 0117 01       		.uleb128 0x1
 1355 0118 13       		.uleb128 0x13
 1356 0119 00       		.byte	0
 1357 011a 00       		.byte	0
 1358 011b 17       		.uleb128 0x17
 1359 011c 8A8201   		.uleb128 0x410a
 1360 011f 00       		.byte	0
 1361 0120 02       		.uleb128 0x2
 1362 0121 0A       		.uleb128 0xa
 1363 0122 9142     		.uleb128 0x2111
 1364 0124 0A       		.uleb128 0xa
 1365 0125 00       		.byte	0
 1366 0126 00       		.byte	0
 1367 0127 18       		.uleb128 0x18
 1368 0128 898201   		.uleb128 0x4109
ARM GAS  C:\DOCUME~1\ADMINI~1\LOCALS~1\Temp\ccQM6CxM.s 			page 25


 1369 012b 01       		.byte	0x1
 1370 012c 11       		.uleb128 0x11
 1371 012d 01       		.uleb128 0x1
 1372 012e 9542     		.uleb128 0x2115
 1373 0130 0C       		.uleb128 0xc
 1374 0131 31       		.uleb128 0x31
 1375 0132 13       		.uleb128 0x13
 1376 0133 00       		.byte	0
 1377 0134 00       		.byte	0
 1378 0135 19       		.uleb128 0x19
 1379 0136 2E       		.uleb128 0x2e
 1380 0137 01       		.byte	0x1
 1381 0138 3F       		.uleb128 0x3f
 1382 0139 0C       		.uleb128 0xc
 1383 013a 03       		.uleb128 0x3
 1384 013b 0E       		.uleb128 0xe
 1385 013c 3A       		.uleb128 0x3a
 1386 013d 0B       		.uleb128 0xb
 1387 013e 3B       		.uleb128 0x3b
 1388 013f 0B       		.uleb128 0xb
 1389 0140 27       		.uleb128 0x27
 1390 0141 0C       		.uleb128 0xc
 1391 0142 11       		.uleb128 0x11
 1392 0143 01       		.uleb128 0x1
 1393 0144 12       		.uleb128 0x12
 1394 0145 01       		.uleb128 0x1
 1395 0146 40       		.uleb128 0x40
 1396 0147 06       		.uleb128 0x6
 1397 0148 9742     		.uleb128 0x2117
 1398 014a 0C       		.uleb128 0xc
 1399 014b 01       		.uleb128 0x1
 1400 014c 13       		.uleb128 0x13
 1401 014d 00       		.byte	0
 1402 014e 00       		.byte	0
 1403 014f 1A       		.uleb128 0x1a
 1404 0150 0B       		.uleb128 0xb
 1405 0151 01       		.byte	0x1
 1406 0152 55       		.uleb128 0x55
 1407 0153 06       		.uleb128 0x6
 1408 0154 01       		.uleb128 0x1
 1409 0155 13       		.uleb128 0x13
 1410 0156 00       		.byte	0
 1411 0157 00       		.byte	0
 1412 0158 1B       		.uleb128 0x1b
 1413 0159 0B       		.uleb128 0xb
 1414 015a 01       		.byte	0x1
 1415 015b 11       		.uleb128 0x11
 1416 015c 01       		.uleb128 0x1
 1417 015d 12       		.uleb128 0x12
 1418 015e 01       		.uleb128 0x1
 1419 015f 01       		.uleb128 0x1
 1420 0160 13       		.uleb128 0x13
 1421 0161 00       		.byte	0
 1422 0162 00       		.byte	0
 1423 0163 1C       		.uleb128 0x1c
 1424 0164 898201   		.uleb128 0x4109
 1425 0167 01       		.byte	0x1
ARM GAS  C:\DOCUME~1\ADMINI~1\LOCALS~1\Temp\ccQM6CxM.s 			page 26


 1426 0168 11       		.uleb128 0x11
 1427 0169 01       		.uleb128 0x1
 1428 016a 31       		.uleb128 0x31
 1429 016b 13       		.uleb128 0x13
 1430 016c 00       		.byte	0
 1431 016d 00       		.byte	0
 1432 016e 1D       		.uleb128 0x1d
 1433 016f 2E       		.uleb128 0x2e
 1434 0170 01       		.byte	0x1
 1435 0171 3F       		.uleb128 0x3f
 1436 0172 0C       		.uleb128 0xc
 1437 0173 03       		.uleb128 0x3
 1438 0174 0E       		.uleb128 0xe
 1439 0175 3A       		.uleb128 0x3a
 1440 0176 0B       		.uleb128 0xb
 1441 0177 3B       		.uleb128 0x3b
 1442 0178 0B       		.uleb128 0xb
 1443 0179 27       		.uleb128 0x27
 1444 017a 0C       		.uleb128 0xc
 1445 017b 3C       		.uleb128 0x3c
 1446 017c 0C       		.uleb128 0xc
 1447 017d 01       		.uleb128 0x1
 1448 017e 13       		.uleb128 0x13
 1449 017f 00       		.byte	0
 1450 0180 00       		.byte	0
 1451 0181 1E       		.uleb128 0x1e
 1452 0182 2E       		.uleb128 0x2e
 1453 0183 01       		.byte	0x1
 1454 0184 3F       		.uleb128 0x3f
 1455 0185 0C       		.uleb128 0xc
 1456 0186 03       		.uleb128 0x3
 1457 0187 0E       		.uleb128 0xe
 1458 0188 3A       		.uleb128 0x3a
 1459 0189 0B       		.uleb128 0xb
 1460 018a 3B       		.uleb128 0x3b
 1461 018b 0B       		.uleb128 0xb
 1462 018c 27       		.uleb128 0x27
 1463 018d 0C       		.uleb128 0xc
 1464 018e 3C       		.uleb128 0x3c
 1465 018f 0C       		.uleb128 0xc
 1466 0190 00       		.byte	0
 1467 0191 00       		.byte	0
 1468 0192 00       		.byte	0
 1469              		.section	.debug_loc,"",%progbits
 1470              	.Ldebug_loc0:
 1471              	.LLST0:
 1472 0000 00000000 		.4byte	.LFB7
 1473 0004 02000000 		.4byte	.LCFI0
 1474 0008 0200     		.2byte	0x2
 1475 000a 7D       		.byte	0x7d
 1476 000b 00       		.sleb128 0
 1477 000c 02000000 		.4byte	.LCFI0
 1478 0010 24000000 		.4byte	.LFE7
 1479 0014 0200     		.2byte	0x2
 1480 0016 7D       		.byte	0x7d
 1481 0017 08       		.sleb128 8
 1482 0018 00000000 		.4byte	0
ARM GAS  C:\DOCUME~1\ADMINI~1\LOCALS~1\Temp\ccQM6CxM.s 			page 27


 1483 001c 00000000 		.4byte	0
 1484              	.LLST1:
 1485 0020 00000000 		.4byte	.LVL0
 1486 0024 0A000000 		.4byte	.LVL2
 1487 0028 0100     		.2byte	0x1
 1488 002a 50       		.byte	0x50
 1489 002b 0A000000 		.4byte	.LVL2
 1490 002f 24000000 		.4byte	.LFE7
 1491 0033 0100     		.2byte	0x1
 1492 0035 54       		.byte	0x54
 1493 0036 00000000 		.4byte	0
 1494 003a 00000000 		.4byte	0
 1495              	.LLST2:
 1496 003e 06000000 		.4byte	.LVL1
 1497 0042 0A000000 		.4byte	.LVL2
 1498 0046 0100     		.2byte	0x1
 1499 0048 50       		.byte	0x50
 1500 0049 0A000000 		.4byte	.LVL2
 1501 004d 24000000 		.4byte	.LFE7
 1502 0051 0100     		.2byte	0x1
 1503 0053 54       		.byte	0x54
 1504 0054 00000000 		.4byte	0
 1505 0058 00000000 		.4byte	0
 1506              	.LLST3:
 1507 005c 00000000 		.4byte	.LFB8
 1508 0060 02000000 		.4byte	.LCFI1
 1509 0064 0200     		.2byte	0x2
 1510 0066 7D       		.byte	0x7d
 1511 0067 00       		.sleb128 0
 1512 0068 02000000 		.4byte	.LCFI1
 1513 006c 28000000 		.4byte	.LFE8
 1514 0070 0200     		.2byte	0x2
 1515 0072 7D       		.byte	0x7d
 1516 0073 08       		.sleb128 8
 1517 0074 00000000 		.4byte	0
 1518 0078 00000000 		.4byte	0
 1519              	.LLST4:
 1520 007c 00000000 		.4byte	.LVL5
 1521 0080 0E000000 		.4byte	.LVL9
 1522 0084 0100     		.2byte	0x1
 1523 0086 50       		.byte	0x50
 1524 0087 0E000000 		.4byte	.LVL9
 1525 008b 16000000 		.4byte	.LVL12
 1526 008f 0100     		.2byte	0x1
 1527 0091 54       		.byte	0x54
 1528 0092 16000000 		.4byte	.LVL12
 1529 0096 1F000000 		.4byte	.LVL13-1
 1530 009a 0100     		.2byte	0x1
 1531 009c 50       		.byte	0x50
 1532 009d 1F000000 		.4byte	.LVL13-1
 1533 00a1 28000000 		.4byte	.LFE8
 1534 00a5 0100     		.2byte	0x1
 1535 00a7 54       		.byte	0x54
 1536 00a8 00000000 		.4byte	0
 1537 00ac 00000000 		.4byte	0
 1538              	.LLST5:
 1539 00b0 0A000000 		.4byte	.LVL7
ARM GAS  C:\DOCUME~1\ADMINI~1\LOCALS~1\Temp\ccQM6CxM.s 			page 28


 1540 00b4 0C000000 		.4byte	.LVL8
 1541 00b8 0100     		.2byte	0x1
 1542 00ba 53       		.byte	0x53
 1543 00bb 00000000 		.4byte	0
 1544 00bf 00000000 		.4byte	0
 1545              	.LLST6:
 1546 00c3 14000000 		.4byte	.LVL11
 1547 00c7 16000000 		.4byte	.LVL12
 1548 00cb 0100     		.2byte	0x1
 1549 00cd 53       		.byte	0x53
 1550 00ce 00000000 		.4byte	0
 1551 00d2 00000000 		.4byte	0
 1552              	.LLST7:
 1553 00d6 00000000 		.4byte	.LFB9
 1554 00da 02000000 		.4byte	.LCFI2
 1555 00de 0200     		.2byte	0x2
 1556 00e0 7D       		.byte	0x7d
 1557 00e1 00       		.sleb128 0
 1558 00e2 02000000 		.4byte	.LCFI2
 1559 00e6 18000000 		.4byte	.LFE9
 1560 00ea 0200     		.2byte	0x2
 1561 00ec 7D       		.byte	0x7d
 1562 00ed 08       		.sleb128 8
 1563 00ee 00000000 		.4byte	0
 1564 00f2 00000000 		.4byte	0
 1565              	.LLST8:
 1566 00f6 00000000 		.4byte	.LVL14
 1567 00fa 0F000000 		.4byte	.LVL18-1
 1568 00fe 0100     		.2byte	0x1
 1569 0100 50       		.byte	0x50
 1570 0101 0F000000 		.4byte	.LVL18-1
 1571 0105 18000000 		.4byte	.LFE9
 1572 0109 0400     		.2byte	0x4
 1573 010b F3       		.byte	0xf3
 1574 010c 01       		.uleb128 0x1
 1575 010d 50       		.byte	0x50
 1576 010e 9F       		.byte	0x9f
 1577 010f 00000000 		.4byte	0
 1578 0113 00000000 		.4byte	0
 1579              	.LLST9:
 1580 0117 08000000 		.4byte	.LVL16
 1581 011b 0A000000 		.4byte	.LVL17
 1582 011f 0100     		.2byte	0x1
 1583 0121 53       		.byte	0x53
 1584 0122 00000000 		.4byte	0
 1585 0126 00000000 		.4byte	0
 1586              	.LLST10:
 1587 012a 16000000 		.4byte	.LVL20
 1588 012e 18000000 		.4byte	.LFE9
 1589 0132 0100     		.2byte	0x1
 1590 0134 53       		.byte	0x53
 1591 0135 00000000 		.4byte	0
 1592 0139 00000000 		.4byte	0
 1593              		.section	.debug_aranges,"",%progbits
 1594 0000 2C000000 		.4byte	0x2c
 1595 0004 0200     		.2byte	0x2
 1596 0006 00000000 		.4byte	.Ldebug_info0
ARM GAS  C:\DOCUME~1\ADMINI~1\LOCALS~1\Temp\ccQM6CxM.s 			page 29


 1597 000a 04       		.byte	0x4
 1598 000b 00       		.byte	0
 1599 000c 0000     		.2byte	0
 1600 000e 0000     		.2byte	0
 1601 0010 00000000 		.4byte	.LFB7
 1602 0014 24000000 		.4byte	.LFE7-.LFB7
 1603 0018 00000000 		.4byte	.LFB8
 1604 001c 28000000 		.4byte	.LFE8-.LFB8
 1605 0020 00000000 		.4byte	.LFB9
 1606 0024 18000000 		.4byte	.LFE9-.LFB9
 1607 0028 00000000 		.4byte	0
 1608 002c 00000000 		.4byte	0
 1609              		.section	.debug_ranges,"",%progbits
 1610              	.Ldebug_ranges0:
 1611 0000 02000000 		.4byte	.LBB2
 1612 0004 04000000 		.4byte	.LBE2
 1613 0008 06000000 		.4byte	.LBB3
 1614 000c 0A000000 		.4byte	.LBE3
 1615 0010 00000000 		.4byte	0
 1616 0014 00000000 		.4byte	0
 1617 0018 00000000 		.4byte	.LFB7
 1618 001c 24000000 		.4byte	.LFE7
 1619 0020 00000000 		.4byte	.LFB8
 1620 0024 28000000 		.4byte	.LFE8
 1621 0028 00000000 		.4byte	.LFB9
 1622 002c 18000000 		.4byte	.LFE9
 1623 0030 00000000 		.4byte	0
 1624 0034 00000000 		.4byte	0
 1625              		.section	.debug_line,"",%progbits
 1626              	.Ldebug_line0:
 1627 0000 5D010000 		.section	.debug_str,"MS",%progbits,1
 1627      02001901 
 1627      00000201 
 1627      FB0E0D00 
 1627      01010101 
 1628              	.LASF68:
 1629 0000 65745F69 		.ascii	"et_interval\000"
 1629      6E746572 
 1629      76616C00 
 1630              	.LASF33:
 1631 000c 705F6D73 		.ascii	"p_msg\000"
 1631      6700
 1632              	.LASF61:
 1633 0012 7264796D 		.ascii	"rdymsg\000"
 1633      736700
 1634              	.LASF11:
 1635 0019 6C6F6E67 		.ascii	"long long unsigned int\000"
 1635      206C6F6E 
 1635      6720756E 
 1635      7369676E 
 1635      65642069 
 1636              	.LASF62:
 1637 0030 65786974 		.ascii	"exitcode\000"
 1637      636F6465 
 1637      00
 1638              	.LASF70:
 1639 0039 65767453 		.ascii	"evtStart\000"
ARM GAS  C:\DOCUME~1\ADMINI~1\LOCALS~1\Temp\ccQM6CxM.s 			page 30


 1639      74617274 
 1639      00
 1640              	.LASF22:
 1641 0042 705F7072 		.ascii	"p_prio\000"
 1641      696F00
 1642              	.LASF10:
 1643 0049 6C6F6E67 		.ascii	"long long int\000"
 1643      206C6F6E 
 1643      6720696E 
 1643      7400
 1644              	.LASF1:
 1645 0057 7369676E 		.ascii	"signed char\000"
 1645      65642063 
 1645      68617200 
 1646              	.LASF69:
 1647 0063 45765469 		.ascii	"EvTimer\000"
 1647      6D657200 
 1648              	.LASF37:
 1649 006b 705F6D70 		.ascii	"p_mpool\000"
 1649      6F6F6C00 
 1650              	.LASF52:
 1651 0073 6D5F7175 		.ascii	"m_queue\000"
 1651      65756500 
 1652              	.LASF7:
 1653 007b 6C6F6E67 		.ascii	"long int\000"
 1653      20696E74 
 1653      00
 1654              	.LASF13:
 1655 0084 74737461 		.ascii	"tstate_t\000"
 1655      74655F74 
 1655      00
 1656              	.LASF72:
 1657 008d 63684576 		.ascii	"chEvtBroadcastFlagsI\000"
 1657      7442726F 
 1657      61646361 
 1657      7374466C 
 1657      61677349 
 1658              	.LASF24:
 1659 00a2 705F6E65 		.ascii	"p_newer\000"
 1659      77657200 
 1660              	.LASF40:
 1661 00aa 72656761 		.ascii	"regarm_t\000"
 1661      726D5F74 
 1661      00
 1662              	.LASF47:
 1663 00b3 76745F70 		.ascii	"vt_prev\000"
 1663      72657600 
 1664              	.LASF59:
 1665 00bb 4576656E 		.ascii	"EventSource\000"
 1665      74536F75 
 1665      72636500 
 1666              	.LASF0:
 1667 00c7 756E7369 		.ascii	"unsigned int\000"
 1667      676E6564 
 1667      20696E74 
 1667      00
 1668              	.LASF46:
ARM GAS  C:\DOCUME~1\ADMINI~1\LOCALS~1\Temp\ccQM6CxM.s 			page 31


 1669 00d4 76745F6E 		.ascii	"vt_next\000"
 1669      65787400 
 1670              	.LASF9:
 1671 00dc 6C6F6E67 		.ascii	"long unsigned int\000"
 1671      20756E73 
 1671      69676E65 
 1671      6420696E 
 1671      7400
 1672              	.LASF42:
 1673 00ee 636F6E74 		.ascii	"context\000"
 1673      65787400 
 1674              	.LASF4:
 1675 00f6 73686F72 		.ascii	"short unsigned int\000"
 1675      7420756E 
 1675      7369676E 
 1675      65642069 
 1675      6E7400
 1676              	.LASF16:
 1677 0109 6D73675F 		.ascii	"msg_t\000"
 1677      7400
 1678              	.LASF56:
 1679 010f 656C5F6E 		.ascii	"el_next\000"
 1679      65787400 
 1680              	.LASF12:
 1681 0117 746D6F64 		.ascii	"tmode_t\000"
 1681      655F7400 
 1682              	.LASF39:
 1683 011f 54687265 		.ascii	"ThreadsList\000"
 1683      6164734C 
 1683      69737400 
 1684              	.LASF17:
 1685 012b 6576656E 		.ascii	"eventmask_t\000"
 1685      746D6173 
 1685      6B5F7400 
 1686              	.LASF51:
 1687 0137 4D757465 		.ascii	"Mutex\000"
 1687      7800
 1688              	.LASF48:
 1689 013d 76745F74 		.ascii	"vt_time\000"
 1689      696D6500 
 1690              	.LASF67:
 1691 0145 65745F65 		.ascii	"et_es\000"
 1691      7300
 1692              	.LASF43:
 1693 014b 73697A65 		.ascii	"sizetype\000"
 1693      74797065 
 1693      00
 1694              	.LASF49:
 1695 0154 76745F66 		.ascii	"vt_func\000"
 1695      756E6300 
 1696              	.LASF73:
 1697 015c 63685654 		.ascii	"chVTSetI\000"
 1697      53657449 
 1697      00
 1698              	.LASF25:
 1699 0165 705F6F6C 		.ascii	"p_older\000"
 1699      64657200 
ARM GAS  C:\DOCUME~1\ADMINI~1\LOCALS~1\Temp\ccQM6CxM.s 			page 32


 1700              	.LASF38:
 1701 016d 54687265 		.ascii	"ThreadsQueue\000"
 1701      61647351 
 1701      75657565 
 1701      00
 1702              	.LASF74:
 1703 017a 474E5520 		.ascii	"GNU C 4.7.1\000"
 1703      4320342E 
 1703      372E3100 
 1704              	.LASF58:
 1705 0186 656C5F6D 		.ascii	"el_mask\000"
 1705      61736B00 
 1706              	.LASF14:
 1707 018e 74726566 		.ascii	"trefs_t\000"
 1707      735F7400 
 1708              	.LASF21:
 1709 0196 705F7072 		.ascii	"p_prev\000"
 1709      657600
 1710              	.LASF15:
 1711 019d 74707269 		.ascii	"tprio_t\000"
 1711      6F5F7400 
 1712              	.LASF6:
 1713 01a5 696E7433 		.ascii	"int32_t\000"
 1713      325F7400 
 1714              	.LASF76:
 1715 01ad 433A5C70 		.ascii	"C:\\projects\\ChibiOS_2.4.2\\demos\\TOAST2\000"
 1715      726F6A65 
 1715      6374735C 
 1715      43686962 
 1715      694F535F 
 1716              	.LASF57:
 1717 01d4 656C5F6C 		.ascii	"el_listener\000"
 1717      69737465 
 1717      6E657200 
 1718              	.LASF35:
 1719 01e0 705F6D74 		.ascii	"p_mtxlist\000"
 1719      786C6973 
 1719      7400
 1720              	.LASF3:
 1721 01ea 73686F72 		.ascii	"short int\000"
 1721      7420696E 
 1721      7400
 1722              	.LASF27:
 1723 01f4 705F7374 		.ascii	"p_state\000"
 1723      61746500 
 1724              	.LASF64:
 1725 01fc 65776D61 		.ascii	"ewmask\000"
 1725      736B00
 1726              	.LASF20:
 1727 0203 705F6E65 		.ascii	"p_next\000"
 1727      787400
 1728              	.LASF28:
 1729 020a 705F666C 		.ascii	"p_flags\000"
 1729      61677300 
 1730              	.LASF19:
 1731 0212 54687265 		.ascii	"Thread\000"
 1731      616400
ARM GAS  C:\DOCUME~1\ADMINI~1\LOCALS~1\Temp\ccQM6CxM.s 			page 33


 1732              	.LASF78:
 1733 0219 63685654 		.ascii	"chVTResetI\000"
 1733      52657365 
 1733      744900
 1734              	.LASF34:
 1735 0224 705F6570 		.ascii	"p_epending\000"
 1735      656E6469 
 1735      6E6700
 1736              	.LASF8:
 1737 022f 75696E74 		.ascii	"uint32_t\000"
 1737      33325F74 
 1737      00
 1738              	.LASF45:
 1739 0238 56697274 		.ascii	"VirtualTimer\000"
 1739      75616C54 
 1739      696D6572 
 1739      00
 1740              	.LASF65:
 1741 0245 63686172 		.ascii	"char\000"
 1741      00
 1742              	.LASF77:
 1743 024a 746D7263 		.ascii	"tmrcb\000"
 1743      6200
 1744              	.LASF54:
 1745 0250 6D5F6E65 		.ascii	"m_next\000"
 1745      787400
 1746              	.LASF18:
 1747 0257 73797374 		.ascii	"systime_t\000"
 1747      696D655F 
 1747      7400
 1748              	.LASF36:
 1749 0261 705F7265 		.ascii	"p_realprio\000"
 1749      616C7072 
 1749      696F00
 1750              	.LASF44:
 1751 026c 76746675 		.ascii	"vtfunc_t\000"
 1751      6E635F74 
 1751      00
 1752              	.LASF71:
 1753 0275 65767453 		.ascii	"evtStop\000"
 1753      746F7000 
 1754              	.LASF30:
 1755 027d 705F7469 		.ascii	"p_time\000"
 1755      6D6500
 1756              	.LASF2:
 1757 0284 756E7369 		.ascii	"unsigned char\000"
 1757      676E6564 
 1757      20636861 
 1757      7200
 1758              	.LASF41:
 1759 0292 696E7463 		.ascii	"intctx\000"
 1759      747800
 1760              	.LASF32:
 1761 0299 705F6D73 		.ascii	"p_msgqueue\000"
 1761      67717565 
 1761      756500
 1762              	.LASF50:
ARM GAS  C:\DOCUME~1\ADMINI~1\LOCALS~1\Temp\ccQM6CxM.s 			page 34


 1763 02a4 76745F70 		.ascii	"vt_par\000"
 1763      617200
 1764              	.LASF29:
 1765 02ab 705F7265 		.ascii	"p_refs\000"
 1765      667300
 1766              	.LASF5:
 1767 02b2 75696E74 		.ascii	"uint8_t\000"
 1767      385F7400 
 1768              	.LASF55:
 1769 02ba 4576656E 		.ascii	"EventListener\000"
 1769      744C6973 
 1769      74656E65 
 1769      7200
 1770              	.LASF63:
 1771 02c8 77746F62 		.ascii	"wtobjp\000"
 1771      6A7000
 1772              	.LASF26:
 1773 02cf 705F6E61 		.ascii	"p_name\000"
 1773      6D6500
 1774              	.LASF60:
 1775 02d6 65735F6E 		.ascii	"es_next\000"
 1775      65787400 
 1776              	.LASF66:
 1777 02de 65745F76 		.ascii	"et_vt\000"
 1777      7400
 1778              	.LASF53:
 1779 02e4 6D5F6F77 		.ascii	"m_owner\000"
 1779      6E657200 
 1780              	.LASF23:
 1781 02ec 705F6374 		.ascii	"p_ctx\000"
 1781      7800
 1782              	.LASF31:
 1783 02f2 705F7761 		.ascii	"p_waiting\000"
 1783      6974696E 
 1783      6700
 1784              	.LASF75:
 1785 02fc 2E2E2F2E 		.ascii	"../../os/various/evtimer.c\000"
 1785      2E2F6F73 
 1785      2F766172 
 1785      696F7573 
 1785      2F657674 
 1786              		.ident	"GCC: (GNU) 4.7.1"
ARM GAS  C:\DOCUME~1\ADMINI~1\LOCALS~1\Temp\ccQM6CxM.s 			page 35


DEFINED SYMBOLS
                            *ABS*:00000000 evtimer.c
C:\DOCUME~1\ADMINI~1\LOCALS~1\Temp\ccQM6CxM.s:19     .text.tmrcb:00000000 $t
C:\DOCUME~1\ADMINI~1\LOCALS~1\Temp\ccQM6CxM.s:23     .text.tmrcb:00000000 tmrcb
C:\DOCUME~1\ADMINI~1\LOCALS~1\Temp\ccQM6CxM.s:61     .text.evtStart:00000000 $t
C:\DOCUME~1\ADMINI~1\LOCALS~1\Temp\ccQM6CxM.s:66     .text.evtStart:00000000 evtStart
C:\DOCUME~1\ADMINI~1\LOCALS~1\Temp\ccQM6CxM.s:122    .text.evtStart:00000024 $d
C:\DOCUME~1\ADMINI~1\LOCALS~1\Temp\ccQM6CxM.s:127    .text.evtStop:00000000 $t
C:\DOCUME~1\ADMINI~1\LOCALS~1\Temp\ccQM6CxM.s:132    .text.evtStop:00000000 evtStop
                     .debug_frame:00000010 $d

UNDEFINED SYMBOLS
chEvtBroadcastFlagsI
chVTSetI
chVTResetI
