ARM GAS  C:\DOCUME~1\ADMINI~1\LOCALS~1\Temp\cc4Uox7I.s 			page 1


   1              		.syntax unified
   2              		.cpu cortex-m3
   3              		.fpu softvfp
   4              		.eabi_attribute 20, 1
   5              		.eabi_attribute 21, 1
   6              		.eabi_attribute 23, 3
   7              		.eabi_attribute 24, 1
   8              		.eabi_attribute 25, 1
   9              		.eabi_attribute 26, 1
  10              		.eabi_attribute 30, 2
  11              		.eabi_attribute 34, 1
  12              		.eabi_attribute 18, 4
  13              		.thumb
  14              		.file	"chmempools.c"
  15              		.text
  16              	.Ltext0:
  17              		.cfi_sections	.debug_frame
  18              		.section	.text.chPoolInit,"ax",%progbits
  19              		.align	2
  20              		.global	chPoolInit
  21              		.thumb
  22              		.thumb_func
  23              		.type	chPoolInit, %function
  24              	chPoolInit:
  25              	.LFB7:
  26              		.file 1 "../../os/kernel/src/chmempools.c"
  27              		.loc 1 61 0
  28              		.cfi_startproc
  29              		@ args = 0, pretend = 0, frame = 0
  30              		@ frame_needed = 0, uses_anonymous_args = 0
  31              		@ link register save eliminated.
  32              	.LVL0:
  33              		.loc 1 66 0
  34 0000 0731     		adds	r1, r1, #7
  35              	.LVL1:
  36 0002 21F00701 		bic	r1, r1, #7
  37              	.LVL2:
  38              		.loc 1 65 0
  39 0006 0023     		movs	r3, #0
  40 0008 0360     		str	r3, [r0, #0]
  41              		.loc 1 66 0
  42 000a 4160     		str	r1, [r0, #4]
  43              		.loc 1 67 0
  44 000c 8260     		str	r2, [r0, #8]
  45 000e 7047     		bx	lr
  46              		.cfi_endproc
  47              	.LFE7:
  48              		.size	chPoolInit, .-chPoolInit
  49              		.section	.text.chPoolAllocI,"ax",%progbits
  50              		.align	2
  51              		.global	chPoolAllocI
  52              		.thumb
  53              		.thumb_func
  54              		.type	chPoolAllocI, %function
  55              	chPoolAllocI:
  56              	.LFB8:
  57              		.loc 1 79 0
ARM GAS  C:\DOCUME~1\ADMINI~1\LOCALS~1\Temp\cc4Uox7I.s 			page 2


  58              		.cfi_startproc
  59              		@ args = 0, pretend = 0, frame = 0
  60              		@ frame_needed = 0, uses_anonymous_args = 0
  61              	.LVL3:
  62 0000 08B5     		push	{r3, lr}
  63              	.LCFI0:
  64              		.cfi_def_cfa_offset 8
  65              		.cfi_offset 3, -8
  66              		.cfi_offset 14, -4
  67              		.loc 1 79 0
  68 0002 0346     		mov	r3, r0
  69              		.loc 1 85 0
  70 0004 0068     		ldr	r0, [r0, #0]
  71              	.LVL4:
  72 0006 10B1     		cbz	r0, .L3
  73              		.loc 1 86 0
  74 0008 0268     		ldr	r2, [r0, #0]
  75 000a 1A60     		str	r2, [r3, #0]
  76 000c 08BD     		pop	{r3, pc}
  77              	.L3:
  78              		.loc 1 87 0
  79 000e 9A68     		ldr	r2, [r3, #8]
  80 0010 0AB1     		cbz	r2, .L4
  81              		.loc 1 88 0
  82 0012 5868     		ldr	r0, [r3, #4]
  83              	.LVL5:
  84 0014 9047     		blx	r2
  85              	.LVL6:
  86              	.L4:
  87              		.loc 1 90 0
  88 0016 08BD     		pop	{r3, pc}
  89              		.cfi_endproc
  90              	.LFE8:
  91              		.size	chPoolAllocI, .-chPoolAllocI
  92              		.section	.text.chPoolAlloc,"ax",%progbits
  93              		.align	2
  94              		.global	chPoolAlloc
  95              		.thumb
  96              		.thumb_func
  97              		.type	chPoolAlloc, %function
  98              	chPoolAlloc:
  99              	.LFB9:
 100              		.loc 1 101 0
 101              		.cfi_startproc
 102              		@ args = 0, pretend = 0, frame = 0
 103              		@ frame_needed = 0, uses_anonymous_args = 0
 104              	.LVL7:
 105 0000 08B5     		push	{r3, lr}
 106              	.LCFI1:
 107              		.cfi_def_cfa_offset 8
 108              		.cfi_offset 3, -8
 109              		.cfi_offset 14, -4
 110              		.loc 1 101 0
 111 0002 0246     		mov	r2, r0
 112              	.LBB10:
 113              		.loc 1 104 0
 114 0004 2023     		movs	r3, #32
ARM GAS  C:\DOCUME~1\ADMINI~1\LOCALS~1\Temp\cc4Uox7I.s 			page 3


 115              	.LVL8:
 116              	@ 104 "../../os/kernel/src/chmempools.c" 1
 117 0006 83F31188 		msr     BASEPRI, r3
 118              	@ 0 "" 2
 119              	.LVL9:
 120              		.thumb
 121              	.LBE10:
 122              	.LBB11:
 123              	.LBB12:
 124              		.loc 1 85 0
 125 000a 0068     		ldr	r0, [r0, #0]
 126              	.LVL10:
 127 000c 28B1     		cbz	r0, .L10
 128              		.loc 1 86 0
 129 000e 0368     		ldr	r3, [r0, #0]
 130              	.LVL11:
 131 0010 1360     		str	r3, [r2, #0]
 132              	.LVL12:
 133              	.L11:
 134              	.LBE12:
 135              	.LBE11:
 136              	.LBB14:
 137              		.loc 1 106 0
 138 0012 0023     		movs	r3, #0
 139              	.LVL13:
 140              	@ 106 "../../os/kernel/src/chmempools.c" 1
 141 0014 83F31188 		msr     BASEPRI, r3
 142              	@ 0 "" 2
 143              	.LVL14:
 144              		.thumb
 145              	.LBE14:
 146              		.loc 1 108 0
 147 0018 08BD     		pop	{r3, pc}
 148              	.LVL15:
 149              	.L10:
 150              	.LBB15:
 151              	.LBB13:
 152              		.loc 1 87 0
 153 001a 9368     		ldr	r3, [r2, #8]
 154              	.LVL16:
 155 001c 002B     		cmp	r3, #0
 156 001e F8D0     		beq	.L11
 157              		.loc 1 88 0
 158 0020 5068     		ldr	r0, [r2, #4]
 159              	.LVL17:
 160 0022 9847     		blx	r3
 161              	.LVL18:
 162 0024 F5E7     		b	.L11
 163              	.LBE13:
 164              	.LBE15:
 165              		.cfi_endproc
 166              	.LFE9:
 167              		.size	chPoolAlloc, .-chPoolAlloc
 168 0026 00BF     		.section	.text.chPoolFreeI,"ax",%progbits
 169              		.align	2
 170              		.global	chPoolFreeI
 171              		.thumb
ARM GAS  C:\DOCUME~1\ADMINI~1\LOCALS~1\Temp\cc4Uox7I.s 			page 4


 172              		.thumb_func
 173              		.type	chPoolFreeI, %function
 174              	chPoolFreeI:
 175              	.LFB10:
 176              		.loc 1 122 0
 177              		.cfi_startproc
 178              		@ args = 0, pretend = 0, frame = 0
 179              		@ frame_needed = 0, uses_anonymous_args = 0
 180              		@ link register save eliminated.
 181              	.LVL19:
 182              		.loc 1 129 0
 183 0000 0368     		ldr	r3, [r0, #0]
 184              	.LVL20:
 185 0002 0B60     		str	r3, [r1, #0]
 186              		.loc 1 130 0
 187 0004 0160     		str	r1, [r0, #0]
 188 0006 7047     		bx	lr
 189              		.cfi_endproc
 190              	.LFE10:
 191              		.size	chPoolFreeI, .-chPoolFreeI
 192              		.section	.text.chPoolFree,"ax",%progbits
 193              		.align	2
 194              		.global	chPoolFree
 195              		.thumb
 196              		.thumb_func
 197              		.type	chPoolFree, %function
 198              	chPoolFree:
 199              	.LFB11:
 200              		.loc 1 145 0
 201              		.cfi_startproc
 202              		@ args = 0, pretend = 0, frame = 0
 203              		@ frame_needed = 0, uses_anonymous_args = 0
 204              		@ link register save eliminated.
 205              	.LVL21:
 206              	.LBB16:
 207              		.loc 1 147 0
 208 0000 2023     		movs	r3, #32
 209              	.LVL22:
 210              	@ 147 "../../os/kernel/src/chmempools.c" 1
 211 0002 83F31188 		msr     BASEPRI, r3
 212              	@ 0 "" 2
 213              	.LVL23:
 214              		.thumb
 215              	.LBE16:
 216              	.LBB17:
 217              	.LBB18:
 218              		.loc 1 129 0
 219 0006 0268     		ldr	r2, [r0, #0]
 220              	.LBE18:
 221              	.LBE17:
 222              	.LBB20:
 223              		.loc 1 149 0
 224 0008 0023     		movs	r3, #0
 225              	.LVL24:
 226              	.LBE20:
 227              	.LBB21:
 228              	.LBB19:
ARM GAS  C:\DOCUME~1\ADMINI~1\LOCALS~1\Temp\cc4Uox7I.s 			page 5


 229              		.loc 1 129 0
 230 000a 0A60     		str	r2, [r1, #0]
 231              		.loc 1 130 0
 232 000c 0160     		str	r1, [r0, #0]
 233              	.LBE19:
 234              	.LBE21:
 235              	.LBB22:
 236              		.loc 1 149 0
 237              	@ 149 "../../os/kernel/src/chmempools.c" 1
 238 000e 83F31188 		msr     BASEPRI, r3
 239              	@ 0 "" 2
 240              	.LVL25:
 241              		.thumb
 242 0012 7047     		bx	lr
 243              	.LBE22:
 244              		.cfi_endproc
 245              	.LFE11:
 246              		.size	chPoolFree, .-chPoolFree
 247              		.text
 248              	.Letext0:
 249              		.file 2 "c:\\program files\\yagarto\\bin\\../lib/gcc/arm-none-eabi/4.7.1/include/stddef.h"
 250              		.file 3 "c:/program files/yagarto/lib/gcc/../../arm-none-eabi/sys-include/stdint.h"
 251              		.file 4 "../../os/kernel/include/chmemcore.h"
 252              		.file 5 "../../os/kernel/include/chmempools.h"
 253              		.section	.debug_info,"",%progbits
 254              	.Ldebug_info0:
 255 0000 31030000 		.4byte	0x331
 256 0004 0200     		.2byte	0x2
 257 0006 00000000 		.4byte	.Ldebug_abbrev0
 258 000a 04       		.byte	0x4
 259 000b 01       		.uleb128 0x1
 260 000c 09010000 		.4byte	.LASF22
 261 0010 01       		.byte	0x1
 262 0011 6A000000 		.4byte	.LASF23
 263 0015 44010000 		.4byte	.LASF24
 264 0019 78000000 		.4byte	.Ldebug_ranges0+0x78
 265 001d 00000000 		.4byte	0
 266 0021 00000000 		.4byte	0
 267 0025 00000000 		.4byte	.Ldebug_line0
 268 0029 02       		.uleb128 0x2
 269 002a 04       		.byte	0x4
 270 002b 05       		.byte	0x5
 271 002c 696E7400 		.ascii	"int\000"
 272 0030 03       		.uleb128 0x3
 273 0031 00000000 		.4byte	.LASF6
 274 0035 02       		.byte	0x2
 275 0036 D5       		.byte	0xd5
 276 0037 3B000000 		.4byte	0x3b
 277 003b 04       		.uleb128 0x4
 278 003c 04       		.byte	0x4
 279 003d 07       		.byte	0x7
 280 003e C1000000 		.4byte	.LASF0
 281 0042 04       		.uleb128 0x4
 282 0043 01       		.byte	0x1
 283 0044 06       		.byte	0x6
 284 0045 88010000 		.4byte	.LASF1
 285 0049 04       		.uleb128 0x4
ARM GAS  C:\DOCUME~1\ADMINI~1\LOCALS~1\Temp\cc4Uox7I.s 			page 6


 286 004a 01       		.byte	0x1
 287 004b 08       		.byte	0x8
 288 004c 8B000000 		.4byte	.LASF2
 289 0050 04       		.uleb128 0x4
 290 0051 02       		.byte	0x2
 291 0052 05       		.byte	0x5
 292 0053 2E010000 		.4byte	.LASF3
 293 0057 04       		.uleb128 0x4
 294 0058 02       		.byte	0x2
 295 0059 07       		.byte	0x7
 296 005a 39000000 		.4byte	.LASF4
 297 005e 04       		.uleb128 0x4
 298 005f 04       		.byte	0x4
 299 0060 05       		.byte	0x5
 300 0061 7F010000 		.4byte	.LASF5
 301 0065 03       		.uleb128 0x3
 302 0066 55000000 		.4byte	.LASF7
 303 006a 03       		.byte	0x3
 304 006b 50       		.byte	0x50
 305 006c 70000000 		.4byte	0x70
 306 0070 04       		.uleb128 0x4
 307 0071 04       		.byte	0x4
 308 0072 07       		.byte	0x7
 309 0073 27000000 		.4byte	.LASF8
 310 0077 04       		.uleb128 0x4
 311 0078 08       		.byte	0x8
 312 0079 05       		.byte	0x5
 313 007a F6000000 		.4byte	.LASF9
 314 007e 04       		.uleb128 0x4
 315 007f 08       		.byte	0x8
 316 0080 07       		.byte	0x7
 317 0081 CE000000 		.4byte	.LASF10
 318 0085 05       		.uleb128 0x5
 319 0086 04       		.byte	0x4
 320 0087 04       		.uleb128 0x4
 321 0088 04       		.byte	0x4
 322 0089 07       		.byte	0x7
 323 008a ED000000 		.4byte	.LASF11
 324 008e 03       		.uleb128 0x3
 325 008f 15010000 		.4byte	.LASF12
 326 0093 04       		.byte	0x4
 327 0094 2C       		.byte	0x2c
 328 0095 99000000 		.4byte	0x99
 329 0099 06       		.uleb128 0x6
 330 009a 04       		.byte	0x4
 331 009b 9F000000 		.4byte	0x9f
 332 009f 07       		.uleb128 0x7
 333 00a0 01       		.byte	0x1
 334 00a1 85000000 		.4byte	0x85
 335 00a5 AF000000 		.4byte	0xaf
 336 00a9 08       		.uleb128 0x8
 337 00aa 30000000 		.4byte	0x30
 338 00ae 00       		.byte	0
 339 00af 09       		.uleb128 0x9
 340 00b0 16000000 		.4byte	.LASF25
 341 00b4 04       		.byte	0x4
 342 00b5 05       		.byte	0x5
ARM GAS  C:\DOCUME~1\ADMINI~1\LOCALS~1\Temp\cc4Uox7I.s 			page 7


 343 00b6 2C       		.byte	0x2c
 344 00b7 CA000000 		.4byte	0xca
 345 00bb 0A       		.uleb128 0xa
 346 00bc E5000000 		.4byte	.LASF13
 347 00c0 05       		.byte	0x5
 348 00c1 2D       		.byte	0x2d
 349 00c2 CA000000 		.4byte	0xca
 350 00c6 02       		.byte	0x2
 351 00c7 23       		.byte	0x23
 352 00c8 00       		.uleb128 0
 353 00c9 00       		.byte	0
 354 00ca 06       		.uleb128 0x6
 355 00cb 04       		.byte	0x4
 356 00cc AF000000 		.4byte	0xaf
 357 00d0 0B       		.uleb128 0xb
 358 00d1 0C       		.byte	0xc
 359 00d2 05       		.byte	0x5
 360 00d3 34       		.byte	0x34
 361 00d4 03010000 		.4byte	0x103
 362 00d8 0A       		.uleb128 0xa
 363 00d9 94010000 		.4byte	.LASF14
 364 00dd 05       		.byte	0x5
 365 00de 35       		.byte	0x35
 366 00df CA000000 		.4byte	0xca
 367 00e3 02       		.byte	0x2
 368 00e4 23       		.byte	0x23
 369 00e5 00       		.uleb128 0
 370 00e6 0A       		.uleb128 0xa
 371 00e7 07000000 		.4byte	.LASF15
 372 00eb 05       		.byte	0x5
 373 00ec 36       		.byte	0x36
 374 00ed 30000000 		.4byte	0x30
 375 00f1 02       		.byte	0x2
 376 00f2 23       		.byte	0x23
 377 00f3 04       		.uleb128 0x4
 378 00f4 0A       		.uleb128 0xa
 379 00f5 22010000 		.4byte	.LASF16
 380 00f9 05       		.byte	0x5
 381 00fa 38       		.byte	0x38
 382 00fb 8E000000 		.4byte	0x8e
 383 00ff 02       		.byte	0x2
 384 0100 23       		.byte	0x23
 385 0101 08       		.uleb128 0x8
 386 0102 00       		.byte	0
 387 0103 03       		.uleb128 0x3
 388 0104 A4000000 		.4byte	.LASF17
 389 0108 05       		.byte	0x5
 390 0109 3A       		.byte	0x3a
 391 010a D0000000 		.4byte	0xd0
 392 010e 04       		.uleb128 0x4
 393 010f 01       		.byte	0x1
 394 0110 08       		.byte	0x8
 395 0111 04010000 		.4byte	.LASF18
 396 0115 0C       		.uleb128 0xc
 397 0116 01       		.byte	0x1
 398 0117 B4000000 		.4byte	.LASF26
 399 011b 01       		.byte	0x1
ARM GAS  C:\DOCUME~1\ADMINI~1\LOCALS~1\Temp\cc4Uox7I.s 			page 8


 400 011c 4F       		.byte	0x4f
 401 011d 01       		.byte	0x1
 402 011e 85000000 		.4byte	0x85
 403 0122 01       		.byte	0x1
 404 0123 3D010000 		.4byte	0x13d
 405 0127 0D       		.uleb128 0xd
 406 0128 6D7000   		.ascii	"mp\000"
 407 012b 01       		.byte	0x1
 408 012c 4F       		.byte	0x4f
 409 012d 3D010000 		.4byte	0x13d
 410 0131 0E       		.uleb128 0xe
 411 0132 AF000000 		.4byte	.LASF19
 412 0136 01       		.byte	0x1
 413 0137 50       		.byte	0x50
 414 0138 85000000 		.4byte	0x85
 415 013c 00       		.byte	0
 416 013d 06       		.uleb128 0x6
 417 013e 04       		.byte	0x4
 418 013f 03010000 		.4byte	0x103
 419 0143 0F       		.uleb128 0xf
 420 0144 01       		.byte	0x1
 421 0145 5E000000 		.4byte	.LASF27
 422 0149 01       		.byte	0x1
 423 014a 7A       		.byte	0x7a
 424 014b 01       		.byte	0x1
 425 014c 01       		.byte	0x1
 426 014d 72010000 		.4byte	0x172
 427 0151 0D       		.uleb128 0xd
 428 0152 6D7000   		.ascii	"mp\000"
 429 0155 01       		.byte	0x1
 430 0156 7A       		.byte	0x7a
 431 0157 3D010000 		.4byte	0x13d
 432 015b 10       		.uleb128 0x10
 433 015c AF000000 		.4byte	.LASF19
 434 0160 01       		.byte	0x1
 435 0161 7A       		.byte	0x7a
 436 0162 85000000 		.4byte	0x85
 437 0166 11       		.uleb128 0x11
 438 0167 70687000 		.ascii	"php\000"
 439 016b 01       		.byte	0x1
 440 016c 7B       		.byte	0x7b
 441 016d CA000000 		.4byte	0xca
 442 0171 00       		.byte	0
 443 0172 12       		.uleb128 0x12
 444 0173 01       		.byte	0x1
 445 0174 9C010000 		.4byte	.LASF28
 446 0178 01       		.byte	0x1
 447 0179 3D       		.byte	0x3d
 448 017a 01       		.byte	0x1
 449 017b 00000000 		.4byte	.LFB7
 450 017f 10000000 		.4byte	.LFE7
 451 0183 02       		.byte	0x2
 452 0184 7D       		.byte	0x7d
 453 0185 00       		.sleb128 0
 454 0186 01       		.byte	0x1
 455 0187 B4010000 		.4byte	0x1b4
 456 018b 13       		.uleb128 0x13
ARM GAS  C:\DOCUME~1\ADMINI~1\LOCALS~1\Temp\cc4Uox7I.s 			page 9


 457 018c 6D7000   		.ascii	"mp\000"
 458 018f 01       		.byte	0x1
 459 0190 3D       		.byte	0x3d
 460 0191 3D010000 		.4byte	0x13d
 461 0195 01       		.byte	0x1
 462 0196 50       		.byte	0x50
 463 0197 14       		.uleb128 0x14
 464 0198 22000000 		.4byte	.LASF20
 465 019c 01       		.byte	0x1
 466 019d 3D       		.byte	0x3d
 467 019e 30000000 		.4byte	0x30
 468 01a2 00000000 		.4byte	.LLST0
 469 01a6 15       		.uleb128 0x15
 470 01a7 4C000000 		.4byte	.LASF21
 471 01ab 01       		.byte	0x1
 472 01ac 3D       		.byte	0x3d
 473 01ad 8E000000 		.4byte	0x8e
 474 01b1 01       		.byte	0x1
 475 01b2 52       		.byte	0x52
 476 01b3 00       		.byte	0
 477 01b4 16       		.uleb128 0x16
 478 01b5 15010000 		.4byte	0x115
 479 01b9 00000000 		.4byte	.LFB8
 480 01bd 18000000 		.4byte	.LFE8
 481 01c1 2E000000 		.4byte	.LLST1
 482 01c5 01       		.byte	0x1
 483 01c6 DD010000 		.4byte	0x1dd
 484 01ca 17       		.uleb128 0x17
 485 01cb 27010000 		.4byte	0x127
 486 01cf 4E000000 		.4byte	.LLST2
 487 01d3 18       		.uleb128 0x18
 488 01d4 31010000 		.4byte	0x131
 489 01d8 7A000000 		.4byte	.LLST3
 490 01dc 00       		.byte	0
 491 01dd 19       		.uleb128 0x19
 492 01de 01       		.byte	0x1
 493 01df 38010000 		.4byte	.LASF29
 494 01e3 01       		.byte	0x1
 495 01e4 65       		.byte	0x65
 496 01e5 01       		.byte	0x1
 497 01e6 85000000 		.4byte	0x85
 498 01ea 00000000 		.4byte	.LFB9
 499 01ee 26000000 		.4byte	.LFE9
 500 01f2 A4000000 		.4byte	.LLST4
 501 01f6 01       		.byte	0x1
 502 01f7 79020000 		.4byte	0x279
 503 01fb 1A       		.uleb128 0x1a
 504 01fc 6D7000   		.ascii	"mp\000"
 505 01ff 01       		.byte	0x1
 506 0200 65       		.byte	0x65
 507 0201 3D010000 		.4byte	0x13d
 508 0205 C4000000 		.4byte	.LLST5
 509 0209 1B       		.uleb128 0x1b
 510 020a AF000000 		.4byte	.LASF19
 511 020e 01       		.byte	0x1
 512 020f 66       		.byte	0x66
 513 0210 85000000 		.4byte	0x85
ARM GAS  C:\DOCUME~1\ADMINI~1\LOCALS~1\Temp\cc4Uox7I.s 			page 10


 514 0214 01       		.byte	0x1
 515 0215 50       		.byte	0x50
 516 0216 1C       		.uleb128 0x1c
 517 0217 04000000 		.4byte	.LBB10
 518 021b 0A000000 		.4byte	.LBE10
 519 021f 33020000 		.4byte	0x233
 520 0223 1D       		.uleb128 0x1d
 521 0224 746D7000 		.ascii	"tmp\000"
 522 0228 01       		.byte	0x1
 523 0229 68       		.byte	0x68
 524 022a 65000000 		.4byte	0x65
 525 022e 09010000 		.4byte	.LLST6
 526 0232 00       		.byte	0
 527 0233 1E       		.uleb128 0x1e
 528 0234 15010000 		.4byte	0x115
 529 0238 0A000000 		.4byte	.LBB11
 530 023c 00000000 		.4byte	.Ldebug_ranges0+0
 531 0240 01       		.byte	0x1
 532 0241 69       		.byte	0x69
 533 0242 5F020000 		.4byte	0x25f
 534 0246 17       		.uleb128 0x17
 535 0247 27010000 		.4byte	0x127
 536 024b 27010000 		.4byte	.LLST7
 537 024f 1F       		.uleb128 0x1f
 538 0250 18000000 		.4byte	.Ldebug_ranges0+0x18
 539 0254 18       		.uleb128 0x18
 540 0255 31010000 		.4byte	0x131
 541 0259 6C010000 		.4byte	.LLST8
 542 025d 00       		.byte	0
 543 025e 00       		.byte	0
 544 025f 20       		.uleb128 0x20
 545 0260 12000000 		.4byte	.LBB14
 546 0264 18000000 		.4byte	.LBE14
 547 0268 1D       		.uleb128 0x1d
 548 0269 746D7000 		.ascii	"tmp\000"
 549 026d 01       		.byte	0x1
 550 026e 6A       		.byte	0x6a
 551 026f 65000000 		.4byte	0x65
 552 0273 96010000 		.4byte	.LLST9
 553 0277 00       		.byte	0
 554 0278 00       		.byte	0
 555 0279 21       		.uleb128 0x21
 556 027a 43010000 		.4byte	0x143
 557 027e 00000000 		.4byte	.LFB10
 558 0282 08000000 		.4byte	.LFE10
 559 0286 02       		.byte	0x2
 560 0287 7D       		.byte	0x7d
 561 0288 00       		.sleb128 0
 562 0289 01       		.byte	0x1
 563 028a A4020000 		.4byte	0x2a4
 564 028e 22       		.uleb128 0x22
 565 028f 51010000 		.4byte	0x151
 566 0293 01       		.byte	0x1
 567 0294 50       		.byte	0x50
 568 0295 22       		.uleb128 0x22
 569 0296 5B010000 		.4byte	0x15b
 570 029a 01       		.byte	0x1
ARM GAS  C:\DOCUME~1\ADMINI~1\LOCALS~1\Temp\cc4Uox7I.s 			page 11


 571 029b 51       		.byte	0x51
 572 029c 23       		.uleb128 0x23
 573 029d 66010000 		.4byte	0x166
 574 02a1 01       		.byte	0x1
 575 02a2 51       		.byte	0x51
 576 02a3 00       		.byte	0
 577 02a4 24       		.uleb128 0x24
 578 02a5 01       		.byte	0x1
 579 02a6 99000000 		.4byte	.LASF30
 580 02aa 01       		.byte	0x1
 581 02ab 91       		.byte	0x91
 582 02ac 01       		.byte	0x1
 583 02ad 00000000 		.4byte	.LFB11
 584 02b1 14000000 		.4byte	.LFE11
 585 02b5 02       		.byte	0x2
 586 02b6 7D       		.byte	0x7d
 587 02b7 00       		.sleb128 0
 588 02b8 01       		.byte	0x1
 589 02b9 13       		.uleb128 0x13
 590 02ba 6D7000   		.ascii	"mp\000"
 591 02bd 01       		.byte	0x1
 592 02be 91       		.byte	0x91
 593 02bf 3D010000 		.4byte	0x13d
 594 02c3 01       		.byte	0x1
 595 02c4 50       		.byte	0x50
 596 02c5 15       		.uleb128 0x15
 597 02c6 AF000000 		.4byte	.LASF19
 598 02ca 01       		.byte	0x1
 599 02cb 91       		.byte	0x91
 600 02cc 85000000 		.4byte	0x85
 601 02d0 01       		.byte	0x1
 602 02d1 51       		.byte	0x51
 603 02d2 1C       		.uleb128 0x1c
 604 02d3 00000000 		.4byte	.LBB16
 605 02d7 06000000 		.4byte	.LBE16
 606 02db EF020000 		.4byte	0x2ef
 607 02df 1D       		.uleb128 0x1d
 608 02e0 746D7000 		.ascii	"tmp\000"
 609 02e4 01       		.byte	0x1
 610 02e5 93       		.byte	0x93
 611 02e6 65000000 		.4byte	0x65
 612 02ea A9010000 		.4byte	.LLST10
 613 02ee 00       		.byte	0
 614 02ef 1E       		.uleb128 0x1e
 615 02f0 43010000 		.4byte	0x143
 616 02f4 06000000 		.4byte	.LBB17
 617 02f8 30000000 		.4byte	.Ldebug_ranges0+0x30
 618 02fc 01       		.byte	0x1
 619 02fd 94       		.byte	0x94
 620 02fe 1E030000 		.4byte	0x31e
 621 0302 22       		.uleb128 0x22
 622 0303 5B010000 		.4byte	0x15b
 623 0307 01       		.byte	0x1
 624 0308 51       		.byte	0x51
 625 0309 22       		.uleb128 0x22
 626 030a 51010000 		.4byte	0x151
 627 030e 01       		.byte	0x1
ARM GAS  C:\DOCUME~1\ADMINI~1\LOCALS~1\Temp\cc4Uox7I.s 			page 12


 628 030f 50       		.byte	0x50
 629 0310 1F       		.uleb128 0x1f
 630 0311 48000000 		.4byte	.Ldebug_ranges0+0x48
 631 0315 23       		.uleb128 0x23
 632 0316 66010000 		.4byte	0x166
 633 031a 01       		.byte	0x1
 634 031b 51       		.byte	0x51
 635 031c 00       		.byte	0
 636 031d 00       		.byte	0
 637 031e 1F       		.uleb128 0x1f
 638 031f 60000000 		.4byte	.Ldebug_ranges0+0x60
 639 0323 1D       		.uleb128 0x1d
 640 0324 746D7000 		.ascii	"tmp\000"
 641 0328 01       		.byte	0x1
 642 0329 95       		.byte	0x95
 643 032a 65000000 		.4byte	0x65
 644 032e BC010000 		.4byte	.LLST11
 645 0332 00       		.byte	0
 646 0333 00       		.byte	0
 647 0334 00       		.byte	0
 648              		.section	.debug_abbrev,"",%progbits
 649              	.Ldebug_abbrev0:
 650 0000 01       		.uleb128 0x1
 651 0001 11       		.uleb128 0x11
 652 0002 01       		.byte	0x1
 653 0003 25       		.uleb128 0x25
 654 0004 0E       		.uleb128 0xe
 655 0005 13       		.uleb128 0x13
 656 0006 0B       		.uleb128 0xb
 657 0007 03       		.uleb128 0x3
 658 0008 0E       		.uleb128 0xe
 659 0009 1B       		.uleb128 0x1b
 660 000a 0E       		.uleb128 0xe
 661 000b 55       		.uleb128 0x55
 662 000c 06       		.uleb128 0x6
 663 000d 11       		.uleb128 0x11
 664 000e 01       		.uleb128 0x1
 665 000f 52       		.uleb128 0x52
 666 0010 01       		.uleb128 0x1
 667 0011 10       		.uleb128 0x10
 668 0012 06       		.uleb128 0x6
 669 0013 00       		.byte	0
 670 0014 00       		.byte	0
 671 0015 02       		.uleb128 0x2
 672 0016 24       		.uleb128 0x24
 673 0017 00       		.byte	0
 674 0018 0B       		.uleb128 0xb
 675 0019 0B       		.uleb128 0xb
 676 001a 3E       		.uleb128 0x3e
 677 001b 0B       		.uleb128 0xb
 678 001c 03       		.uleb128 0x3
 679 001d 08       		.uleb128 0x8
 680 001e 00       		.byte	0
 681 001f 00       		.byte	0
 682 0020 03       		.uleb128 0x3
 683 0021 16       		.uleb128 0x16
 684 0022 00       		.byte	0
ARM GAS  C:\DOCUME~1\ADMINI~1\LOCALS~1\Temp\cc4Uox7I.s 			page 13


 685 0023 03       		.uleb128 0x3
 686 0024 0E       		.uleb128 0xe
 687 0025 3A       		.uleb128 0x3a
 688 0026 0B       		.uleb128 0xb
 689 0027 3B       		.uleb128 0x3b
 690 0028 0B       		.uleb128 0xb
 691 0029 49       		.uleb128 0x49
 692 002a 13       		.uleb128 0x13
 693 002b 00       		.byte	0
 694 002c 00       		.byte	0
 695 002d 04       		.uleb128 0x4
 696 002e 24       		.uleb128 0x24
 697 002f 00       		.byte	0
 698 0030 0B       		.uleb128 0xb
 699 0031 0B       		.uleb128 0xb
 700 0032 3E       		.uleb128 0x3e
 701 0033 0B       		.uleb128 0xb
 702 0034 03       		.uleb128 0x3
 703 0035 0E       		.uleb128 0xe
 704 0036 00       		.byte	0
 705 0037 00       		.byte	0
 706 0038 05       		.uleb128 0x5
 707 0039 0F       		.uleb128 0xf
 708 003a 00       		.byte	0
 709 003b 0B       		.uleb128 0xb
 710 003c 0B       		.uleb128 0xb
 711 003d 00       		.byte	0
 712 003e 00       		.byte	0
 713 003f 06       		.uleb128 0x6
 714 0040 0F       		.uleb128 0xf
 715 0041 00       		.byte	0
 716 0042 0B       		.uleb128 0xb
 717 0043 0B       		.uleb128 0xb
 718 0044 49       		.uleb128 0x49
 719 0045 13       		.uleb128 0x13
 720 0046 00       		.byte	0
 721 0047 00       		.byte	0
 722 0048 07       		.uleb128 0x7
 723 0049 15       		.uleb128 0x15
 724 004a 01       		.byte	0x1
 725 004b 27       		.uleb128 0x27
 726 004c 0C       		.uleb128 0xc
 727 004d 49       		.uleb128 0x49
 728 004e 13       		.uleb128 0x13
 729 004f 01       		.uleb128 0x1
 730 0050 13       		.uleb128 0x13
 731 0051 00       		.byte	0
 732 0052 00       		.byte	0
 733 0053 08       		.uleb128 0x8
 734 0054 05       		.uleb128 0x5
 735 0055 00       		.byte	0
 736 0056 49       		.uleb128 0x49
 737 0057 13       		.uleb128 0x13
 738 0058 00       		.byte	0
 739 0059 00       		.byte	0
 740 005a 09       		.uleb128 0x9
 741 005b 13       		.uleb128 0x13
ARM GAS  C:\DOCUME~1\ADMINI~1\LOCALS~1\Temp\cc4Uox7I.s 			page 14


 742 005c 01       		.byte	0x1
 743 005d 03       		.uleb128 0x3
 744 005e 0E       		.uleb128 0xe
 745 005f 0B       		.uleb128 0xb
 746 0060 0B       		.uleb128 0xb
 747 0061 3A       		.uleb128 0x3a
 748 0062 0B       		.uleb128 0xb
 749 0063 3B       		.uleb128 0x3b
 750 0064 0B       		.uleb128 0xb
 751 0065 01       		.uleb128 0x1
 752 0066 13       		.uleb128 0x13
 753 0067 00       		.byte	0
 754 0068 00       		.byte	0
 755 0069 0A       		.uleb128 0xa
 756 006a 0D       		.uleb128 0xd
 757 006b 00       		.byte	0
 758 006c 03       		.uleb128 0x3
 759 006d 0E       		.uleb128 0xe
 760 006e 3A       		.uleb128 0x3a
 761 006f 0B       		.uleb128 0xb
 762 0070 3B       		.uleb128 0x3b
 763 0071 0B       		.uleb128 0xb
 764 0072 49       		.uleb128 0x49
 765 0073 13       		.uleb128 0x13
 766 0074 38       		.uleb128 0x38
 767 0075 0A       		.uleb128 0xa
 768 0076 00       		.byte	0
 769 0077 00       		.byte	0
 770 0078 0B       		.uleb128 0xb
 771 0079 13       		.uleb128 0x13
 772 007a 01       		.byte	0x1
 773 007b 0B       		.uleb128 0xb
 774 007c 0B       		.uleb128 0xb
 775 007d 3A       		.uleb128 0x3a
 776 007e 0B       		.uleb128 0xb
 777 007f 3B       		.uleb128 0x3b
 778 0080 0B       		.uleb128 0xb
 779 0081 01       		.uleb128 0x1
 780 0082 13       		.uleb128 0x13
 781 0083 00       		.byte	0
 782 0084 00       		.byte	0
 783 0085 0C       		.uleb128 0xc
 784 0086 2E       		.uleb128 0x2e
 785 0087 01       		.byte	0x1
 786 0088 3F       		.uleb128 0x3f
 787 0089 0C       		.uleb128 0xc
 788 008a 03       		.uleb128 0x3
 789 008b 0E       		.uleb128 0xe
 790 008c 3A       		.uleb128 0x3a
 791 008d 0B       		.uleb128 0xb
 792 008e 3B       		.uleb128 0x3b
 793 008f 0B       		.uleb128 0xb
 794 0090 27       		.uleb128 0x27
 795 0091 0C       		.uleb128 0xc
 796 0092 49       		.uleb128 0x49
 797 0093 13       		.uleb128 0x13
 798 0094 20       		.uleb128 0x20
ARM GAS  C:\DOCUME~1\ADMINI~1\LOCALS~1\Temp\cc4Uox7I.s 			page 15


 799 0095 0B       		.uleb128 0xb
 800 0096 01       		.uleb128 0x1
 801 0097 13       		.uleb128 0x13
 802 0098 00       		.byte	0
 803 0099 00       		.byte	0
 804 009a 0D       		.uleb128 0xd
 805 009b 05       		.uleb128 0x5
 806 009c 00       		.byte	0
 807 009d 03       		.uleb128 0x3
 808 009e 08       		.uleb128 0x8
 809 009f 3A       		.uleb128 0x3a
 810 00a0 0B       		.uleb128 0xb
 811 00a1 3B       		.uleb128 0x3b
 812 00a2 0B       		.uleb128 0xb
 813 00a3 49       		.uleb128 0x49
 814 00a4 13       		.uleb128 0x13
 815 00a5 00       		.byte	0
 816 00a6 00       		.byte	0
 817 00a7 0E       		.uleb128 0xe
 818 00a8 34       		.uleb128 0x34
 819 00a9 00       		.byte	0
 820 00aa 03       		.uleb128 0x3
 821 00ab 0E       		.uleb128 0xe
 822 00ac 3A       		.uleb128 0x3a
 823 00ad 0B       		.uleb128 0xb
 824 00ae 3B       		.uleb128 0x3b
 825 00af 0B       		.uleb128 0xb
 826 00b0 49       		.uleb128 0x49
 827 00b1 13       		.uleb128 0x13
 828 00b2 00       		.byte	0
 829 00b3 00       		.byte	0
 830 00b4 0F       		.uleb128 0xf
 831 00b5 2E       		.uleb128 0x2e
 832 00b6 01       		.byte	0x1
 833 00b7 3F       		.uleb128 0x3f
 834 00b8 0C       		.uleb128 0xc
 835 00b9 03       		.uleb128 0x3
 836 00ba 0E       		.uleb128 0xe
 837 00bb 3A       		.uleb128 0x3a
 838 00bc 0B       		.uleb128 0xb
 839 00bd 3B       		.uleb128 0x3b
 840 00be 0B       		.uleb128 0xb
 841 00bf 27       		.uleb128 0x27
 842 00c0 0C       		.uleb128 0xc
 843 00c1 20       		.uleb128 0x20
 844 00c2 0B       		.uleb128 0xb
 845 00c3 01       		.uleb128 0x1
 846 00c4 13       		.uleb128 0x13
 847 00c5 00       		.byte	0
 848 00c6 00       		.byte	0
 849 00c7 10       		.uleb128 0x10
 850 00c8 05       		.uleb128 0x5
 851 00c9 00       		.byte	0
 852 00ca 03       		.uleb128 0x3
 853 00cb 0E       		.uleb128 0xe
 854 00cc 3A       		.uleb128 0x3a
 855 00cd 0B       		.uleb128 0xb
ARM GAS  C:\DOCUME~1\ADMINI~1\LOCALS~1\Temp\cc4Uox7I.s 			page 16


 856 00ce 3B       		.uleb128 0x3b
 857 00cf 0B       		.uleb128 0xb
 858 00d0 49       		.uleb128 0x49
 859 00d1 13       		.uleb128 0x13
 860 00d2 00       		.byte	0
 861 00d3 00       		.byte	0
 862 00d4 11       		.uleb128 0x11
 863 00d5 34       		.uleb128 0x34
 864 00d6 00       		.byte	0
 865 00d7 03       		.uleb128 0x3
 866 00d8 08       		.uleb128 0x8
 867 00d9 3A       		.uleb128 0x3a
 868 00da 0B       		.uleb128 0xb
 869 00db 3B       		.uleb128 0x3b
 870 00dc 0B       		.uleb128 0xb
 871 00dd 49       		.uleb128 0x49
 872 00de 13       		.uleb128 0x13
 873 00df 00       		.byte	0
 874 00e0 00       		.byte	0
 875 00e1 12       		.uleb128 0x12
 876 00e2 2E       		.uleb128 0x2e
 877 00e3 01       		.byte	0x1
 878 00e4 3F       		.uleb128 0x3f
 879 00e5 0C       		.uleb128 0xc
 880 00e6 03       		.uleb128 0x3
 881 00e7 0E       		.uleb128 0xe
 882 00e8 3A       		.uleb128 0x3a
 883 00e9 0B       		.uleb128 0xb
 884 00ea 3B       		.uleb128 0x3b
 885 00eb 0B       		.uleb128 0xb
 886 00ec 27       		.uleb128 0x27
 887 00ed 0C       		.uleb128 0xc
 888 00ee 11       		.uleb128 0x11
 889 00ef 01       		.uleb128 0x1
 890 00f0 12       		.uleb128 0x12
 891 00f1 01       		.uleb128 0x1
 892 00f2 40       		.uleb128 0x40
 893 00f3 0A       		.uleb128 0xa
 894 00f4 9742     		.uleb128 0x2117
 895 00f6 0C       		.uleb128 0xc
 896 00f7 01       		.uleb128 0x1
 897 00f8 13       		.uleb128 0x13
 898 00f9 00       		.byte	0
 899 00fa 00       		.byte	0
 900 00fb 13       		.uleb128 0x13
 901 00fc 05       		.uleb128 0x5
 902 00fd 00       		.byte	0
 903 00fe 03       		.uleb128 0x3
 904 00ff 08       		.uleb128 0x8
 905 0100 3A       		.uleb128 0x3a
 906 0101 0B       		.uleb128 0xb
 907 0102 3B       		.uleb128 0x3b
 908 0103 0B       		.uleb128 0xb
 909 0104 49       		.uleb128 0x49
 910 0105 13       		.uleb128 0x13
 911 0106 02       		.uleb128 0x2
 912 0107 0A       		.uleb128 0xa
ARM GAS  C:\DOCUME~1\ADMINI~1\LOCALS~1\Temp\cc4Uox7I.s 			page 17


 913 0108 00       		.byte	0
 914 0109 00       		.byte	0
 915 010a 14       		.uleb128 0x14
 916 010b 05       		.uleb128 0x5
 917 010c 00       		.byte	0
 918 010d 03       		.uleb128 0x3
 919 010e 0E       		.uleb128 0xe
 920 010f 3A       		.uleb128 0x3a
 921 0110 0B       		.uleb128 0xb
 922 0111 3B       		.uleb128 0x3b
 923 0112 0B       		.uleb128 0xb
 924 0113 49       		.uleb128 0x49
 925 0114 13       		.uleb128 0x13
 926 0115 02       		.uleb128 0x2
 927 0116 06       		.uleb128 0x6
 928 0117 00       		.byte	0
 929 0118 00       		.byte	0
 930 0119 15       		.uleb128 0x15
 931 011a 05       		.uleb128 0x5
 932 011b 00       		.byte	0
 933 011c 03       		.uleb128 0x3
 934 011d 0E       		.uleb128 0xe
 935 011e 3A       		.uleb128 0x3a
 936 011f 0B       		.uleb128 0xb
 937 0120 3B       		.uleb128 0x3b
 938 0121 0B       		.uleb128 0xb
 939 0122 49       		.uleb128 0x49
 940 0123 13       		.uleb128 0x13
 941 0124 02       		.uleb128 0x2
 942 0125 0A       		.uleb128 0xa
 943 0126 00       		.byte	0
 944 0127 00       		.byte	0
 945 0128 16       		.uleb128 0x16
 946 0129 2E       		.uleb128 0x2e
 947 012a 01       		.byte	0x1
 948 012b 31       		.uleb128 0x31
 949 012c 13       		.uleb128 0x13
 950 012d 11       		.uleb128 0x11
 951 012e 01       		.uleb128 0x1
 952 012f 12       		.uleb128 0x12
 953 0130 01       		.uleb128 0x1
 954 0131 40       		.uleb128 0x40
 955 0132 06       		.uleb128 0x6
 956 0133 9642     		.uleb128 0x2116
 957 0135 0C       		.uleb128 0xc
 958 0136 01       		.uleb128 0x1
 959 0137 13       		.uleb128 0x13
 960 0138 00       		.byte	0
 961 0139 00       		.byte	0
 962 013a 17       		.uleb128 0x17
 963 013b 05       		.uleb128 0x5
 964 013c 00       		.byte	0
 965 013d 31       		.uleb128 0x31
 966 013e 13       		.uleb128 0x13
 967 013f 02       		.uleb128 0x2
 968 0140 06       		.uleb128 0x6
 969 0141 00       		.byte	0
ARM GAS  C:\DOCUME~1\ADMINI~1\LOCALS~1\Temp\cc4Uox7I.s 			page 18


 970 0142 00       		.byte	0
 971 0143 18       		.uleb128 0x18
 972 0144 34       		.uleb128 0x34
 973 0145 00       		.byte	0
 974 0146 31       		.uleb128 0x31
 975 0147 13       		.uleb128 0x13
 976 0148 02       		.uleb128 0x2
 977 0149 06       		.uleb128 0x6
 978 014a 00       		.byte	0
 979 014b 00       		.byte	0
 980 014c 19       		.uleb128 0x19
 981 014d 2E       		.uleb128 0x2e
 982 014e 01       		.byte	0x1
 983 014f 3F       		.uleb128 0x3f
 984 0150 0C       		.uleb128 0xc
 985 0151 03       		.uleb128 0x3
 986 0152 0E       		.uleb128 0xe
 987 0153 3A       		.uleb128 0x3a
 988 0154 0B       		.uleb128 0xb
 989 0155 3B       		.uleb128 0x3b
 990 0156 0B       		.uleb128 0xb
 991 0157 27       		.uleb128 0x27
 992 0158 0C       		.uleb128 0xc
 993 0159 49       		.uleb128 0x49
 994 015a 13       		.uleb128 0x13
 995 015b 11       		.uleb128 0x11
 996 015c 01       		.uleb128 0x1
 997 015d 12       		.uleb128 0x12
 998 015e 01       		.uleb128 0x1
 999 015f 40       		.uleb128 0x40
 1000 0160 06       		.uleb128 0x6
 1001 0161 9642     		.uleb128 0x2116
 1002 0163 0C       		.uleb128 0xc
 1003 0164 01       		.uleb128 0x1
 1004 0165 13       		.uleb128 0x13
 1005 0166 00       		.byte	0
 1006 0167 00       		.byte	0
 1007 0168 1A       		.uleb128 0x1a
 1008 0169 05       		.uleb128 0x5
 1009 016a 00       		.byte	0
 1010 016b 03       		.uleb128 0x3
 1011 016c 08       		.uleb128 0x8
 1012 016d 3A       		.uleb128 0x3a
 1013 016e 0B       		.uleb128 0xb
 1014 016f 3B       		.uleb128 0x3b
 1015 0170 0B       		.uleb128 0xb
 1016 0171 49       		.uleb128 0x49
 1017 0172 13       		.uleb128 0x13
 1018 0173 02       		.uleb128 0x2
 1019 0174 06       		.uleb128 0x6
 1020 0175 00       		.byte	0
 1021 0176 00       		.byte	0
 1022 0177 1B       		.uleb128 0x1b
 1023 0178 34       		.uleb128 0x34
 1024 0179 00       		.byte	0
 1025 017a 03       		.uleb128 0x3
 1026 017b 0E       		.uleb128 0xe
ARM GAS  C:\DOCUME~1\ADMINI~1\LOCALS~1\Temp\cc4Uox7I.s 			page 19


 1027 017c 3A       		.uleb128 0x3a
 1028 017d 0B       		.uleb128 0xb
 1029 017e 3B       		.uleb128 0x3b
 1030 017f 0B       		.uleb128 0xb
 1031 0180 49       		.uleb128 0x49
 1032 0181 13       		.uleb128 0x13
 1033 0182 02       		.uleb128 0x2
 1034 0183 0A       		.uleb128 0xa
 1035 0184 00       		.byte	0
 1036 0185 00       		.byte	0
 1037 0186 1C       		.uleb128 0x1c
 1038 0187 0B       		.uleb128 0xb
 1039 0188 01       		.byte	0x1
 1040 0189 11       		.uleb128 0x11
 1041 018a 01       		.uleb128 0x1
 1042 018b 12       		.uleb128 0x12
 1043 018c 01       		.uleb128 0x1
 1044 018d 01       		.uleb128 0x1
 1045 018e 13       		.uleb128 0x13
 1046 018f 00       		.byte	0
 1047 0190 00       		.byte	0
 1048 0191 1D       		.uleb128 0x1d
 1049 0192 34       		.uleb128 0x34
 1050 0193 00       		.byte	0
 1051 0194 03       		.uleb128 0x3
 1052 0195 08       		.uleb128 0x8
 1053 0196 3A       		.uleb128 0x3a
 1054 0197 0B       		.uleb128 0xb
 1055 0198 3B       		.uleb128 0x3b
 1056 0199 0B       		.uleb128 0xb
 1057 019a 49       		.uleb128 0x49
 1058 019b 13       		.uleb128 0x13
 1059 019c 02       		.uleb128 0x2
 1060 019d 06       		.uleb128 0x6
 1061 019e 00       		.byte	0
 1062 019f 00       		.byte	0
 1063 01a0 1E       		.uleb128 0x1e
 1064 01a1 1D       		.uleb128 0x1d
 1065 01a2 01       		.byte	0x1
 1066 01a3 31       		.uleb128 0x31
 1067 01a4 13       		.uleb128 0x13
 1068 01a5 52       		.uleb128 0x52
 1069 01a6 01       		.uleb128 0x1
 1070 01a7 55       		.uleb128 0x55
 1071 01a8 06       		.uleb128 0x6
 1072 01a9 58       		.uleb128 0x58
 1073 01aa 0B       		.uleb128 0xb
 1074 01ab 59       		.uleb128 0x59
 1075 01ac 0B       		.uleb128 0xb
 1076 01ad 01       		.uleb128 0x1
 1077 01ae 13       		.uleb128 0x13
 1078 01af 00       		.byte	0
 1079 01b0 00       		.byte	0
 1080 01b1 1F       		.uleb128 0x1f
 1081 01b2 0B       		.uleb128 0xb
 1082 01b3 01       		.byte	0x1
 1083 01b4 55       		.uleb128 0x55
ARM GAS  C:\DOCUME~1\ADMINI~1\LOCALS~1\Temp\cc4Uox7I.s 			page 20


 1084 01b5 06       		.uleb128 0x6
 1085 01b6 00       		.byte	0
 1086 01b7 00       		.byte	0
 1087 01b8 20       		.uleb128 0x20
 1088 01b9 0B       		.uleb128 0xb
 1089 01ba 01       		.byte	0x1
 1090 01bb 11       		.uleb128 0x11
 1091 01bc 01       		.uleb128 0x1
 1092 01bd 12       		.uleb128 0x12
 1093 01be 01       		.uleb128 0x1
 1094 01bf 00       		.byte	0
 1095 01c0 00       		.byte	0
 1096 01c1 21       		.uleb128 0x21
 1097 01c2 2E       		.uleb128 0x2e
 1098 01c3 01       		.byte	0x1
 1099 01c4 31       		.uleb128 0x31
 1100 01c5 13       		.uleb128 0x13
 1101 01c6 11       		.uleb128 0x11
 1102 01c7 01       		.uleb128 0x1
 1103 01c8 12       		.uleb128 0x12
 1104 01c9 01       		.uleb128 0x1
 1105 01ca 40       		.uleb128 0x40
 1106 01cb 0A       		.uleb128 0xa
 1107 01cc 9742     		.uleb128 0x2117
 1108 01ce 0C       		.uleb128 0xc
 1109 01cf 01       		.uleb128 0x1
 1110 01d0 13       		.uleb128 0x13
 1111 01d1 00       		.byte	0
 1112 01d2 00       		.byte	0
 1113 01d3 22       		.uleb128 0x22
 1114 01d4 05       		.uleb128 0x5
 1115 01d5 00       		.byte	0
 1116 01d6 31       		.uleb128 0x31
 1117 01d7 13       		.uleb128 0x13
 1118 01d8 02       		.uleb128 0x2
 1119 01d9 0A       		.uleb128 0xa
 1120 01da 00       		.byte	0
 1121 01db 00       		.byte	0
 1122 01dc 23       		.uleb128 0x23
 1123 01dd 34       		.uleb128 0x34
 1124 01de 00       		.byte	0
 1125 01df 31       		.uleb128 0x31
 1126 01e0 13       		.uleb128 0x13
 1127 01e1 02       		.uleb128 0x2
 1128 01e2 0A       		.uleb128 0xa
 1129 01e3 00       		.byte	0
 1130 01e4 00       		.byte	0
 1131 01e5 24       		.uleb128 0x24
 1132 01e6 2E       		.uleb128 0x2e
 1133 01e7 01       		.byte	0x1
 1134 01e8 3F       		.uleb128 0x3f
 1135 01e9 0C       		.uleb128 0xc
 1136 01ea 03       		.uleb128 0x3
 1137 01eb 0E       		.uleb128 0xe
 1138 01ec 3A       		.uleb128 0x3a
 1139 01ed 0B       		.uleb128 0xb
 1140 01ee 3B       		.uleb128 0x3b
ARM GAS  C:\DOCUME~1\ADMINI~1\LOCALS~1\Temp\cc4Uox7I.s 			page 21


 1141 01ef 0B       		.uleb128 0xb
 1142 01f0 27       		.uleb128 0x27
 1143 01f1 0C       		.uleb128 0xc
 1144 01f2 11       		.uleb128 0x11
 1145 01f3 01       		.uleb128 0x1
 1146 01f4 12       		.uleb128 0x12
 1147 01f5 01       		.uleb128 0x1
 1148 01f6 40       		.uleb128 0x40
 1149 01f7 0A       		.uleb128 0xa
 1150 01f8 9742     		.uleb128 0x2117
 1151 01fa 0C       		.uleb128 0xc
 1152 01fb 00       		.byte	0
 1153 01fc 00       		.byte	0
 1154 01fd 00       		.byte	0
 1155              		.section	.debug_loc,"",%progbits
 1156              	.Ldebug_loc0:
 1157              	.LLST0:
 1158 0000 00000000 		.4byte	.LVL0
 1159 0004 02000000 		.4byte	.LVL1
 1160 0008 0100     		.2byte	0x1
 1161 000a 51       		.byte	0x51
 1162 000b 02000000 		.4byte	.LVL1
 1163 000f 06000000 		.4byte	.LVL2
 1164 0013 0300     		.2byte	0x3
 1165 0015 71       		.byte	0x71
 1166 0016 79       		.sleb128 -7
 1167 0017 9F       		.byte	0x9f
 1168 0018 06000000 		.4byte	.LVL2
 1169 001c 10000000 		.4byte	.LFE7
 1170 0020 0400     		.2byte	0x4
 1171 0022 F3       		.byte	0xf3
 1172 0023 01       		.uleb128 0x1
 1173 0024 51       		.byte	0x51
 1174 0025 9F       		.byte	0x9f
 1175 0026 00000000 		.4byte	0
 1176 002a 00000000 		.4byte	0
 1177              	.LLST1:
 1178 002e 00000000 		.4byte	.LFB8
 1179 0032 02000000 		.4byte	.LCFI0
 1180 0036 0200     		.2byte	0x2
 1181 0038 7D       		.byte	0x7d
 1182 0039 00       		.sleb128 0
 1183 003a 02000000 		.4byte	.LCFI0
 1184 003e 18000000 		.4byte	.LFE8
 1185 0042 0200     		.2byte	0x2
 1186 0044 7D       		.byte	0x7d
 1187 0045 08       		.sleb128 8
 1188 0046 00000000 		.4byte	0
 1189 004a 00000000 		.4byte	0
 1190              	.LLST2:
 1191 004e 00000000 		.4byte	.LVL3
 1192 0052 06000000 		.4byte	.LVL4
 1193 0056 0100     		.2byte	0x1
 1194 0058 50       		.byte	0x50
 1195 0059 06000000 		.4byte	.LVL4
 1196 005d 15000000 		.4byte	.LVL6-1
 1197 0061 0100     		.2byte	0x1
ARM GAS  C:\DOCUME~1\ADMINI~1\LOCALS~1\Temp\cc4Uox7I.s 			page 22


 1198 0063 53       		.byte	0x53
 1199 0064 15000000 		.4byte	.LVL6-1
 1200 0068 18000000 		.4byte	.LFE8
 1201 006c 0400     		.2byte	0x4
 1202 006e F3       		.byte	0xf3
 1203 006f 01       		.uleb128 0x1
 1204 0070 50       		.byte	0x50
 1205 0071 9F       		.byte	0x9f
 1206 0072 00000000 		.4byte	0
 1207 0076 00000000 		.4byte	0
 1208              	.LLST3:
 1209 007a 06000000 		.4byte	.LVL4
 1210 007e 14000000 		.4byte	.LVL5
 1211 0082 0100     		.2byte	0x1
 1212 0084 50       		.byte	0x50
 1213 0085 14000000 		.4byte	.LVL5
 1214 0089 15000000 		.4byte	.LVL6-1
 1215 008d 0200     		.2byte	0x2
 1216 008f 73       		.byte	0x73
 1217 0090 00       		.sleb128 0
 1218 0091 16000000 		.4byte	.LVL6
 1219 0095 18000000 		.4byte	.LFE8
 1220 0099 0100     		.2byte	0x1
 1221 009b 50       		.byte	0x50
 1222 009c 00000000 		.4byte	0
 1223 00a0 00000000 		.4byte	0
 1224              	.LLST4:
 1225 00a4 00000000 		.4byte	.LFB9
 1226 00a8 02000000 		.4byte	.LCFI1
 1227 00ac 0200     		.2byte	0x2
 1228 00ae 7D       		.byte	0x7d
 1229 00af 00       		.sleb128 0
 1230 00b0 02000000 		.4byte	.LCFI1
 1231 00b4 26000000 		.4byte	.LFE9
 1232 00b8 0200     		.2byte	0x2
 1233 00ba 7D       		.byte	0x7d
 1234 00bb 08       		.sleb128 8
 1235 00bc 00000000 		.4byte	0
 1236 00c0 00000000 		.4byte	0
 1237              	.LLST5:
 1238 00c4 00000000 		.4byte	.LVL7
 1239 00c8 0C000000 		.4byte	.LVL10
 1240 00cc 0100     		.2byte	0x1
 1241 00ce 50       		.byte	0x50
 1242 00cf 0C000000 		.4byte	.LVL10
 1243 00d3 12000000 		.4byte	.LVL12
 1244 00d7 0100     		.2byte	0x1
 1245 00d9 52       		.byte	0x52
 1246 00da 12000000 		.4byte	.LVL12
 1247 00de 1A000000 		.4byte	.LVL15
 1248 00e2 0400     		.2byte	0x4
 1249 00e4 F3       		.byte	0xf3
 1250 00e5 01       		.uleb128 0x1
 1251 00e6 50       		.byte	0x50
 1252 00e7 9F       		.byte	0x9f
 1253 00e8 1A000000 		.4byte	.LVL15
 1254 00ec 23000000 		.4byte	.LVL18-1
ARM GAS  C:\DOCUME~1\ADMINI~1\LOCALS~1\Temp\cc4Uox7I.s 			page 23


 1255 00f0 0100     		.2byte	0x1
 1256 00f2 52       		.byte	0x52
 1257 00f3 23000000 		.4byte	.LVL18-1
 1258 00f7 26000000 		.4byte	.LFE9
 1259 00fb 0400     		.2byte	0x4
 1260 00fd F3       		.byte	0xf3
 1261 00fe 01       		.uleb128 0x1
 1262 00ff 50       		.byte	0x50
 1263 0100 9F       		.byte	0x9f
 1264 0101 00000000 		.4byte	0
 1265 0105 00000000 		.4byte	0
 1266              	.LLST6:
 1267 0109 0A000000 		.4byte	.LVL9
 1268 010d 10000000 		.4byte	.LVL11
 1269 0111 0100     		.2byte	0x1
 1270 0113 53       		.byte	0x53
 1271 0114 1A000000 		.4byte	.LVL15
 1272 0118 1C000000 		.4byte	.LVL16
 1273 011c 0100     		.2byte	0x1
 1274 011e 53       		.byte	0x53
 1275 011f 00000000 		.4byte	0
 1276 0123 00000000 		.4byte	0
 1277              	.LLST7:
 1278 0127 0A000000 		.4byte	.LVL9
 1279 012b 0C000000 		.4byte	.LVL10
 1280 012f 0100     		.2byte	0x1
 1281 0131 50       		.byte	0x50
 1282 0132 0C000000 		.4byte	.LVL10
 1283 0136 12000000 		.4byte	.LVL12
 1284 013a 0100     		.2byte	0x1
 1285 013c 52       		.byte	0x52
 1286 013d 12000000 		.4byte	.LVL12
 1287 0141 1A000000 		.4byte	.LVL15
 1288 0145 0400     		.2byte	0x4
 1289 0147 F3       		.byte	0xf3
 1290 0148 01       		.uleb128 0x1
 1291 0149 50       		.byte	0x50
 1292 014a 9F       		.byte	0x9f
 1293 014b 1A000000 		.4byte	.LVL15
 1294 014f 23000000 		.4byte	.LVL18-1
 1295 0153 0100     		.2byte	0x1
 1296 0155 52       		.byte	0x52
 1297 0156 23000000 		.4byte	.LVL18-1
 1298 015a 26000000 		.4byte	.LFE9
 1299 015e 0400     		.2byte	0x4
 1300 0160 F3       		.byte	0xf3
 1301 0161 01       		.uleb128 0x1
 1302 0162 50       		.byte	0x50
 1303 0163 9F       		.byte	0x9f
 1304 0164 00000000 		.4byte	0
 1305 0168 00000000 		.4byte	0
 1306              	.LLST8:
 1307 016c 0C000000 		.4byte	.LVL10
 1308 0170 22000000 		.4byte	.LVL17
 1309 0174 0100     		.2byte	0x1
 1310 0176 50       		.byte	0x50
 1311 0177 22000000 		.4byte	.LVL17
ARM GAS  C:\DOCUME~1\ADMINI~1\LOCALS~1\Temp\cc4Uox7I.s 			page 24


 1312 017b 23000000 		.4byte	.LVL18-1
 1313 017f 0200     		.2byte	0x2
 1314 0181 72       		.byte	0x72
 1315 0182 00       		.sleb128 0
 1316 0183 24000000 		.4byte	.LVL18
 1317 0187 26000000 		.4byte	.LFE9
 1318 018b 0100     		.2byte	0x1
 1319 018d 50       		.byte	0x50
 1320 018e 00000000 		.4byte	0
 1321 0192 00000000 		.4byte	0
 1322              	.LLST9:
 1323 0196 18000000 		.4byte	.LVL14
 1324 019a 1A000000 		.4byte	.LVL15
 1325 019e 0100     		.2byte	0x1
 1326 01a0 53       		.byte	0x53
 1327 01a1 00000000 		.4byte	0
 1328 01a5 00000000 		.4byte	0
 1329              	.LLST10:
 1330 01a9 06000000 		.4byte	.LVL23
 1331 01ad 0A000000 		.4byte	.LVL24
 1332 01b1 0100     		.2byte	0x1
 1333 01b3 53       		.byte	0x53
 1334 01b4 00000000 		.4byte	0
 1335 01b8 00000000 		.4byte	0
 1336              	.LLST11:
 1337 01bc 12000000 		.4byte	.LVL25
 1338 01c0 14000000 		.4byte	.LFE11
 1339 01c4 0100     		.2byte	0x1
 1340 01c6 53       		.byte	0x53
 1341 01c7 00000000 		.4byte	0
 1342 01cb 00000000 		.4byte	0
 1343              		.section	.debug_aranges,"",%progbits
 1344 0000 3C000000 		.4byte	0x3c
 1345 0004 0200     		.2byte	0x2
 1346 0006 00000000 		.4byte	.Ldebug_info0
 1347 000a 04       		.byte	0x4
 1348 000b 00       		.byte	0
 1349 000c 0000     		.2byte	0
 1350 000e 0000     		.2byte	0
 1351 0010 00000000 		.4byte	.LFB7
 1352 0014 10000000 		.4byte	.LFE7-.LFB7
 1353 0018 00000000 		.4byte	.LFB8
 1354 001c 18000000 		.4byte	.LFE8-.LFB8
 1355 0020 00000000 		.4byte	.LFB9
 1356 0024 26000000 		.4byte	.LFE9-.LFB9
 1357 0028 00000000 		.4byte	.LFB10
 1358 002c 08000000 		.4byte	.LFE10-.LFB10
 1359 0030 00000000 		.4byte	.LFB11
 1360 0034 14000000 		.4byte	.LFE11-.LFB11
 1361 0038 00000000 		.4byte	0
 1362 003c 00000000 		.4byte	0
 1363              		.section	.debug_ranges,"",%progbits
 1364              	.Ldebug_ranges0:
 1365 0000 0A000000 		.4byte	.LBB11
 1366 0004 12000000 		.4byte	.LBE11
 1367 0008 1A000000 		.4byte	.LBB15
 1368 000c 26000000 		.4byte	.LBE15
ARM GAS  C:\DOCUME~1\ADMINI~1\LOCALS~1\Temp\cc4Uox7I.s 			page 25


 1369 0010 00000000 		.4byte	0
 1370 0014 00000000 		.4byte	0
 1371 0018 0A000000 		.4byte	.LBB12
 1372 001c 12000000 		.4byte	.LBE12
 1373 0020 1A000000 		.4byte	.LBB13
 1374 0024 26000000 		.4byte	.LBE13
 1375 0028 00000000 		.4byte	0
 1376 002c 00000000 		.4byte	0
 1377 0030 06000000 		.4byte	.LBB17
 1378 0034 08000000 		.4byte	.LBE17
 1379 0038 0A000000 		.4byte	.LBB21
 1380 003c 0E000000 		.4byte	.LBE21
 1381 0040 00000000 		.4byte	0
 1382 0044 00000000 		.4byte	0
 1383 0048 06000000 		.4byte	.LBB18
 1384 004c 08000000 		.4byte	.LBE18
 1385 0050 0A000000 		.4byte	.LBB19
 1386 0054 0E000000 		.4byte	.LBE19
 1387 0058 00000000 		.4byte	0
 1388 005c 00000000 		.4byte	0
 1389 0060 08000000 		.4byte	.LBB20
 1390 0064 0A000000 		.4byte	.LBE20
 1391 0068 0E000000 		.4byte	.LBB22
 1392 006c 14000000 		.4byte	.LBE22
 1393 0070 00000000 		.4byte	0
 1394 0074 00000000 		.4byte	0
 1395 0078 00000000 		.4byte	.LFB7
 1396 007c 10000000 		.4byte	.LFE7
 1397 0080 00000000 		.4byte	.LFB8
 1398 0084 18000000 		.4byte	.LFE8
 1399 0088 00000000 		.4byte	.LFB9
 1400 008c 26000000 		.4byte	.LFE9
 1401 0090 00000000 		.4byte	.LFB10
 1402 0094 08000000 		.4byte	.LFE10
 1403 0098 00000000 		.4byte	.LFB11
 1404 009c 14000000 		.4byte	.LFE11
 1405 00a0 00000000 		.4byte	0
 1406 00a4 00000000 		.4byte	0
 1407              		.section	.debug_line,"",%progbits
 1408              	.Ldebug_line0:
 1409 0000 88010000 		.section	.debug_str,"MS",%progbits,1
 1409      02000B01 
 1409      00000201 
 1409      FB0E0D00 
 1409      01010101 
 1410              	.LASF6:
 1411 0000 73697A65 		.ascii	"size_t\000"
 1411      5F7400
 1412              	.LASF15:
 1413 0007 6D705F6F 		.ascii	"mp_object_size\000"
 1413      626A6563 
 1413      745F7369 
 1413      7A6500
 1414              	.LASF25:
 1415 0016 706F6F6C 		.ascii	"pool_header\000"
 1415      5F686561 
 1415      64657200 
ARM GAS  C:\DOCUME~1\ADMINI~1\LOCALS~1\Temp\cc4Uox7I.s 			page 26


 1416              	.LASF20:
 1417 0022 73697A65 		.ascii	"size\000"
 1417      00
 1418              	.LASF8:
 1419 0027 6C6F6E67 		.ascii	"long unsigned int\000"
 1419      20756E73 
 1419      69676E65 
 1419      6420696E 
 1419      7400
 1420              	.LASF4:
 1421 0039 73686F72 		.ascii	"short unsigned int\000"
 1421      7420756E 
 1421      7369676E 
 1421      65642069 
 1421      6E7400
 1422              	.LASF21:
 1423 004c 70726F76 		.ascii	"provider\000"
 1423      69646572 
 1423      00
 1424              	.LASF7:
 1425 0055 75696E74 		.ascii	"uint32_t\000"
 1425      33325F74 
 1425      00
 1426              	.LASF27:
 1427 005e 6368506F 		.ascii	"chPoolFreeI\000"
 1427      6F6C4672 
 1427      65654900 
 1428              	.LASF23:
 1429 006a 2E2E2F2E 		.ascii	"../../os/kernel/src/chmempools.c\000"
 1429      2E2F6F73 
 1429      2F6B6572 
 1429      6E656C2F 
 1429      7372632F 
 1430              	.LASF2:
 1431 008b 756E7369 		.ascii	"unsigned char\000"
 1431      676E6564 
 1431      20636861 
 1431      7200
 1432              	.LASF30:
 1433 0099 6368506F 		.ascii	"chPoolFree\000"
 1433      6F6C4672 
 1433      656500
 1434              	.LASF17:
 1435 00a4 4D656D6F 		.ascii	"MemoryPool\000"
 1435      7279506F 
 1435      6F6C00
 1436              	.LASF19:
 1437 00af 6F626A70 		.ascii	"objp\000"
 1437      00
 1438              	.LASF26:
 1439 00b4 6368506F 		.ascii	"chPoolAllocI\000"
 1439      6F6C416C 
 1439      6C6F6349 
 1439      00
 1440              	.LASF0:
 1441 00c1 756E7369 		.ascii	"unsigned int\000"
 1441      676E6564 
ARM GAS  C:\DOCUME~1\ADMINI~1\LOCALS~1\Temp\cc4Uox7I.s 			page 27


 1441      20696E74 
 1441      00
 1442              	.LASF10:
 1443 00ce 6C6F6E67 		.ascii	"long long unsigned int\000"
 1443      206C6F6E 
 1443      6720756E 
 1443      7369676E 
 1443      65642069 
 1444              	.LASF13:
 1445 00e5 70685F6E 		.ascii	"ph_next\000"
 1445      65787400 
 1446              	.LASF11:
 1447 00ed 73697A65 		.ascii	"sizetype\000"
 1447      74797065 
 1447      00
 1448              	.LASF9:
 1449 00f6 6C6F6E67 		.ascii	"long long int\000"
 1449      206C6F6E 
 1449      6720696E 
 1449      7400
 1450              	.LASF18:
 1451 0104 63686172 		.ascii	"char\000"
 1451      00
 1452              	.LASF22:
 1453 0109 474E5520 		.ascii	"GNU C 4.7.1\000"
 1453      4320342E 
 1453      372E3100 
 1454              	.LASF12:
 1455 0115 6D656D67 		.ascii	"memgetfunc_t\000"
 1455      65746675 
 1455      6E635F74 
 1455      00
 1456              	.LASF16:
 1457 0122 6D705F70 		.ascii	"mp_provider\000"
 1457      726F7669 
 1457      64657200 
 1458              	.LASF3:
 1459 012e 73686F72 		.ascii	"short int\000"
 1459      7420696E 
 1459      7400
 1460              	.LASF29:
 1461 0138 6368506F 		.ascii	"chPoolAlloc\000"
 1461      6F6C416C 
 1461      6C6F6300 
 1462              	.LASF24:
 1463 0144 433A5C70 		.ascii	"C:\\projects\\ChibiOS_2.4.2\\demos\\ARMCM3-STM32L15"
 1463      726F6A65 
 1463      6374735C 
 1463      43686962 
 1463      694F535F 
 1464 0173 322D4449 		.ascii	"2-DISCOVERY\000"
 1464      53434F56 
 1464      45525900 
 1465              	.LASF5:
 1466 017f 6C6F6E67 		.ascii	"long int\000"
 1466      20696E74 
 1466      00
ARM GAS  C:\DOCUME~1\ADMINI~1\LOCALS~1\Temp\cc4Uox7I.s 			page 28


 1467              	.LASF1:
 1468 0188 7369676E 		.ascii	"signed char\000"
 1468      65642063 
 1468      68617200 
 1469              	.LASF14:
 1470 0194 6D705F6E 		.ascii	"mp_next\000"
 1470      65787400 
 1471              	.LASF28:
 1472 019c 6368506F 		.ascii	"chPoolInit\000"
 1472      6F6C496E 
 1472      697400
 1473              		.ident	"GCC: (GNU) 4.7.1"
ARM GAS  C:\DOCUME~1\ADMINI~1\LOCALS~1\Temp\cc4Uox7I.s 			page 29


DEFINED SYMBOLS
                            *ABS*:00000000 chmempools.c
C:\DOCUME~1\ADMINI~1\LOCALS~1\Temp\cc4Uox7I.s:19     .text.chPoolInit:00000000 $t
C:\DOCUME~1\ADMINI~1\LOCALS~1\Temp\cc4Uox7I.s:24     .text.chPoolInit:00000000 chPoolInit
C:\DOCUME~1\ADMINI~1\LOCALS~1\Temp\cc4Uox7I.s:50     .text.chPoolAllocI:00000000 $t
C:\DOCUME~1\ADMINI~1\LOCALS~1\Temp\cc4Uox7I.s:55     .text.chPoolAllocI:00000000 chPoolAllocI
C:\DOCUME~1\ADMINI~1\LOCALS~1\Temp\cc4Uox7I.s:93     .text.chPoolAlloc:00000000 $t
C:\DOCUME~1\ADMINI~1\LOCALS~1\Temp\cc4Uox7I.s:98     .text.chPoolAlloc:00000000 chPoolAlloc
C:\DOCUME~1\ADMINI~1\LOCALS~1\Temp\cc4Uox7I.s:169    .text.chPoolFreeI:00000000 $t
C:\DOCUME~1\ADMINI~1\LOCALS~1\Temp\cc4Uox7I.s:174    .text.chPoolFreeI:00000000 chPoolFreeI
C:\DOCUME~1\ADMINI~1\LOCALS~1\Temp\cc4Uox7I.s:193    .text.chPoolFree:00000000 $t
C:\DOCUME~1\ADMINI~1\LOCALS~1\Temp\cc4Uox7I.s:198    .text.chPoolFree:00000000 chPoolFree
                     .debug_frame:00000010 $d

NO UNDEFINED SYMBOLS
