ARM GAS  C:\DOCUME~1\ADMINI~1\LOCALS~1\Temp\ccXSVmZ6.s 			page 1


   1              		.syntax unified
   2              		.cpu cortex-m3
   3              		.fpu softvfp
   4              		.eabi_attribute 20, 1
   5              		.eabi_attribute 21, 1
   6              		.eabi_attribute 23, 3
   7              		.eabi_attribute 24, 1
   8              		.eabi_attribute 25, 1
   9              		.eabi_attribute 26, 1
  10              		.eabi_attribute 30, 2
  11              		.eabi_attribute 34, 1
  12              		.eabi_attribute 18, 4
  13              		.thumb
  14              		.file	"pal.c"
  15              		.text
  16              	.Ltext0:
  17              		.cfi_sections	.debug_frame
  18              		.section	.text.palReadBus,"ax",%progbits
  19              		.align	2
  20              		.global	palReadBus
  21              		.thumb
  22              		.thumb_func
  23              		.type	palReadBus, %function
  24              	palReadBus:
  25              	.LFB62:
  26              		.file 1 "../../os/hal/src/pal.c"
  27              		.loc 1 76 0
  28              		.cfi_startproc
  29              		@ args = 0, pretend = 0, frame = 0
  30              		@ frame_needed = 0, uses_anonymous_args = 0
  31              		@ link register save eliminated.
  32              	.LVL0:
  33              		.loc 1 81 0
  34 0000 0368     		ldr	r3, [r0, #0]
  35 0002 8268     		ldr	r2, [r0, #8]
  36 0004 1969     		ldr	r1, [r3, #16]
  37 0006 4368     		ldr	r3, [r0, #4]
  38 0008 21FA02F0 		lsr	r0, r1, r2
  39              	.LVL1:
  40              		.loc 1 82 0
  41 000c 1840     		ands	r0, r0, r3
  42 000e 7047     		bx	lr
  43              		.cfi_endproc
  44              	.LFE62:
  45              		.size	palReadBus, .-palReadBus
  46              		.section	.text.palWriteBus,"ax",%progbits
  47              		.align	2
  48              		.global	palWriteBus
  49              		.thumb
  50              		.thumb_func
  51              		.type	palWriteBus, %function
  52              	palWriteBus:
  53              	.LFB63:
  54              		.loc 1 101 0
  55              		.cfi_startproc
  56              		@ args = 0, pretend = 0, frame = 0
  57              		@ frame_needed = 0, uses_anonymous_args = 0
ARM GAS  C:\DOCUME~1\ADMINI~1\LOCALS~1\Temp\ccXSVmZ6.s 			page 2


  58              		@ link register save eliminated.
  59              	.LVL2:
  60              		.loc 1 106 0
  61 0000 4268     		ldr	r2, [r0, #4]
  62 0002 8368     		ldr	r3, [r0, #8]
  63              		.loc 1 101 0
  64 0004 30B4     		push	{r4, r5}
  65              	.LCFI0:
  66              		.cfi_def_cfa_offset 8
  67              		.cfi_offset 4, -8
  68              		.cfi_offset 5, -4
  69              		.loc 1 106 0
  70 0006 22EA0105 		bic	r5, r2, r1
  71 000a 03F11004 		add	r4, r3, #16
  72 000e 0A40     		ands	r2, r2, r1
  73 0010 05FA04F4 		lsl	r4, r5, r4
  74 0014 02FA03F3 		lsl	r3, r2, r3
  75 0018 0068     		ldr	r0, [r0, #0]
  76              	.LVL3:
  77 001a 2343     		orrs	r3, r3, r4
  78 001c 8361     		str	r3, [r0, #24]
  79              		.loc 1 107 0
  80 001e 30BC     		pop	{r4, r5}
  81 0020 7047     		bx	lr
  82              		.cfi_endproc
  83              	.LFE63:
  84              		.size	palWriteBus, .-palWriteBus
  85 0022 00BF     		.section	.text.palSetBusMode,"ax",%progbits
  86              		.align	2
  87              		.global	palSetBusMode
  88              		.thumb
  89              		.thumb_func
  90              		.type	palSetBusMode, %function
  91              	palSetBusMode:
  92              	.LFB64:
  93              		.loc 1 124 0
  94              		.cfi_startproc
  95              		@ args = 0, pretend = 0, frame = 0
  96              		@ frame_needed = 0, uses_anonymous_args = 0
  97              		@ link register save eliminated.
  98              	.LVL4:
  99              		.loc 1 129 0
 100 0000 8368     		ldr	r3, [r0, #8]
 101              		.loc 1 124 0
 102 0002 10B4     		push	{r4}
 103              	.LCFI1:
 104              		.cfi_def_cfa_offset 4
 105              		.cfi_offset 4, -4
 106              		.loc 1 129 0
 107 0004 4468     		ldr	r4, [r0, #4]
 108              		.loc 1 124 0
 109 0006 0A46     		mov	r2, r1
 110              		.loc 1 129 0
 111 0008 04FA03F1 		lsl	r1, r4, r3
 112              	.LVL5:
 113 000c 0068     		ldr	r0, [r0, #0]
 114              	.LVL6:
ARM GAS  C:\DOCUME~1\ADMINI~1\LOCALS~1\Temp\ccXSVmZ6.s 			page 3


 115              		.loc 1 130 0
 116 000e 10BC     		pop	{r4}
 117              		.loc 1 129 0
 118 0010 FFF7FEBF 		b	_pal_lld_setgroupmode
 119              	.LVL7:
 120              		.cfi_endproc
 121              	.LFE64:
 122              		.size	palSetBusMode, .-palSetBusMode
 123              		.text
 124              	.Letext0:
 125              		.file 2 "c:/program files/yagarto/lib/gcc/../../arm-none-eabi/sys-include/stdint.h"
 126              		.file 3 "../../os/hal/platforms/STM32/GPIOv2/pal_lld.h"
 127              		.file 4 "../../os/hal/include/pal.h"
 128              		.file 5 "../../os/ports/common/ARMCMx/CMSIS/include/core_cm3.h"
 129              		.section	.debug_info,"",%progbits
 130              	.Ldebug_info0:
 131 0000 D8020000 		.4byte	0x2d8
 132 0004 0200     		.2byte	0x2
 133 0006 00000000 		.4byte	.Ldebug_abbrev0
 134 000a 04       		.byte	0x4
 135 000b 01       		.uleb128 0x1
 136 000c 59010000 		.4byte	.LASF36
 137 0010 01       		.byte	0x1
 138 0011 74000000 		.4byte	.LASF37
 139 0015 8F010000 		.4byte	.LASF38
 140 0019 00000000 		.4byte	.Ldebug_ranges0+0
 141 001d 00000000 		.4byte	0
 142 0021 00000000 		.4byte	0
 143 0025 00000000 		.4byte	.Ldebug_line0
 144 0029 02       		.uleb128 0x2
 145 002a 04       		.byte	0x4
 146 002b 05       		.byte	0x5
 147 002c 696E7400 		.ascii	"int\000"
 148 0030 03       		.uleb128 0x3
 149 0031 04       		.byte	0x4
 150 0032 07       		.byte	0x7
 151 0033 F9000000 		.4byte	.LASF0
 152 0037 03       		.uleb128 0x3
 153 0038 01       		.byte	0x1
 154 0039 06       		.byte	0x6
 155 003a D3010000 		.4byte	.LASF1
 156 003e 03       		.uleb128 0x3
 157 003f 01       		.byte	0x1
 158 0040 08       		.byte	0x8
 159 0041 CB000000 		.4byte	.LASF2
 160 0045 03       		.uleb128 0x3
 161 0046 02       		.byte	0x2
 162 0047 05       		.byte	0x5
 163 0048 D9000000 		.4byte	.LASF3
 164 004c 04       		.uleb128 0x4
 165 004d 86010000 		.4byte	.LASF5
 166 0051 02       		.byte	0x2
 167 0052 36       		.byte	0x36
 168 0053 57000000 		.4byte	0x57
 169 0057 03       		.uleb128 0x3
 170 0058 02       		.byte	0x2
 171 0059 07       		.byte	0x7
ARM GAS  C:\DOCUME~1\ADMINI~1\LOCALS~1\Temp\ccXSVmZ6.s 			page 4


 172 005a 9D000000 		.4byte	.LASF4
 173 005e 04       		.uleb128 0x4
 174 005f 2F010000 		.4byte	.LASF6
 175 0063 02       		.byte	0x2
 176 0064 4F       		.byte	0x4f
 177 0065 69000000 		.4byte	0x69
 178 0069 03       		.uleb128 0x3
 179 006a 04       		.byte	0x4
 180 006b 05       		.byte	0x5
 181 006c CA010000 		.4byte	.LASF7
 182 0070 04       		.uleb128 0x4
 183 0071 B5000000 		.4byte	.LASF8
 184 0075 02       		.byte	0x2
 185 0076 50       		.byte	0x50
 186 0077 7B000000 		.4byte	0x7b
 187 007b 03       		.uleb128 0x3
 188 007c 04       		.byte	0x4
 189 007d 07       		.byte	0x7
 190 007e 8B000000 		.4byte	.LASF9
 191 0082 03       		.uleb128 0x3
 192 0083 08       		.byte	0x8
 193 0084 05       		.byte	0x5
 194 0085 46010000 		.4byte	.LASF10
 195 0089 03       		.uleb128 0x3
 196 008a 08       		.byte	0x8
 197 008b 07       		.byte	0x7
 198 008c 13010000 		.4byte	.LASF11
 199 0090 04       		.uleb128 0x4
 200 0091 14000000 		.4byte	.LASF12
 201 0095 02       		.byte	0x2
 202 0096 A0       		.byte	0xa0
 203 0097 30000000 		.4byte	0x30
 204 009b 05       		.uleb128 0x5
 205 009c 70000000 		.4byte	0x70
 206 00a0 03       		.uleb128 0x3
 207 00a1 04       		.byte	0x4
 208 00a2 07       		.byte	0x7
 209 00a3 37010000 		.4byte	.LASF13
 210 00a7 03       		.uleb128 0x3
 211 00a8 01       		.byte	0x1
 212 00a9 08       		.byte	0x8
 213 00aa 54010000 		.4byte	.LASF14
 214 00ae 06       		.uleb128 0x6
 215 00af 04       		.byte	0x4
 216 00b0 03       		.byte	0x3
 217 00b1 9D       		.byte	0x9d
 218 00b2 D3000000 		.4byte	0xd3
 219 00b6 07       		.uleb128 0x7
 220 00b7 73657400 		.ascii	"set\000"
 221 00bb 03       		.byte	0x3
 222 00bc 9E       		.byte	0x9e
 223 00bd 4C000000 		.4byte	0x4c
 224 00c1 02       		.byte	0x2
 225 00c2 23       		.byte	0x23
 226 00c3 00       		.uleb128 0
 227 00c4 08       		.uleb128 0x8
 228 00c5 08000000 		.4byte	.LASF15
ARM GAS  C:\DOCUME~1\ADMINI~1\LOCALS~1\Temp\ccXSVmZ6.s 			page 5


 229 00c9 03       		.byte	0x3
 230 00ca 9F       		.byte	0x9f
 231 00cb 4C000000 		.4byte	0x4c
 232 00cf 02       		.byte	0x2
 233 00d0 23       		.byte	0x23
 234 00d1 02       		.uleb128 0x2
 235 00d2 00       		.byte	0
 236 00d3 09       		.uleb128 0x9
 237 00d4 04       		.byte	0x4
 238 00d5 03       		.byte	0x3
 239 00d6 9B       		.byte	0x9b
 240 00d7 EE000000 		.4byte	0xee
 241 00db 0A       		.uleb128 0xa
 242 00dc 5700     		.ascii	"W\000"
 243 00de 03       		.byte	0x3
 244 00df 9C       		.byte	0x9c
 245 00e0 70000000 		.4byte	0x70
 246 00e4 0A       		.uleb128 0xa
 247 00e5 4800     		.ascii	"H\000"
 248 00e7 03       		.byte	0x3
 249 00e8 A0       		.byte	0xa0
 250 00e9 AE000000 		.4byte	0xae
 251 00ed 00       		.byte	0
 252 00ee 06       		.uleb128 0x6
 253 00ef 28       		.byte	0x28
 254 00f0 03       		.byte	0x3
 255 00f1 93       		.byte	0x93
 256 00f2 83010000 		.4byte	0x183
 257 00f6 08       		.uleb128 0x8
 258 00f7 0E000000 		.4byte	.LASF16
 259 00fb 03       		.byte	0x3
 260 00fc 95       		.byte	0x95
 261 00fd 9B000000 		.4byte	0x9b
 262 0101 02       		.byte	0x2
 263 0102 23       		.byte	0x23
 264 0103 00       		.uleb128 0
 265 0104 08       		.uleb128 0x8
 266 0105 59000000 		.4byte	.LASF17
 267 0109 03       		.byte	0x3
 268 010a 96       		.byte	0x96
 269 010b 9B000000 		.4byte	0x9b
 270 010f 02       		.byte	0x2
 271 0110 23       		.byte	0x23
 272 0111 04       		.uleb128 0x4
 273 0112 08       		.uleb128 0x8
 274 0113 00000000 		.4byte	.LASF18
 275 0117 03       		.byte	0x3
 276 0118 97       		.byte	0x97
 277 0119 9B000000 		.4byte	0x9b
 278 011d 02       		.byte	0x2
 279 011e 23       		.byte	0x23
 280 011f 08       		.uleb128 0x8
 281 0120 08       		.uleb128 0x8
 282 0121 40010000 		.4byte	.LASF19
 283 0125 03       		.byte	0x3
 284 0126 98       		.byte	0x98
 285 0127 9B000000 		.4byte	0x9b
ARM GAS  C:\DOCUME~1\ADMINI~1\LOCALS~1\Temp\ccXSVmZ6.s 			page 6


 286 012b 02       		.byte	0x2
 287 012c 23       		.byte	0x23
 288 012d 0C       		.uleb128 0xc
 289 012e 07       		.uleb128 0x7
 290 012f 49445200 		.ascii	"IDR\000"
 291 0133 03       		.byte	0x3
 292 0134 99       		.byte	0x99
 293 0135 9B000000 		.4byte	0x9b
 294 0139 02       		.byte	0x2
 295 013a 23       		.byte	0x23
 296 013b 10       		.uleb128 0x10
 297 013c 07       		.uleb128 0x7
 298 013d 4F445200 		.ascii	"ODR\000"
 299 0141 03       		.byte	0x3
 300 0142 9A       		.byte	0x9a
 301 0143 9B000000 		.4byte	0x9b
 302 0147 02       		.byte	0x2
 303 0148 23       		.byte	0x23
 304 0149 14       		.uleb128 0x14
 305 014a 08       		.uleb128 0x8
 306 014b 26000000 		.4byte	.LASF20
 307 014f 03       		.byte	0x3
 308 0150 A1       		.byte	0xa1
 309 0151 83010000 		.4byte	0x183
 310 0155 02       		.byte	0x2
 311 0156 23       		.byte	0x23
 312 0157 18       		.uleb128 0x18
 313 0158 08       		.uleb128 0x8
 314 0159 76010000 		.4byte	.LASF21
 315 015d 03       		.byte	0x3
 316 015e A2       		.byte	0xa2
 317 015f 9B000000 		.4byte	0x9b
 318 0163 02       		.byte	0x2
 319 0164 23       		.byte	0x23
 320 0165 1C       		.uleb128 0x1c
 321 0166 08       		.uleb128 0x8
 322 0167 B0000000 		.4byte	.LASF22
 323 016b 03       		.byte	0x3
 324 016c A3       		.byte	0xa3
 325 016d 9B000000 		.4byte	0x9b
 326 0171 02       		.byte	0x2
 327 0172 23       		.byte	0x23
 328 0173 20       		.uleb128 0x20
 329 0174 08       		.uleb128 0x8
 330 0175 71010000 		.4byte	.LASF23
 331 0179 03       		.byte	0x3
 332 017a A4       		.byte	0xa4
 333 017b 9B000000 		.4byte	0x9b
 334 017f 02       		.byte	0x2
 335 0180 23       		.byte	0x23
 336 0181 24       		.uleb128 0x24
 337 0182 00       		.byte	0
 338 0183 05       		.uleb128 0x5
 339 0184 D3000000 		.4byte	0xd3
 340 0188 04       		.uleb128 0x4
 341 0189 06010000 		.4byte	.LASF24
 342 018d 03       		.byte	0x3
ARM GAS  C:\DOCUME~1\ADMINI~1\LOCALS~1\Temp\ccXSVmZ6.s 			page 7


 343 018e A5       		.byte	0xa5
 344 018f EE000000 		.4byte	0xee
 345 0193 04       		.uleb128 0x4
 346 0194 4C000000 		.4byte	.LASF25
 347 0198 03       		.byte	0x3
 348 0199 EF       		.byte	0xef
 349 019a 70000000 		.4byte	0x70
 350 019e 04       		.uleb128 0x4
 351 019f 60000000 		.4byte	.LASF26
 352 01a3 03       		.byte	0x3
 353 01a4 F4       		.byte	0xf4
 354 01a5 70000000 		.4byte	0x70
 355 01a9 04       		.uleb128 0x4
 356 01aa 7B010000 		.4byte	.LASF27
 357 01ae 03       		.byte	0x3
 358 01af FC       		.byte	0xfc
 359 01b0 B4010000 		.4byte	0x1b4
 360 01b4 0B       		.uleb128 0xb
 361 01b5 04       		.byte	0x4
 362 01b6 88010000 		.4byte	0x188
 363 01ba 06       		.uleb128 0x6
 364 01bb 0C       		.byte	0xc
 365 01bc 04       		.byte	0x4
 366 01bd 85       		.byte	0x85
 367 01be ED010000 		.4byte	0x1ed
 368 01c2 08       		.uleb128 0x8
 369 01c3 45000000 		.4byte	.LASF28
 370 01c7 04       		.byte	0x4
 371 01c8 89       		.byte	0x89
 372 01c9 A9010000 		.4byte	0x1a9
 373 01cd 02       		.byte	0x2
 374 01ce 23       		.byte	0x23
 375 01cf 00       		.uleb128 0
 376 01d0 08       		.uleb128 0x8
 377 01d1 21000000 		.4byte	.LASF29
 378 01d5 04       		.byte	0x4
 379 01d6 8F       		.byte	0x8f
 380 01d7 93010000 		.4byte	0x193
 381 01db 02       		.byte	0x2
 382 01dc 23       		.byte	0x23
 383 01dd 04       		.uleb128 0x4
 384 01de 08       		.uleb128 0x8
 385 01df 6A010000 		.4byte	.LASF30
 386 01e3 04       		.byte	0x4
 387 01e4 93       		.byte	0x93
 388 01e5 90000000 		.4byte	0x90
 389 01e9 02       		.byte	0x2
 390 01ea 23       		.byte	0x23
 391 01eb 08       		.uleb128 0x8
 392 01ec 00       		.byte	0
 393 01ed 04       		.uleb128 0x4
 394 01ee DF010000 		.4byte	.LASF31
 395 01f2 04       		.byte	0x4
 396 01f3 94       		.byte	0x94
 397 01f4 BA010000 		.4byte	0x1ba
 398 01f8 0C       		.uleb128 0xc
 399 01f9 01       		.byte	0x1
ARM GAS  C:\DOCUME~1\ADMINI~1\LOCALS~1\Temp\ccXSVmZ6.s 			page 8


 400 01fa 69000000 		.4byte	.LASF39
 401 01fe 01       		.byte	0x1
 402 01ff 4C       		.byte	0x4c
 403 0200 01       		.byte	0x1
 404 0201 93010000 		.4byte	0x193
 405 0205 00000000 		.4byte	.LFB62
 406 0209 10000000 		.4byte	.LFE62
 407 020d 02       		.byte	0x2
 408 020e 7D       		.byte	0x7d
 409 020f 00       		.sleb128 0
 410 0210 01       		.byte	0x1
 411 0211 25020000 		.4byte	0x225
 412 0215 0D       		.uleb128 0xd
 413 0216 62757300 		.ascii	"bus\000"
 414 021a 01       		.byte	0x1
 415 021b 4C       		.byte	0x4c
 416 021c 25020000 		.4byte	0x225
 417 0220 00000000 		.4byte	.LLST0
 418 0224 00       		.byte	0
 419 0225 0B       		.uleb128 0xb
 420 0226 04       		.byte	0x4
 421 0227 ED010000 		.4byte	0x1ed
 422 022b 0E       		.uleb128 0xe
 423 022c 01       		.byte	0x1
 424 022d 2B000000 		.4byte	.LASF33
 425 0231 01       		.byte	0x1
 426 0232 65       		.byte	0x65
 427 0233 01       		.byte	0x1
 428 0234 00000000 		.4byte	.LFB63
 429 0238 22000000 		.4byte	.LFE63
 430 023c 21000000 		.4byte	.LLST1
 431 0240 01       		.byte	0x1
 432 0241 62020000 		.4byte	0x262
 433 0245 0D       		.uleb128 0xd
 434 0246 62757300 		.ascii	"bus\000"
 435 024a 01       		.byte	0x1
 436 024b 65       		.byte	0x65
 437 024c 25020000 		.4byte	0x225
 438 0250 41000000 		.4byte	.LLST2
 439 0254 0F       		.uleb128 0xf
 440 0255 65010000 		.4byte	.LASF32
 441 0259 01       		.byte	0x1
 442 025a 65       		.byte	0x65
 443 025b 93010000 		.4byte	0x193
 444 025f 01       		.byte	0x1
 445 0260 51       		.byte	0x51
 446 0261 00       		.byte	0
 447 0262 0E       		.uleb128 0xe
 448 0263 01       		.byte	0x1
 449 0264 37000000 		.4byte	.LASF34
 450 0268 01       		.byte	0x1
 451 0269 7C       		.byte	0x7c
 452 026a 01       		.byte	0x1
 453 026b 00000000 		.4byte	.LFB64
 454 026f 14000000 		.4byte	.LFE64
 455 0273 62000000 		.4byte	.LLST3
 456 0277 01       		.byte	0x1
ARM GAS  C:\DOCUME~1\ADMINI~1\LOCALS~1\Temp\ccXSVmZ6.s 			page 9


 457 0278 AD020000 		.4byte	0x2ad
 458 027c 0D       		.uleb128 0xd
 459 027d 62757300 		.ascii	"bus\000"
 460 0281 01       		.byte	0x1
 461 0282 7C       		.byte	0x7c
 462 0283 25020000 		.4byte	0x225
 463 0287 82000000 		.4byte	.LLST4
 464 028b 10       		.uleb128 0x10
 465 028c 2A010000 		.4byte	.LASF35
 466 0290 01       		.byte	0x1
 467 0291 7C       		.byte	0x7c
 468 0292 9E010000 		.4byte	0x19e
 469 0296 A3000000 		.4byte	.LLST5
 470 029a 11       		.uleb128 0x11
 471 029b 14000000 		.4byte	.LVL7
 472 029f 01       		.byte	0x1
 473 02a0 C0020000 		.4byte	0x2c0
 474 02a4 12       		.uleb128 0x12
 475 02a5 01       		.byte	0x1
 476 02a6 52       		.byte	0x52
 477 02a7 03       		.byte	0x3
 478 02a8 F3       		.byte	0xf3
 479 02a9 01       		.uleb128 0x1
 480 02aa 51       		.byte	0x51
 481 02ab 00       		.byte	0
 482 02ac 00       		.byte	0
 483 02ad 13       		.uleb128 0x13
 484 02ae BE000000 		.4byte	.LASF40
 485 02b2 05       		.byte	0x5
 486 02b3 9404     		.2byte	0x494
 487 02b5 BB020000 		.4byte	0x2bb
 488 02b9 01       		.byte	0x1
 489 02ba 01       		.byte	0x1
 490 02bb 05       		.uleb128 0x5
 491 02bc 5E000000 		.4byte	0x5e
 492 02c0 14       		.uleb128 0x14
 493 02c1 01       		.byte	0x1
 494 02c2 E3000000 		.4byte	.LASF41
 495 02c6 03       		.byte	0x3
 496 02c7 C101     		.2byte	0x1c1
 497 02c9 01       		.byte	0x1
 498 02ca 01       		.byte	0x1
 499 02cb 15       		.uleb128 0x15
 500 02cc A9010000 		.4byte	0x1a9
 501 02d0 15       		.uleb128 0x15
 502 02d1 93010000 		.4byte	0x193
 503 02d5 15       		.uleb128 0x15
 504 02d6 9E010000 		.4byte	0x19e
 505 02da 00       		.byte	0
 506 02db 00       		.byte	0
 507              		.section	.debug_abbrev,"",%progbits
 508              	.Ldebug_abbrev0:
 509 0000 01       		.uleb128 0x1
 510 0001 11       		.uleb128 0x11
 511 0002 01       		.byte	0x1
 512 0003 25       		.uleb128 0x25
 513 0004 0E       		.uleb128 0xe
ARM GAS  C:\DOCUME~1\ADMINI~1\LOCALS~1\Temp\ccXSVmZ6.s 			page 10


 514 0005 13       		.uleb128 0x13
 515 0006 0B       		.uleb128 0xb
 516 0007 03       		.uleb128 0x3
 517 0008 0E       		.uleb128 0xe
 518 0009 1B       		.uleb128 0x1b
 519 000a 0E       		.uleb128 0xe
 520 000b 55       		.uleb128 0x55
 521 000c 06       		.uleb128 0x6
 522 000d 11       		.uleb128 0x11
 523 000e 01       		.uleb128 0x1
 524 000f 52       		.uleb128 0x52
 525 0010 01       		.uleb128 0x1
 526 0011 10       		.uleb128 0x10
 527 0012 06       		.uleb128 0x6
 528 0013 00       		.byte	0
 529 0014 00       		.byte	0
 530 0015 02       		.uleb128 0x2
 531 0016 24       		.uleb128 0x24
 532 0017 00       		.byte	0
 533 0018 0B       		.uleb128 0xb
 534 0019 0B       		.uleb128 0xb
 535 001a 3E       		.uleb128 0x3e
 536 001b 0B       		.uleb128 0xb
 537 001c 03       		.uleb128 0x3
 538 001d 08       		.uleb128 0x8
 539 001e 00       		.byte	0
 540 001f 00       		.byte	0
 541 0020 03       		.uleb128 0x3
 542 0021 24       		.uleb128 0x24
 543 0022 00       		.byte	0
 544 0023 0B       		.uleb128 0xb
 545 0024 0B       		.uleb128 0xb
 546 0025 3E       		.uleb128 0x3e
 547 0026 0B       		.uleb128 0xb
 548 0027 03       		.uleb128 0x3
 549 0028 0E       		.uleb128 0xe
 550 0029 00       		.byte	0
 551 002a 00       		.byte	0
 552 002b 04       		.uleb128 0x4
 553 002c 16       		.uleb128 0x16
 554 002d 00       		.byte	0
 555 002e 03       		.uleb128 0x3
 556 002f 0E       		.uleb128 0xe
 557 0030 3A       		.uleb128 0x3a
 558 0031 0B       		.uleb128 0xb
 559 0032 3B       		.uleb128 0x3b
 560 0033 0B       		.uleb128 0xb
 561 0034 49       		.uleb128 0x49
 562 0035 13       		.uleb128 0x13
 563 0036 00       		.byte	0
 564 0037 00       		.byte	0
 565 0038 05       		.uleb128 0x5
 566 0039 35       		.uleb128 0x35
 567 003a 00       		.byte	0
 568 003b 49       		.uleb128 0x49
 569 003c 13       		.uleb128 0x13
 570 003d 00       		.byte	0
ARM GAS  C:\DOCUME~1\ADMINI~1\LOCALS~1\Temp\ccXSVmZ6.s 			page 11


 571 003e 00       		.byte	0
 572 003f 06       		.uleb128 0x6
 573 0040 13       		.uleb128 0x13
 574 0041 01       		.byte	0x1
 575 0042 0B       		.uleb128 0xb
 576 0043 0B       		.uleb128 0xb
 577 0044 3A       		.uleb128 0x3a
 578 0045 0B       		.uleb128 0xb
 579 0046 3B       		.uleb128 0x3b
 580 0047 0B       		.uleb128 0xb
 581 0048 01       		.uleb128 0x1
 582 0049 13       		.uleb128 0x13
 583 004a 00       		.byte	0
 584 004b 00       		.byte	0
 585 004c 07       		.uleb128 0x7
 586 004d 0D       		.uleb128 0xd
 587 004e 00       		.byte	0
 588 004f 03       		.uleb128 0x3
 589 0050 08       		.uleb128 0x8
 590 0051 3A       		.uleb128 0x3a
 591 0052 0B       		.uleb128 0xb
 592 0053 3B       		.uleb128 0x3b
 593 0054 0B       		.uleb128 0xb
 594 0055 49       		.uleb128 0x49
 595 0056 13       		.uleb128 0x13
 596 0057 38       		.uleb128 0x38
 597 0058 0A       		.uleb128 0xa
 598 0059 00       		.byte	0
 599 005a 00       		.byte	0
 600 005b 08       		.uleb128 0x8
 601 005c 0D       		.uleb128 0xd
 602 005d 00       		.byte	0
 603 005e 03       		.uleb128 0x3
 604 005f 0E       		.uleb128 0xe
 605 0060 3A       		.uleb128 0x3a
 606 0061 0B       		.uleb128 0xb
 607 0062 3B       		.uleb128 0x3b
 608 0063 0B       		.uleb128 0xb
 609 0064 49       		.uleb128 0x49
 610 0065 13       		.uleb128 0x13
 611 0066 38       		.uleb128 0x38
 612 0067 0A       		.uleb128 0xa
 613 0068 00       		.byte	0
 614 0069 00       		.byte	0
 615 006a 09       		.uleb128 0x9
 616 006b 17       		.uleb128 0x17
 617 006c 01       		.byte	0x1
 618 006d 0B       		.uleb128 0xb
 619 006e 0B       		.uleb128 0xb
 620 006f 3A       		.uleb128 0x3a
 621 0070 0B       		.uleb128 0xb
 622 0071 3B       		.uleb128 0x3b
 623 0072 0B       		.uleb128 0xb
 624 0073 01       		.uleb128 0x1
 625 0074 13       		.uleb128 0x13
 626 0075 00       		.byte	0
 627 0076 00       		.byte	0
ARM GAS  C:\DOCUME~1\ADMINI~1\LOCALS~1\Temp\ccXSVmZ6.s 			page 12


 628 0077 0A       		.uleb128 0xa
 629 0078 0D       		.uleb128 0xd
 630 0079 00       		.byte	0
 631 007a 03       		.uleb128 0x3
 632 007b 08       		.uleb128 0x8
 633 007c 3A       		.uleb128 0x3a
 634 007d 0B       		.uleb128 0xb
 635 007e 3B       		.uleb128 0x3b
 636 007f 0B       		.uleb128 0xb
 637 0080 49       		.uleb128 0x49
 638 0081 13       		.uleb128 0x13
 639 0082 00       		.byte	0
 640 0083 00       		.byte	0
 641 0084 0B       		.uleb128 0xb
 642 0085 0F       		.uleb128 0xf
 643 0086 00       		.byte	0
 644 0087 0B       		.uleb128 0xb
 645 0088 0B       		.uleb128 0xb
 646 0089 49       		.uleb128 0x49
 647 008a 13       		.uleb128 0x13
 648 008b 00       		.byte	0
 649 008c 00       		.byte	0
 650 008d 0C       		.uleb128 0xc
 651 008e 2E       		.uleb128 0x2e
 652 008f 01       		.byte	0x1
 653 0090 3F       		.uleb128 0x3f
 654 0091 0C       		.uleb128 0xc
 655 0092 03       		.uleb128 0x3
 656 0093 0E       		.uleb128 0xe
 657 0094 3A       		.uleb128 0x3a
 658 0095 0B       		.uleb128 0xb
 659 0096 3B       		.uleb128 0x3b
 660 0097 0B       		.uleb128 0xb
 661 0098 27       		.uleb128 0x27
 662 0099 0C       		.uleb128 0xc
 663 009a 49       		.uleb128 0x49
 664 009b 13       		.uleb128 0x13
 665 009c 11       		.uleb128 0x11
 666 009d 01       		.uleb128 0x1
 667 009e 12       		.uleb128 0x12
 668 009f 01       		.uleb128 0x1
 669 00a0 40       		.uleb128 0x40
 670 00a1 0A       		.uleb128 0xa
 671 00a2 9742     		.uleb128 0x2117
 672 00a4 0C       		.uleb128 0xc
 673 00a5 01       		.uleb128 0x1
 674 00a6 13       		.uleb128 0x13
 675 00a7 00       		.byte	0
 676 00a8 00       		.byte	0
 677 00a9 0D       		.uleb128 0xd
 678 00aa 05       		.uleb128 0x5
 679 00ab 00       		.byte	0
 680 00ac 03       		.uleb128 0x3
 681 00ad 08       		.uleb128 0x8
 682 00ae 3A       		.uleb128 0x3a
 683 00af 0B       		.uleb128 0xb
 684 00b0 3B       		.uleb128 0x3b
ARM GAS  C:\DOCUME~1\ADMINI~1\LOCALS~1\Temp\ccXSVmZ6.s 			page 13


 685 00b1 0B       		.uleb128 0xb
 686 00b2 49       		.uleb128 0x49
 687 00b3 13       		.uleb128 0x13
 688 00b4 02       		.uleb128 0x2
 689 00b5 06       		.uleb128 0x6
 690 00b6 00       		.byte	0
 691 00b7 00       		.byte	0
 692 00b8 0E       		.uleb128 0xe
 693 00b9 2E       		.uleb128 0x2e
 694 00ba 01       		.byte	0x1
 695 00bb 3F       		.uleb128 0x3f
 696 00bc 0C       		.uleb128 0xc
 697 00bd 03       		.uleb128 0x3
 698 00be 0E       		.uleb128 0xe
 699 00bf 3A       		.uleb128 0x3a
 700 00c0 0B       		.uleb128 0xb
 701 00c1 3B       		.uleb128 0x3b
 702 00c2 0B       		.uleb128 0xb
 703 00c3 27       		.uleb128 0x27
 704 00c4 0C       		.uleb128 0xc
 705 00c5 11       		.uleb128 0x11
 706 00c6 01       		.uleb128 0x1
 707 00c7 12       		.uleb128 0x12
 708 00c8 01       		.uleb128 0x1
 709 00c9 40       		.uleb128 0x40
 710 00ca 06       		.uleb128 0x6
 711 00cb 9742     		.uleb128 0x2117
 712 00cd 0C       		.uleb128 0xc
 713 00ce 01       		.uleb128 0x1
 714 00cf 13       		.uleb128 0x13
 715 00d0 00       		.byte	0
 716 00d1 00       		.byte	0
 717 00d2 0F       		.uleb128 0xf
 718 00d3 05       		.uleb128 0x5
 719 00d4 00       		.byte	0
 720 00d5 03       		.uleb128 0x3
 721 00d6 0E       		.uleb128 0xe
 722 00d7 3A       		.uleb128 0x3a
 723 00d8 0B       		.uleb128 0xb
 724 00d9 3B       		.uleb128 0x3b
 725 00da 0B       		.uleb128 0xb
 726 00db 49       		.uleb128 0x49
 727 00dc 13       		.uleb128 0x13
 728 00dd 02       		.uleb128 0x2
 729 00de 0A       		.uleb128 0xa
 730 00df 00       		.byte	0
 731 00e0 00       		.byte	0
 732 00e1 10       		.uleb128 0x10
 733 00e2 05       		.uleb128 0x5
 734 00e3 00       		.byte	0
 735 00e4 03       		.uleb128 0x3
 736 00e5 0E       		.uleb128 0xe
 737 00e6 3A       		.uleb128 0x3a
 738 00e7 0B       		.uleb128 0xb
 739 00e8 3B       		.uleb128 0x3b
 740 00e9 0B       		.uleb128 0xb
 741 00ea 49       		.uleb128 0x49
ARM GAS  C:\DOCUME~1\ADMINI~1\LOCALS~1\Temp\ccXSVmZ6.s 			page 14


 742 00eb 13       		.uleb128 0x13
 743 00ec 02       		.uleb128 0x2
 744 00ed 06       		.uleb128 0x6
 745 00ee 00       		.byte	0
 746 00ef 00       		.byte	0
 747 00f0 11       		.uleb128 0x11
 748 00f1 898201   		.uleb128 0x4109
 749 00f4 01       		.byte	0x1
 750 00f5 11       		.uleb128 0x11
 751 00f6 01       		.uleb128 0x1
 752 00f7 9542     		.uleb128 0x2115
 753 00f9 0C       		.uleb128 0xc
 754 00fa 31       		.uleb128 0x31
 755 00fb 13       		.uleb128 0x13
 756 00fc 00       		.byte	0
 757 00fd 00       		.byte	0
 758 00fe 12       		.uleb128 0x12
 759 00ff 8A8201   		.uleb128 0x410a
 760 0102 00       		.byte	0
 761 0103 02       		.uleb128 0x2
 762 0104 0A       		.uleb128 0xa
 763 0105 9142     		.uleb128 0x2111
 764 0107 0A       		.uleb128 0xa
 765 0108 00       		.byte	0
 766 0109 00       		.byte	0
 767 010a 13       		.uleb128 0x13
 768 010b 34       		.uleb128 0x34
 769 010c 00       		.byte	0
 770 010d 03       		.uleb128 0x3
 771 010e 0E       		.uleb128 0xe
 772 010f 3A       		.uleb128 0x3a
 773 0110 0B       		.uleb128 0xb
 774 0111 3B       		.uleb128 0x3b
 775 0112 05       		.uleb128 0x5
 776 0113 49       		.uleb128 0x49
 777 0114 13       		.uleb128 0x13
 778 0115 3F       		.uleb128 0x3f
 779 0116 0C       		.uleb128 0xc
 780 0117 3C       		.uleb128 0x3c
 781 0118 0C       		.uleb128 0xc
 782 0119 00       		.byte	0
 783 011a 00       		.byte	0
 784 011b 14       		.uleb128 0x14
 785 011c 2E       		.uleb128 0x2e
 786 011d 01       		.byte	0x1
 787 011e 3F       		.uleb128 0x3f
 788 011f 0C       		.uleb128 0xc
 789 0120 03       		.uleb128 0x3
 790 0121 0E       		.uleb128 0xe
 791 0122 3A       		.uleb128 0x3a
 792 0123 0B       		.uleb128 0xb
 793 0124 3B       		.uleb128 0x3b
 794 0125 05       		.uleb128 0x5
 795 0126 27       		.uleb128 0x27
 796 0127 0C       		.uleb128 0xc
 797 0128 3C       		.uleb128 0x3c
 798 0129 0C       		.uleb128 0xc
ARM GAS  C:\DOCUME~1\ADMINI~1\LOCALS~1\Temp\ccXSVmZ6.s 			page 15


 799 012a 00       		.byte	0
 800 012b 00       		.byte	0
 801 012c 15       		.uleb128 0x15
 802 012d 05       		.uleb128 0x5
 803 012e 00       		.byte	0
 804 012f 49       		.uleb128 0x49
 805 0130 13       		.uleb128 0x13
 806 0131 00       		.byte	0
 807 0132 00       		.byte	0
 808 0133 00       		.byte	0
 809              		.section	.debug_loc,"",%progbits
 810              	.Ldebug_loc0:
 811              	.LLST0:
 812 0000 00000000 		.4byte	.LVL0
 813 0004 0C000000 		.4byte	.LVL1
 814 0008 0100     		.2byte	0x1
 815 000a 50       		.byte	0x50
 816 000b 0C000000 		.4byte	.LVL1
 817 000f 10000000 		.4byte	.LFE62
 818 0013 0400     		.2byte	0x4
 819 0015 F3       		.byte	0xf3
 820 0016 01       		.uleb128 0x1
 821 0017 50       		.byte	0x50
 822 0018 9F       		.byte	0x9f
 823 0019 00000000 		.4byte	0
 824 001d 00000000 		.4byte	0
 825              	.LLST1:
 826 0021 00000000 		.4byte	.LFB63
 827 0025 06000000 		.4byte	.LCFI0
 828 0029 0200     		.2byte	0x2
 829 002b 7D       		.byte	0x7d
 830 002c 00       		.sleb128 0
 831 002d 06000000 		.4byte	.LCFI0
 832 0031 22000000 		.4byte	.LFE63
 833 0035 0200     		.2byte	0x2
 834 0037 7D       		.byte	0x7d
 835 0038 08       		.sleb128 8
 836 0039 00000000 		.4byte	0
 837 003d 00000000 		.4byte	0
 838              	.LLST2:
 839 0041 00000000 		.4byte	.LVL2
 840 0045 1A000000 		.4byte	.LVL3
 841 0049 0100     		.2byte	0x1
 842 004b 50       		.byte	0x50
 843 004c 1A000000 		.4byte	.LVL3
 844 0050 22000000 		.4byte	.LFE63
 845 0054 0400     		.2byte	0x4
 846 0056 F3       		.byte	0xf3
 847 0057 01       		.uleb128 0x1
 848 0058 50       		.byte	0x50
 849 0059 9F       		.byte	0x9f
 850 005a 00000000 		.4byte	0
 851 005e 00000000 		.4byte	0
 852              	.LLST3:
 853 0062 00000000 		.4byte	.LFB64
 854 0066 04000000 		.4byte	.LCFI1
 855 006a 0200     		.2byte	0x2
ARM GAS  C:\DOCUME~1\ADMINI~1\LOCALS~1\Temp\ccXSVmZ6.s 			page 16


 856 006c 7D       		.byte	0x7d
 857 006d 00       		.sleb128 0
 858 006e 04000000 		.4byte	.LCFI1
 859 0072 14000000 		.4byte	.LFE64
 860 0076 0200     		.2byte	0x2
 861 0078 7D       		.byte	0x7d
 862 0079 04       		.sleb128 4
 863 007a 00000000 		.4byte	0
 864 007e 00000000 		.4byte	0
 865              	.LLST4:
 866 0082 00000000 		.4byte	.LVL4
 867 0086 0E000000 		.4byte	.LVL6
 868 008a 0100     		.2byte	0x1
 869 008c 50       		.byte	0x50
 870 008d 0E000000 		.4byte	.LVL6
 871 0091 14000000 		.4byte	.LFE64
 872 0095 0400     		.2byte	0x4
 873 0097 F3       		.byte	0xf3
 874 0098 01       		.uleb128 0x1
 875 0099 50       		.byte	0x50
 876 009a 9F       		.byte	0x9f
 877 009b 00000000 		.4byte	0
 878 009f 00000000 		.4byte	0
 879              	.LLST5:
 880 00a3 00000000 		.4byte	.LVL4
 881 00a7 0C000000 		.4byte	.LVL5
 882 00ab 0100     		.2byte	0x1
 883 00ad 51       		.byte	0x51
 884 00ae 0C000000 		.4byte	.LVL5
 885 00b2 13000000 		.4byte	.LVL7-1
 886 00b6 0100     		.2byte	0x1
 887 00b8 52       		.byte	0x52
 888 00b9 13000000 		.4byte	.LVL7-1
 889 00bd 14000000 		.4byte	.LFE64
 890 00c1 0400     		.2byte	0x4
 891 00c3 F3       		.byte	0xf3
 892 00c4 01       		.uleb128 0x1
 893 00c5 51       		.byte	0x51
 894 00c6 9F       		.byte	0x9f
 895 00c7 00000000 		.4byte	0
 896 00cb 00000000 		.4byte	0
 897              		.section	.debug_aranges,"",%progbits
 898 0000 2C000000 		.4byte	0x2c
 899 0004 0200     		.2byte	0x2
 900 0006 00000000 		.4byte	.Ldebug_info0
 901 000a 04       		.byte	0x4
 902 000b 00       		.byte	0
 903 000c 0000     		.2byte	0
 904 000e 0000     		.2byte	0
 905 0010 00000000 		.4byte	.LFB62
 906 0014 10000000 		.4byte	.LFE62-.LFB62
 907 0018 00000000 		.4byte	.LFB63
 908 001c 22000000 		.4byte	.LFE63-.LFB63
 909 0020 00000000 		.4byte	.LFB64
 910 0024 14000000 		.4byte	.LFE64-.LFB64
 911 0028 00000000 		.4byte	0
 912 002c 00000000 		.4byte	0
ARM GAS  C:\DOCUME~1\ADMINI~1\LOCALS~1\Temp\ccXSVmZ6.s 			page 17


 913              		.section	.debug_ranges,"",%progbits
 914              	.Ldebug_ranges0:
 915 0000 00000000 		.4byte	.LFB62
 916 0004 10000000 		.4byte	.LFE62
 917 0008 00000000 		.4byte	.LFB63
 918 000c 22000000 		.4byte	.LFE63
 919 0010 00000000 		.4byte	.LFB64
 920 0014 14000000 		.4byte	.LFE64
 921 0018 00000000 		.4byte	0
 922 001c 00000000 		.4byte	0
 923              		.section	.debug_line,"",%progbits
 924              	.Ldebug_line0:
 925 0000 45010000 		.section	.debug_str,"MS",%progbits,1
 925      02000201 
 925      00000201 
 925      FB0E0D00 
 925      01010101 
 926              	.LASF18:
 927 0000 4F535045 		.ascii	"OSPEEDR\000"
 927      45445200 
 928              	.LASF15:
 929 0008 636C6561 		.ascii	"clear\000"
 929      7200
 930              	.LASF16:
 931 000e 4D4F4445 		.ascii	"MODER\000"
 931      5200
 932              	.LASF12:
 933 0014 75696E74 		.ascii	"uint_fast8_t\000"
 933      5F666173 
 933      74385F74 
 933      00
 934              	.LASF29:
 935 0021 6D61736B 		.ascii	"mask\000"
 935      00
 936              	.LASF20:
 937 0026 42535252 		.ascii	"BSRR\000"
 937      00
 938              	.LASF33:
 939 002b 70616C57 		.ascii	"palWriteBus\000"
 939      72697465 
 939      42757300 
 940              	.LASF34:
 941 0037 70616C53 		.ascii	"palSetBusMode\000"
 941      65744275 
 941      734D6F64 
 941      6500
 942              	.LASF28:
 943 0045 706F7274 		.ascii	"portid\000"
 943      696400
 944              	.LASF25:
 945 004c 696F706F 		.ascii	"ioportmask_t\000"
 945      72746D61 
 945      736B5F74 
 945      00
 946              	.LASF17:
 947 0059 4F545950 		.ascii	"OTYPER\000"
 947      455200
ARM GAS  C:\DOCUME~1\ADMINI~1\LOCALS~1\Temp\ccXSVmZ6.s 			page 18


 948              	.LASF26:
 949 0060 696F6D6F 		.ascii	"iomode_t\000"
 949      64655F74 
 949      00
 950              	.LASF39:
 951 0069 70616C52 		.ascii	"palReadBus\000"
 951      65616442 
 951      757300
 952              	.LASF37:
 953 0074 2E2E2F2E 		.ascii	"../../os/hal/src/pal.c\000"
 953      2E2F6F73 
 953      2F68616C 
 953      2F737263 
 953      2F70616C 
 954              	.LASF9:
 955 008b 6C6F6E67 		.ascii	"long unsigned int\000"
 955      20756E73 
 955      69676E65 
 955      6420696E 
 955      7400
 956              	.LASF4:
 957 009d 73686F72 		.ascii	"short unsigned int\000"
 957      7420756E 
 957      7369676E 
 957      65642069 
 957      6E7400
 958              	.LASF22:
 959 00b0 4146524C 		.ascii	"AFRL\000"
 959      00
 960              	.LASF8:
 961 00b5 75696E74 		.ascii	"uint32_t\000"
 961      33325F74 
 961      00
 962              	.LASF40:
 963 00be 49544D5F 		.ascii	"ITM_RxBuffer\000"
 963      52784275 
 963      66666572 
 963      00
 964              	.LASF2:
 965 00cb 756E7369 		.ascii	"unsigned char\000"
 965      676E6564 
 965      20636861 
 965      7200
 966              	.LASF3:
 967 00d9 73686F72 		.ascii	"short int\000"
 967      7420696E 
 967      7400
 968              	.LASF41:
 969 00e3 5F70616C 		.ascii	"_pal_lld_setgroupmode\000"
 969      5F6C6C64 
 969      5F736574 
 969      67726F75 
 969      706D6F64 
 970              	.LASF0:
 971 00f9 756E7369 		.ascii	"unsigned int\000"
 971      676E6564 
 971      20696E74 
ARM GAS  C:\DOCUME~1\ADMINI~1\LOCALS~1\Temp\ccXSVmZ6.s 			page 19


 971      00
 972              	.LASF24:
 973 0106 4750494F 		.ascii	"GPIO_TypeDef\000"
 973      5F547970 
 973      65446566 
 973      00
 974              	.LASF11:
 975 0113 6C6F6E67 		.ascii	"long long unsigned int\000"
 975      206C6F6E 
 975      6720756E 
 975      7369676E 
 975      65642069 
 976              	.LASF35:
 977 012a 6D6F6465 		.ascii	"mode\000"
 977      00
 978              	.LASF6:
 979 012f 696E7433 		.ascii	"int32_t\000"
 979      325F7400 
 980              	.LASF13:
 981 0137 73697A65 		.ascii	"sizetype\000"
 981      74797065 
 981      00
 982              	.LASF19:
 983 0140 50555044 		.ascii	"PUPDR\000"
 983      5200
 984              	.LASF10:
 985 0146 6C6F6E67 		.ascii	"long long int\000"
 985      206C6F6E 
 985      6720696E 
 985      7400
 986              	.LASF14:
 987 0154 63686172 		.ascii	"char\000"
 987      00
 988              	.LASF36:
 989 0159 474E5520 		.ascii	"GNU C 4.7.1\000"
 989      4320342E 
 989      372E3100 
 990              	.LASF32:
 991 0165 62697473 		.ascii	"bits\000"
 991      00
 992              	.LASF30:
 993 016a 6F666673 		.ascii	"offset\000"
 993      657400
 994              	.LASF23:
 995 0171 41465248 		.ascii	"AFRH\000"
 995      00
 996              	.LASF21:
 997 0176 4C434B52 		.ascii	"LCKR\000"
 997      00
 998              	.LASF27:
 999 017b 696F706F 		.ascii	"ioportid_t\000"
 999      72746964 
 999      5F7400
 1000              	.LASF5:
 1001 0186 75696E74 		.ascii	"uint16_t\000"
 1001      31365F74 
 1001      00
ARM GAS  C:\DOCUME~1\ADMINI~1\LOCALS~1\Temp\ccXSVmZ6.s 			page 20


 1002              	.LASF38:
 1003 018f 433A5C70 		.ascii	"C:\\projects\\ChibiOS_2.4.2\\demos\\ARMCM3-STM32L15"
 1003      726F6A65 
 1003      6374735C 
 1003      43686962 
 1003      694F535F 
 1004 01be 322D4449 		.ascii	"2-DISCOVERY\000"
 1004      53434F56 
 1004      45525900 
 1005              	.LASF7:
 1006 01ca 6C6F6E67 		.ascii	"long int\000"
 1006      20696E74 
 1006      00
 1007              	.LASF1:
 1008 01d3 7369676E 		.ascii	"signed char\000"
 1008      65642063 
 1008      68617200 
 1009              	.LASF31:
 1010 01df 494F4275 		.ascii	"IOBus\000"
 1010      7300
 1011              		.ident	"GCC: (GNU) 4.7.1"
ARM GAS  C:\DOCUME~1\ADMINI~1\LOCALS~1\Temp\ccXSVmZ6.s 			page 21


DEFINED SYMBOLS
                            *ABS*:00000000 pal.c
C:\DOCUME~1\ADMINI~1\LOCALS~1\Temp\ccXSVmZ6.s:19     .text.palReadBus:00000000 $t
C:\DOCUME~1\ADMINI~1\LOCALS~1\Temp\ccXSVmZ6.s:24     .text.palReadBus:00000000 palReadBus
C:\DOCUME~1\ADMINI~1\LOCALS~1\Temp\ccXSVmZ6.s:47     .text.palWriteBus:00000000 $t
C:\DOCUME~1\ADMINI~1\LOCALS~1\Temp\ccXSVmZ6.s:52     .text.palWriteBus:00000000 palWriteBus
C:\DOCUME~1\ADMINI~1\LOCALS~1\Temp\ccXSVmZ6.s:86     .text.palSetBusMode:00000000 $t
C:\DOCUME~1\ADMINI~1\LOCALS~1\Temp\ccXSVmZ6.s:91     .text.palSetBusMode:00000000 palSetBusMode
                     .debug_frame:00000010 $d

UNDEFINED SYMBOLS
_pal_lld_setgroupmode
